<?xml version="1.0" encoding="UTF-8"?>
<robot generator="Robot 6.0.2 (Python 3.11.2 on win32)" generated="20231115 15:49:34.036" rpa="false" schemaversion="3">
<suite id="s1" name="SC01 - Lazy load daftar pemohon" source="D:\#RIANCAHYADI\Projects\Freedom\Sicantik\tests\Lazy Load\Admin Pusat\Daftar Pemohon\SC01 - Lazy load daftar pemohon.robot">
<test id="s1-t1" name="TC01 - Lazy Load Daftar Pemohon" line="12">
<kw name="Open Browser To Login Page" library="login">
<kw name="Set Selenium Speed" library="SeleniumLibrary">
<arg>0.2s</arg>
<doc>Sets the delay that is waited after each Selenium command.</doc>
<status status="PASS" starttime="20231115 15:49:34.216" endtime="20231115 15:49:34.216"/>
</kw>
<kw name="Open Browser" library="SeleniumLibrary">
<arg>${LOGIN URL}</arg>
<arg>${BROWSER}</arg>
<arg>options=add_argument("--incognito")</arg>
<doc>Opens a new browser instance to the optional ``url``.</doc>
<msg timestamp="20231115 15:49:34.216" level="INFO">Opening browser 'Firefox' to base url 'https://uji.sicantik.go.id/sign-in'.</msg>
<msg timestamp="20231115 15:49:34.219" level="INFO">Firefox driver log is always forced to to: D:\#RIANCAHYADI\Projects\Freedom\Sicantik\tests\Lazy Load\Admin Pusat\Daftar Pemohon\geckodriver-1.log</msg>
<status status="PASS" starttime="20231115 15:49:34.216" endtime="20231115 15:49:43.231"/>
</kw>
<kw name="Maximize Browser Window" library="SeleniumLibrary">
<doc>Maximizes current browser window.</doc>
<status status="PASS" starttime="20231115 15:49:43.231" endtime="20231115 15:49:43.690"/>
</kw>
<kw name="Title Should Be" library="SeleniumLibrary">
<arg>SICANTIK</arg>
<doc>Verifies that the current page title equals ``title``.</doc>
<msg timestamp="20231115 15:49:43.893" level="INFO">Page title is 'SICANTIK'.</msg>
<status status="PASS" starttime="20231115 15:49:43.690" endtime="20231115 15:49:43.893"/>
</kw>
<status status="PASS" starttime="20231115 15:49:34.216" endtime="20231115 15:49:43.893"/>
</kw>
<kw name="Login Admin Pusat" library="login">
<kw name="Input Username" library="login">
<arg>admegov</arg>
<kw name="Input Text" library="SeleniumLibrary">
<arg>username</arg>
<arg>${username}</arg>
<doc>Types the given ``text`` into the text field identified by ``locator``.</doc>
<msg timestamp="20231115 15:49:43.894" level="INFO">Typing text 'admegov' into text field 'username'.</msg>
<status status="PASS" starttime="20231115 15:49:43.894" endtime="20231115 15:49:44.552"/>
</kw>
<status status="PASS" starttime="20231115 15:49:43.894" endtime="20231115 15:49:44.552"/>
</kw>
<kw name="Input Password" library="login">
<arg>Admegov789*@#</arg>
<kw name="Input Text" library="SeleniumLibrary">
<arg>password</arg>
<arg>${password}</arg>
<doc>Types the given ``text`` into the text field identified by ``locator``.</doc>
<msg timestamp="20231115 15:49:44.552" level="INFO">Typing text 'Admegov789*@#' into text field 'password'.</msg>
<status status="PASS" starttime="20231115 15:49:44.552" endtime="20231115 15:49:45.171"/>
</kw>
<status status="PASS" starttime="20231115 15:49:44.552" endtime="20231115 15:49:45.171"/>
</kw>
<kw name="Submit Credentials" library="login">
<kw name="Click Button" library="SeleniumLibrary">
<arg>kt_sign_in_submit</arg>
<doc>Clicks the button identified by ``locator``.</doc>
<msg timestamp="20231115 15:49:45.171" level="INFO">Clicking button 'kt_sign_in_submit'.</msg>
<status status="PASS" starttime="20231115 15:49:45.171" endtime="20231115 15:49:46.189"/>
</kw>
<kw name="Sleep" library="BuiltIn">
<arg>5s</arg>
<doc>Pauses the test executed for the given time.</doc>
<msg timestamp="20231115 15:49:51.189" level="INFO">Slept 5 seconds</msg>
<status status="PASS" starttime="20231115 15:49:46.189" endtime="20231115 15:49:51.189"/>
</kw>
<status status="PASS" starttime="20231115 15:49:45.171" endtime="20231115 15:49:51.189"/>
</kw>
<kw name="Element Should Contain" library="SeleniumLibrary">
<arg>xpath://*[@id="kt_header_user_menu_toggle"]/div[2]/span[2]</arg>
<arg>Admin Utama</arg>
<doc>Verifies that element ``locator`` contains text ``expected``.</doc>
<msg timestamp="20231115 15:49:51.608" level="INFO">Element 'xpath://*[@id="kt_header_user_menu_toggle"]/div[2]/span[2]' contains text 'Admin Utama'.</msg>
<status status="PASS" starttime="20231115 15:49:51.189" endtime="20231115 15:49:51.608"/>
</kw>
<status status="PASS" starttime="20231115 15:49:43.893" endtime="20231115 15:49:51.608"/>
</kw>
<kw name="Move To Daftar Pemohon" library="daftar_pemohon">
<kw name="Go To" library="SeleniumLibrary">
<arg>https://uji.sicantik.go.id/pemohon</arg>
<doc>Navigates the current browser window to the provided ``url``.</doc>
<msg timestamp="20231115 15:49:51.608" level="INFO">Opening url 'https://uji.sicantik.go.id/pemohon'</msg>
<status status="PASS" starttime="20231115 15:49:51.608" endtime="20231115 15:49:52.251"/>
</kw>
<kw name="Wait Until Element Is Enabled" library="SeleniumLibrary">
<arg>xpath://*[@id="kt_content_container"]/div/div/div[1]/h5</arg>
<doc>Waits until the element ``locator`` is enabled.</doc>
<status status="PASS" starttime="20231115 15:49:52.251" endtime="20231115 15:49:52.867"/>
</kw>
<kw name="Wait Until Element Contains" library="SeleniumLibrary">
<arg>xpath://*[@id="kt_content_container"]/div/div/div[1]/h5</arg>
<arg>Daftar Pemohon</arg>
<doc>Waits until the element ``locator`` contains ``text``.</doc>
<status status="PASS" starttime="20231115 15:49:52.867" endtime="20231115 15:49:53.276"/>
</kw>
<kw name="Sleep" library="BuiltIn">
<arg>3s</arg>
<doc>Pauses the test executed for the given time.</doc>
<msg timestamp="20231115 15:49:56.276" level="INFO">Slept 3 seconds</msg>
<status status="PASS" starttime="20231115 15:49:53.276" endtime="20231115 15:49:56.276"/>
</kw>
<status status="PASS" starttime="20231115 15:49:51.608" endtime="20231115 15:49:56.276"/>
</kw>
<kw name="Scroll Down" library="daftar_pemohon">
<kw name="Click Element" library="SeleniumLibrary">
<arg>xpath://*[@id="kt_customers_table"]/tbody/tr[7]/td[4]</arg>
<doc>Click the element identified by ``locator``.</doc>
<msg timestamp="20231115 15:49:56.277" level="INFO">Clicking element 'xpath://*[@id="kt_customers_table"]/tbody/tr[7]/td[4]'.</msg>
<status status="PASS" starttime="20231115 15:49:56.276" endtime="20231115 15:49:56.893"/>
</kw>
<for flavor="IN RANGE">
<var>${counter}</var>
<value>20</value>
<iter>
<var name="${counter}">0</var>
<kw name="Log" library="BuiltIn">
<arg>${counter}</arg>
<doc>Logs the given message with the given level.</doc>
<msg timestamp="20231115 15:49:56.893" level="INFO">0</msg>
<status status="PASS" starttime="20231115 15:49:56.893" endtime="20231115 15:49:56.893"/>
</kw>
<kw name="Press Keys" library="SeleniumLibrary">
<arg>None</arg>
<arg>ARROW_DOWN</arg>
<doc>Simulates the user pressing key(s) to an element or on the active browser.</doc>
<msg timestamp="20231115 15:49:56.894" level="INFO">Sending key(s) ('ARROW_DOWN',) to page.</msg>
<msg timestamp="20231115 15:49:56.894" level="INFO">Pressing special key ARROW_DOWN to browser.</msg>
<msg timestamp="20231115 15:49:56.894" level="INFO">Releasing special key ARROW_DOWN.</msg>
<status status="PASS" starttime="20231115 15:49:56.893" endtime="20231115 15:49:57.103"/>
</kw>
<kw name="Sleep" library="BuiltIn">
<arg>0.5s</arg>
<doc>Pauses the test executed for the given time.</doc>
<msg timestamp="20231115 15:49:57.604" level="INFO">Slept 500 milliseconds</msg>
<status status="PASS" starttime="20231115 15:49:57.103" endtime="20231115 15:49:57.604"/>
</kw>
<status status="PASS" starttime="20231115 15:49:56.893" endtime="20231115 15:49:57.604"/>
</iter>
<iter>
<var name="${counter}">1</var>
<kw name="Log" library="BuiltIn">
<arg>${counter}</arg>
<doc>Logs the given message with the given level.</doc>
<msg timestamp="20231115 15:49:57.604" level="INFO">1</msg>
<status status="PASS" starttime="20231115 15:49:57.604" endtime="20231115 15:49:57.604"/>
</kw>
<kw name="Press Keys" library="SeleniumLibrary">
<arg>None</arg>
<arg>ARROW_DOWN</arg>
<doc>Simulates the user pressing key(s) to an element or on the active browser.</doc>
<msg timestamp="20231115 15:49:57.605" level="INFO">Sending key(s) ('ARROW_DOWN',) to page.</msg>
<msg timestamp="20231115 15:49:57.605" level="INFO">Pressing special key ARROW_DOWN to browser.</msg>
<msg timestamp="20231115 15:49:57.605" level="INFO">Releasing special key ARROW_DOWN.</msg>
<status status="PASS" starttime="20231115 15:49:57.604" endtime="20231115 15:49:57.812"/>
</kw>
<kw name="Sleep" library="BuiltIn">
<arg>0.5s</arg>
<doc>Pauses the test executed for the given time.</doc>
<msg timestamp="20231115 15:49:58.313" level="INFO">Slept 500 milliseconds</msg>
<status status="PASS" starttime="20231115 15:49:57.812" endtime="20231115 15:49:58.313"/>
</kw>
<status status="PASS" starttime="20231115 15:49:57.604" endtime="20231115 15:49:58.313"/>
</iter>
<iter>
<var name="${counter}">2</var>
<kw name="Log" library="BuiltIn">
<arg>${counter}</arg>
<doc>Logs the given message with the given level.</doc>
<msg timestamp="20231115 15:49:58.313" level="INFO">2</msg>
<status status="PASS" starttime="20231115 15:49:58.313" endtime="20231115 15:49:58.313"/>
</kw>
<kw name="Press Keys" library="SeleniumLibrary">
<arg>None</arg>
<arg>ARROW_DOWN</arg>
<doc>Simulates the user pressing key(s) to an element or on the active browser.</doc>
<msg timestamp="20231115 15:49:58.314" level="INFO">Sending key(s) ('ARROW_DOWN',) to page.</msg>
<msg timestamp="20231115 15:49:58.314" level="INFO">Pressing special key ARROW_DOWN to browser.</msg>
<msg timestamp="20231115 15:49:58.314" level="INFO">Releasing special key ARROW_DOWN.</msg>
<status status="PASS" starttime="20231115 15:49:58.313" endtime="20231115 15:49:58.519"/>
</kw>
<kw name="Sleep" library="BuiltIn">
<arg>0.5s</arg>
<doc>Pauses the test executed for the given time.</doc>
<msg timestamp="20231115 15:49:59.019" level="INFO">Slept 500 milliseconds</msg>
<status status="PASS" starttime="20231115 15:49:58.519" endtime="20231115 15:49:59.019"/>
</kw>
<status status="PASS" starttime="20231115 15:49:58.313" endtime="20231115 15:49:59.019"/>
</iter>
<iter>
<var name="${counter}">3</var>
<kw name="Log" library="BuiltIn">
<arg>${counter}</arg>
<doc>Logs the given message with the given level.</doc>
<msg timestamp="20231115 15:49:59.019" level="INFO">3</msg>
<status status="PASS" starttime="20231115 15:49:59.019" endtime="20231115 15:49:59.019"/>
</kw>
<kw name="Press Keys" library="SeleniumLibrary">
<arg>None</arg>
<arg>ARROW_DOWN</arg>
<doc>Simulates the user pressing key(s) to an element or on the active browser.</doc>
<msg timestamp="20231115 15:49:59.020" level="INFO">Sending key(s) ('ARROW_DOWN',) to page.</msg>
<msg timestamp="20231115 15:49:59.020" level="INFO">Pressing special key ARROW_DOWN to browser.</msg>
<msg timestamp="20231115 15:49:59.020" level="INFO">Releasing special key ARROW_DOWN.</msg>
<status status="PASS" starttime="20231115 15:49:59.019" endtime="20231115 15:49:59.225"/>
</kw>
<kw name="Sleep" library="BuiltIn">
<arg>0.5s</arg>
<doc>Pauses the test executed for the given time.</doc>
<msg timestamp="20231115 15:49:59.725" level="INFO">Slept 500 milliseconds</msg>
<status status="PASS" starttime="20231115 15:49:59.225" endtime="20231115 15:49:59.725"/>
</kw>
<status status="PASS" starttime="20231115 15:49:59.019" endtime="20231115 15:49:59.725"/>
</iter>
<iter>
<var name="${counter}">4</var>
<kw name="Log" library="BuiltIn">
<arg>${counter}</arg>
<doc>Logs the given message with the given level.</doc>
<msg timestamp="20231115 15:49:59.725" level="INFO">4</msg>
<status status="PASS" starttime="20231115 15:49:59.725" endtime="20231115 15:49:59.725"/>
</kw>
<kw name="Press Keys" library="SeleniumLibrary">
<arg>None</arg>
<arg>ARROW_DOWN</arg>
<doc>Simulates the user pressing key(s) to an element or on the active browser.</doc>
<msg timestamp="20231115 15:49:59.726" level="INFO">Sending key(s) ('ARROW_DOWN',) to page.</msg>
<msg timestamp="20231115 15:49:59.726" level="INFO">Pressing special key ARROW_DOWN to browser.</msg>
<msg timestamp="20231115 15:49:59.726" level="INFO">Releasing special key ARROW_DOWN.</msg>
<status status="PASS" starttime="20231115 15:49:59.725" endtime="20231115 15:49:59.930"/>
</kw>
<kw name="Sleep" library="BuiltIn">
<arg>0.5s</arg>
<doc>Pauses the test executed for the given time.</doc>
<msg timestamp="20231115 15:50:00.431" level="INFO">Slept 500 milliseconds</msg>
<status status="PASS" starttime="20231115 15:49:59.930" endtime="20231115 15:50:00.431"/>
</kw>
<status status="PASS" starttime="20231115 15:49:59.725" endtime="20231115 15:50:00.431"/>
</iter>
<iter>
<var name="${counter}">5</var>
<kw name="Log" library="BuiltIn">
<arg>${counter}</arg>
<doc>Logs the given message with the given level.</doc>
<msg timestamp="20231115 15:50:00.431" level="INFO">5</msg>
<status status="PASS" starttime="20231115 15:50:00.431" endtime="20231115 15:50:00.431"/>
</kw>
<kw name="Press Keys" library="SeleniumLibrary">
<arg>None</arg>
<arg>ARROW_DOWN</arg>
<doc>Simulates the user pressing key(s) to an element or on the active browser.</doc>
<msg timestamp="20231115 15:50:00.432" level="INFO">Sending key(s) ('ARROW_DOWN',) to page.</msg>
<msg timestamp="20231115 15:50:00.432" level="INFO">Pressing special key ARROW_DOWN to browser.</msg>
<msg timestamp="20231115 15:50:00.432" level="INFO">Releasing special key ARROW_DOWN.</msg>
<status status="PASS" starttime="20231115 15:50:00.431" endtime="20231115 15:50:00.637"/>
</kw>
<kw name="Sleep" library="BuiltIn">
<arg>0.5s</arg>
<doc>Pauses the test executed for the given time.</doc>
<msg timestamp="20231115 15:50:01.137" level="INFO">Slept 500 milliseconds</msg>
<status status="PASS" starttime="20231115 15:50:00.637" endtime="20231115 15:50:01.137"/>
</kw>
<status status="PASS" starttime="20231115 15:50:00.431" endtime="20231115 15:50:01.137"/>
</iter>
<iter>
<var name="${counter}">6</var>
<kw name="Log" library="BuiltIn">
<arg>${counter}</arg>
<doc>Logs the given message with the given level.</doc>
<msg timestamp="20231115 15:50:01.137" level="INFO">6</msg>
<status status="PASS" starttime="20231115 15:50:01.137" endtime="20231115 15:50:01.137"/>
</kw>
<kw name="Press Keys" library="SeleniumLibrary">
<arg>None</arg>
<arg>ARROW_DOWN</arg>
<doc>Simulates the user pressing key(s) to an element or on the active browser.</doc>
<msg timestamp="20231115 15:50:01.138" level="INFO">Sending key(s) ('ARROW_DOWN',) to page.</msg>
<msg timestamp="20231115 15:50:01.138" level="INFO">Pressing special key ARROW_DOWN to browser.</msg>
<msg timestamp="20231115 15:50:01.138" level="INFO">Releasing special key ARROW_DOWN.</msg>
<status status="PASS" starttime="20231115 15:50:01.137" endtime="20231115 15:50:01.342"/>
</kw>
<kw name="Sleep" library="BuiltIn">
<arg>0.5s</arg>
<doc>Pauses the test executed for the given time.</doc>
<msg timestamp="20231115 15:50:01.842" level="INFO">Slept 500 milliseconds</msg>
<status status="PASS" starttime="20231115 15:50:01.342" endtime="20231115 15:50:01.842"/>
</kw>
<status status="PASS" starttime="20231115 15:50:01.137" endtime="20231115 15:50:01.842"/>
</iter>
<iter>
<var name="${counter}">7</var>
<kw name="Log" library="BuiltIn">
<arg>${counter}</arg>
<doc>Logs the given message with the given level.</doc>
<msg timestamp="20231115 15:50:01.842" level="INFO">7</msg>
<status status="PASS" starttime="20231115 15:50:01.842" endtime="20231115 15:50:01.842"/>
</kw>
<kw name="Press Keys" library="SeleniumLibrary">
<arg>None</arg>
<arg>ARROW_DOWN</arg>
<doc>Simulates the user pressing key(s) to an element or on the active browser.</doc>
<msg timestamp="20231115 15:50:01.843" level="INFO">Sending key(s) ('ARROW_DOWN',) to page.</msg>
<msg timestamp="20231115 15:50:01.843" level="INFO">Pressing special key ARROW_DOWN to browser.</msg>
<msg timestamp="20231115 15:50:01.843" level="INFO">Releasing special key ARROW_DOWN.</msg>
<status status="PASS" starttime="20231115 15:50:01.842" endtime="20231115 15:50:02.046"/>
</kw>
<kw name="Sleep" library="BuiltIn">
<arg>0.5s</arg>
<doc>Pauses the test executed for the given time.</doc>
<msg timestamp="20231115 15:50:02.547" level="INFO">Slept 500 milliseconds</msg>
<status status="PASS" starttime="20231115 15:50:02.046" endtime="20231115 15:50:02.547"/>
</kw>
<status status="PASS" starttime="20231115 15:50:01.842" endtime="20231115 15:50:02.547"/>
</iter>
<iter>
<var name="${counter}">8</var>
<kw name="Log" library="BuiltIn">
<arg>${counter}</arg>
<doc>Logs the given message with the given level.</doc>
<msg timestamp="20231115 15:50:02.547" level="INFO">8</msg>
<status status="PASS" starttime="20231115 15:50:02.547" endtime="20231115 15:50:02.547"/>
</kw>
<kw name="Press Keys" library="SeleniumLibrary">
<arg>None</arg>
<arg>ARROW_DOWN</arg>
<doc>Simulates the user pressing key(s) to an element or on the active browser.</doc>
<msg timestamp="20231115 15:50:02.548" level="INFO">Sending key(s) ('ARROW_DOWN',) to page.</msg>
<msg timestamp="20231115 15:50:02.548" level="INFO">Pressing special key ARROW_DOWN to browser.</msg>
<msg timestamp="20231115 15:50:02.548" level="INFO">Releasing special key ARROW_DOWN.</msg>
<status status="PASS" starttime="20231115 15:50:02.547" endtime="20231115 15:50:02.753"/>
</kw>
<kw name="Sleep" library="BuiltIn">
<arg>0.5s</arg>
<doc>Pauses the test executed for the given time.</doc>
<msg timestamp="20231115 15:50:03.253" level="INFO">Slept 500 milliseconds</msg>
<status status="PASS" starttime="20231115 15:50:02.753" endtime="20231115 15:50:03.253"/>
</kw>
<status status="PASS" starttime="20231115 15:50:02.547" endtime="20231115 15:50:03.253"/>
</iter>
<iter>
<var name="${counter}">9</var>
<kw name="Log" library="BuiltIn">
<arg>${counter}</arg>
<doc>Logs the given message with the given level.</doc>
<msg timestamp="20231115 15:50:03.253" level="INFO">9</msg>
<status status="PASS" starttime="20231115 15:50:03.253" endtime="20231115 15:50:03.253"/>
</kw>
<kw name="Press Keys" library="SeleniumLibrary">
<arg>None</arg>
<arg>ARROW_DOWN</arg>
<doc>Simulates the user pressing key(s) to an element or on the active browser.</doc>
<msg timestamp="20231115 15:50:03.254" level="INFO">Sending key(s) ('ARROW_DOWN',) to page.</msg>
<msg timestamp="20231115 15:50:03.254" level="INFO">Pressing special key ARROW_DOWN to browser.</msg>
<msg timestamp="20231115 15:50:03.254" level="INFO">Releasing special key ARROW_DOWN.</msg>
<status status="PASS" starttime="20231115 15:50:03.253" endtime="20231115 15:50:03.458"/>
</kw>
<kw name="Sleep" library="BuiltIn">
<arg>0.5s</arg>
<doc>Pauses the test executed for the given time.</doc>
<msg timestamp="20231115 15:50:03.959" level="INFO">Slept 500 milliseconds</msg>
<status status="PASS" starttime="20231115 15:50:03.458" endtime="20231115 15:50:03.959"/>
</kw>
<status status="PASS" starttime="20231115 15:50:03.253" endtime="20231115 15:50:03.959"/>
</iter>
<iter>
<var name="${counter}">10</var>
<kw name="Log" library="BuiltIn">
<arg>${counter}</arg>
<doc>Logs the given message with the given level.</doc>
<msg timestamp="20231115 15:50:03.959" level="INFO">10</msg>
<status status="PASS" starttime="20231115 15:50:03.959" endtime="20231115 15:50:03.959"/>
</kw>
<kw name="Press Keys" library="SeleniumLibrary">
<arg>None</arg>
<arg>ARROW_DOWN</arg>
<doc>Simulates the user pressing key(s) to an element or on the active browser.</doc>
<msg timestamp="20231115 15:50:03.960" level="INFO">Sending key(s) ('ARROW_DOWN',) to page.</msg>
<msg timestamp="20231115 15:50:03.960" level="INFO">Pressing special key ARROW_DOWN to browser.</msg>
<msg timestamp="20231115 15:50:03.960" level="INFO">Releasing special key ARROW_DOWN.</msg>
<status status="PASS" starttime="20231115 15:50:03.959" endtime="20231115 15:50:04.163"/>
</kw>
<kw name="Sleep" library="BuiltIn">
<arg>0.5s</arg>
<doc>Pauses the test executed for the given time.</doc>
<msg timestamp="20231115 15:50:04.664" level="INFO">Slept 500 milliseconds</msg>
<status status="PASS" starttime="20231115 15:50:04.163" endtime="20231115 15:50:04.664"/>
</kw>
<status status="PASS" starttime="20231115 15:50:03.959" endtime="20231115 15:50:04.664"/>
</iter>
<iter>
<var name="${counter}">11</var>
<kw name="Log" library="BuiltIn">
<arg>${counter}</arg>
<doc>Logs the given message with the given level.</doc>
<msg timestamp="20231115 15:50:04.664" level="INFO">11</msg>
<status status="PASS" starttime="20231115 15:50:04.664" endtime="20231115 15:50:04.664"/>
</kw>
<kw name="Press Keys" library="SeleniumLibrary">
<arg>None</arg>
<arg>ARROW_DOWN</arg>
<doc>Simulates the user pressing key(s) to an element or on the active browser.</doc>
<msg timestamp="20231115 15:50:04.665" level="INFO">Sending key(s) ('ARROW_DOWN',) to page.</msg>
<msg timestamp="20231115 15:50:04.665" level="INFO">Pressing special key ARROW_DOWN to browser.</msg>
<msg timestamp="20231115 15:50:04.665" level="INFO">Releasing special key ARROW_DOWN.</msg>
<status status="PASS" starttime="20231115 15:50:04.664" endtime="20231115 15:50:04.869"/>
</kw>
<kw name="Sleep" library="BuiltIn">
<arg>0.5s</arg>
<doc>Pauses the test executed for the given time.</doc>
<msg timestamp="20231115 15:50:05.369" level="INFO">Slept 500 milliseconds</msg>
<status status="PASS" starttime="20231115 15:50:04.869" endtime="20231115 15:50:05.369"/>
</kw>
<status status="PASS" starttime="20231115 15:50:04.664" endtime="20231115 15:50:05.369"/>
</iter>
<iter>
<var name="${counter}">12</var>
<kw name="Log" library="BuiltIn">
<arg>${counter}</arg>
<doc>Logs the given message with the given level.</doc>
<msg timestamp="20231115 15:50:05.369" level="INFO">12</msg>
<status status="PASS" starttime="20231115 15:50:05.369" endtime="20231115 15:50:05.369"/>
</kw>
<kw name="Press Keys" library="SeleniumLibrary">
<arg>None</arg>
<arg>ARROW_DOWN</arg>
<doc>Simulates the user pressing key(s) to an element or on the active browser.</doc>
<msg timestamp="20231115 15:50:05.370" level="INFO">Sending key(s) ('ARROW_DOWN',) to page.</msg>
<msg timestamp="20231115 15:50:05.370" level="INFO">Pressing special key ARROW_DOWN to browser.</msg>
<msg timestamp="20231115 15:50:05.370" level="INFO">Releasing special key ARROW_DOWN.</msg>
<status status="PASS" starttime="20231115 15:50:05.369" endtime="20231115 15:50:05.574"/>
</kw>
<kw name="Sleep" library="BuiltIn">
<arg>0.5s</arg>
<doc>Pauses the test executed for the given time.</doc>
<msg timestamp="20231115 15:50:06.074" level="INFO">Slept 500 milliseconds</msg>
<status status="PASS" starttime="20231115 15:50:05.574" endtime="20231115 15:50:06.074"/>
</kw>
<status status="PASS" starttime="20231115 15:50:05.369" endtime="20231115 15:50:06.074"/>
</iter>
<iter>
<var name="${counter}">13</var>
<kw name="Log" library="BuiltIn">
<arg>${counter}</arg>
<doc>Logs the given message with the given level.</doc>
<msg timestamp="20231115 15:50:06.074" level="INFO">13</msg>
<status status="PASS" starttime="20231115 15:50:06.074" endtime="20231115 15:50:06.074"/>
</kw>
<kw name="Press Keys" library="SeleniumLibrary">
<arg>None</arg>
<arg>ARROW_DOWN</arg>
<doc>Simulates the user pressing key(s) to an element or on the active browser.</doc>
<msg timestamp="20231115 15:50:06.075" level="INFO">Sending key(s) ('ARROW_DOWN',) to page.</msg>
<msg timestamp="20231115 15:50:06.075" level="INFO">Pressing special key ARROW_DOWN to browser.</msg>
<msg timestamp="20231115 15:50:06.075" level="INFO">Releasing special key ARROW_DOWN.</msg>
<status status="PASS" starttime="20231115 15:50:06.074" endtime="20231115 15:50:06.279"/>
</kw>
<kw name="Sleep" library="BuiltIn">
<arg>0.5s</arg>
<doc>Pauses the test executed for the given time.</doc>
<msg timestamp="20231115 15:50:06.779" level="INFO">Slept 500 milliseconds</msg>
<status status="PASS" starttime="20231115 15:50:06.279" endtime="20231115 15:50:06.779"/>
</kw>
<status status="PASS" starttime="20231115 15:50:06.074" endtime="20231115 15:50:06.779"/>
</iter>
<iter>
<var name="${counter}">14</var>
<kw name="Log" library="BuiltIn">
<arg>${counter}</arg>
<doc>Logs the given message with the given level.</doc>
<msg timestamp="20231115 15:50:06.779" level="INFO">14</msg>
<status status="PASS" starttime="20231115 15:50:06.779" endtime="20231115 15:50:06.779"/>
</kw>
<kw name="Press Keys" library="SeleniumLibrary">
<arg>None</arg>
<arg>ARROW_DOWN</arg>
<doc>Simulates the user pressing key(s) to an element or on the active browser.</doc>
<msg timestamp="20231115 15:50:06.780" level="INFO">Sending key(s) ('ARROW_DOWN',) to page.</msg>
<msg timestamp="20231115 15:50:06.780" level="INFO">Pressing special key ARROW_DOWN to browser.</msg>
<msg timestamp="20231115 15:50:06.780" level="INFO">Releasing special key ARROW_DOWN.</msg>
<status status="PASS" starttime="20231115 15:50:06.779" endtime="20231115 15:50:06.985"/>
</kw>
<kw name="Sleep" library="BuiltIn">
<arg>0.5s</arg>
<doc>Pauses the test executed for the given time.</doc>
<msg timestamp="20231115 15:50:07.485" level="INFO">Slept 500 milliseconds</msg>
<status status="PASS" starttime="20231115 15:50:06.985" endtime="20231115 15:50:07.485"/>
</kw>
<status status="PASS" starttime="20231115 15:50:06.779" endtime="20231115 15:50:07.485"/>
</iter>
<iter>
<var name="${counter}">15</var>
<kw name="Log" library="BuiltIn">
<arg>${counter}</arg>
<doc>Logs the given message with the given level.</doc>
<msg timestamp="20231115 15:50:07.485" level="INFO">15</msg>
<status status="PASS" starttime="20231115 15:50:07.485" endtime="20231115 15:50:07.485"/>
</kw>
<kw name="Press Keys" library="SeleniumLibrary">
<arg>None</arg>
<arg>ARROW_DOWN</arg>
<doc>Simulates the user pressing key(s) to an element or on the active browser.</doc>
<msg timestamp="20231115 15:50:07.486" level="INFO">Sending key(s) ('ARROW_DOWN',) to page.</msg>
<msg timestamp="20231115 15:50:07.486" level="INFO">Pressing special key ARROW_DOWN to browser.</msg>
<msg timestamp="20231115 15:50:07.486" level="INFO">Releasing special key ARROW_DOWN.</msg>
<status status="PASS" starttime="20231115 15:50:07.485" endtime="20231115 15:50:07.691"/>
</kw>
<kw name="Sleep" library="BuiltIn">
<arg>0.5s</arg>
<doc>Pauses the test executed for the given time.</doc>
<msg timestamp="20231115 15:50:08.192" level="INFO">Slept 500 milliseconds</msg>
<status status="PASS" starttime="20231115 15:50:07.691" endtime="20231115 15:50:08.192"/>
</kw>
<status status="PASS" starttime="20231115 15:50:07.485" endtime="20231115 15:50:08.192"/>
</iter>
<iter>
<var name="${counter}">16</var>
<kw name="Log" library="BuiltIn">
<arg>${counter}</arg>
<doc>Logs the given message with the given level.</doc>
<msg timestamp="20231115 15:50:08.192" level="INFO">16</msg>
<status status="PASS" starttime="20231115 15:50:08.192" endtime="20231115 15:50:08.192"/>
</kw>
<kw name="Press Keys" library="SeleniumLibrary">
<arg>None</arg>
<arg>ARROW_DOWN</arg>
<doc>Simulates the user pressing key(s) to an element or on the active browser.</doc>
<msg timestamp="20231115 15:50:08.193" level="INFO">Sending key(s) ('ARROW_DOWN',) to page.</msg>
<msg timestamp="20231115 15:50:08.193" level="INFO">Pressing special key ARROW_DOWN to browser.</msg>
<msg timestamp="20231115 15:50:08.193" level="INFO">Releasing special key ARROW_DOWN.</msg>
<status status="PASS" starttime="20231115 15:50:08.192" endtime="20231115 15:50:08.397"/>
</kw>
<kw name="Sleep" library="BuiltIn">
<arg>0.5s</arg>
<doc>Pauses the test executed for the given time.</doc>
<msg timestamp="20231115 15:50:08.897" level="INFO">Slept 500 milliseconds</msg>
<status status="PASS" starttime="20231115 15:50:08.397" endtime="20231115 15:50:08.897"/>
</kw>
<status status="PASS" starttime="20231115 15:50:08.192" endtime="20231115 15:50:08.897"/>
</iter>
<iter>
<var name="${counter}">17</var>
<kw name="Log" library="BuiltIn">
<arg>${counter}</arg>
<doc>Logs the given message with the given level.</doc>
<msg timestamp="20231115 15:50:08.897" level="INFO">17</msg>
<status status="PASS" starttime="20231115 15:50:08.897" endtime="20231115 15:50:08.897"/>
</kw>
<kw name="Press Keys" library="SeleniumLibrary">
<arg>None</arg>
<arg>ARROW_DOWN</arg>
<doc>Simulates the user pressing key(s) to an element or on the active browser.</doc>
<msg timestamp="20231115 15:50:08.898" level="INFO">Sending key(s) ('ARROW_DOWN',) to page.</msg>
<msg timestamp="20231115 15:50:08.898" level="INFO">Pressing special key ARROW_DOWN to browser.</msg>
<msg timestamp="20231115 15:50:08.898" level="INFO">Releasing special key ARROW_DOWN.</msg>
<status status="PASS" starttime="20231115 15:50:08.897" endtime="20231115 15:50:09.102"/>
</kw>
<kw name="Sleep" library="BuiltIn">
<arg>0.5s</arg>
<doc>Pauses the test executed for the given time.</doc>
<msg timestamp="20231115 15:50:09.602" level="INFO">Slept 500 milliseconds</msg>
<status status="PASS" starttime="20231115 15:50:09.102" endtime="20231115 15:50:09.602"/>
</kw>
<status status="PASS" starttime="20231115 15:50:08.897" endtime="20231115 15:50:09.602"/>
</iter>
<iter>
<var name="${counter}">18</var>
<kw name="Log" library="BuiltIn">
<arg>${counter}</arg>
<doc>Logs the given message with the given level.</doc>
<msg timestamp="20231115 15:50:09.602" level="INFO">18</msg>
<status status="PASS" starttime="20231115 15:50:09.602" endtime="20231115 15:50:09.602"/>
</kw>
<kw name="Press Keys" library="SeleniumLibrary">
<arg>None</arg>
<arg>ARROW_DOWN</arg>
<doc>Simulates the user pressing key(s) to an element or on the active browser.</doc>
<msg timestamp="20231115 15:50:09.603" level="INFO">Sending key(s) ('ARROW_DOWN',) to page.</msg>
<msg timestamp="20231115 15:50:09.603" level="INFO">Pressing special key ARROW_DOWN to browser.</msg>
<msg timestamp="20231115 15:50:09.603" level="INFO">Releasing special key ARROW_DOWN.</msg>
<status status="PASS" starttime="20231115 15:50:09.602" endtime="20231115 15:50:09.806"/>
</kw>
<kw name="Sleep" library="BuiltIn">
<arg>0.5s</arg>
<doc>Pauses the test executed for the given time.</doc>
<msg timestamp="20231115 15:50:10.307" level="INFO">Slept 500 milliseconds</msg>
<status status="PASS" starttime="20231115 15:50:09.806" endtime="20231115 15:50:10.307"/>
</kw>
<status status="PASS" starttime="20231115 15:50:09.602" endtime="20231115 15:50:10.307"/>
</iter>
<iter>
<var name="${counter}">19</var>
<kw name="Log" library="BuiltIn">
<arg>${counter}</arg>
<doc>Logs the given message with the given level.</doc>
<msg timestamp="20231115 15:50:10.307" level="INFO">19</msg>
<status status="PASS" starttime="20231115 15:50:10.307" endtime="20231115 15:50:10.307"/>
</kw>
<kw name="Press Keys" library="SeleniumLibrary">
<arg>None</arg>
<arg>ARROW_DOWN</arg>
<doc>Simulates the user pressing key(s) to an element or on the active browser.</doc>
<msg timestamp="20231115 15:50:10.308" level="INFO">Sending key(s) ('ARROW_DOWN',) to page.</msg>
<msg timestamp="20231115 15:50:10.308" level="INFO">Pressing special key ARROW_DOWN to browser.</msg>
<msg timestamp="20231115 15:50:10.308" level="INFO">Releasing special key ARROW_DOWN.</msg>
<status status="PASS" starttime="20231115 15:50:10.307" endtime="20231115 15:50:10.512"/>
</kw>
<kw name="Sleep" library="BuiltIn">
<arg>0.5s</arg>
<doc>Pauses the test executed for the given time.</doc>
<msg timestamp="20231115 15:50:11.012" level="INFO">Slept 500 milliseconds</msg>
<status status="PASS" starttime="20231115 15:50:10.512" endtime="20231115 15:50:11.012"/>
</kw>
<status status="PASS" starttime="20231115 15:50:10.307" endtime="20231115 15:50:11.012"/>
</iter>
<status status="PASS" starttime="20231115 15:49:56.893" endtime="20231115 15:50:11.012"/>
</for>
<status status="PASS" starttime="20231115 15:49:56.276" endtime="20231115 15:50:11.012"/>
</kw>
<kw name="Sleep" library="BuiltIn">
<arg>3s</arg>
<doc>Pauses the test executed for the given time.</doc>
<msg timestamp="20231115 15:50:14.012" level="INFO">Slept 3 seconds</msg>
<status status="PASS" starttime="20231115 15:50:11.012" endtime="20231115 15:50:14.012"/>
</kw>
<kw name="Capture Page Screenshot" library="SeleniumLibrary">
<doc>Takes a screenshot of the current page and embeds it into a log file.</doc>
<msg timestamp="20231115 15:50:14.267" level="INFO" html="true">&lt;/td&gt;&lt;/tr&gt;&lt;tr&gt;&lt;td colspan="3"&gt;&lt;a href="selenium-screenshot-1.png"&gt;&lt;img src="selenium-screenshot-1.png" width="800px"&gt;&lt;/a&gt;</msg>
<status status="PASS" starttime="20231115 15:50:14.012" endtime="20231115 15:50:14.267"/>
</kw>
<kw name="Close Browser" library="SeleniumLibrary" type="TEARDOWN">
<doc>Closes the current browser.</doc>
<status status="PASS" starttime="20231115 15:50:14.268" endtime="20231115 15:50:17.238"/>
</kw>
<doc>SC01 - Lazy Load Daftar Pemohon</doc>
<tag>TC01 - Lazy Load Daftar Pemohon</tag>
<status status="PASS" starttime="20231115 15:49:34.215" endtime="20231115 15:50:17.239"/>
</test>
<doc>SC01 - Lazy Load Daftar Pemohon</doc>
<status status="PASS" starttime="20231115 15:49:34.037" endtime="20231115 15:50:17.239"/>
</suite>
<statistics>
<total>
<stat pass="1" fail="0" skip="0">All Tests</stat>
</total>
<tag>
<stat pass="1" fail="0" skip="0">TC01 - Lazy Load Daftar Pemohon</stat>
</tag>
<suite>
<stat pass="1" fail="0" skip="0" id="s1" name="SC01 - Lazy load daftar pemohon">SC01 - Lazy load daftar pemohon</stat>
</suite>
</statistics>
<errors>
</errors>
</robot>
