<?xml version="1.0" encoding="UTF-8"?>
<robot generator="Robot 6.0.2 (Python 3.11.2 on win32)" generated="20231115 15:54:11.616" rpa="false" schemaversion="3">
<suite id="s1" name="SC01 - Lazy load halaman tte" source="D:\#RIANCAHYADI\Projects\Freedom\Sicantik\tests\Lazy Load\Admin Pusat\Halaman TTE\SC01 - Lazy load halaman tte.robot">
<test id="s1-t1" name="TC01 - Lazy Load Halaman TTE" line="12">
<kw name="Open Browser To Login Page" library="login">
<kw name="Set Selenium Speed" library="SeleniumLibrary">
<arg>0.2s</arg>
<doc>Sets the delay that is waited after each Selenium command.</doc>
<status status="PASS" starttime="20231115 15:54:11.787" endtime="20231115 15:54:11.787"/>
</kw>
<kw name="Open Browser" library="SeleniumLibrary">
<arg>${LOGIN URL}</arg>
<arg>${BROWSER}</arg>
<arg>options=add_argument("--incognito")</arg>
<doc>Opens a new browser instance to the optional ``url``.</doc>
<msg timestamp="20231115 15:54:11.787" level="INFO">Opening browser 'Firefox' to base url 'https://uji.sicantik.go.id/sign-in'.</msg>
<msg timestamp="20231115 15:54:11.790" level="INFO">Firefox driver log is always forced to to: D:\#RIANCAHYADI\Projects\Freedom\Sicantik\tests\Lazy Load\Admin Pusat\Halaman TTE\geckodriver-1.log</msg>
<status status="PASS" starttime="20231115 15:54:11.787" endtime="20231115 15:54:20.045"/>
</kw>
<kw name="Maximize Browser Window" library="SeleniumLibrary">
<doc>Maximizes current browser window.</doc>
<status status="PASS" starttime="20231115 15:54:20.045" endtime="20231115 15:54:20.502"/>
</kw>
<kw name="Title Should Be" library="SeleniumLibrary">
<arg>SICANTIK</arg>
<doc>Verifies that the current page title equals ``title``.</doc>
<msg timestamp="20231115 15:54:20.704" level="INFO">Page title is 'SICANTIK'.</msg>
<status status="PASS" starttime="20231115 15:54:20.502" endtime="20231115 15:54:20.704"/>
</kw>
<status status="PASS" starttime="20231115 15:54:11.786" endtime="20231115 15:54:20.704"/>
</kw>
<kw name="Login Admin Pusat" library="login">
<kw name="Input Username" library="login">
<arg>admegov</arg>
<kw name="Input Text" library="SeleniumLibrary">
<arg>username</arg>
<arg>${username}</arg>
<doc>Types the given ``text`` into the text field identified by ``locator``.</doc>
<msg timestamp="20231115 15:54:20.705" level="INFO">Typing text 'admegov' into text field 'username'.</msg>
<status status="PASS" starttime="20231115 15:54:20.705" endtime="20231115 15:54:21.369"/>
</kw>
<status status="PASS" starttime="20231115 15:54:20.704" endtime="20231115 15:54:21.369"/>
</kw>
<kw name="Input Password" library="login">
<arg>Admegov789*@#</arg>
<kw name="Input Text" library="SeleniumLibrary">
<arg>password</arg>
<arg>${password}</arg>
<doc>Types the given ``text`` into the text field identified by ``locator``.</doc>
<msg timestamp="20231115 15:54:21.369" level="INFO">Typing text 'Admegov789*@#' into text field 'password'.</msg>
<status status="PASS" starttime="20231115 15:54:21.369" endtime="20231115 15:54:21.991"/>
</kw>
<status status="PASS" starttime="20231115 15:54:21.369" endtime="20231115 15:54:21.991"/>
</kw>
<kw name="Submit Credentials" library="login">
<kw name="Click Button" library="SeleniumLibrary">
<arg>kt_sign_in_submit</arg>
<doc>Clicks the button identified by ``locator``.</doc>
<msg timestamp="20231115 15:54:21.991" level="INFO">Clicking button 'kt_sign_in_submit'.</msg>
<status status="PASS" starttime="20231115 15:54:21.991" endtime="20231115 15:54:23.016"/>
</kw>
<kw name="Sleep" library="BuiltIn">
<arg>5s</arg>
<doc>Pauses the test executed for the given time.</doc>
<msg timestamp="20231115 15:54:28.016" level="INFO">Slept 5 seconds</msg>
<status status="PASS" starttime="20231115 15:54:23.016" endtime="20231115 15:54:28.016"/>
</kw>
<status status="PASS" starttime="20231115 15:54:21.991" endtime="20231115 15:54:28.016"/>
</kw>
<kw name="Element Should Contain" library="SeleniumLibrary">
<arg>xpath://*[@id="kt_header_user_menu_toggle"]/div[2]/span[2]</arg>
<arg>Admin Utama</arg>
<doc>Verifies that element ``locator`` contains text ``expected``.</doc>
<msg timestamp="20231115 15:54:28.435" level="INFO">Element 'xpath://*[@id="kt_header_user_menu_toggle"]/div[2]/span[2]' contains text 'Admin Utama'.</msg>
<status status="PASS" starttime="20231115 15:54:28.016" endtime="20231115 15:54:28.435"/>
</kw>
<status status="PASS" starttime="20231115 15:54:20.704" endtime="20231115 15:54:28.435"/>
</kw>
<kw name="Move To TTE" library="tte">
<kw name="Go To" library="SeleniumLibrary">
<arg>https://uji.sicantik.go.id/signature-tte</arg>
<doc>Navigates the current browser window to the provided ``url``.</doc>
<msg timestamp="20231115 15:54:28.435" level="INFO">Opening url 'https://uji.sicantik.go.id/signature-tte'</msg>
<status status="PASS" starttime="20231115 15:54:28.435" endtime="20231115 15:54:29.159"/>
</kw>
<kw name="Wait Until Element Contains" library="SeleniumLibrary">
<arg>xpath://*[@id="breadScrumbs"]/div/span</arg>
<arg>Daftar TTE</arg>
<doc>Waits until the element ``locator`` contains ``text``.</doc>
<status status="PASS" starttime="20231115 15:54:29.159" endtime="20231115 15:54:29.567"/>
</kw>
<kw name="Sleep" library="BuiltIn">
<arg>3s</arg>
<doc>Pauses the test executed for the given time.</doc>
<msg timestamp="20231115 15:54:32.567" level="INFO">Slept 3 seconds</msg>
<status status="PASS" starttime="20231115 15:54:29.567" endtime="20231115 15:54:32.567"/>
</kw>
<status status="PASS" starttime="20231115 15:54:28.435" endtime="20231115 15:54:32.567"/>
</kw>
<kw name="Scroll Down" library="tte">
<kw name="Click Element" library="SeleniumLibrary">
<arg>xpath://*[@id="kt_customers_table"]/tbody/tr[5]/td[5]</arg>
<doc>Click the element identified by ``locator``.</doc>
<msg timestamp="20231115 15:54:32.568" level="INFO">Clicking element 'xpath://*[@id="kt_customers_table"]/tbody/tr[5]/td[5]'.</msg>
<status status="PASS" starttime="20231115 15:54:32.568" endtime="20231115 15:54:33.192"/>
</kw>
<for flavor="IN RANGE">
<var>${counter}</var>
<value>20</value>
<iter>
<var name="${counter}">0</var>
<kw name="Log" library="BuiltIn">
<arg>${counter}</arg>
<doc>Logs the given message with the given level.</doc>
<msg timestamp="20231115 15:54:33.192" level="INFO">0</msg>
<status status="PASS" starttime="20231115 15:54:33.192" endtime="20231115 15:54:33.192"/>
</kw>
<kw name="Press Keys" library="SeleniumLibrary">
<arg>None</arg>
<arg>ARROW_DOWN</arg>
<doc>Simulates the user pressing key(s) to an element or on the active browser.</doc>
<msg timestamp="20231115 15:54:33.193" level="INFO">Sending key(s) ('ARROW_DOWN',) to page.</msg>
<msg timestamp="20231115 15:54:33.193" level="INFO">Pressing special key ARROW_DOWN to browser.</msg>
<msg timestamp="20231115 15:54:33.193" level="INFO">Releasing special key ARROW_DOWN.</msg>
<status status="PASS" starttime="20231115 15:54:33.192" endtime="20231115 15:54:33.403"/>
</kw>
<kw name="Sleep" library="BuiltIn">
<arg>0.5s</arg>
<doc>Pauses the test executed for the given time.</doc>
<msg timestamp="20231115 15:54:33.904" level="INFO">Slept 500 milliseconds</msg>
<status status="PASS" starttime="20231115 15:54:33.403" endtime="20231115 15:54:33.904"/>
</kw>
<status status="PASS" starttime="20231115 15:54:33.192" endtime="20231115 15:54:33.904"/>
</iter>
<iter>
<var name="${counter}">1</var>
<kw name="Log" library="BuiltIn">
<arg>${counter}</arg>
<doc>Logs the given message with the given level.</doc>
<msg timestamp="20231115 15:54:33.904" level="INFO">1</msg>
<status status="PASS" starttime="20231115 15:54:33.904" endtime="20231115 15:54:33.904"/>
</kw>
<kw name="Press Keys" library="SeleniumLibrary">
<arg>None</arg>
<arg>ARROW_DOWN</arg>
<doc>Simulates the user pressing key(s) to an element or on the active browser.</doc>
<msg timestamp="20231115 15:54:33.905" level="INFO">Sending key(s) ('ARROW_DOWN',) to page.</msg>
<msg timestamp="20231115 15:54:33.905" level="INFO">Pressing special key ARROW_DOWN to browser.</msg>
<msg timestamp="20231115 15:54:33.905" level="INFO">Releasing special key ARROW_DOWN.</msg>
<status status="PASS" starttime="20231115 15:54:33.904" endtime="20231115 15:54:34.109"/>
</kw>
<kw name="Sleep" library="BuiltIn">
<arg>0.5s</arg>
<doc>Pauses the test executed for the given time.</doc>
<msg timestamp="20231115 15:54:34.610" level="INFO">Slept 500 milliseconds</msg>
<status status="PASS" starttime="20231115 15:54:34.109" endtime="20231115 15:54:34.610"/>
</kw>
<status status="PASS" starttime="20231115 15:54:33.904" endtime="20231115 15:54:34.610"/>
</iter>
<iter>
<var name="${counter}">2</var>
<kw name="Log" library="BuiltIn">
<arg>${counter}</arg>
<doc>Logs the given message with the given level.</doc>
<msg timestamp="20231115 15:54:34.610" level="INFO">2</msg>
<status status="PASS" starttime="20231115 15:54:34.610" endtime="20231115 15:54:34.610"/>
</kw>
<kw name="Press Keys" library="SeleniumLibrary">
<arg>None</arg>
<arg>ARROW_DOWN</arg>
<doc>Simulates the user pressing key(s) to an element or on the active browser.</doc>
<msg timestamp="20231115 15:54:34.611" level="INFO">Sending key(s) ('ARROW_DOWN',) to page.</msg>
<msg timestamp="20231115 15:54:34.611" level="INFO">Pressing special key ARROW_DOWN to browser.</msg>
<msg timestamp="20231115 15:54:34.611" level="INFO">Releasing special key ARROW_DOWN.</msg>
<status status="PASS" starttime="20231115 15:54:34.610" endtime="20231115 15:54:34.817"/>
</kw>
<kw name="Sleep" library="BuiltIn">
<arg>0.5s</arg>
<doc>Pauses the test executed for the given time.</doc>
<msg timestamp="20231115 15:54:35.317" level="INFO">Slept 500 milliseconds</msg>
<status status="PASS" starttime="20231115 15:54:34.817" endtime="20231115 15:54:35.317"/>
</kw>
<status status="PASS" starttime="20231115 15:54:34.610" endtime="20231115 15:54:35.317"/>
</iter>
<iter>
<var name="${counter}">3</var>
<kw name="Log" library="BuiltIn">
<arg>${counter}</arg>
<doc>Logs the given message with the given level.</doc>
<msg timestamp="20231115 15:54:35.317" level="INFO">3</msg>
<status status="PASS" starttime="20231115 15:54:35.317" endtime="20231115 15:54:35.317"/>
</kw>
<kw name="Press Keys" library="SeleniumLibrary">
<arg>None</arg>
<arg>ARROW_DOWN</arg>
<doc>Simulates the user pressing key(s) to an element or on the active browser.</doc>
<msg timestamp="20231115 15:54:35.318" level="INFO">Sending key(s) ('ARROW_DOWN',) to page.</msg>
<msg timestamp="20231115 15:54:35.318" level="INFO">Pressing special key ARROW_DOWN to browser.</msg>
<msg timestamp="20231115 15:54:35.318" level="INFO">Releasing special key ARROW_DOWN.</msg>
<status status="PASS" starttime="20231115 15:54:35.317" endtime="20231115 15:54:35.523"/>
</kw>
<kw name="Sleep" library="BuiltIn">
<arg>0.5s</arg>
<doc>Pauses the test executed for the given time.</doc>
<msg timestamp="20231115 15:54:36.024" level="INFO">Slept 500 milliseconds</msg>
<status status="PASS" starttime="20231115 15:54:35.523" endtime="20231115 15:54:36.024"/>
</kw>
<status status="PASS" starttime="20231115 15:54:35.317" endtime="20231115 15:54:36.024"/>
</iter>
<iter>
<var name="${counter}">4</var>
<kw name="Log" library="BuiltIn">
<arg>${counter}</arg>
<doc>Logs the given message with the given level.</doc>
<msg timestamp="20231115 15:54:36.024" level="INFO">4</msg>
<status status="PASS" starttime="20231115 15:54:36.024" endtime="20231115 15:54:36.024"/>
</kw>
<kw name="Press Keys" library="SeleniumLibrary">
<arg>None</arg>
<arg>ARROW_DOWN</arg>
<doc>Simulates the user pressing key(s) to an element or on the active browser.</doc>
<msg timestamp="20231115 15:54:36.025" level="INFO">Sending key(s) ('ARROW_DOWN',) to page.</msg>
<msg timestamp="20231115 15:54:36.025" level="INFO">Pressing special key ARROW_DOWN to browser.</msg>
<msg timestamp="20231115 15:54:36.025" level="INFO">Releasing special key ARROW_DOWN.</msg>
<status status="PASS" starttime="20231115 15:54:36.024" endtime="20231115 15:54:36.229"/>
</kw>
<kw name="Sleep" library="BuiltIn">
<arg>0.5s</arg>
<doc>Pauses the test executed for the given time.</doc>
<msg timestamp="20231115 15:54:36.730" level="INFO">Slept 500 milliseconds</msg>
<status status="PASS" starttime="20231115 15:54:36.229" endtime="20231115 15:54:36.730"/>
</kw>
<status status="PASS" starttime="20231115 15:54:36.024" endtime="20231115 15:54:36.730"/>
</iter>
<iter>
<var name="${counter}">5</var>
<kw name="Log" library="BuiltIn">
<arg>${counter}</arg>
<doc>Logs the given message with the given level.</doc>
<msg timestamp="20231115 15:54:36.730" level="INFO">5</msg>
<status status="PASS" starttime="20231115 15:54:36.730" endtime="20231115 15:54:36.730"/>
</kw>
<kw name="Press Keys" library="SeleniumLibrary">
<arg>None</arg>
<arg>ARROW_DOWN</arg>
<doc>Simulates the user pressing key(s) to an element or on the active browser.</doc>
<msg timestamp="20231115 15:54:36.731" level="INFO">Sending key(s) ('ARROW_DOWN',) to page.</msg>
<msg timestamp="20231115 15:54:36.731" level="INFO">Pressing special key ARROW_DOWN to browser.</msg>
<msg timestamp="20231115 15:54:36.731" level="INFO">Releasing special key ARROW_DOWN.</msg>
<status status="PASS" starttime="20231115 15:54:36.730" endtime="20231115 15:54:36.935"/>
</kw>
<kw name="Sleep" library="BuiltIn">
<arg>0.5s</arg>
<doc>Pauses the test executed for the given time.</doc>
<msg timestamp="20231115 15:54:37.436" level="INFO">Slept 500 milliseconds</msg>
<status status="PASS" starttime="20231115 15:54:36.935" endtime="20231115 15:54:37.436"/>
</kw>
<status status="PASS" starttime="20231115 15:54:36.730" endtime="20231115 15:54:37.436"/>
</iter>
<iter>
<var name="${counter}">6</var>
<kw name="Log" library="BuiltIn">
<arg>${counter}</arg>
<doc>Logs the given message with the given level.</doc>
<msg timestamp="20231115 15:54:37.436" level="INFO">6</msg>
<status status="PASS" starttime="20231115 15:54:37.436" endtime="20231115 15:54:37.436"/>
</kw>
<kw name="Press Keys" library="SeleniumLibrary">
<arg>None</arg>
<arg>ARROW_DOWN</arg>
<doc>Simulates the user pressing key(s) to an element or on the active browser.</doc>
<msg timestamp="20231115 15:54:37.437" level="INFO">Sending key(s) ('ARROW_DOWN',) to page.</msg>
<msg timestamp="20231115 15:54:37.437" level="INFO">Pressing special key ARROW_DOWN to browser.</msg>
<msg timestamp="20231115 15:54:37.437" level="INFO">Releasing special key ARROW_DOWN.</msg>
<status status="PASS" starttime="20231115 15:54:37.436" endtime="20231115 15:54:37.643"/>
</kw>
<kw name="Sleep" library="BuiltIn">
<arg>0.5s</arg>
<doc>Pauses the test executed for the given time.</doc>
<msg timestamp="20231115 15:54:38.143" level="INFO">Slept 500 milliseconds</msg>
<status status="PASS" starttime="20231115 15:54:37.643" endtime="20231115 15:54:38.143"/>
</kw>
<status status="PASS" starttime="20231115 15:54:37.436" endtime="20231115 15:54:38.143"/>
</iter>
<iter>
<var name="${counter}">7</var>
<kw name="Log" library="BuiltIn">
<arg>${counter}</arg>
<doc>Logs the given message with the given level.</doc>
<msg timestamp="20231115 15:54:38.143" level="INFO">7</msg>
<status status="PASS" starttime="20231115 15:54:38.143" endtime="20231115 15:54:38.143"/>
</kw>
<kw name="Press Keys" library="SeleniumLibrary">
<arg>None</arg>
<arg>ARROW_DOWN</arg>
<doc>Simulates the user pressing key(s) to an element or on the active browser.</doc>
<msg timestamp="20231115 15:54:38.144" level="INFO">Sending key(s) ('ARROW_DOWN',) to page.</msg>
<msg timestamp="20231115 15:54:38.144" level="INFO">Pressing special key ARROW_DOWN to browser.</msg>
<msg timestamp="20231115 15:54:38.144" level="INFO">Releasing special key ARROW_DOWN.</msg>
<status status="PASS" starttime="20231115 15:54:38.143" endtime="20231115 15:54:38.347"/>
</kw>
<kw name="Sleep" library="BuiltIn">
<arg>0.5s</arg>
<doc>Pauses the test executed for the given time.</doc>
<msg timestamp="20231115 15:54:38.848" level="INFO">Slept 500 milliseconds</msg>
<status status="PASS" starttime="20231115 15:54:38.347" endtime="20231115 15:54:38.848"/>
</kw>
<status status="PASS" starttime="20231115 15:54:38.143" endtime="20231115 15:54:38.848"/>
</iter>
<iter>
<var name="${counter}">8</var>
<kw name="Log" library="BuiltIn">
<arg>${counter}</arg>
<doc>Logs the given message with the given level.</doc>
<msg timestamp="20231115 15:54:38.848" level="INFO">8</msg>
<status status="PASS" starttime="20231115 15:54:38.848" endtime="20231115 15:54:38.848"/>
</kw>
<kw name="Press Keys" library="SeleniumLibrary">
<arg>None</arg>
<arg>ARROW_DOWN</arg>
<doc>Simulates the user pressing key(s) to an element or on the active browser.</doc>
<msg timestamp="20231115 15:54:38.849" level="INFO">Sending key(s) ('ARROW_DOWN',) to page.</msg>
<msg timestamp="20231115 15:54:38.849" level="INFO">Pressing special key ARROW_DOWN to browser.</msg>
<msg timestamp="20231115 15:54:38.849" level="INFO">Releasing special key ARROW_DOWN.</msg>
<status status="PASS" starttime="20231115 15:54:38.848" endtime="20231115 15:54:39.054"/>
</kw>
<kw name="Sleep" library="BuiltIn">
<arg>0.5s</arg>
<doc>Pauses the test executed for the given time.</doc>
<msg timestamp="20231115 15:54:39.554" level="INFO">Slept 500 milliseconds</msg>
<status status="PASS" starttime="20231115 15:54:39.054" endtime="20231115 15:54:39.554"/>
</kw>
<status status="PASS" starttime="20231115 15:54:38.848" endtime="20231115 15:54:39.554"/>
</iter>
<iter>
<var name="${counter}">9</var>
<kw name="Log" library="BuiltIn">
<arg>${counter}</arg>
<doc>Logs the given message with the given level.</doc>
<msg timestamp="20231115 15:54:39.554" level="INFO">9</msg>
<status status="PASS" starttime="20231115 15:54:39.554" endtime="20231115 15:54:39.554"/>
</kw>
<kw name="Press Keys" library="SeleniumLibrary">
<arg>None</arg>
<arg>ARROW_DOWN</arg>
<doc>Simulates the user pressing key(s) to an element or on the active browser.</doc>
<msg timestamp="20231115 15:54:39.555" level="INFO">Sending key(s) ('ARROW_DOWN',) to page.</msg>
<msg timestamp="20231115 15:54:39.555" level="INFO">Pressing special key ARROW_DOWN to browser.</msg>
<msg timestamp="20231115 15:54:39.555" level="INFO">Releasing special key ARROW_DOWN.</msg>
<status status="PASS" starttime="20231115 15:54:39.554" endtime="20231115 15:54:39.760"/>
</kw>
<kw name="Sleep" library="BuiltIn">
<arg>0.5s</arg>
<doc>Pauses the test executed for the given time.</doc>
<msg timestamp="20231115 15:54:40.261" level="INFO">Slept 500 milliseconds</msg>
<status status="PASS" starttime="20231115 15:54:39.760" endtime="20231115 15:54:40.261"/>
</kw>
<status status="PASS" starttime="20231115 15:54:39.554" endtime="20231115 15:54:40.261"/>
</iter>
<iter>
<var name="${counter}">10</var>
<kw name="Log" library="BuiltIn">
<arg>${counter}</arg>
<doc>Logs the given message with the given level.</doc>
<msg timestamp="20231115 15:54:40.261" level="INFO">10</msg>
<status status="PASS" starttime="20231115 15:54:40.261" endtime="20231115 15:54:40.261"/>
</kw>
<kw name="Press Keys" library="SeleniumLibrary">
<arg>None</arg>
<arg>ARROW_DOWN</arg>
<doc>Simulates the user pressing key(s) to an element or on the active browser.</doc>
<msg timestamp="20231115 15:54:40.262" level="INFO">Sending key(s) ('ARROW_DOWN',) to page.</msg>
<msg timestamp="20231115 15:54:40.262" level="INFO">Pressing special key ARROW_DOWN to browser.</msg>
<msg timestamp="20231115 15:54:40.262" level="INFO">Releasing special key ARROW_DOWN.</msg>
<status status="PASS" starttime="20231115 15:54:40.261" endtime="20231115 15:54:40.466"/>
</kw>
<kw name="Sleep" library="BuiltIn">
<arg>0.5s</arg>
<doc>Pauses the test executed for the given time.</doc>
<msg timestamp="20231115 15:54:40.967" level="INFO">Slept 500 milliseconds</msg>
<status status="PASS" starttime="20231115 15:54:40.466" endtime="20231115 15:54:40.967"/>
</kw>
<status status="PASS" starttime="20231115 15:54:40.261" endtime="20231115 15:54:40.967"/>
</iter>
<iter>
<var name="${counter}">11</var>
<kw name="Log" library="BuiltIn">
<arg>${counter}</arg>
<doc>Logs the given message with the given level.</doc>
<msg timestamp="20231115 15:54:40.967" level="INFO">11</msg>
<status status="PASS" starttime="20231115 15:54:40.967" endtime="20231115 15:54:40.967"/>
</kw>
<kw name="Press Keys" library="SeleniumLibrary">
<arg>None</arg>
<arg>ARROW_DOWN</arg>
<doc>Simulates the user pressing key(s) to an element or on the active browser.</doc>
<msg timestamp="20231115 15:54:40.968" level="INFO">Sending key(s) ('ARROW_DOWN',) to page.</msg>
<msg timestamp="20231115 15:54:40.968" level="INFO">Pressing special key ARROW_DOWN to browser.</msg>
<msg timestamp="20231115 15:54:40.968" level="INFO">Releasing special key ARROW_DOWN.</msg>
<status status="PASS" starttime="20231115 15:54:40.967" endtime="20231115 15:54:41.172"/>
</kw>
<kw name="Sleep" library="BuiltIn">
<arg>0.5s</arg>
<doc>Pauses the test executed for the given time.</doc>
<msg timestamp="20231115 15:54:41.672" level="INFO">Slept 500 milliseconds</msg>
<status status="PASS" starttime="20231115 15:54:41.172" endtime="20231115 15:54:41.672"/>
</kw>
<status status="PASS" starttime="20231115 15:54:40.967" endtime="20231115 15:54:41.672"/>
</iter>
<iter>
<var name="${counter}">12</var>
<kw name="Log" library="BuiltIn">
<arg>${counter}</arg>
<doc>Logs the given message with the given level.</doc>
<msg timestamp="20231115 15:54:41.672" level="INFO">12</msg>
<status status="PASS" starttime="20231115 15:54:41.672" endtime="20231115 15:54:41.672"/>
</kw>
<kw name="Press Keys" library="SeleniumLibrary">
<arg>None</arg>
<arg>ARROW_DOWN</arg>
<doc>Simulates the user pressing key(s) to an element or on the active browser.</doc>
<msg timestamp="20231115 15:54:41.673" level="INFO">Sending key(s) ('ARROW_DOWN',) to page.</msg>
<msg timestamp="20231115 15:54:41.673" level="INFO">Pressing special key ARROW_DOWN to browser.</msg>
<msg timestamp="20231115 15:54:41.673" level="INFO">Releasing special key ARROW_DOWN.</msg>
<status status="PASS" starttime="20231115 15:54:41.672" endtime="20231115 15:54:41.876"/>
</kw>
<kw name="Sleep" library="BuiltIn">
<arg>0.5s</arg>
<doc>Pauses the test executed for the given time.</doc>
<msg timestamp="20231115 15:54:42.377" level="INFO">Slept 500 milliseconds</msg>
<status status="PASS" starttime="20231115 15:54:41.876" endtime="20231115 15:54:42.377"/>
</kw>
<status status="PASS" starttime="20231115 15:54:41.672" endtime="20231115 15:54:42.377"/>
</iter>
<iter>
<var name="${counter}">13</var>
<kw name="Log" library="BuiltIn">
<arg>${counter}</arg>
<doc>Logs the given message with the given level.</doc>
<msg timestamp="20231115 15:54:42.377" level="INFO">13</msg>
<status status="PASS" starttime="20231115 15:54:42.377" endtime="20231115 15:54:42.377"/>
</kw>
<kw name="Press Keys" library="SeleniumLibrary">
<arg>None</arg>
<arg>ARROW_DOWN</arg>
<doc>Simulates the user pressing key(s) to an element or on the active browser.</doc>
<msg timestamp="20231115 15:54:42.378" level="INFO">Sending key(s) ('ARROW_DOWN',) to page.</msg>
<msg timestamp="20231115 15:54:42.378" level="INFO">Pressing special key ARROW_DOWN to browser.</msg>
<msg timestamp="20231115 15:54:42.378" level="INFO">Releasing special key ARROW_DOWN.</msg>
<status status="PASS" starttime="20231115 15:54:42.377" endtime="20231115 15:54:42.581"/>
</kw>
<kw name="Sleep" library="BuiltIn">
<arg>0.5s</arg>
<doc>Pauses the test executed for the given time.</doc>
<msg timestamp="20231115 15:54:43.082" level="INFO">Slept 500 milliseconds</msg>
<status status="PASS" starttime="20231115 15:54:42.581" endtime="20231115 15:54:43.082"/>
</kw>
<status status="PASS" starttime="20231115 15:54:42.377" endtime="20231115 15:54:43.082"/>
</iter>
<iter>
<var name="${counter}">14</var>
<kw name="Log" library="BuiltIn">
<arg>${counter}</arg>
<doc>Logs the given message with the given level.</doc>
<msg timestamp="20231115 15:54:43.082" level="INFO">14</msg>
<status status="PASS" starttime="20231115 15:54:43.082" endtime="20231115 15:54:43.082"/>
</kw>
<kw name="Press Keys" library="SeleniumLibrary">
<arg>None</arg>
<arg>ARROW_DOWN</arg>
<doc>Simulates the user pressing key(s) to an element or on the active browser.</doc>
<msg timestamp="20231115 15:54:43.083" level="INFO">Sending key(s) ('ARROW_DOWN',) to page.</msg>
<msg timestamp="20231115 15:54:43.083" level="INFO">Pressing special key ARROW_DOWN to browser.</msg>
<msg timestamp="20231115 15:54:43.083" level="INFO">Releasing special key ARROW_DOWN.</msg>
<status status="PASS" starttime="20231115 15:54:43.082" endtime="20231115 15:54:43.287"/>
</kw>
<kw name="Sleep" library="BuiltIn">
<arg>0.5s</arg>
<doc>Pauses the test executed for the given time.</doc>
<msg timestamp="20231115 15:54:43.787" level="INFO">Slept 500 milliseconds</msg>
<status status="PASS" starttime="20231115 15:54:43.287" endtime="20231115 15:54:43.787"/>
</kw>
<status status="PASS" starttime="20231115 15:54:43.082" endtime="20231115 15:54:43.787"/>
</iter>
<iter>
<var name="${counter}">15</var>
<kw name="Log" library="BuiltIn">
<arg>${counter}</arg>
<doc>Logs the given message with the given level.</doc>
<msg timestamp="20231115 15:54:43.787" level="INFO">15</msg>
<status status="PASS" starttime="20231115 15:54:43.787" endtime="20231115 15:54:43.787"/>
</kw>
<kw name="Press Keys" library="SeleniumLibrary">
<arg>None</arg>
<arg>ARROW_DOWN</arg>
<doc>Simulates the user pressing key(s) to an element or on the active browser.</doc>
<msg timestamp="20231115 15:54:43.788" level="INFO">Sending key(s) ('ARROW_DOWN',) to page.</msg>
<msg timestamp="20231115 15:54:43.788" level="INFO">Pressing special key ARROW_DOWN to browser.</msg>
<msg timestamp="20231115 15:54:43.788" level="INFO">Releasing special key ARROW_DOWN.</msg>
<status status="PASS" starttime="20231115 15:54:43.787" endtime="20231115 15:54:43.992"/>
</kw>
<kw name="Sleep" library="BuiltIn">
<arg>0.5s</arg>
<doc>Pauses the test executed for the given time.</doc>
<msg timestamp="20231115 15:54:44.492" level="INFO">Slept 500 milliseconds</msg>
<status status="PASS" starttime="20231115 15:54:43.992" endtime="20231115 15:54:44.492"/>
</kw>
<status status="PASS" starttime="20231115 15:54:43.787" endtime="20231115 15:54:44.492"/>
</iter>
<iter>
<var name="${counter}">16</var>
<kw name="Log" library="BuiltIn">
<arg>${counter}</arg>
<doc>Logs the given message with the given level.</doc>
<msg timestamp="20231115 15:54:44.492" level="INFO">16</msg>
<status status="PASS" starttime="20231115 15:54:44.492" endtime="20231115 15:54:44.492"/>
</kw>
<kw name="Press Keys" library="SeleniumLibrary">
<arg>None</arg>
<arg>ARROW_DOWN</arg>
<doc>Simulates the user pressing key(s) to an element or on the active browser.</doc>
<msg timestamp="20231115 15:54:44.493" level="INFO">Sending key(s) ('ARROW_DOWN',) to page.</msg>
<msg timestamp="20231115 15:54:44.493" level="INFO">Pressing special key ARROW_DOWN to browser.</msg>
<msg timestamp="20231115 15:54:44.493" level="INFO">Releasing special key ARROW_DOWN.</msg>
<status status="PASS" starttime="20231115 15:54:44.492" endtime="20231115 15:54:44.697"/>
</kw>
<kw name="Sleep" library="BuiltIn">
<arg>0.5s</arg>
<doc>Pauses the test executed for the given time.</doc>
<msg timestamp="20231115 15:54:45.197" level="INFO">Slept 500 milliseconds</msg>
<status status="PASS" starttime="20231115 15:54:44.697" endtime="20231115 15:54:45.197"/>
</kw>
<status status="PASS" starttime="20231115 15:54:44.492" endtime="20231115 15:54:45.197"/>
</iter>
<iter>
<var name="${counter}">17</var>
<kw name="Log" library="BuiltIn">
<arg>${counter}</arg>
<doc>Logs the given message with the given level.</doc>
<msg timestamp="20231115 15:54:45.197" level="INFO">17</msg>
<status status="PASS" starttime="20231115 15:54:45.197" endtime="20231115 15:54:45.197"/>
</kw>
<kw name="Press Keys" library="SeleniumLibrary">
<arg>None</arg>
<arg>ARROW_DOWN</arg>
<doc>Simulates the user pressing key(s) to an element or on the active browser.</doc>
<msg timestamp="20231115 15:54:45.198" level="INFO">Sending key(s) ('ARROW_DOWN',) to page.</msg>
<msg timestamp="20231115 15:54:45.198" level="INFO">Pressing special key ARROW_DOWN to browser.</msg>
<msg timestamp="20231115 15:54:45.198" level="INFO">Releasing special key ARROW_DOWN.</msg>
<status status="PASS" starttime="20231115 15:54:45.197" endtime="20231115 15:54:45.401"/>
</kw>
<kw name="Sleep" library="BuiltIn">
<arg>0.5s</arg>
<doc>Pauses the test executed for the given time.</doc>
<msg timestamp="20231115 15:54:45.902" level="INFO">Slept 500 milliseconds</msg>
<status status="PASS" starttime="20231115 15:54:45.401" endtime="20231115 15:54:45.902"/>
</kw>
<status status="PASS" starttime="20231115 15:54:45.197" endtime="20231115 15:54:45.902"/>
</iter>
<iter>
<var name="${counter}">18</var>
<kw name="Log" library="BuiltIn">
<arg>${counter}</arg>
<doc>Logs the given message with the given level.</doc>
<msg timestamp="20231115 15:54:45.902" level="INFO">18</msg>
<status status="PASS" starttime="20231115 15:54:45.902" endtime="20231115 15:54:45.902"/>
</kw>
<kw name="Press Keys" library="SeleniumLibrary">
<arg>None</arg>
<arg>ARROW_DOWN</arg>
<doc>Simulates the user pressing key(s) to an element or on the active browser.</doc>
<msg timestamp="20231115 15:54:45.903" level="INFO">Sending key(s) ('ARROW_DOWN',) to page.</msg>
<msg timestamp="20231115 15:54:45.903" level="INFO">Pressing special key ARROW_DOWN to browser.</msg>
<msg timestamp="20231115 15:54:45.903" level="INFO">Releasing special key ARROW_DOWN.</msg>
<status status="PASS" starttime="20231115 15:54:45.902" endtime="20231115 15:54:46.106"/>
</kw>
<kw name="Sleep" library="BuiltIn">
<arg>0.5s</arg>
<doc>Pauses the test executed for the given time.</doc>
<msg timestamp="20231115 15:54:46.606" level="INFO">Slept 500 milliseconds</msg>
<status status="PASS" starttime="20231115 15:54:46.106" endtime="20231115 15:54:46.606"/>
</kw>
<status status="PASS" starttime="20231115 15:54:45.902" endtime="20231115 15:54:46.606"/>
</iter>
<iter>
<var name="${counter}">19</var>
<kw name="Log" library="BuiltIn">
<arg>${counter}</arg>
<doc>Logs the given message with the given level.</doc>
<msg timestamp="20231115 15:54:46.606" level="INFO">19</msg>
<status status="PASS" starttime="20231115 15:54:46.606" endtime="20231115 15:54:46.606"/>
</kw>
<kw name="Press Keys" library="SeleniumLibrary">
<arg>None</arg>
<arg>ARROW_DOWN</arg>
<doc>Simulates the user pressing key(s) to an element or on the active browser.</doc>
<msg timestamp="20231115 15:54:46.607" level="INFO">Sending key(s) ('ARROW_DOWN',) to page.</msg>
<msg timestamp="20231115 15:54:46.607" level="INFO">Pressing special key ARROW_DOWN to browser.</msg>
<msg timestamp="20231115 15:54:46.607" level="INFO">Releasing special key ARROW_DOWN.</msg>
<status status="PASS" starttime="20231115 15:54:46.606" endtime="20231115 15:54:46.811"/>
</kw>
<kw name="Sleep" library="BuiltIn">
<arg>0.5s</arg>
<doc>Pauses the test executed for the given time.</doc>
<msg timestamp="20231115 15:54:47.312" level="INFO">Slept 500 milliseconds</msg>
<status status="PASS" starttime="20231115 15:54:46.811" endtime="20231115 15:54:47.312"/>
</kw>
<status status="PASS" starttime="20231115 15:54:46.606" endtime="20231115 15:54:47.312"/>
</iter>
<status status="PASS" starttime="20231115 15:54:33.192" endtime="20231115 15:54:47.312"/>
</for>
<status status="PASS" starttime="20231115 15:54:32.567" endtime="20231115 15:54:47.312"/>
</kw>
<kw name="Sleep" library="BuiltIn">
<arg>3s</arg>
<doc>Pauses the test executed for the given time.</doc>
<msg timestamp="20231115 15:54:50.312" level="INFO">Slept 3 seconds</msg>
<status status="PASS" starttime="20231115 15:54:47.312" endtime="20231115 15:54:50.312"/>
</kw>
<kw name="Capture Page Screenshot" library="SeleniumLibrary">
<doc>Takes a screenshot of the current page and embeds it into a log file.</doc>
<msg timestamp="20231115 15:54:50.575" level="INFO" html="true">&lt;/td&gt;&lt;/tr&gt;&lt;tr&gt;&lt;td colspan="3"&gt;&lt;a href="selenium-screenshot-1.png"&gt;&lt;img src="selenium-screenshot-1.png" width="800px"&gt;&lt;/a&gt;</msg>
<status status="PASS" starttime="20231115 15:54:50.312" endtime="20231115 15:54:50.576"/>
</kw>
<kw name="Close Browser" library="SeleniumLibrary" type="TEARDOWN">
<doc>Closes the current browser.</doc>
<status status="PASS" starttime="20231115 15:54:50.576" endtime="20231115 15:54:53.536"/>
</kw>
<doc>SC01 - Lazy Load Halaman TTE</doc>
<tag>TC01 - Lazy Load Jenis Izin</tag>
<status status="PASS" starttime="20231115 15:54:11.786" endtime="20231115 15:54:53.536"/>
</test>
<doc>SC01 - Lazy load halaman tte</doc>
<status status="PASS" starttime="20231115 15:54:11.617" endtime="20231115 15:54:53.537"/>
</suite>
<statistics>
<total>
<stat pass="1" fail="0" skip="0">All Tests</stat>
</total>
<tag>
<stat pass="1" fail="0" skip="0">TC01 - Lazy Load Jenis Izin</stat>
</tag>
<suite>
<stat pass="1" fail="0" skip="0" id="s1" name="SC01 - Lazy load halaman tte">SC01 - Lazy load halaman tte</stat>
</suite>
</statistics>
<errors>
</errors>
</robot>
