<?xml version="1.0" encoding="UTF-8"?>
<robot generator="Robot 6.1.1 (Python 3.12.0 on win32)" generated="20231111 22:38:53.428" rpa="false" schemaversion="4">
<suite id="s1" name="SC01 - View Page Template Data" source="E:\#Freelance\Sicantik\tests\R08 - Template Data\SC01 - View Page Template Data\SC01 - View Page Template Data.robot">
<test id="s1-t1" name="TC01 - View Page Template Data" line="12">
<kw name="Open Browser To Login Page" library="login">
<kw name="Set Selenium Speed" library="SeleniumLibrary">
<arg>0.4s</arg>
<doc>Sets the delay that is waited after each Selenium command.</doc>
<status status="PASS" starttime="20231111 22:38:53.747" endtime="20231111 22:38:53.747"/>
</kw>
<kw name="Open Browser" library="SeleniumLibrary">
<arg>${LOGIN URL}</arg>
<arg>${BROWSER}</arg>
<arg>options=add_argument("--incognito")</arg>
<doc>Opens a new browser instance to the optional ``url``.</doc>
<msg timestamp="20231111 22:38:53.747" level="INFO">Opening browser 'Firefox' to base url 'https://uji.sicantik.go.id/sign-in'.</msg>
<status status="PASS" starttime="20231111 22:38:53.747" endtime="20231111 22:39:01.960"/>
</kw>
<kw name="Maximize Browser Window" library="SeleniumLibrary">
<doc>Maximizes current browser window.</doc>
<status status="PASS" starttime="20231111 22:39:01.960" endtime="20231111 22:39:02.615"/>
</kw>
<kw name="Title Should Be" library="SeleniumLibrary">
<arg>SICANTIK</arg>
<doc>Verifies that the current page title equals ``title``.</doc>
<msg timestamp="20231111 22:39:03.017" level="INFO">Page title is 'SICANTIK'.</msg>
<status status="PASS" starttime="20231111 22:39:02.615" endtime="20231111 22:39:03.017"/>
</kw>
<status status="PASS" starttime="20231111 22:38:53.747" endtime="20231111 22:39:03.017"/>
</kw>
<kw name="Input Username" library="login">
<arg>demo</arg>
<kw name="Input Text" library="SeleniumLibrary">
<arg>username</arg>
<arg>${username}</arg>
<doc>Types the given ``text`` into the text field identified by ``locator``.</doc>
<msg timestamp="20231111 22:39:03.018" level="INFO">Typing text 'demo' into text field 'username'.</msg>
<status status="PASS" starttime="20231111 22:39:03.017" endtime="20231111 22:39:04.267"/>
</kw>
<status status="PASS" starttime="20231111 22:39:03.017" endtime="20231111 22:39:04.267"/>
</kw>
<kw name="Input Password" library="login">
<arg>Demo789*@#</arg>
<kw name="Input Text" library="SeleniumLibrary">
<arg>password</arg>
<arg>${password}</arg>
<doc>Types the given ``text`` into the text field identified by ``locator``.</doc>
<msg timestamp="20231111 22:39:04.268" level="INFO">Typing text 'Demo789*@#' into text field 'password'.</msg>
<status status="PASS" starttime="20231111 22:39:04.267" endtime="20231111 22:39:05.484"/>
</kw>
<status status="PASS" starttime="20231111 22:39:04.267" endtime="20231111 22:39:05.484"/>
</kw>
<kw name="Submit Credentials" library="login">
<kw name="Click Button" library="SeleniumLibrary">
<arg>kt_sign_in_submit</arg>
<doc>Clicks the button identified by ``locator``.</doc>
<msg timestamp="20231111 22:39:05.484" level="INFO">Clicking button 'kt_sign_in_submit'.</msg>
<status status="PASS" starttime="20231111 22:39:05.484" endtime="20231111 22:39:07.306"/>
</kw>
<kw name="Sleep" library="BuiltIn">
<arg>5s</arg>
<doc>Pauses the test executed for the given time.</doc>
<msg timestamp="20231111 22:39:12.306" level="INFO">Slept 5 seconds</msg>
<status status="PASS" starttime="20231111 22:39:07.306" endtime="20231111 22:39:12.306"/>
</kw>
<status status="PASS" starttime="20231111 22:39:05.484" endtime="20231111 22:39:12.306"/>
</kw>
<kw name="Move To Template Data" library="template_data">
<kw name="Go To" library="SeleniumLibrary">
<arg>https://uji.sicantik.go.id/template-data</arg>
<doc>Navigates the current browser window to the provided ``url``.</doc>
<msg timestamp="20231111 22:39:12.306" level="INFO">Opening url 'https://uji.sicantik.go.id/template-data'</msg>
<status status="PASS" starttime="20231111 22:39:12.306" endtime="20231111 22:39:13.000"/>
</kw>
<kw name="Wait Until Element Contains" library="SeleniumLibrary">
<arg>xpath://*[@id="kt_content_container"]/div/div/div[1]/h5</arg>
<arg>Daftar Template Data</arg>
<doc>Waits until the element ``locator`` contains ``text``.</doc>
<status status="PASS" starttime="20231111 22:39:13.000" endtime="20231111 22:39:13.816"/>
</kw>
<status status="PASS" starttime="20231111 22:39:12.306" endtime="20231111 22:39:13.816"/>
</kw>
<kw name="Sleep" library="BuiltIn">
<arg>2s</arg>
<doc>Pauses the test executed for the given time.</doc>
<msg timestamp="20231111 22:39:15.816" level="INFO">Slept 2 seconds</msg>
<status status="PASS" starttime="20231111 22:39:13.816" endtime="20231111 22:39:15.816"/>
</kw>
<kw name="Capture Page Screenshot" library="SeleniumLibrary">
<doc>Takes a screenshot of the current page and embeds it into a log file.</doc>
<msg timestamp="20231111 22:39:16.264" level="INFO" html="true">&lt;/td&gt;&lt;/tr&gt;&lt;tr&gt;&lt;td colspan="3"&gt;&lt;a href="selenium-screenshot-1.png"&gt;&lt;img src="selenium-screenshot-1.png" width="800px"&gt;&lt;/a&gt;</msg>
<status status="PASS" starttime="20231111 22:39:15.816" endtime="20231111 22:39:16.264"/>
</kw>
<kw name="Close Browser" library="SeleniumLibrary" type="TEARDOWN">
<doc>Closes the current browser.</doc>
<status status="PASS" starttime="20231111 22:39:16.264" endtime="20231111 22:39:19.450"/>
</kw>
<doc>SC01 - View Page Template Data</doc>
<tag>TC01 - View Page Template Data</tag>
<status status="PASS" starttime="20231111 22:38:53.746" endtime="20231111 22:39:19.450"/>
</test>
<test id="s1-t2" name="TC02 - Search Template Data" line="24">
<kw name="Open Browser To Login Page" library="login">
<kw name="Set Selenium Speed" library="SeleniumLibrary">
<arg>0.4s</arg>
<doc>Sets the delay that is waited after each Selenium command.</doc>
<status status="PASS" starttime="20231111 22:39:19.451" endtime="20231111 22:39:19.451"/>
</kw>
<kw name="Open Browser" library="SeleniumLibrary">
<arg>${LOGIN URL}</arg>
<arg>${BROWSER}</arg>
<arg>options=add_argument("--incognito")</arg>
<doc>Opens a new browser instance to the optional ``url``.</doc>
<msg timestamp="20231111 22:39:19.451" level="INFO">Opening browser 'Firefox' to base url 'https://uji.sicantik.go.id/sign-in'.</msg>
<status status="PASS" starttime="20231111 22:39:19.451" endtime="20231111 22:39:27.800"/>
</kw>
<kw name="Maximize Browser Window" library="SeleniumLibrary">
<doc>Maximizes current browser window.</doc>
<status status="PASS" starttime="20231111 22:39:27.800" endtime="20231111 22:39:28.455"/>
</kw>
<kw name="Title Should Be" library="SeleniumLibrary">
<arg>SICANTIK</arg>
<doc>Verifies that the current page title equals ``title``.</doc>
<msg timestamp="20231111 22:39:28.857" level="INFO">Page title is 'SICANTIK'.</msg>
<status status="PASS" starttime="20231111 22:39:28.455" endtime="20231111 22:39:28.857"/>
</kw>
<status status="PASS" starttime="20231111 22:39:19.451" endtime="20231111 22:39:28.857"/>
</kw>
<kw name="Input Username" library="login">
<arg>demo</arg>
<kw name="Input Text" library="SeleniumLibrary">
<arg>username</arg>
<arg>${username}</arg>
<doc>Types the given ``text`` into the text field identified by ``locator``.</doc>
<msg timestamp="20231111 22:39:28.858" level="INFO">Typing text 'demo' into text field 'username'.</msg>
<status status="PASS" starttime="20231111 22:39:28.857" endtime="20231111 22:39:30.102"/>
</kw>
<status status="PASS" starttime="20231111 22:39:28.857" endtime="20231111 22:39:30.102"/>
</kw>
<kw name="Input Password" library="login">
<arg>Demo789*@#</arg>
<kw name="Input Text" library="SeleniumLibrary">
<arg>password</arg>
<arg>${password}</arg>
<doc>Types the given ``text`` into the text field identified by ``locator``.</doc>
<msg timestamp="20231111 22:39:30.103" level="INFO">Typing text 'Demo789*@#' into text field 'password'.</msg>
<status status="PASS" starttime="20231111 22:39:30.102" endtime="20231111 22:39:31.319"/>
</kw>
<status status="PASS" starttime="20231111 22:39:30.102" endtime="20231111 22:39:31.319"/>
</kw>
<kw name="Submit Credentials" library="login">
<kw name="Click Button" library="SeleniumLibrary">
<arg>kt_sign_in_submit</arg>
<doc>Clicks the button identified by ``locator``.</doc>
<msg timestamp="20231111 22:39:31.320" level="INFO">Clicking button 'kt_sign_in_submit'.</msg>
<status status="PASS" starttime="20231111 22:39:31.319" endtime="20231111 22:39:33.144"/>
</kw>
<kw name="Sleep" library="BuiltIn">
<arg>5s</arg>
<doc>Pauses the test executed for the given time.</doc>
<msg timestamp="20231111 22:39:38.145" level="INFO">Slept 5 seconds</msg>
<status status="PASS" starttime="20231111 22:39:33.144" endtime="20231111 22:39:38.145"/>
</kw>
<status status="PASS" starttime="20231111 22:39:31.319" endtime="20231111 22:39:38.145"/>
</kw>
<kw name="Move To Template Data" library="template_data">
<kw name="Go To" library="SeleniumLibrary">
<arg>https://uji.sicantik.go.id/template-data</arg>
<doc>Navigates the current browser window to the provided ``url``.</doc>
<msg timestamp="20231111 22:39:38.145" level="INFO">Opening url 'https://uji.sicantik.go.id/template-data'</msg>
<status status="PASS" starttime="20231111 22:39:38.145" endtime="20231111 22:39:38.889"/>
</kw>
<kw name="Wait Until Element Contains" library="SeleniumLibrary">
<arg>xpath://*[@id="kt_content_container"]/div/div/div[1]/h5</arg>
<arg>Daftar Template Data</arg>
<doc>Waits until the element ``locator`` contains ``text``.</doc>
<status status="PASS" starttime="20231111 22:39:38.889" endtime="20231111 22:39:39.705"/>
</kw>
<status status="PASS" starttime="20231111 22:39:38.145" endtime="20231111 22:39:39.705"/>
</kw>
<kw name="Click Button Filter" library="template_data">
<kw name="Click Element" library="SeleniumLibrary">
<arg>xpath://*[@id="kt_content_container"]/div/div/div[2]/div/div[1]/button</arg>
<doc>Click the element identified by ``locator``.</doc>
<msg timestamp="20231111 22:39:39.706" level="INFO">Clicking element 'xpath://*[@id="kt_content_container"]/div/div/div[2]/div/div[1]/button'.</msg>
<status status="PASS" starttime="20231111 22:39:39.705" endtime="20231111 22:39:40.721"/>
</kw>
<kw name="Wait Until Element Contains" library="SeleniumLibrary">
<arg>xpath://*[@id="collapseBtnFilter"]/div/div[1]/div[1]/label</arg>
<arg>ID Template Data</arg>
<doc>Waits until the element ``locator`` contains ``text``.</doc>
<status status="PASS" starttime="20231111 22:39:40.721" endtime="20231111 22:39:41.528"/>
</kw>
<status status="PASS" starttime="20231111 22:39:39.705" endtime="20231111 22:39:41.528"/>
</kw>
<kw name="Input ID Template Data" library="template_data">
<arg>41693</arg>
<kw name="Click Element" library="SeleniumLibrary">
<arg>xpath://*[@id="collapseBtnFilter"]/div/div[1]/div[1]/label</arg>
<doc>Click the element identified by ``locator``.</doc>
<msg timestamp="20231111 22:39:41.529" level="INFO">Clicking element 'xpath://*[@id="collapseBtnFilter"]/div/div[1]/div[1]/label'.</msg>
<status status="PASS" starttime="20231111 22:39:41.528" endtime="20231111 22:39:42.539"/>
</kw>
<kw name="Press Keys" library="SeleniumLibrary">
<arg>None</arg>
<arg>TAB</arg>
<doc>Simulates the user pressing key(s) to an element or on the active browser.</doc>
<msg timestamp="20231111 22:39:42.539" level="INFO">Sending key(s) ('TAB',) to page.</msg>
<msg timestamp="20231111 22:39:42.539" level="INFO">Pressing special key TAB to browser.</msg>
<msg timestamp="20231111 22:39:42.539" level="INFO">Releasing special key TAB.</msg>
<status status="PASS" starttime="20231111 22:39:42.539" endtime="20231111 22:39:42.958"/>
</kw>
<kw name="Press Keys" library="SeleniumLibrary">
<arg>None</arg>
<arg>${id}</arg>
<doc>Simulates the user pressing key(s) to an element or on the active browser.</doc>
<msg timestamp="20231111 22:39:42.958" level="INFO">Sending key(s) ('41693',) to page.</msg>
<msg timestamp="20231111 22:39:42.958" level="INFO">Sending keys 41693</msg>
<status status="PASS" starttime="20231111 22:39:42.958" endtime="20231111 22:39:43.367"/>
</kw>
<status status="PASS" starttime="20231111 22:39:41.528" endtime="20231111 22:39:43.367"/>
</kw>
<kw name="Click Button Tampilkan Hasil" library="template_data">
<kw name="Click Button" library="SeleniumLibrary">
<arg>default:Tampilkan hasil</arg>
<doc>Clicks the button identified by ``locator``.</doc>
<msg timestamp="20231111 22:39:43.367" level="INFO">Clicking button 'default:Tampilkan hasil'.</msg>
<status status="PASS" starttime="20231111 22:39:43.367" endtime="20231111 22:39:45.200"/>
</kw>
<kw name="Sleep" library="BuiltIn">
<arg>1s</arg>
<doc>Pauses the test executed for the given time.</doc>
<msg timestamp="20231111 22:39:46.200" level="INFO">Slept 1 second</msg>
<status status="PASS" starttime="20231111 22:39:45.200" endtime="20231111 22:39:46.200"/>
</kw>
<status status="PASS" starttime="20231111 22:39:43.367" endtime="20231111 22:39:46.200"/>
</kw>
<kw name="Sleep" library="BuiltIn">
<arg>2s</arg>
<doc>Pauses the test executed for the given time.</doc>
<msg timestamp="20231111 22:39:48.201" level="INFO">Slept 2 seconds</msg>
<status status="PASS" starttime="20231111 22:39:46.200" endtime="20231111 22:39:48.201"/>
</kw>
<kw name="Capture Page Screenshot" library="SeleniumLibrary">
<doc>Takes a screenshot of the current page and embeds it into a log file.</doc>
<msg timestamp="20231111 22:39:48.657" level="INFO" html="true">&lt;/td&gt;&lt;/tr&gt;&lt;tr&gt;&lt;td colspan="3"&gt;&lt;a href="selenium-screenshot-2.png"&gt;&lt;img src="selenium-screenshot-2.png" width="800px"&gt;&lt;/a&gt;</msg>
<status status="PASS" starttime="20231111 22:39:48.201" endtime="20231111 22:39:48.657"/>
</kw>
<kw name="Close Browser" library="SeleniumLibrary" type="TEARDOWN">
<doc>Closes the current browser.</doc>
<status status="PASS" starttime="20231111 22:39:48.657" endtime="20231111 22:39:52.228"/>
</kw>
<doc>SC01 - View Page Template Data</doc>
<tag>TC02 - Search Template Data</tag>
<status status="PASS" starttime="20231111 22:39:19.450" endtime="20231111 22:39:52.228"/>
</test>
<test id="s1-t3" name="TC03 - View Detail Template Data" line="39">
<kw name="Open Browser To Login Page" library="login">
<kw name="Set Selenium Speed" library="SeleniumLibrary">
<arg>0.4s</arg>
<doc>Sets the delay that is waited after each Selenium command.</doc>
<status status="PASS" starttime="20231111 22:39:52.229" endtime="20231111 22:39:52.229"/>
</kw>
<kw name="Open Browser" library="SeleniumLibrary">
<arg>${LOGIN URL}</arg>
<arg>${BROWSER}</arg>
<arg>options=add_argument("--incognito")</arg>
<doc>Opens a new browser instance to the optional ``url``.</doc>
<msg timestamp="20231111 22:39:52.229" level="INFO">Opening browser 'Firefox' to base url 'https://uji.sicantik.go.id/sign-in'.</msg>
<status status="PASS" starttime="20231111 22:39:52.229" endtime="20231111 22:39:59.983"/>
</kw>
<kw name="Maximize Browser Window" library="SeleniumLibrary">
<doc>Maximizes current browser window.</doc>
<status status="PASS" starttime="20231111 22:39:59.983" endtime="20231111 22:40:00.638"/>
</kw>
<kw name="Title Should Be" library="SeleniumLibrary">
<arg>SICANTIK</arg>
<doc>Verifies that the current page title equals ``title``.</doc>
<msg timestamp="20231111 22:40:01.040" level="INFO">Page title is 'SICANTIK'.</msg>
<status status="PASS" starttime="20231111 22:40:00.638" endtime="20231111 22:40:01.040"/>
</kw>
<status status="PASS" starttime="20231111 22:39:52.229" endtime="20231111 22:40:01.040"/>
</kw>
<kw name="Input Username" library="login">
<arg>demo</arg>
<kw name="Input Text" library="SeleniumLibrary">
<arg>username</arg>
<arg>${username}</arg>
<doc>Types the given ``text`` into the text field identified by ``locator``.</doc>
<msg timestamp="20231111 22:40:01.041" level="INFO">Typing text 'demo' into text field 'username'.</msg>
<status status="PASS" starttime="20231111 22:40:01.040" endtime="20231111 22:40:02.286"/>
</kw>
<status status="PASS" starttime="20231111 22:40:01.040" endtime="20231111 22:40:02.286"/>
</kw>
<kw name="Input Password" library="login">
<arg>Demo789*@#</arg>
<kw name="Input Text" library="SeleniumLibrary">
<arg>password</arg>
<arg>${password}</arg>
<doc>Types the given ``text`` into the text field identified by ``locator``.</doc>
<msg timestamp="20231111 22:40:02.287" level="INFO">Typing text 'Demo789*@#' into text field 'password'.</msg>
<status status="PASS" starttime="20231111 22:40:02.286" endtime="20231111 22:40:03.504"/>
</kw>
<status status="PASS" starttime="20231111 22:40:02.286" endtime="20231111 22:40:03.504"/>
</kw>
<kw name="Submit Credentials" library="login">
<kw name="Click Button" library="SeleniumLibrary">
<arg>kt_sign_in_submit</arg>
<doc>Clicks the button identified by ``locator``.</doc>
<msg timestamp="20231111 22:40:03.504" level="INFO">Clicking button 'kt_sign_in_submit'.</msg>
<status status="PASS" starttime="20231111 22:40:03.504" endtime="20231111 22:40:05.323"/>
</kw>
<kw name="Sleep" library="BuiltIn">
<arg>5s</arg>
<doc>Pauses the test executed for the given time.</doc>
<msg timestamp="20231111 22:40:10.324" level="INFO">Slept 5 seconds</msg>
<status status="PASS" starttime="20231111 22:40:05.323" endtime="20231111 22:40:10.324"/>
</kw>
<status status="PASS" starttime="20231111 22:40:03.504" endtime="20231111 22:40:10.324"/>
</kw>
<kw name="Move To Template Data" library="template_data">
<kw name="Go To" library="SeleniumLibrary">
<arg>https://uji.sicantik.go.id/template-data</arg>
<doc>Navigates the current browser window to the provided ``url``.</doc>
<msg timestamp="20231111 22:40:10.324" level="INFO">Opening url 'https://uji.sicantik.go.id/template-data'</msg>
<status status="PASS" starttime="20231111 22:40:10.324" endtime="20231111 22:40:11.049"/>
</kw>
<kw name="Wait Until Element Contains" library="SeleniumLibrary">
<arg>xpath://*[@id="kt_content_container"]/div/div/div[1]/h5</arg>
<arg>Daftar Template Data</arg>
<doc>Waits until the element ``locator`` contains ``text``.</doc>
<status status="PASS" starttime="20231111 22:40:11.049" endtime="20231111 22:40:11.864"/>
</kw>
<status status="PASS" starttime="20231111 22:40:10.324" endtime="20231111 22:40:11.864"/>
</kw>
<kw name="Click Icon Eye" library="template_data">
<kw name="Wait Until Element Is Visible" library="SeleniumLibrary">
<arg>css:i.fa-eye</arg>
<doc>Waits until the element ``locator`` is visible.</doc>
<status status="PASS" starttime="20231111 22:40:11.864" endtime="20231111 22:40:12.677"/>
</kw>
<kw name="Click Element" library="SeleniumLibrary">
<arg>css:i.fa-eye</arg>
<doc>Click the element identified by ``locator``.</doc>
<msg timestamp="20231111 22:40:12.677" level="INFO">Clicking element 'css:i.fa-eye'.</msg>
<status status="PASS" starttime="20231111 22:40:12.677" endtime="20231111 22:40:13.701"/>
</kw>
<kw name="Element Should Contain" library="SeleniumLibrary">
<arg>xpath://*[@id="kt_content_container"]/div[1]/div/div[1]/div/div/div[1]/div/div[1]/a</arg>
<arg>Detail Template data</arg>
<doc>Verifies that element ``locator`` contains text ``expected``.</doc>
<msg timestamp="20231111 22:40:14.508" level="INFO">Element 'xpath://*[@id="kt_content_container"]/div[1]/div/div[1]/div/div/div[1]/div/div[1]/a' contains text 'Detail Template data'.</msg>
<status status="PASS" starttime="20231111 22:40:13.701" endtime="20231111 22:40:14.508"/>
</kw>
<status status="PASS" starttime="20231111 22:40:11.864" endtime="20231111 22:40:14.508"/>
</kw>
<kw name="Sleep" library="BuiltIn">
<arg>2s</arg>
<doc>Pauses the test executed for the given time.</doc>
<msg timestamp="20231111 22:40:16.508" level="INFO">Slept 2 seconds</msg>
<status status="PASS" starttime="20231111 22:40:14.508" endtime="20231111 22:40:16.508"/>
</kw>
<kw name="Capture Page Screenshot" library="SeleniumLibrary">
<doc>Takes a screenshot of the current page and embeds it into a log file.</doc>
<msg timestamp="20231111 22:40:16.955" level="INFO" html="true">&lt;/td&gt;&lt;/tr&gt;&lt;tr&gt;&lt;td colspan="3"&gt;&lt;a href="selenium-screenshot-3.png"&gt;&lt;img src="selenium-screenshot-3.png" width="800px"&gt;&lt;/a&gt;</msg>
<status status="PASS" starttime="20231111 22:40:16.508" endtime="20231111 22:40:16.955"/>
</kw>
<kw name="Close Browser" library="SeleniumLibrary" type="TEARDOWN">
<doc>Closes the current browser.</doc>
<status status="PASS" starttime="20231111 22:40:16.955" endtime="20231111 22:40:20.482"/>
</kw>
<doc>SC01 - View Page Template Data</doc>
<tag>TC02 - View Detail Template Data</tag>
<status status="PASS" starttime="20231111 22:39:52.228" endtime="20231111 22:40:20.482"/>
</test>
<doc>SC01 - View Page Template Data</doc>
<status status="PASS" starttime="20231111 22:38:53.429" endtime="20231111 22:40:20.482"/>
</suite>
<statistics>
<total>
<stat pass="3" fail="0" skip="0">All Tests</stat>
</total>
<tag>
<stat pass="1" fail="0" skip="0">TC01 - View Page Template Data</stat>
<stat pass="1" fail="0" skip="0">TC02 - Search Template Data</stat>
<stat pass="1" fail="0" skip="0">TC02 - View Detail Template Data</stat>
</tag>
<suite>
<stat pass="3" fail="0" skip="0" id="s1" name="SC01 - View Page Template Data">SC01 - View Page Template Data</stat>
</suite>
</statistics>
<errors>
</errors>
</robot>
