<?xml version="1.0" encoding="UTF-8"?>
<robot generator="Robot 6.1.1 (Python 3.12.0 on win32)" generated="20231111 21:20:11.564" rpa="false" schemaversion="4">
<suite id="s1" name="SC02 - Add New Data Alur Proses" source="E:\#Freelance\Sicantik\tests\R05 - Alur Proses\SC02 - Add New Data Alur Proses\SC02 - Add New Data Alur Proses.robot">
<test id="s1-t1" name="TC01 - Add New Data Alur Proses" line="12">
<kw name="Open Browser To Login Page" library="login">
<kw name="Set Selenium Speed" library="SeleniumLibrary">
<arg>0.4s</arg>
<doc>Sets the delay that is waited after each Selenium command.</doc>
<status status="PASS" starttime="20231111 21:20:11.736" endtime="20231111 21:20:11.737"/>
</kw>
<kw name="Open Browser" library="SeleniumLibrary">
<arg>${LOGIN URL}</arg>
<arg>${BROWSER}</arg>
<arg>options=add_argument("--incognito")</arg>
<doc>Opens a new browser instance to the optional ``url``.</doc>
<msg timestamp="20231111 21:20:11.737" level="INFO">Opening browser 'Firefox' to base url 'https://uji.sicantik.go.id/sign-in'.</msg>
<status status="PASS" starttime="20231111 21:20:11.737" endtime="20231111 21:20:20.573"/>
</kw>
<kw name="Maximize Browser Window" library="SeleniumLibrary">
<doc>Maximizes current browser window.</doc>
<status status="PASS" starttime="20231111 21:20:20.573" endtime="20231111 21:20:21.229"/>
</kw>
<kw name="Title Should Be" library="SeleniumLibrary">
<arg>SICANTIK</arg>
<doc>Verifies that the current page title equals ``title``.</doc>
<msg timestamp="20231111 21:20:21.632" level="INFO">Page title is 'SICANTIK'.</msg>
<status status="PASS" starttime="20231111 21:20:21.229" endtime="20231111 21:20:21.632"/>
</kw>
<status status="PASS" starttime="20231111 21:20:11.736" endtime="20231111 21:20:21.632"/>
</kw>
<kw name="Input Username" library="login">
<arg>demo</arg>
<kw name="Input Text" library="SeleniumLibrary">
<arg>username</arg>
<arg>${username}</arg>
<doc>Types the given ``text`` into the text field identified by ``locator``.</doc>
<msg timestamp="20231111 21:20:21.633" level="INFO">Typing text 'demo' into text field 'username'.</msg>
<status status="PASS" starttime="20231111 21:20:21.632" endtime="20231111 21:20:22.877"/>
</kw>
<status status="PASS" starttime="20231111 21:20:21.632" endtime="20231111 21:20:22.877"/>
</kw>
<kw name="Input Password" library="login">
<arg>Demo789*@#</arg>
<kw name="Input Text" library="SeleniumLibrary">
<arg>password</arg>
<arg>${password}</arg>
<doc>Types the given ``text`` into the text field identified by ``locator``.</doc>
<msg timestamp="20231111 21:20:22.878" level="INFO">Typing text 'Demo789*@#' into text field 'password'.</msg>
<status status="PASS" starttime="20231111 21:20:22.877" endtime="20231111 21:20:24.094"/>
</kw>
<status status="PASS" starttime="20231111 21:20:22.877" endtime="20231111 21:20:24.094"/>
</kw>
<kw name="Submit Credentials" library="login">
<kw name="Click Button" library="SeleniumLibrary">
<arg>kt_sign_in_submit</arg>
<doc>Clicks the button identified by ``locator``.</doc>
<msg timestamp="20231111 21:20:24.095" level="INFO">Clicking button 'kt_sign_in_submit'.</msg>
<status status="PASS" starttime="20231111 21:20:24.094" endtime="20231111 21:20:25.917"/>
</kw>
<kw name="Sleep" library="BuiltIn">
<arg>5s</arg>
<doc>Pauses the test executed for the given time.</doc>
<msg timestamp="20231111 21:20:30.917" level="INFO">Slept 5 seconds</msg>
<status status="PASS" starttime="20231111 21:20:25.917" endtime="20231111 21:20:30.917"/>
</kw>
<status status="PASS" starttime="20231111 21:20:24.094" endtime="20231111 21:20:30.917"/>
</kw>
<kw name="Move To Alur Proses Module" library="alur_proses">
<kw name="Go To" library="SeleniumLibrary">
<arg>https://uji.sicantik.go.id/alur-proses</arg>
<doc>Navigates the current browser window to the provided ``url``.</doc>
<msg timestamp="20231111 21:20:30.917" level="INFO">Opening url 'https://uji.sicantik.go.id/alur-proses'</msg>
<status status="PASS" starttime="20231111 21:20:30.917" endtime="20231111 21:20:31.607"/>
</kw>
<kw name="Wait Until Element Contains" library="SeleniumLibrary">
<arg>xpath://*[@id="kt_content_container"]/div/div/div[1]/h5</arg>
<arg>Daftar Alur Proses</arg>
<arg>None</arg>
<arg>None</arg>
<doc>Waits until the element ``locator`` contains ``text``.</doc>
<status status="PASS" starttime="20231111 21:20:31.607" endtime="20231111 21:20:32.422"/>
</kw>
<status status="PASS" starttime="20231111 21:20:30.917" endtime="20231111 21:20:32.422"/>
</kw>
<kw name="Move To Add Alur Proses" library="alur_proses">
<kw name="Go To" library="SeleniumLibrary">
<arg>https://uji.sicantik.go.id/alur-proses/add</arg>
<doc>Navigates the current browser window to the provided ``url``.</doc>
<msg timestamp="20231111 21:20:32.422" level="INFO">Opening url 'https://uji.sicantik.go.id/alur-proses/add'</msg>
<status status="PASS" starttime="20231111 21:20:32.422" endtime="20231111 21:20:33.130"/>
</kw>
<kw name="Wait Until Element Contains" library="SeleniumLibrary">
<arg>css:a.text-primary-custom</arg>
<arg>TAMBAH ALUR PROSES</arg>
<arg>None</arg>
<arg>None</arg>
<doc>Waits until the element ``locator`` contains ``text``.</doc>
<status status="PASS" starttime="20231111 21:20:33.130" endtime="20231111 21:20:33.937"/>
</kw>
<status status="PASS" starttime="20231111 21:20:32.422" endtime="20231111 21:20:33.937"/>
</kw>
<kw name="Input Nama Alur Proses" library="alur_proses">
<arg>namaAlurProses I</arg>
<kw name="Input Text" library="SeleniumLibrary">
<arg>name:alurProses</arg>
<arg>${namaAlurProses}</arg>
<doc>Types the given ``text`` into the text field identified by ``locator``.</doc>
<msg timestamp="20231111 21:20:33.938" level="INFO">Typing text 'namaAlurProses I' into text field 'name:alurProses'.</msg>
<status status="PASS" starttime="20231111 21:20:33.937" endtime="20231111 21:20:35.168"/>
</kw>
<status status="PASS" starttime="20231111 21:20:33.937" endtime="20231111 21:20:35.168"/>
</kw>
<kw name="Click Button Tambah Tahapan Proses" library="alur_proses">
<kw name="Click Button" library="SeleniumLibrary">
<arg>id:addFieldJenisPengajuan</arg>
<doc>Clicks the button identified by ``locator``.</doc>
<msg timestamp="20231111 21:20:35.169" level="INFO">Clicking button 'id:addFieldJenisPengajuan'.</msg>
<status status="PASS" starttime="20231111 21:20:35.168" endtime="20231111 21:20:37.447"/>
</kw>
<kw name="Wait Until Element Is Visible" library="SeleniumLibrary">
<arg>name:no-0-card</arg>
<doc>Waits until the element ``locator`` is visible.</doc>
<status status="PASS" starttime="20231111 21:20:37.447" endtime="20231111 21:20:38.258"/>
</kw>
<status status="PASS" starttime="20231111 21:20:35.168" endtime="20231111 21:20:38.258"/>
</kw>
<kw name="Input No" library="alur_proses">
<arg>1</arg>
<kw name="Input Text" library="SeleniumLibrary">
<arg>name:no-0-card</arg>
<arg>${no}</arg>
<doc>Types the given ``text`` into the text field identified by ``locator``.</doc>
<msg timestamp="20231111 21:20:38.259" level="INFO">Typing text '1' into text field 'name:no-0-card'.</msg>
<status status="PASS" starttime="20231111 21:20:38.258" endtime="20231111 21:20:39.489"/>
</kw>
<status status="PASS" starttime="20231111 21:20:38.258" endtime="20231111 21:20:39.489"/>
</kw>
<kw name="Select Jenis Proses" library="alur_proses">
<arg>Tanda Terima Berkas</arg>
<kw name="Click Element" library="SeleniumLibrary">
<arg>name:jenisProses-0-card</arg>
<doc>Click the element identified by ``locator``.</doc>
<msg timestamp="20231111 21:20:39.490" level="INFO">Clicking element 'name:jenisProses-0-card'.</msg>
<status status="PASS" starttime="20231111 21:20:39.489" endtime="20231111 21:20:40.519"/>
</kw>
<kw name="Clear Element Text" library="SeleniumLibrary">
<arg>name:jenisProses-0-card</arg>
<doc>Clears the value of the text-input-element identified by ``locator``.</doc>
<status status="PASS" starttime="20231111 21:20:40.519" endtime="20231111 21:20:41.326"/>
</kw>
<kw name="Press Keys" library="SeleniumLibrary">
<arg>None</arg>
<arg>${jenisProses}</arg>
<doc>Simulates the user pressing key(s) to an element or on the active browser.</doc>
<msg timestamp="20231111 21:20:41.326" level="INFO">Sending key(s) ('Tanda Terima Berkas',) to page.</msg>
<msg timestamp="20231111 21:20:41.327" level="INFO">Sending keys Tanda Terima Berkas</msg>
<status status="PASS" starttime="20231111 21:20:41.326" endtime="20231111 21:20:41.750"/>
</kw>
<kw name="Sleep" library="BuiltIn">
<arg>1s</arg>
<doc>Pauses the test executed for the given time.</doc>
<msg timestamp="20231111 21:20:42.750" level="INFO">Slept 1 second</msg>
<status status="PASS" starttime="20231111 21:20:41.750" endtime="20231111 21:20:42.750"/>
</kw>
<kw name="Press Keys" library="SeleniumLibrary">
<arg>None</arg>
<arg>ARROW_DOWN</arg>
<doc>Simulates the user pressing key(s) to an element or on the active browser.</doc>
<msg timestamp="20231111 21:20:42.751" level="INFO">Sending key(s) ('ARROW_DOWN',) to page.</msg>
<msg timestamp="20231111 21:20:42.751" level="INFO">Pressing special key ARROW_DOWN to browser.</msg>
<msg timestamp="20231111 21:20:42.751" level="INFO">Releasing special key ARROW_DOWN.</msg>
<status status="PASS" starttime="20231111 21:20:42.750" endtime="20231111 21:20:43.155"/>
</kw>
<kw name="Press Keys" library="SeleniumLibrary">
<arg>None</arg>
<arg>ENTER</arg>
<doc>Simulates the user pressing key(s) to an element or on the active browser.</doc>
<msg timestamp="20231111 21:20:43.155" level="INFO">Sending key(s) ('ENTER',) to page.</msg>
<msg timestamp="20231111 21:20:43.156" level="INFO">Pressing special key ENTER to browser.</msg>
<msg timestamp="20231111 21:20:43.156" level="INFO">Releasing special key ENTER.</msg>
<status status="PASS" starttime="20231111 21:20:43.155" endtime="20231111 21:20:43.642"/>
</kw>
<status status="PASS" starttime="20231111 21:20:39.489" endtime="20231111 21:20:43.642"/>
</kw>
<kw name="Select Report" library="alur_proses">
<arg>report</arg>
<kw name="Click Element" library="SeleniumLibrary">
<arg>name:report-0-card</arg>
<doc>Click the element identified by ``locator``.</doc>
<msg timestamp="20231111 21:20:43.643" level="INFO">Clicking element 'name:report-0-card'.</msg>
<status status="PASS" starttime="20231111 21:20:43.642" endtime="20231111 21:20:44.671"/>
</kw>
<kw name="Clear Element Text" library="SeleniumLibrary">
<arg>name:report-0-card</arg>
<doc>Clears the value of the text-input-element identified by ``locator``.</doc>
<status status="PASS" starttime="20231111 21:20:44.671" endtime="20231111 21:20:45.477"/>
</kw>
<kw name="Press Keys" library="SeleniumLibrary">
<arg>None</arg>
<arg>${report}</arg>
<doc>Simulates the user pressing key(s) to an element or on the active browser.</doc>
<msg timestamp="20231111 21:20:45.477" level="INFO">Sending key(s) ('report',) to page.</msg>
<msg timestamp="20231111 21:20:45.478" level="INFO">Sending keys report</msg>
<status status="PASS" starttime="20231111 21:20:45.477" endtime="20231111 21:20:45.889"/>
</kw>
<kw name="Sleep" library="BuiltIn">
<arg>1s</arg>
<doc>Pauses the test executed for the given time.</doc>
<msg timestamp="20231111 21:20:46.889" level="INFO">Slept 1 second</msg>
<status status="PASS" starttime="20231111 21:20:45.889" endtime="20231111 21:20:46.889"/>
</kw>
<kw name="Press Keys" library="SeleniumLibrary">
<arg>None</arg>
<arg>ARROW_DOWN</arg>
<doc>Simulates the user pressing key(s) to an element or on the active browser.</doc>
<msg timestamp="20231111 21:20:46.890" level="INFO">Sending key(s) ('ARROW_DOWN',) to page.</msg>
<msg timestamp="20231111 21:20:46.890" level="INFO">Pressing special key ARROW_DOWN to browser.</msg>
<msg timestamp="20231111 21:20:46.890" level="INFO">Releasing special key ARROW_DOWN.</msg>
<status status="PASS" starttime="20231111 21:20:46.889" endtime="20231111 21:20:47.294"/>
</kw>
<kw name="Press Keys" library="SeleniumLibrary">
<arg>None</arg>
<arg>ENTER</arg>
<doc>Simulates the user pressing key(s) to an element or on the active browser.</doc>
<msg timestamp="20231111 21:20:47.294" level="INFO">Sending key(s) ('ENTER',) to page.</msg>
<msg timestamp="20231111 21:20:47.295" level="INFO">Pressing special key ENTER to browser.</msg>
<msg timestamp="20231111 21:20:47.295" level="INFO">Releasing special key ENTER.</msg>
<status status="PASS" starttime="20231111 21:20:47.294" endtime="20231111 21:20:47.707"/>
</kw>
<status status="PASS" starttime="20231111 21:20:43.642" endtime="20231111 21:20:47.707"/>
</kw>
<kw name="Capture Page Screenshot" library="SeleniumLibrary">
<doc>Takes a screenshot of the current page and embeds it into a log file.</doc>
<msg timestamp="20231111 21:20:48.165" level="INFO" html="true">&lt;/td&gt;&lt;/tr&gt;&lt;tr&gt;&lt;td colspan="3"&gt;&lt;a href="selenium-screenshot-15.png"&gt;&lt;img src="selenium-screenshot-15.png" width="800px"&gt;&lt;/a&gt;</msg>
<status status="PASS" starttime="20231111 21:20:47.707" endtime="20231111 21:20:48.165"/>
</kw>
<kw name="Click Button Simpan Data" library="alur_proses">
<kw name="Click Button" library="SeleniumLibrary">
<arg>css:button[type=submit]</arg>
<doc>Clicks the button identified by ``locator``.</doc>
<msg timestamp="20231111 21:20:48.166" level="INFO">Clicking button 'css:button[type=submit]'.</msg>
<status status="PASS" starttime="20231111 21:20:48.165" endtime="20231111 21:20:51.998"/>
</kw>
<status status="PASS" starttime="20231111 21:20:48.165" endtime="20231111 21:20:51.998"/>
</kw>
<kw name="Sleep" library="BuiltIn">
<arg>2s</arg>
<doc>Pauses the test executed for the given time.</doc>
<msg timestamp="20231111 21:20:53.998" level="INFO">Slept 2 seconds</msg>
<status status="PASS" starttime="20231111 21:20:51.998" endtime="20231111 21:20:53.998"/>
</kw>
<kw name="Capture Page Screenshot" library="SeleniumLibrary">
<doc>Takes a screenshot of the current page and embeds it into a log file.</doc>
<msg timestamp="20231111 21:20:54.446" level="INFO" html="true">&lt;/td&gt;&lt;/tr&gt;&lt;tr&gt;&lt;td colspan="3"&gt;&lt;a href="selenium-screenshot-16.png"&gt;&lt;img src="selenium-screenshot-16.png" width="800px"&gt;&lt;/a&gt;</msg>
<status status="PASS" starttime="20231111 21:20:53.998" endtime="20231111 21:20:54.446"/>
</kw>
<doc>SC02 - Add New Data Alur Proses</doc>
<tag>TC01 - Add New Data Alur Proses</tag>
<status status="PASS" starttime="20231111 21:20:11.736" endtime="20231111 21:20:54.446"/>
</test>
<doc>SC02 - Add New Data Alur Proses</doc>
<status status="PASS" starttime="20231111 21:20:11.566" endtime="20231111 21:20:54.446"/>
</suite>
<statistics>
<total>
<stat pass="1" fail="0" skip="0">All Tests</stat>
</total>
<tag>
<stat pass="1" fail="0" skip="0">TC01 - Add New Data Alur Proses</stat>
</tag>
<suite>
<stat pass="1" fail="0" skip="0" id="s1" name="SC02 - Add New Data Alur Proses">SC02 - Add New Data Alur Proses</stat>
</suite>
</statistics>
<errors>
</errors>
</robot>
