<?xml version="1.0" encoding="UTF-8"?>
<robot generator="Robot 6.1.1 (Python 3.12.0 on win32)" generated="20231104 22:47:24.055" rpa="false" schemaversion="4">
<suite id="s1" name="SC04 - Penolakan Permohonan Izin" source="E:\#Freelance\Sicantik\R03 - Permohonan Izin\SC04 - Penolakan Permohonan Izin\SC04 - Penolakan Permohonan Izin.robot">
<test id="s1-t1" name="TC01 - View Detail Data Permohonan Izin" line="12">
<kw name="Open Browser To Login Page" library="login">
<kw name="Set Selenium Speed" library="SeleniumLibrary">
<arg>0.5s</arg>
<doc>Sets the delay that is waited after each Selenium command.</doc>
<status status="PASS" starttime="20231104 22:47:24.224" endtime="20231104 22:47:24.225"/>
</kw>
<kw name="Open Browser" library="SeleniumLibrary">
<arg>${LOGIN URL}</arg>
<arg>${BROWSER}</arg>
<doc>Opens a new browser instance to the optional ``url``.</doc>
<msg timestamp="20231104 22:47:24.225" level="INFO">Opening browser 'Firefox' to base url 'https://uji.sicantik.go.id/sign-in'.</msg>
<status status="PASS" starttime="20231104 22:47:24.225" endtime="20231104 22:47:35.739"/>
</kw>
<kw name="Maximize Browser Window" library="SeleniumLibrary">
<doc>Maximizes current browser window.</doc>
<status status="PASS" starttime="20231104 22:47:35.739" endtime="20231104 22:47:36.528"/>
</kw>
<kw name="Title Should Be" library="SeleniumLibrary">
<arg>SICANTIK</arg>
<doc>Verifies that the current page title equals ``title``.</doc>
<msg timestamp="20231104 22:47:37.031" level="INFO">Page title is 'SICANTIK'.</msg>
<status status="PASS" starttime="20231104 22:47:36.528" endtime="20231104 22:47:37.031"/>
</kw>
<status status="PASS" starttime="20231104 22:47:24.224" endtime="20231104 22:47:37.031"/>
</kw>
<kw name="Input Username" library="login">
<arg>admegov</arg>
<kw name="Input Text" library="SeleniumLibrary">
<arg>username</arg>
<arg>${username}</arg>
<doc>Types the given ``text`` into the text field identified by ``locator``.</doc>
<msg timestamp="20231104 22:47:37.032" level="INFO">Typing text 'admegov' into text field 'username'.</msg>
<status status="PASS" starttime="20231104 22:47:37.031" endtime="20231104 22:47:38.586"/>
</kw>
<status status="PASS" starttime="20231104 22:47:37.031" endtime="20231104 22:47:38.586"/>
</kw>
<kw name="Input Password" library="login">
<arg>Admegov789*@#</arg>
<kw name="Input Text" library="SeleniumLibrary">
<arg>password</arg>
<arg>${password}</arg>
<doc>Types the given ``text`` into the text field identified by ``locator``.</doc>
<msg timestamp="20231104 22:47:38.586" level="INFO">Typing text 'Admegov789*@#' into text field 'password'.</msg>
<status status="PASS" starttime="20231104 22:47:38.586" endtime="20231104 22:47:40.109"/>
</kw>
<status status="PASS" starttime="20231104 22:47:38.586" endtime="20231104 22:47:40.109"/>
</kw>
<kw name="Submit Credentials" library="login">
<kw name="Click Button" library="SeleniumLibrary">
<arg>kt_sign_in_submit</arg>
<doc>Clicks the button identified by ``locator``.</doc>
<msg timestamp="20231104 22:47:40.109" level="INFO">Clicking button 'kt_sign_in_submit'.</msg>
<status status="PASS" starttime="20231104 22:47:40.109" endtime="20231104 22:47:42.335"/>
</kw>
<kw name="Sleep" library="BuiltIn">
<arg>5s</arg>
<doc>Pauses the test executed for the given time.</doc>
<msg timestamp="20231104 22:47:47.337" level="INFO">Slept 5 seconds</msg>
<status status="PASS" starttime="20231104 22:47:42.335" endtime="20231104 22:47:47.337"/>
</kw>
<status status="PASS" starttime="20231104 22:47:40.109" endtime="20231104 22:47:47.337"/>
</kw>
<kw name="Move To Permohonan Izin Module" library="permohonan_izin">
<kw name="Go To" library="SeleniumLibrary">
<arg>https://uji.sicantik.go.id/permohonan-izin</arg>
<doc>Navigates the current browser window to the provided ``url``.</doc>
<msg timestamp="20231104 22:47:47.337" level="INFO">Opening url 'https://uji.sicantik.go.id/permohonan-izin'</msg>
<status status="PASS" starttime="20231104 22:47:47.337" endtime="20231104 22:47:48.205"/>
</kw>
<kw name="Wait Until Element Contains" library="SeleniumLibrary">
<arg>tag:h5</arg>
<arg>Permohonan Izin</arg>
<doc>Waits until the element ``locator`` contains ``text``.</doc>
<status status="PASS" starttime="20231104 22:47:48.205" endtime="20231104 22:47:49.221"/>
</kw>
<status status="PASS" starttime="20231104 22:47:47.337" endtime="20231104 22:47:49.221"/>
</kw>
<kw name="Click Button Edit" library="permohonan_izin">
<kw name="Click Element" library="SeleniumLibrary">
<arg>css:i.fa-edit</arg>
<doc>Click the element identified by ``locator``.</doc>
<msg timestamp="20231104 22:47:49.221" level="INFO">Clicking element 'css:i.fa-edit'.</msg>
<status status="PASS" starttime="20231104 22:47:49.221" endtime="20231104 22:47:50.469"/>
</kw>
<kw name="Wait Until Element Contains" library="SeleniumLibrary">
<arg>xpath://*[@id="kt_create_account_stepper"]/div[1]/div/div[1]/div[1]/div[1]</arg>
<arg>EDIT PERMOHONAN</arg>
<doc>Waits until the element ``locator`` contains ``text``.</doc>
<status status="PASS" starttime="20231104 22:47:50.469" endtime="20231104 22:47:51.599"/>
</kw>
<status status="PASS" starttime="20231104 22:47:49.221" endtime="20231104 22:47:51.599"/>
</kw>
<kw name="Click Button Tolak Permohonan" library="permohonan_izin">
<kw name="Click Button" library="SeleniumLibrary">
<arg>default:Tolak Permohonan</arg>
<doc>Clicks the button identified by ``locator``.</doc>
<msg timestamp="20231104 22:47:51.600" level="INFO">Clicking button 'default:Tolak Permohonan'.</msg>
<status status="PASS" starttime="20231104 22:47:51.599" endtime="20231104 22:47:53.832"/>
</kw>
<kw name="Wait Until Element Contains" library="SeleniumLibrary">
<arg>xpath://*[@id="modalCabutIzin"]/form/div/div/div[2]/div[1]/label</arg>
<arg>Alasan</arg>
<doc>Waits until the element ``locator`` contains ``text``.</doc>
<status status="PASS" starttime="20231104 22:47:53.832" endtime="20231104 22:47:54.839"/>
</kw>
<status status="PASS" starttime="20231104 22:47:51.599" endtime="20231104 22:47:54.839"/>
</kw>
<kw name="Input Alasan" library="permohonan_izin">
<arg>Salah upload file</arg>
<kw name="Input Text" library="SeleniumLibrary">
<arg>name:alasan</arg>
<arg>${alasan}</arg>
<doc>Types the given ``text`` into the text field identified by ``locator``.</doc>
<msg timestamp="20231104 22:47:54.840" level="INFO">Typing text 'Salah upload file' into text field 'name:alasan'.</msg>
<status status="PASS" starttime="20231104 22:47:54.839" endtime="20231104 22:47:56.375"/>
</kw>
<status status="PASS" starttime="20231104 22:47:54.839" endtime="20231104 22:47:56.375"/>
</kw>
<kw name="Upload File Lampiran" library="permohonan_izin">
<arg>E:\\#LearnRobotFramework\\cat.jpg</arg>
<kw name="Choose File" library="SeleniumLibrary">
<arg>name:file</arg>
<arg>${lampiran}</arg>
<doc>Inputs the ``file_path`` into the file input field ``locator``.</doc>
<msg timestamp="20231104 22:47:56.375" level="INFO">Sending E:\#LearnRobotFramework\cat.jpg to browser.</msg>
<status status="PASS" starttime="20231104 22:47:56.375" endtime="20231104 22:47:57.399"/>
</kw>
<status status="PASS" starttime="20231104 22:47:56.375" endtime="20231104 22:47:57.399"/>
</kw>
<kw name="Sleep" library="BuiltIn">
<arg>2s</arg>
<doc>Pauses the test executed for the given time.</doc>
<msg timestamp="20231104 22:47:59.400" level="INFO">Slept 2 seconds</msg>
<status status="PASS" starttime="20231104 22:47:57.399" endtime="20231104 22:47:59.400"/>
</kw>
<kw name="Capture Page Screenshot" library="SeleniumLibrary">
<doc>Takes a screenshot of the current page and embeds it into a log file.</doc>
<msg timestamp="20231104 22:47:59.957" level="INFO" html="true">&lt;/td&gt;&lt;/tr&gt;&lt;tr&gt;&lt;td colspan="3"&gt;&lt;a href="selenium-screenshot-15.png"&gt;&lt;img src="selenium-screenshot-15.png" width="800px"&gt;&lt;/a&gt;</msg>
<status status="PASS" starttime="20231104 22:47:59.400" endtime="20231104 22:47:59.957"/>
</kw>
<kw name="Close Browser" library="SeleniumLibrary" type="TEARDOWN">
<doc>Closes the current browser.</doc>
<status status="PASS" starttime="20231104 22:47:59.957" endtime="20231104 22:48:03.780"/>
</kw>
<doc>SC03 - View Detail Data Permohonan Izin</doc>
<tag>TC01 - View Detail Data Permohonan Izin</tag>
<status status="PASS" starttime="20231104 22:47:24.224" endtime="20231104 22:48:03.780"/>
</test>
<doc>SC03 - View Detail Data Permohonan Izin</doc>
<status status="PASS" starttime="20231104 22:47:24.060" endtime="20231104 22:48:03.780"/>
</suite>
<statistics>
<total>
<stat pass="1" fail="0" skip="0">All Tests</stat>
</total>
<tag>
<stat pass="1" fail="0" skip="0">TC01 - View Detail Data Permohonan Izin</stat>
</tag>
<suite>
<stat pass="1" fail="0" skip="0" id="s1" name="SC04 - Penolakan Permohonan Izin">SC04 - Penolakan Permohonan Izin</stat>
</suite>
</statistics>
<errors>
</errors>
</robot>
