<?xml version="1.0" encoding="UTF-8"?>
<robot generator="Robot 6.0.2 (Python 3.11.2 on win32)" generated="20231115 14:09:19.407" rpa="false" schemaversion="3">
<suite id="s1" name="SC01 - Lazy load daftar pemohon" source="D:\#RIANCAHYADI\Projects\Freedom\Sicantik\tests\Lazy Load\Daftar Pemohon\SC01 - Lazy load daftar pemohon.robot">
<test id="s1-t1" name="TC01 - Lazy Load Daftar Pemohon" line="12">
<kw name="Open Browser To Login Page" library="login">
<kw name="Set Selenium Speed" library="SeleniumLibrary">
<arg>0.2s</arg>
<doc>Sets the delay that is waited after each Selenium command.</doc>
<status status="PASS" starttime="20231115 14:09:19.598" endtime="20231115 14:09:19.598"/>
</kw>
<kw name="Open Browser" library="SeleniumLibrary">
<arg>${LOGIN URL}</arg>
<arg>${BROWSER}</arg>
<arg>options=add_argument("--incognito")</arg>
<doc>Opens a new browser instance to the optional ``url``.</doc>
<msg timestamp="20231115 14:09:19.599" level="INFO">Opening browser 'Firefox' to base url 'https://uji.sicantik.go.id/sign-in'.</msg>
<msg timestamp="20231115 14:09:19.603" level="INFO">Firefox driver log is always forced to to: D:\#RIANCAHYADI\Projects\Freedom\Sicantik\log\geckodriver-6.log</msg>
<status status="PASS" starttime="20231115 14:09:19.599" endtime="20231115 14:09:28.227"/>
</kw>
<kw name="Maximize Browser Window" library="SeleniumLibrary">
<doc>Maximizes current browser window.</doc>
<status status="PASS" starttime="20231115 14:09:28.227" endtime="20231115 14:09:28.699"/>
</kw>
<kw name="Title Should Be" library="SeleniumLibrary">
<arg>SICANTIK</arg>
<doc>Verifies that the current page title equals ``title``.</doc>
<msg timestamp="20231115 14:09:28.902" level="INFO">Page title is 'SICANTIK'.</msg>
<status status="PASS" starttime="20231115 14:09:28.699" endtime="20231115 14:09:28.902"/>
</kw>
<status status="PASS" starttime="20231115 14:09:19.598" endtime="20231115 14:09:28.902"/>
</kw>
<kw name="Login Admin Instansi" library="login">
<kw name="Input Username" library="login">
<arg>demo</arg>
<kw name="Input Text" library="SeleniumLibrary">
<arg>username</arg>
<arg>${username}</arg>
<doc>Types the given ``text`` into the text field identified by ``locator``.</doc>
<msg timestamp="20231115 14:09:28.903" level="INFO">Typing text 'demo' into text field 'username'.</msg>
<status status="PASS" starttime="20231115 14:09:28.903" endtime="20231115 14:09:29.562"/>
</kw>
<status status="PASS" starttime="20231115 14:09:28.902" endtime="20231115 14:09:29.562"/>
</kw>
<kw name="Input Password" library="login">
<arg>Demo789*@#</arg>
<kw name="Input Text" library="SeleniumLibrary">
<arg>password</arg>
<arg>${password}</arg>
<doc>Types the given ``text`` into the text field identified by ``locator``.</doc>
<msg timestamp="20231115 14:09:29.563" level="INFO">Typing text 'Demo789*@#' into text field 'password'.</msg>
<status status="PASS" starttime="20231115 14:09:29.562" endtime="20231115 14:09:30.185"/>
</kw>
<status status="PASS" starttime="20231115 14:09:29.562" endtime="20231115 14:09:30.185"/>
</kw>
<kw name="Submit Credentials" library="login">
<kw name="Click Button" library="SeleniumLibrary">
<arg>kt_sign_in_submit</arg>
<doc>Clicks the button identified by ``locator``.</doc>
<msg timestamp="20231115 14:09:30.186" level="INFO">Clicking button 'kt_sign_in_submit'.</msg>
<status status="PASS" starttime="20231115 14:09:30.185" endtime="20231115 14:09:31.210"/>
</kw>
<kw name="Sleep" library="BuiltIn">
<arg>5s</arg>
<doc>Pauses the test executed for the given time.</doc>
<msg timestamp="20231115 14:09:36.210" level="INFO">Slept 5 seconds</msg>
<status status="PASS" starttime="20231115 14:09:31.210" endtime="20231115 14:09:36.210"/>
</kw>
<status status="PASS" starttime="20231115 14:09:30.185" endtime="20231115 14:09:36.210"/>
</kw>
<kw name="Element Should Contain" library="SeleniumLibrary">
<arg>xpath://*[@id="kt_header_user_menu_toggle"]/div[2]/span[1]</arg>
<arg>DEMO</arg>
<doc>Verifies that element ``locator`` contains text ``expected``.</doc>
<msg timestamp="20231115 14:09:36.629" level="INFO">Element 'xpath://*[@id="kt_header_user_menu_toggle"]/div[2]/span[1]' contains text 'DEMO'.</msg>
<status status="PASS" starttime="20231115 14:09:36.210" endtime="20231115 14:09:36.629"/>
</kw>
<status status="PASS" starttime="20231115 14:09:28.902" endtime="20231115 14:09:36.630"/>
</kw>
<kw name="Move To Daftar Pemohon" library="daftar_pemohon">
<kw name="Go To" library="SeleniumLibrary">
<arg>https://uji.sicantik.go.id/pemohon</arg>
<doc>Navigates the current browser window to the provided ``url``.</doc>
<msg timestamp="20231115 14:09:36.630" level="INFO">Opening url 'https://uji.sicantik.go.id/pemohon'</msg>
<status status="PASS" starttime="20231115 14:09:36.630" endtime="20231115 14:09:37.202"/>
</kw>
<kw name="Wait Until Element Is Enabled" library="SeleniumLibrary">
<arg>xpath://*[@id="kt_content_container"]/div/div/div[1]/h5</arg>
<doc>Waits until the element ``locator`` is enabled.</doc>
<status status="PASS" starttime="20231115 14:09:37.202" endtime="20231115 14:09:37.868"/>
</kw>
<kw name="Wait Until Element Contains" library="SeleniumLibrary">
<arg>xpath://*[@id="kt_content_container"]/div/div/div[1]/h5</arg>
<arg>Daftar Pemohon</arg>
<doc>Waits until the element ``locator`` contains ``text``.</doc>
<status status="PASS" starttime="20231115 14:09:37.868" endtime="20231115 14:09:38.278"/>
</kw>
<kw name="Sleep" library="BuiltIn">
<arg>3s</arg>
<doc>Pauses the test executed for the given time.</doc>
<msg timestamp="20231115 14:09:41.279" level="INFO">Slept 3 seconds</msg>
<status status="PASS" starttime="20231115 14:09:38.278" endtime="20231115 14:09:41.279"/>
</kw>
<status status="PASS" starttime="20231115 14:09:36.630" endtime="20231115 14:09:41.279"/>
</kw>
<kw name="Scroll Down" library="daftar_pemohon">
<kw name="Click Element" library="SeleniumLibrary">
<arg>xpath://*[@id="kt_customers_table"]/tbody/tr[7]/td[4]</arg>
<doc>Click the element identified by ``locator``.</doc>
<msg timestamp="20231115 14:09:41.280" level="INFO">Clicking element 'xpath://*[@id="kt_customers_table"]/tbody/tr[7]/td[4]'.</msg>
<status status="PASS" starttime="20231115 14:09:41.280" endtime="20231115 14:09:41.901"/>
</kw>
<for flavor="IN RANGE">
<var>${counter}</var>
<value>20</value>
<iter>
<var name="${counter}">0</var>
<kw name="Log" library="BuiltIn">
<arg>${counter}</arg>
<doc>Logs the given message with the given level.</doc>
<msg timestamp="20231115 14:09:41.902" level="INFO">0</msg>
<status status="PASS" starttime="20231115 14:09:41.901" endtime="20231115 14:09:41.902"/>
</kw>
<kw name="Press Keys" library="SeleniumLibrary">
<arg>None</arg>
<arg>ARROW_DOWN</arg>
<doc>Simulates the user pressing key(s) to an element or on the active browser.</doc>
<msg timestamp="20231115 14:09:41.902" level="INFO">Sending key(s) ('ARROW_DOWN',) to page.</msg>
<msg timestamp="20231115 14:09:41.913" level="INFO">Pressing special key ARROW_DOWN to browser.</msg>
<msg timestamp="20231115 14:09:41.913" level="INFO">Releasing special key ARROW_DOWN.</msg>
<status status="PASS" starttime="20231115 14:09:41.902" endtime="20231115 14:09:42.123"/>
</kw>
<kw name="Sleep" library="BuiltIn">
<arg>0.5s</arg>
<doc>Pauses the test executed for the given time.</doc>
<msg timestamp="20231115 14:09:42.623" level="INFO">Slept 500 milliseconds</msg>
<status status="PASS" starttime="20231115 14:09:42.123" endtime="20231115 14:09:42.623"/>
</kw>
<status status="PASS" starttime="20231115 14:09:41.901" endtime="20231115 14:09:42.623"/>
</iter>
<iter>
<var name="${counter}">1</var>
<kw name="Log" library="BuiltIn">
<arg>${counter}</arg>
<doc>Logs the given message with the given level.</doc>
<msg timestamp="20231115 14:09:42.624" level="INFO">1</msg>
<status status="PASS" starttime="20231115 14:09:42.623" endtime="20231115 14:09:42.624"/>
</kw>
<kw name="Press Keys" library="SeleniumLibrary">
<arg>None</arg>
<arg>ARROW_DOWN</arg>
<doc>Simulates the user pressing key(s) to an element or on the active browser.</doc>
<msg timestamp="20231115 14:09:42.625" level="INFO">Sending key(s) ('ARROW_DOWN',) to page.</msg>
<msg timestamp="20231115 14:09:42.625" level="INFO">Pressing special key ARROW_DOWN to browser.</msg>
<msg timestamp="20231115 14:09:42.625" level="INFO">Releasing special key ARROW_DOWN.</msg>
<status status="PASS" starttime="20231115 14:09:42.624" endtime="20231115 14:09:42.832"/>
</kw>
<kw name="Sleep" library="BuiltIn">
<arg>0.5s</arg>
<doc>Pauses the test executed for the given time.</doc>
<msg timestamp="20231115 14:09:43.332" level="INFO">Slept 500 milliseconds</msg>
<status status="PASS" starttime="20231115 14:09:42.832" endtime="20231115 14:09:43.332"/>
</kw>
<status status="PASS" starttime="20231115 14:09:42.623" endtime="20231115 14:09:43.332"/>
</iter>
<iter>
<var name="${counter}">2</var>
<kw name="Log" library="BuiltIn">
<arg>${counter}</arg>
<doc>Logs the given message with the given level.</doc>
<msg timestamp="20231115 14:09:43.333" level="INFO">2</msg>
<status status="PASS" starttime="20231115 14:09:43.332" endtime="20231115 14:09:43.333"/>
</kw>
<kw name="Press Keys" library="SeleniumLibrary">
<arg>None</arg>
<arg>ARROW_DOWN</arg>
<doc>Simulates the user pressing key(s) to an element or on the active browser.</doc>
<msg timestamp="20231115 14:09:43.333" level="INFO">Sending key(s) ('ARROW_DOWN',) to page.</msg>
<msg timestamp="20231115 14:09:43.334" level="INFO">Pressing special key ARROW_DOWN to browser.</msg>
<msg timestamp="20231115 14:09:43.334" level="INFO">Releasing special key ARROW_DOWN.</msg>
<status status="PASS" starttime="20231115 14:09:43.333" endtime="20231115 14:09:43.539"/>
</kw>
<kw name="Sleep" library="BuiltIn">
<arg>0.5s</arg>
<doc>Pauses the test executed for the given time.</doc>
<msg timestamp="20231115 14:09:44.039" level="INFO">Slept 500 milliseconds</msg>
<status status="PASS" starttime="20231115 14:09:43.539" endtime="20231115 14:09:44.039"/>
</kw>
<status status="PASS" starttime="20231115 14:09:43.332" endtime="20231115 14:09:44.039"/>
</iter>
<iter>
<var name="${counter}">3</var>
<kw name="Log" library="BuiltIn">
<arg>${counter}</arg>
<doc>Logs the given message with the given level.</doc>
<msg timestamp="20231115 14:09:44.040" level="INFO">3</msg>
<status status="PASS" starttime="20231115 14:09:44.039" endtime="20231115 14:09:44.040"/>
</kw>
<kw name="Press Keys" library="SeleniumLibrary">
<arg>None</arg>
<arg>ARROW_DOWN</arg>
<doc>Simulates the user pressing key(s) to an element or on the active browser.</doc>
<msg timestamp="20231115 14:09:44.040" level="INFO">Sending key(s) ('ARROW_DOWN',) to page.</msg>
<msg timestamp="20231115 14:09:44.040" level="INFO">Pressing special key ARROW_DOWN to browser.</msg>
<msg timestamp="20231115 14:09:44.040" level="INFO">Releasing special key ARROW_DOWN.</msg>
<status status="PASS" starttime="20231115 14:09:44.040" endtime="20231115 14:09:44.245"/>
</kw>
<kw name="Sleep" library="BuiltIn">
<arg>0.5s</arg>
<doc>Pauses the test executed for the given time.</doc>
<msg timestamp="20231115 14:09:44.746" level="INFO">Slept 500 milliseconds</msg>
<status status="PASS" starttime="20231115 14:09:44.245" endtime="20231115 14:09:44.746"/>
</kw>
<status status="PASS" starttime="20231115 14:09:44.039" endtime="20231115 14:09:44.746"/>
</iter>
<iter>
<var name="${counter}">4</var>
<kw name="Log" library="BuiltIn">
<arg>${counter}</arg>
<doc>Logs the given message with the given level.</doc>
<msg timestamp="20231115 14:09:44.746" level="INFO">4</msg>
<status status="PASS" starttime="20231115 14:09:44.746" endtime="20231115 14:09:44.746"/>
</kw>
<kw name="Press Keys" library="SeleniumLibrary">
<arg>None</arg>
<arg>ARROW_DOWN</arg>
<doc>Simulates the user pressing key(s) to an element or on the active browser.</doc>
<msg timestamp="20231115 14:09:44.747" level="INFO">Sending key(s) ('ARROW_DOWN',) to page.</msg>
<msg timestamp="20231115 14:09:44.747" level="INFO">Pressing special key ARROW_DOWN to browser.</msg>
<msg timestamp="20231115 14:09:44.747" level="INFO">Releasing special key ARROW_DOWN.</msg>
<status status="PASS" starttime="20231115 14:09:44.747" endtime="20231115 14:09:44.952"/>
</kw>
<kw name="Sleep" library="BuiltIn">
<arg>0.5s</arg>
<doc>Pauses the test executed for the given time.</doc>
<msg timestamp="20231115 14:09:45.452" level="INFO">Slept 500 milliseconds</msg>
<status status="PASS" starttime="20231115 14:09:44.952" endtime="20231115 14:09:45.452"/>
</kw>
<status status="PASS" starttime="20231115 14:09:44.746" endtime="20231115 14:09:45.452"/>
</iter>
<iter>
<var name="${counter}">5</var>
<kw name="Log" library="BuiltIn">
<arg>${counter}</arg>
<doc>Logs the given message with the given level.</doc>
<msg timestamp="20231115 14:09:45.453" level="INFO">5</msg>
<status status="PASS" starttime="20231115 14:09:45.452" endtime="20231115 14:09:45.453"/>
</kw>
<kw name="Press Keys" library="SeleniumLibrary">
<arg>None</arg>
<arg>ARROW_DOWN</arg>
<doc>Simulates the user pressing key(s) to an element or on the active browser.</doc>
<msg timestamp="20231115 14:09:45.453" level="INFO">Sending key(s) ('ARROW_DOWN',) to page.</msg>
<msg timestamp="20231115 14:09:45.454" level="INFO">Pressing special key ARROW_DOWN to browser.</msg>
<msg timestamp="20231115 14:09:45.454" level="INFO">Releasing special key ARROW_DOWN.</msg>
<status status="PASS" starttime="20231115 14:09:45.453" endtime="20231115 14:09:45.658"/>
</kw>
<kw name="Sleep" library="BuiltIn">
<arg>0.5s</arg>
<doc>Pauses the test executed for the given time.</doc>
<msg timestamp="20231115 14:09:46.158" level="INFO">Slept 500 milliseconds</msg>
<status status="PASS" starttime="20231115 14:09:45.658" endtime="20231115 14:09:46.158"/>
</kw>
<status status="PASS" starttime="20231115 14:09:45.452" endtime="20231115 14:09:46.158"/>
</iter>
<iter>
<var name="${counter}">6</var>
<kw name="Log" library="BuiltIn">
<arg>${counter}</arg>
<doc>Logs the given message with the given level.</doc>
<msg timestamp="20231115 14:09:46.158" level="INFO">6</msg>
<status status="PASS" starttime="20231115 14:09:46.158" endtime="20231115 14:09:46.159"/>
</kw>
<kw name="Press Keys" library="SeleniumLibrary">
<arg>None</arg>
<arg>ARROW_DOWN</arg>
<doc>Simulates the user pressing key(s) to an element or on the active browser.</doc>
<msg timestamp="20231115 14:09:46.159" level="INFO">Sending key(s) ('ARROW_DOWN',) to page.</msg>
<msg timestamp="20231115 14:09:46.159" level="INFO">Pressing special key ARROW_DOWN to browser.</msg>
<msg timestamp="20231115 14:09:46.159" level="INFO">Releasing special key ARROW_DOWN.</msg>
<status status="PASS" starttime="20231115 14:09:46.159" endtime="20231115 14:09:46.364"/>
</kw>
<kw name="Sleep" library="BuiltIn">
<arg>0.5s</arg>
<doc>Pauses the test executed for the given time.</doc>
<msg timestamp="20231115 14:09:46.865" level="INFO">Slept 500 milliseconds</msg>
<status status="PASS" starttime="20231115 14:09:46.364" endtime="20231115 14:09:46.865"/>
</kw>
<status status="PASS" starttime="20231115 14:09:46.158" endtime="20231115 14:09:46.865"/>
</iter>
<iter>
<var name="${counter}">7</var>
<kw name="Log" library="BuiltIn">
<arg>${counter}</arg>
<doc>Logs the given message with the given level.</doc>
<msg timestamp="20231115 14:09:46.866" level="INFO">7</msg>
<status status="PASS" starttime="20231115 14:09:46.865" endtime="20231115 14:09:46.866"/>
</kw>
<kw name="Press Keys" library="SeleniumLibrary">
<arg>None</arg>
<arg>ARROW_DOWN</arg>
<doc>Simulates the user pressing key(s) to an element or on the active browser.</doc>
<msg timestamp="20231115 14:09:46.866" level="INFO">Sending key(s) ('ARROW_DOWN',) to page.</msg>
<msg timestamp="20231115 14:09:46.866" level="INFO">Pressing special key ARROW_DOWN to browser.</msg>
<msg timestamp="20231115 14:09:46.867" level="INFO">Releasing special key ARROW_DOWN.</msg>
<status status="PASS" starttime="20231115 14:09:46.866" endtime="20231115 14:09:47.071"/>
</kw>
<kw name="Sleep" library="BuiltIn">
<arg>0.5s</arg>
<doc>Pauses the test executed for the given time.</doc>
<msg timestamp="20231115 14:09:47.572" level="INFO">Slept 500 milliseconds</msg>
<status status="PASS" starttime="20231115 14:09:47.071" endtime="20231115 14:09:47.572"/>
</kw>
<status status="PASS" starttime="20231115 14:09:46.865" endtime="20231115 14:09:47.572"/>
</iter>
<iter>
<var name="${counter}">8</var>
<kw name="Log" library="BuiltIn">
<arg>${counter}</arg>
<doc>Logs the given message with the given level.</doc>
<msg timestamp="20231115 14:09:47.573" level="INFO">8</msg>
<status status="PASS" starttime="20231115 14:09:47.572" endtime="20231115 14:09:47.573"/>
</kw>
<kw name="Press Keys" library="SeleniumLibrary">
<arg>None</arg>
<arg>ARROW_DOWN</arg>
<doc>Simulates the user pressing key(s) to an element or on the active browser.</doc>
<msg timestamp="20231115 14:09:47.573" level="INFO">Sending key(s) ('ARROW_DOWN',) to page.</msg>
<msg timestamp="20231115 14:09:47.573" level="INFO">Pressing special key ARROW_DOWN to browser.</msg>
<msg timestamp="20231115 14:09:47.573" level="INFO">Releasing special key ARROW_DOWN.</msg>
<status status="PASS" starttime="20231115 14:09:47.573" endtime="20231115 14:09:47.777"/>
</kw>
<kw name="Sleep" library="BuiltIn">
<arg>0.5s</arg>
<doc>Pauses the test executed for the given time.</doc>
<msg timestamp="20231115 14:09:48.278" level="INFO">Slept 500 milliseconds</msg>
<status status="PASS" starttime="20231115 14:09:47.777" endtime="20231115 14:09:48.278"/>
</kw>
<status status="PASS" starttime="20231115 14:09:47.572" endtime="20231115 14:09:48.278"/>
</iter>
<iter>
<var name="${counter}">9</var>
<kw name="Log" library="BuiltIn">
<arg>${counter}</arg>
<doc>Logs the given message with the given level.</doc>
<msg timestamp="20231115 14:09:48.279" level="INFO">9</msg>
<status status="PASS" starttime="20231115 14:09:48.279" endtime="20231115 14:09:48.279"/>
</kw>
<kw name="Press Keys" library="SeleniumLibrary">
<arg>None</arg>
<arg>ARROW_DOWN</arg>
<doc>Simulates the user pressing key(s) to an element or on the active browser.</doc>
<msg timestamp="20231115 14:09:48.280" level="INFO">Sending key(s) ('ARROW_DOWN',) to page.</msg>
<msg timestamp="20231115 14:09:48.280" level="INFO">Pressing special key ARROW_DOWN to browser.</msg>
<msg timestamp="20231115 14:09:48.280" level="INFO">Releasing special key ARROW_DOWN.</msg>
<status status="PASS" starttime="20231115 14:09:48.279" endtime="20231115 14:09:48.486"/>
</kw>
<kw name="Sleep" library="BuiltIn">
<arg>0.5s</arg>
<doc>Pauses the test executed for the given time.</doc>
<msg timestamp="20231115 14:09:48.986" level="INFO">Slept 500 milliseconds</msg>
<status status="PASS" starttime="20231115 14:09:48.486" endtime="20231115 14:09:48.986"/>
</kw>
<status status="PASS" starttime="20231115 14:09:48.278" endtime="20231115 14:09:48.986"/>
</iter>
<iter>
<var name="${counter}">10</var>
<kw name="Log" library="BuiltIn">
<arg>${counter}</arg>
<doc>Logs the given message with the given level.</doc>
<msg timestamp="20231115 14:09:48.987" level="INFO">10</msg>
<status status="PASS" starttime="20231115 14:09:48.986" endtime="20231115 14:09:48.987"/>
</kw>
<kw name="Press Keys" library="SeleniumLibrary">
<arg>None</arg>
<arg>ARROW_DOWN</arg>
<doc>Simulates the user pressing key(s) to an element or on the active browser.</doc>
<msg timestamp="20231115 14:09:48.987" level="INFO">Sending key(s) ('ARROW_DOWN',) to page.</msg>
<msg timestamp="20231115 14:09:48.988" level="INFO">Pressing special key ARROW_DOWN to browser.</msg>
<msg timestamp="20231115 14:09:48.988" level="INFO">Releasing special key ARROW_DOWN.</msg>
<status status="PASS" starttime="20231115 14:09:48.987" endtime="20231115 14:09:49.193"/>
</kw>
<kw name="Sleep" library="BuiltIn">
<arg>0.5s</arg>
<doc>Pauses the test executed for the given time.</doc>
<msg timestamp="20231115 14:09:49.693" level="INFO">Slept 500 milliseconds</msg>
<status status="PASS" starttime="20231115 14:09:49.193" endtime="20231115 14:09:49.693"/>
</kw>
<status status="PASS" starttime="20231115 14:09:48.986" endtime="20231115 14:09:49.693"/>
</iter>
<iter>
<var name="${counter}">11</var>
<kw name="Log" library="BuiltIn">
<arg>${counter}</arg>
<doc>Logs the given message with the given level.</doc>
<msg timestamp="20231115 14:09:49.694" level="INFO">11</msg>
<status status="PASS" starttime="20231115 14:09:49.693" endtime="20231115 14:09:49.694"/>
</kw>
<kw name="Press Keys" library="SeleniumLibrary">
<arg>None</arg>
<arg>ARROW_DOWN</arg>
<doc>Simulates the user pressing key(s) to an element or on the active browser.</doc>
<msg timestamp="20231115 14:09:49.694" level="INFO">Sending key(s) ('ARROW_DOWN',) to page.</msg>
<msg timestamp="20231115 14:09:49.694" level="INFO">Pressing special key ARROW_DOWN to browser.</msg>
<msg timestamp="20231115 14:09:49.694" level="INFO">Releasing special key ARROW_DOWN.</msg>
<status status="PASS" starttime="20231115 14:09:49.694" endtime="20231115 14:09:49.898"/>
</kw>
<kw name="Sleep" library="BuiltIn">
<arg>0.5s</arg>
<doc>Pauses the test executed for the given time.</doc>
<msg timestamp="20231115 14:09:50.398" level="INFO">Slept 500 milliseconds</msg>
<status status="PASS" starttime="20231115 14:09:49.898" endtime="20231115 14:09:50.398"/>
</kw>
<status status="PASS" starttime="20231115 14:09:49.693" endtime="20231115 14:09:50.398"/>
</iter>
<iter>
<var name="${counter}">12</var>
<kw name="Log" library="BuiltIn">
<arg>${counter}</arg>
<doc>Logs the given message with the given level.</doc>
<msg timestamp="20231115 14:09:50.398" level="INFO">12</msg>
<status status="PASS" starttime="20231115 14:09:50.398" endtime="20231115 14:09:50.399"/>
</kw>
<kw name="Press Keys" library="SeleniumLibrary">
<arg>None</arg>
<arg>ARROW_DOWN</arg>
<doc>Simulates the user pressing key(s) to an element or on the active browser.</doc>
<msg timestamp="20231115 14:09:50.399" level="INFO">Sending key(s) ('ARROW_DOWN',) to page.</msg>
<msg timestamp="20231115 14:09:50.399" level="INFO">Pressing special key ARROW_DOWN to browser.</msg>
<msg timestamp="20231115 14:09:50.399" level="INFO">Releasing special key ARROW_DOWN.</msg>
<status status="PASS" starttime="20231115 14:09:50.399" endtime="20231115 14:09:50.604"/>
</kw>
<kw name="Sleep" library="BuiltIn">
<arg>0.5s</arg>
<doc>Pauses the test executed for the given time.</doc>
<msg timestamp="20231115 14:09:51.105" level="INFO">Slept 500 milliseconds</msg>
<status status="PASS" starttime="20231115 14:09:50.604" endtime="20231115 14:09:51.105"/>
</kw>
<status status="PASS" starttime="20231115 14:09:50.398" endtime="20231115 14:09:51.105"/>
</iter>
<iter>
<var name="${counter}">13</var>
<kw name="Log" library="BuiltIn">
<arg>${counter}</arg>
<doc>Logs the given message with the given level.</doc>
<msg timestamp="20231115 14:09:51.106" level="INFO">13</msg>
<status status="PASS" starttime="20231115 14:09:51.105" endtime="20231115 14:09:51.106"/>
</kw>
<kw name="Press Keys" library="SeleniumLibrary">
<arg>None</arg>
<arg>ARROW_DOWN</arg>
<doc>Simulates the user pressing key(s) to an element or on the active browser.</doc>
<msg timestamp="20231115 14:09:51.106" level="INFO">Sending key(s) ('ARROW_DOWN',) to page.</msg>
<msg timestamp="20231115 14:09:51.106" level="INFO">Pressing special key ARROW_DOWN to browser.</msg>
<msg timestamp="20231115 14:09:51.106" level="INFO">Releasing special key ARROW_DOWN.</msg>
<status status="PASS" starttime="20231115 14:09:51.106" endtime="20231115 14:09:51.311"/>
</kw>
<kw name="Sleep" library="BuiltIn">
<arg>0.5s</arg>
<doc>Pauses the test executed for the given time.</doc>
<msg timestamp="20231115 14:09:51.812" level="INFO">Slept 500 milliseconds</msg>
<status status="PASS" starttime="20231115 14:09:51.311" endtime="20231115 14:09:51.812"/>
</kw>
<status status="PASS" starttime="20231115 14:09:51.105" endtime="20231115 14:09:51.812"/>
</iter>
<iter>
<var name="${counter}">14</var>
<kw name="Log" library="BuiltIn">
<arg>${counter}</arg>
<doc>Logs the given message with the given level.</doc>
<msg timestamp="20231115 14:09:51.813" level="INFO">14</msg>
<status status="PASS" starttime="20231115 14:09:51.813" endtime="20231115 14:09:51.813"/>
</kw>
<kw name="Press Keys" library="SeleniumLibrary">
<arg>None</arg>
<arg>ARROW_DOWN</arg>
<doc>Simulates the user pressing key(s) to an element or on the active browser.</doc>
<msg timestamp="20231115 14:09:51.814" level="INFO">Sending key(s) ('ARROW_DOWN',) to page.</msg>
<msg timestamp="20231115 14:09:51.814" level="INFO">Pressing special key ARROW_DOWN to browser.</msg>
<msg timestamp="20231115 14:09:51.814" level="INFO">Releasing special key ARROW_DOWN.</msg>
<status status="PASS" starttime="20231115 14:09:51.813" endtime="20231115 14:09:52.018"/>
</kw>
<kw name="Sleep" library="BuiltIn">
<arg>0.5s</arg>
<doc>Pauses the test executed for the given time.</doc>
<msg timestamp="20231115 14:09:52.519" level="INFO">Slept 500 milliseconds</msg>
<status status="PASS" starttime="20231115 14:09:52.018" endtime="20231115 14:09:52.519"/>
</kw>
<status status="PASS" starttime="20231115 14:09:51.812" endtime="20231115 14:09:52.519"/>
</iter>
<iter>
<var name="${counter}">15</var>
<kw name="Log" library="BuiltIn">
<arg>${counter}</arg>
<doc>Logs the given message with the given level.</doc>
<msg timestamp="20231115 14:09:52.520" level="INFO">15</msg>
<status status="PASS" starttime="20231115 14:09:52.519" endtime="20231115 14:09:52.520"/>
</kw>
<kw name="Press Keys" library="SeleniumLibrary">
<arg>None</arg>
<arg>ARROW_DOWN</arg>
<doc>Simulates the user pressing key(s) to an element or on the active browser.</doc>
<msg timestamp="20231115 14:09:52.521" level="INFO">Sending key(s) ('ARROW_DOWN',) to page.</msg>
<msg timestamp="20231115 14:09:52.521" level="INFO">Pressing special key ARROW_DOWN to browser.</msg>
<msg timestamp="20231115 14:09:52.521" level="INFO">Releasing special key ARROW_DOWN.</msg>
<status status="PASS" starttime="20231115 14:09:52.520" endtime="20231115 14:09:52.725"/>
</kw>
<kw name="Sleep" library="BuiltIn">
<arg>0.5s</arg>
<doc>Pauses the test executed for the given time.</doc>
<msg timestamp="20231115 14:09:53.225" level="INFO">Slept 500 milliseconds</msg>
<status status="PASS" starttime="20231115 14:09:52.725" endtime="20231115 14:09:53.225"/>
</kw>
<status status="PASS" starttime="20231115 14:09:52.519" endtime="20231115 14:09:53.225"/>
</iter>
<iter>
<var name="${counter}">16</var>
<kw name="Log" library="BuiltIn">
<arg>${counter}</arg>
<doc>Logs the given message with the given level.</doc>
<msg timestamp="20231115 14:09:53.226" level="INFO">16</msg>
<status status="PASS" starttime="20231115 14:09:53.225" endtime="20231115 14:09:53.226"/>
</kw>
<kw name="Press Keys" library="SeleniumLibrary">
<arg>None</arg>
<arg>ARROW_DOWN</arg>
<doc>Simulates the user pressing key(s) to an element or on the active browser.</doc>
<msg timestamp="20231115 14:09:53.226" level="INFO">Sending key(s) ('ARROW_DOWN',) to page.</msg>
<msg timestamp="20231115 14:09:53.226" level="INFO">Pressing special key ARROW_DOWN to browser.</msg>
<msg timestamp="20231115 14:09:53.226" level="INFO">Releasing special key ARROW_DOWN.</msg>
<status status="PASS" starttime="20231115 14:09:53.226" endtime="20231115 14:09:53.430"/>
</kw>
<kw name="Sleep" library="BuiltIn">
<arg>0.5s</arg>
<doc>Pauses the test executed for the given time.</doc>
<msg timestamp="20231115 14:09:53.931" level="INFO">Slept 500 milliseconds</msg>
<status status="PASS" starttime="20231115 14:09:53.430" endtime="20231115 14:09:53.931"/>
</kw>
<status status="PASS" starttime="20231115 14:09:53.225" endtime="20231115 14:09:53.931"/>
</iter>
<iter>
<var name="${counter}">17</var>
<kw name="Log" library="BuiltIn">
<arg>${counter}</arg>
<doc>Logs the given message with the given level.</doc>
<msg timestamp="20231115 14:09:53.931" level="INFO">17</msg>
<status status="PASS" starttime="20231115 14:09:53.931" endtime="20231115 14:09:53.932"/>
</kw>
<kw name="Press Keys" library="SeleniumLibrary">
<arg>None</arg>
<arg>ARROW_DOWN</arg>
<doc>Simulates the user pressing key(s) to an element or on the active browser.</doc>
<msg timestamp="20231115 14:09:53.932" level="INFO">Sending key(s) ('ARROW_DOWN',) to page.</msg>
<msg timestamp="20231115 14:09:53.932" level="INFO">Pressing special key ARROW_DOWN to browser.</msg>
<msg timestamp="20231115 14:09:53.932" level="INFO">Releasing special key ARROW_DOWN.</msg>
<status status="PASS" starttime="20231115 14:09:53.932" endtime="20231115 14:09:54.137"/>
</kw>
<kw name="Sleep" library="BuiltIn">
<arg>0.5s</arg>
<doc>Pauses the test executed for the given time.</doc>
<msg timestamp="20231115 14:09:54.638" level="INFO">Slept 500 milliseconds</msg>
<status status="PASS" starttime="20231115 14:09:54.137" endtime="20231115 14:09:54.638"/>
</kw>
<status status="PASS" starttime="20231115 14:09:53.931" endtime="20231115 14:09:54.638"/>
</iter>
<iter>
<var name="${counter}">18</var>
<kw name="Log" library="BuiltIn">
<arg>${counter}</arg>
<doc>Logs the given message with the given level.</doc>
<msg timestamp="20231115 14:09:54.638" level="INFO">18</msg>
<status status="PASS" starttime="20231115 14:09:54.638" endtime="20231115 14:09:54.639"/>
</kw>
<kw name="Press Keys" library="SeleniumLibrary">
<arg>None</arg>
<arg>ARROW_DOWN</arg>
<doc>Simulates the user pressing key(s) to an element or on the active browser.</doc>
<msg timestamp="20231115 14:09:54.639" level="INFO">Sending key(s) ('ARROW_DOWN',) to page.</msg>
<msg timestamp="20231115 14:09:54.639" level="INFO">Pressing special key ARROW_DOWN to browser.</msg>
<msg timestamp="20231115 14:09:54.640" level="INFO">Releasing special key ARROW_DOWN.</msg>
<status status="PASS" starttime="20231115 14:09:54.639" endtime="20231115 14:09:54.854"/>
</kw>
<kw name="Sleep" library="BuiltIn">
<arg>0.5s</arg>
<doc>Pauses the test executed for the given time.</doc>
<msg timestamp="20231115 14:09:55.354" level="INFO">Slept 500 milliseconds</msg>
<status status="PASS" starttime="20231115 14:09:54.854" endtime="20231115 14:09:55.354"/>
</kw>
<status status="PASS" starttime="20231115 14:09:54.638" endtime="20231115 14:09:55.354"/>
</iter>
<iter>
<var name="${counter}">19</var>
<kw name="Log" library="BuiltIn">
<arg>${counter}</arg>
<doc>Logs the given message with the given level.</doc>
<msg timestamp="20231115 14:09:55.355" level="INFO">19</msg>
<status status="PASS" starttime="20231115 14:09:55.354" endtime="20231115 14:09:55.355"/>
</kw>
<kw name="Press Keys" library="SeleniumLibrary">
<arg>None</arg>
<arg>ARROW_DOWN</arg>
<doc>Simulates the user pressing key(s) to an element or on the active browser.</doc>
<msg timestamp="20231115 14:09:55.355" level="INFO">Sending key(s) ('ARROW_DOWN',) to page.</msg>
<msg timestamp="20231115 14:09:55.355" level="INFO">Pressing special key ARROW_DOWN to browser.</msg>
<msg timestamp="20231115 14:09:55.355" level="INFO">Releasing special key ARROW_DOWN.</msg>
<status status="PASS" starttime="20231115 14:09:55.355" endtime="20231115 14:09:55.560"/>
</kw>
<kw name="Sleep" library="BuiltIn">
<arg>0.5s</arg>
<doc>Pauses the test executed for the given time.</doc>
<msg timestamp="20231115 14:09:56.060" level="INFO">Slept 500 milliseconds</msg>
<status status="PASS" starttime="20231115 14:09:55.560" endtime="20231115 14:09:56.060"/>
</kw>
<status status="PASS" starttime="20231115 14:09:55.354" endtime="20231115 14:09:56.060"/>
</iter>
<status status="PASS" starttime="20231115 14:09:41.901" endtime="20231115 14:09:56.061"/>
</for>
<status status="PASS" starttime="20231115 14:09:41.279" endtime="20231115 14:09:56.061"/>
</kw>
<kw name="Sleep" library="BuiltIn">
<arg>3s</arg>
<doc>Pauses the test executed for the given time.</doc>
<msg timestamp="20231115 14:09:59.061" level="INFO">Slept 3 seconds</msg>
<status status="PASS" starttime="20231115 14:09:56.061" endtime="20231115 14:09:59.061"/>
</kw>
<kw name="Capture Page Screenshot" library="SeleniumLibrary">
<doc>Takes a screenshot of the current page and embeds it into a log file.</doc>
<msg timestamp="20231115 14:09:59.317" level="INFO" html="true">&lt;/td&gt;&lt;/tr&gt;&lt;tr&gt;&lt;td colspan="3"&gt;&lt;a href="selenium-screenshot-6.png"&gt;&lt;img src="selenium-screenshot-6.png" width="800px"&gt;&lt;/a&gt;</msg>
<status status="PASS" starttime="20231115 14:09:59.061" endtime="20231115 14:09:59.317"/>
</kw>
<kw name="Close Browser" library="SeleniumLibrary" type="TEARDOWN">
<doc>Closes the current browser.</doc>
<status status="PASS" starttime="20231115 14:09:59.318" endtime="20231115 14:10:02.292"/>
</kw>
<doc>SC01 - Lazy Load Daftar Pemohon</doc>
<tag>TC01 - Lazy Load Daftar Pemohon</tag>
<status status="PASS" starttime="20231115 14:09:19.597" endtime="20231115 14:10:02.292"/>
</test>
<doc>SC01 - Lazy Load Daftar Pemohon</doc>
<status status="PASS" starttime="20231115 14:09:19.409" endtime="20231115 14:10:02.292"/>
</suite>
<statistics>
<total>
<stat pass="1" fail="0" skip="0">All Tests</stat>
</total>
<tag>
<stat pass="1" fail="0" skip="0">TC01 - Lazy Load Daftar Pemohon</stat>
</tag>
<suite>
<stat pass="1" fail="0" skip="0" id="s1" name="SC01 - Lazy load daftar pemohon">SC01 - Lazy load daftar pemohon</stat>
</suite>
</statistics>
<errors>
</errors>
</robot>
