<?xml version="1.0" encoding="UTF-8"?>
<robot generator="Robot 6.1.1 (Python 3.12.0 on win32)" generated="20231108 22:24:14.186" rpa="false" schemaversion="4">
<suite id="s1" name="SC03 - Update Template Data" source="E:\#Freelance\Sicantik\tests\R08 - Template Data\SC03 - Update Template Data\SC03 - Update Template Data.robot">
<test id="s1-t1" name="TC01 - Update Template Data dengan Tipe Keluaran Combogrid Webservice" line="12">
<kw name="Open Browser To Login Page" library="login">
<kw name="Set Selenium Speed" library="SeleniumLibrary">
<arg>0.3s</arg>
<doc>Sets the delay that is waited after each Selenium command.</doc>
<status status="PASS" starttime="20231108 22:24:14.352" endtime="20231108 22:24:14.352"/>
</kw>
<kw name="Open Browser" library="SeleniumLibrary">
<arg>${LOGIN URL}</arg>
<arg>${BROWSER}</arg>
<doc>Opens a new browser instance to the optional ``url``.</doc>
<msg timestamp="20231108 22:24:14.353" level="INFO">Opening browser 'Firefox' to base url 'https://uji.sicantik.go.id/sign-in'.</msg>
<status status="PASS" starttime="20231108 22:24:14.352" endtime="20231108 22:24:22.341"/>
</kw>
<kw name="Maximize Browser Window" library="SeleniumLibrary">
<doc>Maximizes current browser window.</doc>
<status status="PASS" starttime="20231108 22:24:22.341" endtime="20231108 22:24:22.897"/>
</kw>
<kw name="Title Should Be" library="SeleniumLibrary">
<arg>SICANTIK</arg>
<doc>Verifies that the current page title equals ``title``.</doc>
<msg timestamp="20231108 22:24:23.199" level="INFO">Page title is 'SICANTIK'.</msg>
<status status="PASS" starttime="20231108 22:24:22.897" endtime="20231108 22:24:23.199"/>
</kw>
<status status="PASS" starttime="20231108 22:24:14.352" endtime="20231108 22:24:23.199"/>
</kw>
<kw name="Input Username" library="login">
<arg>admegov</arg>
<kw name="Input Text" library="SeleniumLibrary">
<arg>username</arg>
<arg>${username}</arg>
<doc>Types the given ``text`` into the text field identified by ``locator``.</doc>
<msg timestamp="20231108 22:24:23.200" level="INFO">Typing text 'admegov' into text field 'username'.</msg>
<status status="PASS" starttime="20231108 22:24:23.199" endtime="20231108 22:24:24.150"/>
</kw>
<status status="PASS" starttime="20231108 22:24:23.199" endtime="20231108 22:24:24.150"/>
</kw>
<kw name="Input Password" library="login">
<arg>Admegov789*@#</arg>
<kw name="Input Text" library="SeleniumLibrary">
<arg>password</arg>
<arg>${password}</arg>
<doc>Types the given ``text`` into the text field identified by ``locator``.</doc>
<msg timestamp="20231108 22:24:24.151" level="INFO">Typing text 'Admegov789*@#' into text field 'password'.</msg>
<status status="PASS" starttime="20231108 22:24:24.150" endtime="20231108 22:24:25.067"/>
</kw>
<status status="PASS" starttime="20231108 22:24:24.150" endtime="20231108 22:24:25.067"/>
</kw>
<kw name="Submit Credentials" library="login">
<kw name="Click Button" library="SeleniumLibrary">
<arg>kt_sign_in_submit</arg>
<doc>Clicks the button identified by ``locator``.</doc>
<msg timestamp="20231108 22:24:25.067" level="INFO">Clicking button 'kt_sign_in_submit'.</msg>
<status status="PASS" starttime="20231108 22:24:25.067" endtime="20231108 22:24:26.486"/>
</kw>
<kw name="Sleep" library="BuiltIn">
<arg>5s</arg>
<doc>Pauses the test executed for the given time.</doc>
<msg timestamp="20231108 22:24:31.487" level="INFO">Slept 5 seconds</msg>
<status status="PASS" starttime="20231108 22:24:26.486" endtime="20231108 22:24:31.487"/>
</kw>
<status status="PASS" starttime="20231108 22:24:25.067" endtime="20231108 22:24:31.487"/>
</kw>
<kw name="Move To Template Data" library="template_data">
<kw name="Go To" library="SeleniumLibrary">
<arg>https://uji.sicantik.go.id/template-data</arg>
<doc>Navigates the current browser window to the provided ``url``.</doc>
<msg timestamp="20231108 22:24:31.487" level="INFO">Opening url 'https://uji.sicantik.go.id/template-data'</msg>
<status status="PASS" starttime="20231108 22:24:31.487" endtime="20231108 22:24:32.190"/>
</kw>
<kw name="Wait Until Element Contains" library="SeleniumLibrary">
<arg>xpath://*[@id="kt_content_container"]/div/div/div[1]/h5</arg>
<arg>Daftar Template Data</arg>
<doc>Waits until the element ``locator`` contains ``text``.</doc>
<status status="PASS" starttime="20231108 22:24:32.190" endtime="20231108 22:24:32.805"/>
</kw>
<status status="PASS" starttime="20231108 22:24:31.487" endtime="20231108 22:24:32.805"/>
</kw>
<kw name="Click Icon Pencil" library="template_data">
<kw name="Wait Until Element Is Visible" library="SeleniumLibrary">
<arg>css:i.fa-edit</arg>
<doc>Waits until the element ``locator`` is visible.</doc>
<status status="PASS" starttime="20231108 22:24:32.805" endtime="20231108 22:24:33.424"/>
</kw>
<kw name="Click Element" library="SeleniumLibrary">
<arg>css:i.fa-edit</arg>
<doc>Click the element identified by ``locator``.</doc>
<msg timestamp="20231108 22:24:33.424" level="INFO">Clicking element 'css:i.fa-edit'.</msg>
<status status="PASS" starttime="20231108 22:24:33.424" endtime="20231108 22:24:34.262"/>
</kw>
<kw name="Element Should Contain" library="SeleniumLibrary">
<arg>xpath://*[@id="kt_content_container"]/div[1]/form/div/div[1]/div/div/div[1]/div[1]/a</arg>
<arg>Ubah Template data</arg>
<doc>Verifies that element ``locator`` contains text ``expected``.</doc>
<msg timestamp="20231108 22:24:34.871" level="INFO">Element 'xpath://*[@id="kt_content_container"]/div[1]/form/div/div[1]/div/div/div[1]/div[1]/a' contains text 'Ubah Template data'.</msg>
<status status="PASS" starttime="20231108 22:24:34.262" endtime="20231108 22:24:34.871"/>
</kw>
<status status="PASS" starttime="20231108 22:24:32.805" endtime="20231108 22:24:34.871"/>
</kw>
<kw name="Input Nama Template Data" library="template_data">
<arg>namaTemplateDataComboGridUpdate</arg>
<kw name="Wait Until Element Is Visible" library="SeleniumLibrary">
<arg>xpath://*[@id="kt_content_container"]/div[1]/form/div/div[3]/div[1]/label</arg>
<doc>Waits until the element ``locator`` is visible.</doc>
<status status="PASS" starttime="20231108 22:24:34.871" endtime="20231108 22:24:35.482"/>
</kw>
<kw name="Click Element" library="SeleniumLibrary">
<arg>xpath://*[@id="kt_content_container"]/div[1]/form/div/div[3]/div[1]/label</arg>
<doc>Click the element identified by ``locator``.</doc>
<msg timestamp="20231108 22:24:35.482" level="INFO">Clicking element 'xpath://*[@id="kt_content_container"]/div[1]/form/div/div[3]/div[1]/label'.</msg>
<status status="PASS" starttime="20231108 22:24:35.482" endtime="20231108 22:24:36.300"/>
</kw>
<kw name="Press Keys" library="SeleniumLibrary">
<arg>None</arg>
<arg>TAB</arg>
<doc>Simulates the user pressing key(s) to an element or on the active browser.</doc>
<msg timestamp="20231108 22:24:36.300" level="INFO">Sending key(s) ('TAB',) to page.</msg>
<msg timestamp="20231108 22:24:36.300" level="INFO">Pressing special key TAB to browser.</msg>
<msg timestamp="20231108 22:24:36.300" level="INFO">Releasing special key TAB.</msg>
<status status="PASS" starttime="20231108 22:24:36.300" endtime="20231108 22:24:36.617"/>
</kw>
<kw name="Press Keys" library="SeleniumLibrary">
<arg>None</arg>
<arg>${namaTemplateData}</arg>
<doc>Simulates the user pressing key(s) to an element or on the active browser.</doc>
<msg timestamp="20231108 22:24:36.617" level="INFO">Sending key(s) ('namaTemplateDataComboGridUpdate',) to page.</msg>
<msg timestamp="20231108 22:24:36.617" level="INFO">Sending keys namaTemplateDataComboGridUpdate</msg>
<status status="PASS" starttime="20231108 22:24:36.617" endtime="20231108 22:24:36.984"/>
</kw>
<status status="PASS" starttime="20231108 22:24:34.871" endtime="20231108 22:24:36.984"/>
</kw>
<kw name="Select Tipe Keluaran" library="template_data">
<arg>Combo</arg>
<kw name="Click Element" library="SeleniumLibrary">
<arg>xpath://*[@id="kt_content_container"]/div[1]/form/div/div[3]/div[2]/label</arg>
<doc>Click the element identified by ``locator``.</doc>
<msg timestamp="20231108 22:24:36.985" level="INFO">Clicking element 'xpath://*[@id="kt_content_container"]/div[1]/form/div/div[3]/div[2]/label'.</msg>
<status status="PASS" starttime="20231108 22:24:36.985" endtime="20231108 22:24:37.805"/>
</kw>
<kw name="Press Keys" library="SeleniumLibrary">
<arg>None</arg>
<arg>TAB</arg>
<doc>Simulates the user pressing key(s) to an element or on the active browser.</doc>
<msg timestamp="20231108 22:24:37.805" level="INFO">Sending key(s) ('TAB',) to page.</msg>
<msg timestamp="20231108 22:24:37.805" level="INFO">Pressing special key TAB to browser.</msg>
<msg timestamp="20231108 22:24:37.805" level="INFO">Releasing special key TAB.</msg>
<status status="PASS" starttime="20231108 22:24:37.805" endtime="20231108 22:24:38.110"/>
</kw>
<kw name="Sleep" library="BuiltIn">
<arg>0.5s</arg>
<doc>Pauses the test executed for the given time.</doc>
<msg timestamp="20231108 22:24:38.611" level="INFO">Slept 500 milliseconds</msg>
<status status="PASS" starttime="20231108 22:24:38.110" endtime="20231108 22:24:38.611"/>
</kw>
<kw name="Press Keys" library="SeleniumLibrary">
<arg>None</arg>
<arg>${tipeKeluaran}</arg>
<doc>Simulates the user pressing key(s) to an element or on the active browser.</doc>
<msg timestamp="20231108 22:24:38.611" level="INFO">Sending key(s) ('Combo',) to page.</msg>
<msg timestamp="20231108 22:24:38.611" level="INFO">Sending keys Combo</msg>
<status status="PASS" starttime="20231108 22:24:38.611" endtime="20231108 22:24:38.918"/>
</kw>
<kw name="Press Keys" library="SeleniumLibrary">
<arg>None</arg>
<arg>ENTER</arg>
<doc>Simulates the user pressing key(s) to an element or on the active browser.</doc>
<msg timestamp="20231108 22:24:38.918" level="INFO">Sending key(s) ('ENTER',) to page.</msg>
<msg timestamp="20231108 22:24:38.918" level="INFO">Pressing special key ENTER to browser.</msg>
<msg timestamp="20231108 22:24:38.918" level="INFO">Releasing special key ENTER.</msg>
<status status="PASS" starttime="20231108 22:24:38.918" endtime="20231108 22:24:39.228"/>
</kw>
<status status="PASS" starttime="20231108 22:24:36.985" endtime="20231108 22:24:39.228"/>
</kw>
<kw name="Input Label Kelompok" library="template_data">
<arg>Label Kelompok Update</arg>
<kw name="Input Text" library="SeleniumLibrary">
<arg>name:label_kelompok</arg>
<arg>${labelKelompok}</arg>
<doc>Types the given ``text`` into the text field identified by ``locator``.</doc>
<msg timestamp="20231108 22:24:39.229" level="INFO">Typing text 'Label Kelompok Update' into text field 'name:label_kelompok'.</msg>
<status status="PASS" starttime="20231108 22:24:39.228" endtime="20231108 22:24:40.155"/>
</kw>
<status status="PASS" starttime="20231108 22:24:39.228" endtime="20231108 22:24:40.155"/>
</kw>
<kw name="Select Tipe" library="template_data">
<arg>Plural</arg>
<kw name="Click Element" library="SeleniumLibrary">
<arg>name:tipe</arg>
<doc>Click the element identified by ``locator``.</doc>
<msg timestamp="20231108 22:24:40.156" level="INFO">Clicking element 'name:tipe'.</msg>
<status status="PASS" starttime="20231108 22:24:40.155" endtime="20231108 22:24:40.977"/>
</kw>
<kw name="Press Keys" library="SeleniumLibrary">
<arg>None</arg>
<arg>${tipe}</arg>
<doc>Simulates the user pressing key(s) to an element or on the active browser.</doc>
<msg timestamp="20231108 22:24:40.977" level="INFO">Sending key(s) ('Plural',) to page.</msg>
<msg timestamp="20231108 22:24:40.977" level="INFO">Sending keys Plural</msg>
<status status="PASS" starttime="20231108 22:24:40.977" endtime="20231108 22:24:41.311"/>
</kw>
<kw name="Sleep" library="BuiltIn">
<arg>0.5s</arg>
<doc>Pauses the test executed for the given time.</doc>
<msg timestamp="20231108 22:24:41.811" level="INFO">Slept 500 milliseconds</msg>
<status status="PASS" starttime="20231108 22:24:41.311" endtime="20231108 22:24:41.811"/>
</kw>
<kw name="Press Keys" library="SeleniumLibrary">
<arg>None</arg>
<arg>ENTER</arg>
<doc>Simulates the user pressing key(s) to an element or on the active browser.</doc>
<msg timestamp="20231108 22:24:41.811" level="INFO">Sending key(s) ('ENTER',) to page.</msg>
<msg timestamp="20231108 22:24:41.811" level="INFO">Pressing special key ENTER to browser.</msg>
<msg timestamp="20231108 22:24:41.811" level="INFO">Releasing special key ENTER.</msg>
<status status="PASS" starttime="20231108 22:24:41.811" endtime="20231108 22:24:42.121"/>
</kw>
<status status="PASS" starttime="20231108 22:24:40.155" endtime="20231108 22:24:42.121"/>
</kw>
<kw name="Select Jenis Sumber" library="template_data">
<arg>Sql</arg>
<kw name="Click Element" library="SeleniumLibrary">
<arg>name:jenis_sumber</arg>
<doc>Click the element identified by ``locator``.</doc>
<msg timestamp="20231108 22:24:42.121" level="INFO">Clicking element 'name:jenis_sumber'.</msg>
<status status="PASS" starttime="20231108 22:24:42.121" endtime="20231108 22:24:42.944"/>
</kw>
<kw name="Press Keys" library="SeleniumLibrary">
<arg>None</arg>
<arg>${jenisSumber}</arg>
<doc>Simulates the user pressing key(s) to an element or on the active browser.</doc>
<msg timestamp="20231108 22:24:42.946" level="INFO">Sending key(s) ('Sql',) to page.</msg>
<msg timestamp="20231108 22:24:42.946" level="INFO">Sending keys Sql</msg>
<status status="PASS" starttime="20231108 22:24:42.945" endtime="20231108 22:24:43.262"/>
</kw>
<kw name="Sleep" library="BuiltIn">
<arg>0.5s</arg>
<doc>Pauses the test executed for the given time.</doc>
<msg timestamp="20231108 22:24:43.763" level="INFO">Slept 500 milliseconds</msg>
<status status="PASS" starttime="20231108 22:24:43.262" endtime="20231108 22:24:43.763"/>
</kw>
<kw name="Press Keys" library="SeleniumLibrary">
<arg>None</arg>
<arg>ENTER</arg>
<doc>Simulates the user pressing key(s) to an element or on the active browser.</doc>
<msg timestamp="20231108 22:24:43.763" level="INFO">Sending key(s) ('ENTER',) to page.</msg>
<msg timestamp="20231108 22:24:43.763" level="INFO">Pressing special key ENTER to browser.</msg>
<msg timestamp="20231108 22:24:43.763" level="INFO">Releasing special key ENTER.</msg>
<status status="PASS" starttime="20231108 22:24:43.763" endtime="20231108 22:24:44.071"/>
</kw>
<status status="PASS" starttime="20231108 22:24:42.121" endtime="20231108 22:24:44.071"/>
</kw>
<kw name="Input Query SQL" library="template_data">
<arg>SELECT * FROM Update</arg>
<kw name="Wait Until Element Is Enabled" library="SeleniumLibrary">
<arg>css:i.fa-book</arg>
<doc>Waits until the element ``locator`` is enabled.</doc>
<status status="PASS" starttime="20231108 22:24:44.071" endtime="20231108 22:24:44.984"/>
</kw>
<kw name="Click Element" library="SeleniumLibrary">
<arg>css:i.fa-book</arg>
<doc>Click the element identified by ``locator``.</doc>
<msg timestamp="20231108 22:24:44.984" level="INFO">Clicking element 'css:i.fa-book'.</msg>
<status status="PASS" starttime="20231108 22:24:44.984" endtime="20231108 22:24:45.803"/>
</kw>
<kw name="Element Should Contain" library="SeleniumLibrary">
<arg>xpath://*[@id="modalQuerySql"]/div/div/div[1]/h5</arg>
<arg>QUERY SQL</arg>
<doc>Verifies that element ``locator`` contains text ``expected``.</doc>
<msg timestamp="20231108 22:24:46.413" level="INFO">Element 'xpath://*[@id="modalQuerySql"]/div/div/div[1]/h5' contains text 'QUERY SQL'.</msg>
<status status="PASS" starttime="20231108 22:24:45.803" endtime="20231108 22:24:46.413"/>
</kw>
<kw name="Press Keys" library="SeleniumLibrary">
<arg>None</arg>
<arg>TAB</arg>
<doc>Simulates the user pressing key(s) to an element or on the active browser.</doc>
<msg timestamp="20231108 22:24:46.413" level="INFO">Sending key(s) ('TAB',) to page.</msg>
<msg timestamp="20231108 22:24:46.413" level="INFO">Pressing special key TAB to browser.</msg>
<msg timestamp="20231108 22:24:46.413" level="INFO">Releasing special key TAB.</msg>
<status status="PASS" starttime="20231108 22:24:46.413" endtime="20231108 22:24:46.718"/>
</kw>
<kw name="Press Keys" library="SeleniumLibrary">
<arg>None</arg>
<arg>${sql}</arg>
<doc>Simulates the user pressing key(s) to an element or on the active browser.</doc>
<msg timestamp="20231108 22:24:46.718" level="INFO">Sending key(s) ('SELECT * FROM Update',) to page.</msg>
<msg timestamp="20231108 22:24:46.719" level="INFO">Sending keys SELECT * FROM Update</msg>
<status status="PASS" starttime="20231108 22:24:46.718" endtime="20231108 22:24:47.121"/>
</kw>
<kw name="Wait Until Element Is Enabled" library="SeleniumLibrary">
<arg>xpath://*[@id="modalQuerySql"]/div/div/div[3]/button[2]</arg>
<doc>Waits until the element ``locator`` is enabled.</doc>
<status status="PASS" starttime="20231108 22:24:47.121" endtime="20231108 22:24:48.037"/>
</kw>
<kw name="Click Button" library="SeleniumLibrary">
<arg>xpath://*[@id="modalQuerySql"]/div/div/div[3]/button[2]</arg>
<doc>Clicks the button identified by ``locator``.</doc>
<msg timestamp="20231108 22:24:48.037" level="INFO">Clicking button 'xpath://*[@id="modalQuerySql"]/div/div/div[3]/button[2]'.</msg>
<status status="PASS" starttime="20231108 22:24:48.037" endtime="20231108 22:24:49.764"/>
</kw>
<kw name="Sleep" library="BuiltIn">
<arg>1s</arg>
<doc>Pauses the test executed for the given time.</doc>
<msg timestamp="20231108 22:24:50.765" level="INFO">Slept 1 second</msg>
<status status="PASS" starttime="20231108 22:24:49.764" endtime="20231108 22:24:50.765"/>
</kw>
<status status="PASS" starttime="20231108 22:24:44.071" endtime="20231108 22:24:50.765"/>
</kw>
<kw name="Click Icon Test Query Sql" library="template_data">
<kw name="Wait Until Element Is Enabled" library="SeleniumLibrary">
<arg>css:i.fa-wrench</arg>
<doc>Waits until the element ``locator`` is enabled.</doc>
<status status="PASS" starttime="20231108 22:24:50.765" endtime="20231108 22:24:51.680"/>
</kw>
<kw name="Click Element" library="SeleniumLibrary">
<arg>css:i.fa-wrench</arg>
<doc>Click the element identified by ``locator``.</doc>
<msg timestamp="20231108 22:24:51.680" level="INFO">Clicking element 'css:i.fa-wrench'.</msg>
<status status="PASS" starttime="20231108 22:24:51.680" endtime="20231108 22:24:52.510"/>
</kw>
<kw name="Element Should Contain" library="SeleniumLibrary">
<arg>xpath://*[@id="modalTestQuerySql"]/div/div/div[1]/h5</arg>
<arg>TEST QUERY SQL</arg>
<doc>Verifies that element ``locator`` contains text ``expected``.</doc>
<msg timestamp="20231108 22:24:53.118" level="INFO">Element 'xpath://*[@id="modalTestQuerySql"]/div/div/div[1]/h5' contains text 'TEST QUERY SQL'.</msg>
<status status="PASS" starttime="20231108 22:24:52.510" endtime="20231108 22:24:53.118"/>
</kw>
<status status="PASS" starttime="20231108 22:24:50.765" endtime="20231108 22:24:53.118"/>
</kw>
<kw name="Input Key Id" library="template_data">
<arg>2</arg>
<kw name="Input Text" library="SeleniumLibrary">
<arg>name:key_id</arg>
<arg>${keyId}</arg>
<doc>Types the given ``text`` into the text field identified by ``locator``.</doc>
<msg timestamp="20231108 22:24:53.118" level="INFO">Typing text '2' into text field 'name:key_id'.</msg>
<status status="PASS" starttime="20231108 22:24:53.118" endtime="20231108 22:24:54.033"/>
</kw>
<status status="PASS" starttime="20231108 22:24:53.118" endtime="20231108 22:24:54.033"/>
</kw>
<kw name="Input Unit Id" library="template_data">
<arg>2</arg>
<kw name="Input Text" library="SeleniumLibrary">
<arg>name:unit_id</arg>
<arg>${unitId}</arg>
<doc>Types the given ``text`` into the text field identified by ``locator``.</doc>
<msg timestamp="20231108 22:24:54.034" level="INFO">Typing text '2' into text field 'name:unit_id'.</msg>
<status status="PASS" starttime="20231108 22:24:54.033" endtime="20231108 22:24:54.952"/>
</kw>
<status status="PASS" starttime="20231108 22:24:54.033" endtime="20231108 22:24:54.952"/>
</kw>
<kw name="Input Instansi Id" library="template_data">
<arg>2</arg>
<kw name="Input Text" library="SeleniumLibrary">
<arg>name:instansi_id</arg>
<arg>${instansiId}</arg>
<doc>Types the given ``text`` into the text field identified by ``locator``.</doc>
<msg timestamp="20231108 22:24:54.954" level="INFO">Typing text '2' into text field 'name:instansi_id'.</msg>
<status status="PASS" starttime="20231108 22:24:54.953" endtime="20231108 22:24:55.868"/>
</kw>
<status status="PASS" starttime="20231108 22:24:54.953" endtime="20231108 22:24:55.868"/>
</kw>
<kw name="Input Custom Variable" library="template_data">
<arg>200</arg>
<kw name="Press Keys" library="SeleniumLibrary">
<arg>None</arg>
<arg>TAB</arg>
<doc>Simulates the user pressing key(s) to an element or on the active browser.</doc>
<msg timestamp="20231108 22:24:55.869" level="INFO">Sending key(s) ('TAB',) to page.</msg>
<msg timestamp="20231108 22:24:55.870" level="INFO">Pressing special key TAB to browser.</msg>
<msg timestamp="20231108 22:24:55.870" level="INFO">Releasing special key TAB.</msg>
<status status="PASS" starttime="20231108 22:24:55.868" endtime="20231108 22:24:56.175"/>
</kw>
<kw name="Press Keys" library="SeleniumLibrary">
<arg>None</arg>
<arg>${customVariable}</arg>
<doc>Simulates the user pressing key(s) to an element or on the active browser.</doc>
<msg timestamp="20231108 22:24:56.175" level="INFO">Sending key(s) ('200',) to page.</msg>
<msg timestamp="20231108 22:24:56.175" level="INFO">Sending keys 200</msg>
<status status="PASS" starttime="20231108 22:24:56.175" endtime="20231108 22:24:56.501"/>
</kw>
<kw name="Press Keys" library="SeleniumLibrary">
<arg>None</arg>
<arg>ESC</arg>
<doc>Simulates the user pressing key(s) to an element or on the active browser.</doc>
<msg timestamp="20231108 22:24:56.501" level="INFO">Sending key(s) ('ESC',) to page.</msg>
<msg timestamp="20231108 22:24:56.501" level="INFO">Pressing special key ESCAPE to browser.</msg>
<msg timestamp="20231108 22:24:56.501" level="INFO">Releasing special key ESCAPE.</msg>
<status status="PASS" starttime="20231108 22:24:56.501" endtime="20231108 22:24:56.811"/>
</kw>
<status status="PASS" starttime="20231108 22:24:55.868" endtime="20231108 22:24:56.811"/>
</kw>
<kw name="Click Button Simpan" library="template_data">
<kw name="Click Button" library="SeleniumLibrary">
<arg>default:Simpan</arg>
<doc>Clicks the button identified by ``locator``.</doc>
<msg timestamp="20231108 22:24:56.812" level="INFO">Clicking button 'default:Simpan'.</msg>
<status status="PASS" starttime="20231108 22:24:56.811" endtime="20231108 22:24:58.233"/>
</kw>
<kw name="Element Should Contain" library="SeleniumLibrary">
<arg>xpath://*[@id="swal2-content"]</arg>
<arg>Template data berhasil disimpan.</arg>
<doc>Verifies that element ``locator`` contains text ``expected``.</doc>
<msg timestamp="20231108 22:24:58.840" level="INFO">Element 'xpath://*[@id="swal2-content"]' contains text 'Template data berhasil disimpan.'.</msg>
<status status="PASS" starttime="20231108 22:24:58.233" endtime="20231108 22:24:58.840"/>
</kw>
<status status="PASS" starttime="20231108 22:24:56.811" endtime="20231108 22:24:58.840"/>
</kw>
<kw name="Sleep" library="BuiltIn">
<arg>1s</arg>
<doc>Pauses the test executed for the given time.</doc>
<msg timestamp="20231108 22:24:59.840" level="INFO">Slept 1 second</msg>
<status status="PASS" starttime="20231108 22:24:58.840" endtime="20231108 22:24:59.840"/>
</kw>
<kw name="Capture Page Screenshot" library="SeleniumLibrary">
<doc>Takes a screenshot of the current page and embeds it into a log file.</doc>
<msg timestamp="20231108 22:25:00.190" level="INFO" html="true">&lt;/td&gt;&lt;/tr&gt;&lt;tr&gt;&lt;td colspan="3"&gt;&lt;a href="selenium-screenshot-1.png"&gt;&lt;img src="selenium-screenshot-1.png" width="800px"&gt;&lt;/a&gt;</msg>
<status status="PASS" starttime="20231108 22:24:59.840" endtime="20231108 22:25:00.190"/>
</kw>
<kw name="Close Browser" library="SeleniumLibrary" type="TEARDOWN">
<doc>Closes the current browser.</doc>
<status status="PASS" starttime="20231108 22:25:00.190" endtime="20231108 22:25:03.317"/>
</kw>
<doc>SC03 - Update Template Data</doc>
<tag>TC01 - Update Template Data dengan Tipe Keluaran Combogrid Webservice</tag>
<status status="PASS" starttime="20231108 22:24:14.351" endtime="20231108 22:25:03.317"/>
</test>
<test id="s1-t2" name="TC02 - Update Template Data dengan Tipe Keluaran Dokumen Cetak" line="38">
<kw name="Open Browser To Login Page" library="login">
<kw name="Set Selenium Speed" library="SeleniumLibrary">
<arg>0.3s</arg>
<doc>Sets the delay that is waited after each Selenium command.</doc>
<status status="PASS" starttime="20231108 22:25:03.318" endtime="20231108 22:25:03.318"/>
</kw>
<kw name="Open Browser" library="SeleniumLibrary">
<arg>${LOGIN URL}</arg>
<arg>${BROWSER}</arg>
<doc>Opens a new browser instance to the optional ``url``.</doc>
<msg timestamp="20231108 22:25:03.319" level="INFO">Opening browser 'Firefox' to base url 'https://uji.sicantik.go.id/sign-in'.</msg>
<status status="PASS" starttime="20231108 22:25:03.318" endtime="20231108 22:25:10.648"/>
</kw>
<kw name="Maximize Browser Window" library="SeleniumLibrary">
<doc>Maximizes current browser window.</doc>
<status status="PASS" starttime="20231108 22:25:10.648" endtime="20231108 22:25:11.207"/>
</kw>
<kw name="Title Should Be" library="SeleniumLibrary">
<arg>SICANTIK</arg>
<doc>Verifies that the current page title equals ``title``.</doc>
<msg timestamp="20231108 22:25:11.510" level="INFO">Page title is 'SICANTIK'.</msg>
<status status="PASS" starttime="20231108 22:25:11.207" endtime="20231108 22:25:11.510"/>
</kw>
<status status="PASS" starttime="20231108 22:25:03.318" endtime="20231108 22:25:11.510"/>
</kw>
<kw name="Input Username" library="login">
<arg>admegov</arg>
<kw name="Input Text" library="SeleniumLibrary">
<arg>username</arg>
<arg>${username}</arg>
<doc>Types the given ``text`` into the text field identified by ``locator``.</doc>
<msg timestamp="20231108 22:25:11.511" level="INFO">Typing text 'admegov' into text field 'username'.</msg>
<status status="PASS" starttime="20231108 22:25:11.510" endtime="20231108 22:25:12.459"/>
</kw>
<status status="PASS" starttime="20231108 22:25:11.510" endtime="20231108 22:25:12.459"/>
</kw>
<kw name="Input Password" library="login">
<arg>Admegov789*@#</arg>
<kw name="Input Text" library="SeleniumLibrary">
<arg>password</arg>
<arg>${password}</arg>
<doc>Types the given ``text`` into the text field identified by ``locator``.</doc>
<msg timestamp="20231108 22:25:12.460" level="INFO">Typing text 'Admegov789*@#' into text field 'password'.</msg>
<status status="PASS" starttime="20231108 22:25:12.459" endtime="20231108 22:25:13.377"/>
</kw>
<status status="PASS" starttime="20231108 22:25:12.459" endtime="20231108 22:25:13.377"/>
</kw>
<kw name="Submit Credentials" library="login">
<kw name="Click Button" library="SeleniumLibrary">
<arg>kt_sign_in_submit</arg>
<doc>Clicks the button identified by ``locator``.</doc>
<msg timestamp="20231108 22:25:13.378" level="INFO">Clicking button 'kt_sign_in_submit'.</msg>
<status status="PASS" starttime="20231108 22:25:13.377" endtime="20231108 22:25:14.796"/>
</kw>
<kw name="Sleep" library="BuiltIn">
<arg>5s</arg>
<doc>Pauses the test executed for the given time.</doc>
<msg timestamp="20231108 22:25:19.797" level="INFO">Slept 5 seconds</msg>
<status status="PASS" starttime="20231108 22:25:14.796" endtime="20231108 22:25:19.797"/>
</kw>
<status status="PASS" starttime="20231108 22:25:13.377" endtime="20231108 22:25:19.797"/>
</kw>
<kw name="Move To Template Data" library="template_data">
<kw name="Go To" library="SeleniumLibrary">
<arg>https://uji.sicantik.go.id/template-data</arg>
<doc>Navigates the current browser window to the provided ``url``.</doc>
<msg timestamp="20231108 22:25:19.797" level="INFO">Opening url 'https://uji.sicantik.go.id/template-data'</msg>
<status status="PASS" starttime="20231108 22:25:19.797" endtime="20231108 22:25:20.480"/>
</kw>
<kw name="Wait Until Element Contains" library="SeleniumLibrary">
<arg>xpath://*[@id="kt_content_container"]/div/div/div[1]/h5</arg>
<arg>Daftar Template Data</arg>
<doc>Waits until the element ``locator`` contains ``text``.</doc>
<status status="PASS" starttime="20231108 22:25:20.480" endtime="20231108 22:25:21.099"/>
</kw>
<status status="PASS" starttime="20231108 22:25:19.797" endtime="20231108 22:25:21.099"/>
</kw>
<kw name="Click Icon Pencil" library="template_data">
<kw name="Wait Until Element Is Visible" library="SeleniumLibrary">
<arg>css:i.fa-edit</arg>
<doc>Waits until the element ``locator`` is visible.</doc>
<status status="PASS" starttime="20231108 22:25:21.099" endtime="20231108 22:25:21.712"/>
</kw>
<kw name="Click Element" library="SeleniumLibrary">
<arg>css:i.fa-edit</arg>
<doc>Click the element identified by ``locator``.</doc>
<msg timestamp="20231108 22:25:21.712" level="INFO">Clicking element 'css:i.fa-edit'.</msg>
<status status="PASS" starttime="20231108 22:25:21.712" endtime="20231108 22:25:22.557"/>
</kw>
<kw name="Element Should Contain" library="SeleniumLibrary">
<arg>xpath://*[@id="kt_content_container"]/div[1]/form/div/div[1]/div/div/div[1]/div[1]/a</arg>
<arg>Ubah Template data</arg>
<doc>Verifies that element ``locator`` contains text ``expected``.</doc>
<msg timestamp="20231108 22:25:23.173" level="INFO">Element 'xpath://*[@id="kt_content_container"]/div[1]/form/div/div[1]/div/div/div[1]/div[1]/a' contains text 'Ubah Template data'.</msg>
<status status="PASS" starttime="20231108 22:25:22.557" endtime="20231108 22:25:23.173"/>
</kw>
<status status="PASS" starttime="20231108 22:25:21.099" endtime="20231108 22:25:23.173"/>
</kw>
<kw name="Input Nama Template Data" library="template_data">
<arg>namaTemplateDataDokumenCetakUpdate</arg>
<kw name="Wait Until Element Is Visible" library="SeleniumLibrary">
<arg>xpath://*[@id="kt_content_container"]/div[1]/form/div/div[3]/div[1]/label</arg>
<doc>Waits until the element ``locator`` is visible.</doc>
<status status="PASS" starttime="20231108 22:25:23.173" endtime="20231108 22:25:23.786"/>
</kw>
<kw name="Click Element" library="SeleniumLibrary">
<arg>xpath://*[@id="kt_content_container"]/div[1]/form/div/div[3]/div[1]/label</arg>
<doc>Click the element identified by ``locator``.</doc>
<msg timestamp="20231108 22:25:23.786" level="INFO">Clicking element 'xpath://*[@id="kt_content_container"]/div[1]/form/div/div[3]/div[1]/label'.</msg>
<status status="PASS" starttime="20231108 22:25:23.786" endtime="20231108 22:25:24.598"/>
</kw>
<kw name="Press Keys" library="SeleniumLibrary">
<arg>None</arg>
<arg>TAB</arg>
<doc>Simulates the user pressing key(s) to an element or on the active browser.</doc>
<msg timestamp="20231108 22:25:24.598" level="INFO">Sending key(s) ('TAB',) to page.</msg>
<msg timestamp="20231108 22:25:24.598" level="INFO">Pressing special key TAB to browser.</msg>
<msg timestamp="20231108 22:25:24.599" level="INFO">Releasing special key TAB.</msg>
<status status="PASS" starttime="20231108 22:25:24.598" endtime="20231108 22:25:24.915"/>
</kw>
<kw name="Press Keys" library="SeleniumLibrary">
<arg>None</arg>
<arg>${namaTemplateData}</arg>
<doc>Simulates the user pressing key(s) to an element or on the active browser.</doc>
<msg timestamp="20231108 22:25:24.915" level="INFO">Sending key(s) ('namaTemplateDataDokumenCetakUpdate',) to page.</msg>
<msg timestamp="20231108 22:25:24.915" level="INFO">Sending keys namaTemplateDataDokumenCetakUpdate</msg>
<status status="PASS" starttime="20231108 22:25:24.915" endtime="20231108 22:25:25.292"/>
</kw>
<status status="PASS" starttime="20231108 22:25:23.173" endtime="20231108 22:25:25.292"/>
</kw>
<kw name="Select Tipe Keluaran" library="template_data">
<arg>Dokumen</arg>
<kw name="Click Element" library="SeleniumLibrary">
<arg>xpath://*[@id="kt_content_container"]/div[1]/form/div/div[3]/div[2]/label</arg>
<doc>Click the element identified by ``locator``.</doc>
<msg timestamp="20231108 22:25:25.292" level="INFO">Clicking element 'xpath://*[@id="kt_content_container"]/div[1]/form/div/div[3]/div[2]/label'.</msg>
<status status="PASS" starttime="20231108 22:25:25.292" endtime="20231108 22:25:26.104"/>
</kw>
<kw name="Press Keys" library="SeleniumLibrary">
<arg>None</arg>
<arg>TAB</arg>
<doc>Simulates the user pressing key(s) to an element or on the active browser.</doc>
<msg timestamp="20231108 22:25:26.104" level="INFO">Sending key(s) ('TAB',) to page.</msg>
<msg timestamp="20231108 22:25:26.104" level="INFO">Pressing special key TAB to browser.</msg>
<msg timestamp="20231108 22:25:26.104" level="INFO">Releasing special key TAB.</msg>
<status status="PASS" starttime="20231108 22:25:26.104" endtime="20231108 22:25:26.410"/>
</kw>
<kw name="Sleep" library="BuiltIn">
<arg>0.5s</arg>
<doc>Pauses the test executed for the given time.</doc>
<msg timestamp="20231108 22:25:26.910" level="INFO">Slept 500 milliseconds</msg>
<status status="PASS" starttime="20231108 22:25:26.410" endtime="20231108 22:25:26.910"/>
</kw>
<kw name="Press Keys" library="SeleniumLibrary">
<arg>None</arg>
<arg>${tipeKeluaran}</arg>
<doc>Simulates the user pressing key(s) to an element or on the active browser.</doc>
<msg timestamp="20231108 22:25:26.910" level="INFO">Sending key(s) ('Dokumen',) to page.</msg>
<msg timestamp="20231108 22:25:26.910" level="INFO">Sending keys Dokumen</msg>
<status status="PASS" starttime="20231108 22:25:26.910" endtime="20231108 22:25:27.217"/>
</kw>
<kw name="Press Keys" library="SeleniumLibrary">
<arg>None</arg>
<arg>ENTER</arg>
<doc>Simulates the user pressing key(s) to an element or on the active browser.</doc>
<msg timestamp="20231108 22:25:27.217" level="INFO">Sending key(s) ('ENTER',) to page.</msg>
<msg timestamp="20231108 22:25:27.217" level="INFO">Pressing special key ENTER to browser.</msg>
<msg timestamp="20231108 22:25:27.217" level="INFO">Releasing special key ENTER.</msg>
<status status="PASS" starttime="20231108 22:25:27.217" endtime="20231108 22:25:27.528"/>
</kw>
<status status="PASS" starttime="20231108 22:25:25.292" endtime="20231108 22:25:27.528"/>
</kw>
<kw name="Input Label Kelompok" library="template_data">
<arg>Label Kelompok Update</arg>
<kw name="Input Text" library="SeleniumLibrary">
<arg>name:label_kelompok</arg>
<arg>${labelKelompok}</arg>
<doc>Types the given ``text`` into the text field identified by ``locator``.</doc>
<msg timestamp="20231108 22:25:27.529" level="INFO">Typing text 'Label Kelompok Update' into text field 'name:label_kelompok'.</msg>
<status status="PASS" starttime="20231108 22:25:27.528" endtime="20231108 22:25:28.455"/>
</kw>
<status status="PASS" starttime="20231108 22:25:27.528" endtime="20231108 22:25:28.455"/>
</kw>
<kw name="Select Tipe" library="template_data">
<arg>Plural</arg>
<kw name="Click Element" library="SeleniumLibrary">
<arg>name:tipe</arg>
<doc>Click the element identified by ``locator``.</doc>
<msg timestamp="20231108 22:25:28.456" level="INFO">Clicking element 'name:tipe'.</msg>
<status status="PASS" starttime="20231108 22:25:28.455" endtime="20231108 22:25:29.279"/>
</kw>
<kw name="Press Keys" library="SeleniumLibrary">
<arg>None</arg>
<arg>${tipe}</arg>
<doc>Simulates the user pressing key(s) to an element or on the active browser.</doc>
<msg timestamp="20231108 22:25:29.279" level="INFO">Sending key(s) ('Plural',) to page.</msg>
<msg timestamp="20231108 22:25:29.279" level="INFO">Sending keys Plural</msg>
<status status="PASS" starttime="20231108 22:25:29.279" endtime="20231108 22:25:29.608"/>
</kw>
<kw name="Sleep" library="BuiltIn">
<arg>0.5s</arg>
<doc>Pauses the test executed for the given time.</doc>
<msg timestamp="20231108 22:25:30.108" level="INFO">Slept 500 milliseconds</msg>
<status status="PASS" starttime="20231108 22:25:29.608" endtime="20231108 22:25:30.108"/>
</kw>
<kw name="Press Keys" library="SeleniumLibrary">
<arg>None</arg>
<arg>ENTER</arg>
<doc>Simulates the user pressing key(s) to an element or on the active browser.</doc>
<msg timestamp="20231108 22:25:30.108" level="INFO">Sending key(s) ('ENTER',) to page.</msg>
<msg timestamp="20231108 22:25:30.108" level="INFO">Pressing special key ENTER to browser.</msg>
<msg timestamp="20231108 22:25:30.108" level="INFO">Releasing special key ENTER.</msg>
<status status="PASS" starttime="20231108 22:25:30.108" endtime="20231108 22:25:30.424"/>
</kw>
<status status="PASS" starttime="20231108 22:25:28.455" endtime="20231108 22:25:30.424"/>
</kw>
<kw name="Select Jenis Sumber" library="template_data">
<arg>Sql</arg>
<kw name="Click Element" library="SeleniumLibrary">
<arg>name:jenis_sumber</arg>
<doc>Click the element identified by ``locator``.</doc>
<msg timestamp="20231108 22:25:30.425" level="INFO">Clicking element 'name:jenis_sumber'.</msg>
<status status="PASS" starttime="20231108 22:25:30.424" endtime="20231108 22:25:31.256"/>
</kw>
<kw name="Press Keys" library="SeleniumLibrary">
<arg>None</arg>
<arg>${jenisSumber}</arg>
<doc>Simulates the user pressing key(s) to an element or on the active browser.</doc>
<msg timestamp="20231108 22:25:31.256" level="INFO">Sending key(s) ('Sql',) to page.</msg>
<msg timestamp="20231108 22:25:31.256" level="INFO">Sending keys Sql</msg>
<status status="PASS" starttime="20231108 22:25:31.256" endtime="20231108 22:25:31.576"/>
</kw>
<kw name="Sleep" library="BuiltIn">
<arg>0.5s</arg>
<doc>Pauses the test executed for the given time.</doc>
<msg timestamp="20231108 22:25:32.076" level="INFO">Slept 500 milliseconds</msg>
<status status="PASS" starttime="20231108 22:25:31.576" endtime="20231108 22:25:32.076"/>
</kw>
<kw name="Press Keys" library="SeleniumLibrary">
<arg>None</arg>
<arg>ENTER</arg>
<doc>Simulates the user pressing key(s) to an element or on the active browser.</doc>
<msg timestamp="20231108 22:25:32.076" level="INFO">Sending key(s) ('ENTER',) to page.</msg>
<msg timestamp="20231108 22:25:32.076" level="INFO">Pressing special key ENTER to browser.</msg>
<msg timestamp="20231108 22:25:32.076" level="INFO">Releasing special key ENTER.</msg>
<status status="PASS" starttime="20231108 22:25:32.076" endtime="20231108 22:25:32.385"/>
</kw>
<status status="PASS" starttime="20231108 22:25:30.424" endtime="20231108 22:25:32.385"/>
</kw>
<kw name="Input Query SQL" library="template_data">
<arg>SELECT * FROM Update</arg>
<kw name="Wait Until Element Is Enabled" library="SeleniumLibrary">
<arg>css:i.fa-book</arg>
<doc>Waits until the element ``locator`` is enabled.</doc>
<status status="PASS" starttime="20231108 22:25:32.385" endtime="20231108 22:25:33.299"/>
</kw>
<kw name="Click Element" library="SeleniumLibrary">
<arg>css:i.fa-book</arg>
<doc>Click the element identified by ``locator``.</doc>
<msg timestamp="20231108 22:25:33.299" level="INFO">Clicking element 'css:i.fa-book'.</msg>
<status status="PASS" starttime="20231108 22:25:33.299" endtime="20231108 22:25:34.118"/>
</kw>
<kw name="Element Should Contain" library="SeleniumLibrary">
<arg>xpath://*[@id="modalQuerySql"]/div/div/div[1]/h5</arg>
<arg>QUERY SQL</arg>
<doc>Verifies that element ``locator`` contains text ``expected``.</doc>
<msg timestamp="20231108 22:25:34.726" level="INFO">Element 'xpath://*[@id="modalQuerySql"]/div/div/div[1]/h5' contains text 'QUERY SQL'.</msg>
<status status="PASS" starttime="20231108 22:25:34.118" endtime="20231108 22:25:34.726"/>
</kw>
<kw name="Press Keys" library="SeleniumLibrary">
<arg>None</arg>
<arg>TAB</arg>
<doc>Simulates the user pressing key(s) to an element or on the active browser.</doc>
<msg timestamp="20231108 22:25:34.726" level="INFO">Sending key(s) ('TAB',) to page.</msg>
<msg timestamp="20231108 22:25:34.726" level="INFO">Pressing special key TAB to browser.</msg>
<msg timestamp="20231108 22:25:34.726" level="INFO">Releasing special key TAB.</msg>
<status status="PASS" starttime="20231108 22:25:34.726" endtime="20231108 22:25:35.031"/>
</kw>
<kw name="Press Keys" library="SeleniumLibrary">
<arg>None</arg>
<arg>${sql}</arg>
<doc>Simulates the user pressing key(s) to an element or on the active browser.</doc>
<msg timestamp="20231108 22:25:35.031" level="INFO">Sending key(s) ('SELECT * FROM Update',) to page.</msg>
<msg timestamp="20231108 22:25:35.031" level="INFO">Sending keys SELECT * FROM Update</msg>
<status status="PASS" starttime="20231108 22:25:35.031" endtime="20231108 22:25:35.437"/>
</kw>
<kw name="Wait Until Element Is Enabled" library="SeleniumLibrary">
<arg>xpath://*[@id="modalQuerySql"]/div/div/div[3]/button[2]</arg>
<doc>Waits until the element ``locator`` is enabled.</doc>
<status status="PASS" starttime="20231108 22:25:35.437" endtime="20231108 22:25:36.354"/>
</kw>
<kw name="Click Button" library="SeleniumLibrary">
<arg>xpath://*[@id="modalQuerySql"]/div/div/div[3]/button[2]</arg>
<doc>Clicks the button identified by ``locator``.</doc>
<msg timestamp="20231108 22:25:36.354" level="INFO">Clicking button 'xpath://*[@id="modalQuerySql"]/div/div/div[3]/button[2]'.</msg>
<status status="PASS" starttime="20231108 22:25:36.354" endtime="20231108 22:25:38.076"/>
</kw>
<kw name="Sleep" library="BuiltIn">
<arg>1s</arg>
<doc>Pauses the test executed for the given time.</doc>
<msg timestamp="20231108 22:25:39.076" level="INFO">Slept 1 second</msg>
<status status="PASS" starttime="20231108 22:25:38.076" endtime="20231108 22:25:39.076"/>
</kw>
<status status="PASS" starttime="20231108 22:25:32.385" endtime="20231108 22:25:39.076"/>
</kw>
<kw name="Click Icon Test Query Sql" library="template_data">
<kw name="Wait Until Element Is Enabled" library="SeleniumLibrary">
<arg>css:i.fa-wrench</arg>
<doc>Waits until the element ``locator`` is enabled.</doc>
<status status="PASS" starttime="20231108 22:25:39.076" endtime="20231108 22:25:39.993"/>
</kw>
<kw name="Click Element" library="SeleniumLibrary">
<arg>css:i.fa-wrench</arg>
<doc>Click the element identified by ``locator``.</doc>
<msg timestamp="20231108 22:25:39.993" level="INFO">Clicking element 'css:i.fa-wrench'.</msg>
<status status="PASS" starttime="20231108 22:25:39.993" endtime="20231108 22:25:40.819"/>
</kw>
<kw name="Element Should Contain" library="SeleniumLibrary">
<arg>xpath://*[@id="modalTestQuerySql"]/div/div/div[1]/h5</arg>
<arg>TEST QUERY SQL</arg>
<doc>Verifies that element ``locator`` contains text ``expected``.</doc>
<msg timestamp="20231108 22:25:41.427" level="INFO">Element 'xpath://*[@id="modalTestQuerySql"]/div/div/div[1]/h5' contains text 'TEST QUERY SQL'.</msg>
<status status="PASS" starttime="20231108 22:25:40.819" endtime="20231108 22:25:41.427"/>
</kw>
<status status="PASS" starttime="20231108 22:25:39.076" endtime="20231108 22:25:41.427"/>
</kw>
<kw name="Input Key Id" library="template_data">
<arg>2</arg>
<kw name="Input Text" library="SeleniumLibrary">
<arg>name:key_id</arg>
<arg>${keyId}</arg>
<doc>Types the given ``text`` into the text field identified by ``locator``.</doc>
<msg timestamp="20231108 22:25:41.428" level="INFO">Typing text '2' into text field 'name:key_id'.</msg>
<status status="PASS" starttime="20231108 22:25:41.427" endtime="20231108 22:25:42.343"/>
</kw>
<status status="PASS" starttime="20231108 22:25:41.427" endtime="20231108 22:25:42.343"/>
</kw>
<kw name="Input Unit Id" library="template_data">
<arg>2</arg>
<kw name="Input Text" library="SeleniumLibrary">
<arg>name:unit_id</arg>
<arg>${unitId}</arg>
<doc>Types the given ``text`` into the text field identified by ``locator``.</doc>
<msg timestamp="20231108 22:25:42.344" level="INFO">Typing text '2' into text field 'name:unit_id'.</msg>
<status status="PASS" starttime="20231108 22:25:42.343" endtime="20231108 22:25:43.264"/>
</kw>
<status status="PASS" starttime="20231108 22:25:42.343" endtime="20231108 22:25:43.264"/>
</kw>
<kw name="Input Instansi Id" library="template_data">
<arg>2</arg>
<kw name="Input Text" library="SeleniumLibrary">
<arg>name:instansi_id</arg>
<arg>${instansiId}</arg>
<doc>Types the given ``text`` into the text field identified by ``locator``.</doc>
<msg timestamp="20231108 22:25:43.264" level="INFO">Typing text '2' into text field 'name:instansi_id'.</msg>
<status status="PASS" starttime="20231108 22:25:43.264" endtime="20231108 22:25:44.188"/>
</kw>
<status status="PASS" starttime="20231108 22:25:43.264" endtime="20231108 22:25:44.188"/>
</kw>
<kw name="Input Custom Variable" library="template_data">
<arg>200</arg>
<kw name="Press Keys" library="SeleniumLibrary">
<arg>None</arg>
<arg>TAB</arg>
<doc>Simulates the user pressing key(s) to an element or on the active browser.</doc>
<msg timestamp="20231108 22:25:44.189" level="INFO">Sending key(s) ('TAB',) to page.</msg>
<msg timestamp="20231108 22:25:44.189" level="INFO">Pressing special key TAB to browser.</msg>
<msg timestamp="20231108 22:25:44.189" level="INFO">Releasing special key TAB.</msg>
<status status="PASS" starttime="20231108 22:25:44.188" endtime="20231108 22:25:44.494"/>
</kw>
<kw name="Press Keys" library="SeleniumLibrary">
<arg>None</arg>
<arg>${customVariable}</arg>
<doc>Simulates the user pressing key(s) to an element or on the active browser.</doc>
<msg timestamp="20231108 22:25:44.494" level="INFO">Sending key(s) ('200',) to page.</msg>
<msg timestamp="20231108 22:25:44.494" level="INFO">Sending keys 200</msg>
<status status="PASS" starttime="20231108 22:25:44.494" endtime="20231108 22:25:44.823"/>
</kw>
<kw name="Press Keys" library="SeleniumLibrary">
<arg>None</arg>
<arg>ESC</arg>
<doc>Simulates the user pressing key(s) to an element or on the active browser.</doc>
<msg timestamp="20231108 22:25:44.823" level="INFO">Sending key(s) ('ESC',) to page.</msg>
<msg timestamp="20231108 22:25:44.823" level="INFO">Pressing special key ESCAPE to browser.</msg>
<msg timestamp="20231108 22:25:44.823" level="INFO">Releasing special key ESCAPE.</msg>
<status status="PASS" starttime="20231108 22:25:44.823" endtime="20231108 22:25:45.130"/>
</kw>
<status status="PASS" starttime="20231108 22:25:44.188" endtime="20231108 22:25:45.130"/>
</kw>
<kw name="Click Button Simpan" library="template_data">
<kw name="Click Button" library="SeleniumLibrary">
<arg>default:Simpan</arg>
<doc>Clicks the button identified by ``locator``.</doc>
<msg timestamp="20231108 22:25:45.131" level="INFO">Clicking button 'default:Simpan'.</msg>
<status status="PASS" starttime="20231108 22:25:45.130" endtime="20231108 22:25:46.563"/>
</kw>
<kw name="Element Should Contain" library="SeleniumLibrary">
<arg>xpath://*[@id="swal2-content"]</arg>
<arg>Template data berhasil disimpan.</arg>
<doc>Verifies that element ``locator`` contains text ``expected``.</doc>
<msg timestamp="20231108 22:25:47.170" level="INFO">Element 'xpath://*[@id="swal2-content"]' contains text 'Template data berhasil disimpan.'.</msg>
<status status="PASS" starttime="20231108 22:25:46.563" endtime="20231108 22:25:47.170"/>
</kw>
<status status="PASS" starttime="20231108 22:25:45.130" endtime="20231108 22:25:47.170"/>
</kw>
<kw name="Sleep" library="BuiltIn">
<arg>2s</arg>
<doc>Pauses the test executed for the given time.</doc>
<msg timestamp="20231108 22:25:49.171" level="INFO">Slept 2 seconds</msg>
<status status="PASS" starttime="20231108 22:25:47.170" endtime="20231108 22:25:49.171"/>
</kw>
<kw name="Capture Page Screenshot" library="SeleniumLibrary">
<doc>Takes a screenshot of the current page and embeds it into a log file.</doc>
<msg timestamp="20231108 22:25:49.527" level="INFO" html="true">&lt;/td&gt;&lt;/tr&gt;&lt;tr&gt;&lt;td colspan="3"&gt;&lt;a href="selenium-screenshot-2.png"&gt;&lt;img src="selenium-screenshot-2.png" width="800px"&gt;&lt;/a&gt;</msg>
<status status="PASS" starttime="20231108 22:25:49.171" endtime="20231108 22:25:49.527"/>
</kw>
<kw name="Close Browser" library="SeleniumLibrary" type="TEARDOWN">
<doc>Closes the current browser.</doc>
<status status="PASS" starttime="20231108 22:25:49.527" endtime="20231108 22:25:52.674"/>
</kw>
<doc>SC03 - Update Template Data</doc>
<tag>TC02 - Update Template Data dengan Tipe Keluaran Dokumen Cetak</tag>
<status status="PASS" starttime="20231108 22:25:03.318" endtime="20231108 22:25:52.674"/>
</test>
<test id="s1-t3" name="TC03 - Update Template Data dengan Tipe Keluaran JSON" line="64">
<kw name="Open Browser To Login Page" library="login">
<kw name="Set Selenium Speed" library="SeleniumLibrary">
<arg>0.3s</arg>
<doc>Sets the delay that is waited after each Selenium command.</doc>
<status status="PASS" starttime="20231108 22:25:52.675" endtime="20231108 22:25:52.675"/>
</kw>
<kw name="Open Browser" library="SeleniumLibrary">
<arg>${LOGIN URL}</arg>
<arg>${BROWSER}</arg>
<doc>Opens a new browser instance to the optional ``url``.</doc>
<msg timestamp="20231108 22:25:52.676" level="INFO">Opening browser 'Firefox' to base url 'https://uji.sicantik.go.id/sign-in'.</msg>
<status status="PASS" starttime="20231108 22:25:52.675" endtime="20231108 22:26:00.489"/>
</kw>
<kw name="Maximize Browser Window" library="SeleniumLibrary">
<doc>Maximizes current browser window.</doc>
<status status="PASS" starttime="20231108 22:26:00.489" endtime="20231108 22:26:01.046"/>
</kw>
<kw name="Title Should Be" library="SeleniumLibrary">
<arg>SICANTIK</arg>
<doc>Verifies that the current page title equals ``title``.</doc>
<msg timestamp="20231108 22:26:01.348" level="INFO">Page title is 'SICANTIK'.</msg>
<status status="PASS" starttime="20231108 22:26:01.046" endtime="20231108 22:26:01.348"/>
</kw>
<status status="PASS" starttime="20231108 22:25:52.675" endtime="20231108 22:26:01.348"/>
</kw>
<kw name="Input Username" library="login">
<arg>admegov</arg>
<kw name="Input Text" library="SeleniumLibrary">
<arg>username</arg>
<arg>${username}</arg>
<doc>Types the given ``text`` into the text field identified by ``locator``.</doc>
<msg timestamp="20231108 22:26:01.349" level="INFO">Typing text 'admegov' into text field 'username'.</msg>
<status status="PASS" starttime="20231108 22:26:01.348" endtime="20231108 22:26:02.299"/>
</kw>
<status status="PASS" starttime="20231108 22:26:01.348" endtime="20231108 22:26:02.299"/>
</kw>
<kw name="Input Password" library="login">
<arg>Admegov789*@#</arg>
<kw name="Input Text" library="SeleniumLibrary">
<arg>password</arg>
<arg>${password}</arg>
<doc>Types the given ``text`` into the text field identified by ``locator``.</doc>
<msg timestamp="20231108 22:26:02.299" level="INFO">Typing text 'Admegov789*@#' into text field 'password'.</msg>
<status status="PASS" starttime="20231108 22:26:02.299" endtime="20231108 22:26:03.217"/>
</kw>
<status status="PASS" starttime="20231108 22:26:02.299" endtime="20231108 22:26:03.217"/>
</kw>
<kw name="Submit Credentials" library="login">
<kw name="Click Button" library="SeleniumLibrary">
<arg>kt_sign_in_submit</arg>
<doc>Clicks the button identified by ``locator``.</doc>
<msg timestamp="20231108 22:26:03.217" level="INFO">Clicking button 'kt_sign_in_submit'.</msg>
<status status="PASS" starttime="20231108 22:26:03.217" endtime="20231108 22:26:04.635"/>
</kw>
<kw name="Sleep" library="BuiltIn">
<arg>5s</arg>
<doc>Pauses the test executed for the given time.</doc>
<msg timestamp="20231108 22:26:09.635" level="INFO">Slept 5 seconds</msg>
<status status="PASS" starttime="20231108 22:26:04.635" endtime="20231108 22:26:09.635"/>
</kw>
<status status="PASS" starttime="20231108 22:26:03.217" endtime="20231108 22:26:09.635"/>
</kw>
<kw name="Move To Template Data" library="template_data">
<kw name="Go To" library="SeleniumLibrary">
<arg>https://uji.sicantik.go.id/template-data</arg>
<doc>Navigates the current browser window to the provided ``url``.</doc>
<msg timestamp="20231108 22:26:09.635" level="INFO">Opening url 'https://uji.sicantik.go.id/template-data'</msg>
<status status="PASS" starttime="20231108 22:26:09.635" endtime="20231108 22:26:10.347"/>
</kw>
<kw name="Wait Until Element Contains" library="SeleniumLibrary">
<arg>xpath://*[@id="kt_content_container"]/div/div/div[1]/h5</arg>
<arg>Daftar Template Data</arg>
<doc>Waits until the element ``locator`` contains ``text``.</doc>
<status status="PASS" starttime="20231108 22:26:10.347" endtime="20231108 22:26:10.964"/>
</kw>
<status status="PASS" starttime="20231108 22:26:09.635" endtime="20231108 22:26:10.964"/>
</kw>
<kw name="Click Icon Pencil" library="template_data">
<kw name="Wait Until Element Is Visible" library="SeleniumLibrary">
<arg>css:i.fa-edit</arg>
<doc>Waits until the element ``locator`` is visible.</doc>
<status status="PASS" starttime="20231108 22:26:10.964" endtime="20231108 22:26:11.589"/>
</kw>
<kw name="Click Element" library="SeleniumLibrary">
<arg>css:i.fa-edit</arg>
<doc>Click the element identified by ``locator``.</doc>
<msg timestamp="20231108 22:26:11.589" level="INFO">Clicking element 'css:i.fa-edit'.</msg>
<status status="PASS" starttime="20231108 22:26:11.589" endtime="20231108 22:26:12.422"/>
</kw>
<kw name="Element Should Contain" library="SeleniumLibrary">
<arg>xpath://*[@id="kt_content_container"]/div[1]/form/div/div[1]/div/div/div[1]/div[1]/a</arg>
<arg>Ubah Template data</arg>
<doc>Verifies that element ``locator`` contains text ``expected``.</doc>
<msg timestamp="20231108 22:26:13.029" level="INFO">Element 'xpath://*[@id="kt_content_container"]/div[1]/form/div/div[1]/div/div/div[1]/div[1]/a' contains text 'Ubah Template data'.</msg>
<status status="PASS" starttime="20231108 22:26:12.422" endtime="20231108 22:26:13.029"/>
</kw>
<status status="PASS" starttime="20231108 22:26:10.964" endtime="20231108 22:26:13.029"/>
</kw>
<kw name="Input Nama Template Data" library="template_data">
<arg>namaTemplateDataJSONUpdate</arg>
<kw name="Wait Until Element Is Visible" library="SeleniumLibrary">
<arg>xpath://*[@id="kt_content_container"]/div[1]/form/div/div[3]/div[1]/label</arg>
<doc>Waits until the element ``locator`` is visible.</doc>
<status status="PASS" starttime="20231108 22:26:13.031" endtime="20231108 22:26:13.646"/>
</kw>
<kw name="Click Element" library="SeleniumLibrary">
<arg>xpath://*[@id="kt_content_container"]/div[1]/form/div/div[3]/div[1]/label</arg>
<doc>Click the element identified by ``locator``.</doc>
<msg timestamp="20231108 22:26:13.646" level="INFO">Clicking element 'xpath://*[@id="kt_content_container"]/div[1]/form/div/div[3]/div[1]/label'.</msg>
<status status="PASS" starttime="20231108 22:26:13.646" endtime="20231108 22:26:14.458"/>
</kw>
<kw name="Press Keys" library="SeleniumLibrary">
<arg>None</arg>
<arg>TAB</arg>
<doc>Simulates the user pressing key(s) to an element or on the active browser.</doc>
<msg timestamp="20231108 22:26:14.458" level="INFO">Sending key(s) ('TAB',) to page.</msg>
<msg timestamp="20231108 22:26:14.458" level="INFO">Pressing special key TAB to browser.</msg>
<msg timestamp="20231108 22:26:14.458" level="INFO">Releasing special key TAB.</msg>
<status status="PASS" starttime="20231108 22:26:14.458" endtime="20231108 22:26:14.777"/>
</kw>
<kw name="Press Keys" library="SeleniumLibrary">
<arg>None</arg>
<arg>${namaTemplateData}</arg>
<doc>Simulates the user pressing key(s) to an element or on the active browser.</doc>
<msg timestamp="20231108 22:26:14.777" level="INFO">Sending key(s) ('namaTemplateDataJSONUpdate',) to page.</msg>
<msg timestamp="20231108 22:26:14.777" level="INFO">Sending keys namaTemplateDataJSONUpdate</msg>
<status status="PASS" starttime="20231108 22:26:14.777" endtime="20231108 22:26:15.139"/>
</kw>
<status status="PASS" starttime="20231108 22:26:13.030" endtime="20231108 22:26:15.139"/>
</kw>
<kw name="Select Tipe Keluaran" library="template_data">
<arg>Json</arg>
<kw name="Click Element" library="SeleniumLibrary">
<arg>xpath://*[@id="kt_content_container"]/div[1]/form/div/div[3]/div[2]/label</arg>
<doc>Click the element identified by ``locator``.</doc>
<msg timestamp="20231108 22:26:15.140" level="INFO">Clicking element 'xpath://*[@id="kt_content_container"]/div[1]/form/div/div[3]/div[2]/label'.</msg>
<status status="PASS" starttime="20231108 22:26:15.139" endtime="20231108 22:26:15.956"/>
</kw>
<kw name="Press Keys" library="SeleniumLibrary">
<arg>None</arg>
<arg>TAB</arg>
<doc>Simulates the user pressing key(s) to an element or on the active browser.</doc>
<msg timestamp="20231108 22:26:15.956" level="INFO">Sending key(s) ('TAB',) to page.</msg>
<msg timestamp="20231108 22:26:15.956" level="INFO">Pressing special key TAB to browser.</msg>
<msg timestamp="20231108 22:26:15.957" level="INFO">Releasing special key TAB.</msg>
<status status="PASS" starttime="20231108 22:26:15.956" endtime="20231108 22:26:16.262"/>
</kw>
<kw name="Sleep" library="BuiltIn">
<arg>0.5s</arg>
<doc>Pauses the test executed for the given time.</doc>
<msg timestamp="20231108 22:26:16.762" level="INFO">Slept 500 milliseconds</msg>
<status status="PASS" starttime="20231108 22:26:16.262" endtime="20231108 22:26:16.762"/>
</kw>
<kw name="Press Keys" library="SeleniumLibrary">
<arg>None</arg>
<arg>${tipeKeluaran}</arg>
<doc>Simulates the user pressing key(s) to an element or on the active browser.</doc>
<msg timestamp="20231108 22:26:16.762" level="INFO">Sending key(s) ('Json',) to page.</msg>
<msg timestamp="20231108 22:26:16.762" level="INFO">Sending keys Json</msg>
<status status="PASS" starttime="20231108 22:26:16.762" endtime="20231108 22:26:17.068"/>
</kw>
<kw name="Press Keys" library="SeleniumLibrary">
<arg>None</arg>
<arg>ENTER</arg>
<doc>Simulates the user pressing key(s) to an element or on the active browser.</doc>
<msg timestamp="20231108 22:26:17.068" level="INFO">Sending key(s) ('ENTER',) to page.</msg>
<msg timestamp="20231108 22:26:17.068" level="INFO">Pressing special key ENTER to browser.</msg>
<msg timestamp="20231108 22:26:17.068" level="INFO">Releasing special key ENTER.</msg>
<status status="PASS" starttime="20231108 22:26:17.068" endtime="20231108 22:26:17.377"/>
</kw>
<status status="PASS" starttime="20231108 22:26:15.139" endtime="20231108 22:26:17.377"/>
</kw>
<kw name="Input Label Kelompok" library="template_data">
<arg>Label Kelompok Update</arg>
<kw name="Input Text" library="SeleniumLibrary">
<arg>name:label_kelompok</arg>
<arg>${labelKelompok}</arg>
<doc>Types the given ``text`` into the text field identified by ``locator``.</doc>
<msg timestamp="20231108 22:26:17.378" level="INFO">Typing text 'Label Kelompok Update' into text field 'name:label_kelompok'.</msg>
<status status="PASS" starttime="20231108 22:26:17.377" endtime="20231108 22:26:18.304"/>
</kw>
<status status="PASS" starttime="20231108 22:26:17.377" endtime="20231108 22:26:18.304"/>
</kw>
<kw name="Select Tipe" library="template_data">
<arg>Plural</arg>
<kw name="Click Element" library="SeleniumLibrary">
<arg>name:tipe</arg>
<doc>Click the element identified by ``locator``.</doc>
<msg timestamp="20231108 22:26:18.305" level="INFO">Clicking element 'name:tipe'.</msg>
<status status="PASS" starttime="20231108 22:26:18.304" endtime="20231108 22:26:19.125"/>
</kw>
<kw name="Press Keys" library="SeleniumLibrary">
<arg>None</arg>
<arg>${tipe}</arg>
<doc>Simulates the user pressing key(s) to an element or on the active browser.</doc>
<msg timestamp="20231108 22:26:19.125" level="INFO">Sending key(s) ('Plural',) to page.</msg>
<msg timestamp="20231108 22:26:19.125" level="INFO">Sending keys Plural</msg>
<status status="PASS" starttime="20231108 22:26:19.125" endtime="20231108 22:26:19.454"/>
</kw>
<kw name="Sleep" library="BuiltIn">
<arg>0.5s</arg>
<doc>Pauses the test executed for the given time.</doc>
<msg timestamp="20231108 22:26:19.954" level="INFO">Slept 500 milliseconds</msg>
<status status="PASS" starttime="20231108 22:26:19.454" endtime="20231108 22:26:19.954"/>
</kw>
<kw name="Press Keys" library="SeleniumLibrary">
<arg>None</arg>
<arg>ENTER</arg>
<doc>Simulates the user pressing key(s) to an element or on the active browser.</doc>
<msg timestamp="20231108 22:26:19.954" level="INFO">Sending key(s) ('ENTER',) to page.</msg>
<msg timestamp="20231108 22:26:19.954" level="INFO">Pressing special key ENTER to browser.</msg>
<msg timestamp="20231108 22:26:19.954" level="INFO">Releasing special key ENTER.</msg>
<status status="PASS" starttime="20231108 22:26:19.954" endtime="20231108 22:26:20.263"/>
</kw>
<status status="PASS" starttime="20231108 22:26:18.304" endtime="20231108 22:26:20.263"/>
</kw>
<kw name="Select Jenis Sumber" library="template_data">
<arg>Sql</arg>
<kw name="Click Element" library="SeleniumLibrary">
<arg>name:jenis_sumber</arg>
<doc>Click the element identified by ``locator``.</doc>
<msg timestamp="20231108 22:26:20.264" level="INFO">Clicking element 'name:jenis_sumber'.</msg>
<status status="PASS" starttime="20231108 22:26:20.263" endtime="20231108 22:26:21.085"/>
</kw>
<kw name="Press Keys" library="SeleniumLibrary">
<arg>None</arg>
<arg>${jenisSumber}</arg>
<doc>Simulates the user pressing key(s) to an element or on the active browser.</doc>
<msg timestamp="20231108 22:26:21.085" level="INFO">Sending key(s) ('Sql',) to page.</msg>
<msg timestamp="20231108 22:26:21.085" level="INFO">Sending keys Sql</msg>
<status status="PASS" starttime="20231108 22:26:21.085" endtime="20231108 22:26:21.400"/>
</kw>
<kw name="Sleep" library="BuiltIn">
<arg>0.5s</arg>
<doc>Pauses the test executed for the given time.</doc>
<msg timestamp="20231108 22:26:21.901" level="INFO">Slept 500 milliseconds</msg>
<status status="PASS" starttime="20231108 22:26:21.400" endtime="20231108 22:26:21.901"/>
</kw>
<kw name="Press Keys" library="SeleniumLibrary">
<arg>None</arg>
<arg>ENTER</arg>
<doc>Simulates the user pressing key(s) to an element or on the active browser.</doc>
<msg timestamp="20231108 22:26:21.901" level="INFO">Sending key(s) ('ENTER',) to page.</msg>
<msg timestamp="20231108 22:26:21.901" level="INFO">Pressing special key ENTER to browser.</msg>
<msg timestamp="20231108 22:26:21.901" level="INFO">Releasing special key ENTER.</msg>
<status status="PASS" starttime="20231108 22:26:21.901" endtime="20231108 22:26:22.211"/>
</kw>
<status status="PASS" starttime="20231108 22:26:20.263" endtime="20231108 22:26:22.211"/>
</kw>
<kw name="Input Query SQL" library="template_data">
<arg>SELECT * FROM Update</arg>
<kw name="Wait Until Element Is Enabled" library="SeleniumLibrary">
<arg>css:i.fa-book</arg>
<doc>Waits until the element ``locator`` is enabled.</doc>
<status status="PASS" starttime="20231108 22:26:22.211" endtime="20231108 22:26:23.123"/>
</kw>
<kw name="Click Element" library="SeleniumLibrary">
<arg>css:i.fa-book</arg>
<doc>Click the element identified by ``locator``.</doc>
<msg timestamp="20231108 22:26:23.123" level="INFO">Clicking element 'css:i.fa-book'.</msg>
<status status="PASS" starttime="20231108 22:26:23.123" endtime="20231108 22:26:23.943"/>
</kw>
<kw name="Element Should Contain" library="SeleniumLibrary">
<arg>xpath://*[@id="modalQuerySql"]/div/div/div[1]/h5</arg>
<arg>QUERY SQL</arg>
<doc>Verifies that element ``locator`` contains text ``expected``.</doc>
<msg timestamp="20231108 22:26:24.552" level="INFO">Element 'xpath://*[@id="modalQuerySql"]/div/div/div[1]/h5' contains text 'QUERY SQL'.</msg>
<status status="PASS" starttime="20231108 22:26:23.943" endtime="20231108 22:26:24.552"/>
</kw>
<kw name="Press Keys" library="SeleniumLibrary">
<arg>None</arg>
<arg>TAB</arg>
<doc>Simulates the user pressing key(s) to an element or on the active browser.</doc>
<msg timestamp="20231108 22:26:24.552" level="INFO">Sending key(s) ('TAB',) to page.</msg>
<msg timestamp="20231108 22:26:24.552" level="INFO">Pressing special key TAB to browser.</msg>
<msg timestamp="20231108 22:26:24.552" level="INFO">Releasing special key TAB.</msg>
<status status="PASS" starttime="20231108 22:26:24.552" endtime="20231108 22:26:24.858"/>
</kw>
<kw name="Press Keys" library="SeleniumLibrary">
<arg>None</arg>
<arg>${sql}</arg>
<doc>Simulates the user pressing key(s) to an element or on the active browser.</doc>
<msg timestamp="20231108 22:26:24.859" level="INFO">Sending key(s) ('SELECT * FROM Update',) to page.</msg>
<msg timestamp="20231108 22:26:24.859" level="INFO">Sending keys SELECT * FROM Update</msg>
<status status="PASS" starttime="20231108 22:26:24.858" endtime="20231108 22:26:25.264"/>
</kw>
<kw name="Wait Until Element Is Enabled" library="SeleniumLibrary">
<arg>xpath://*[@id="modalQuerySql"]/div/div/div[3]/button[2]</arg>
<doc>Waits until the element ``locator`` is enabled.</doc>
<status status="PASS" starttime="20231108 22:26:25.264" endtime="20231108 22:26:26.179"/>
</kw>
<kw name="Click Button" library="SeleniumLibrary">
<arg>xpath://*[@id="modalQuerySql"]/div/div/div[3]/button[2]</arg>
<doc>Clicks the button identified by ``locator``.</doc>
<msg timestamp="20231108 22:26:26.179" level="INFO">Clicking button 'xpath://*[@id="modalQuerySql"]/div/div/div[3]/button[2]'.</msg>
<status status="PASS" starttime="20231108 22:26:26.179" endtime="20231108 22:26:27.926"/>
</kw>
<kw name="Sleep" library="BuiltIn">
<arg>1s</arg>
<doc>Pauses the test executed for the given time.</doc>
<msg timestamp="20231108 22:26:28.926" level="INFO">Slept 1 second</msg>
<status status="PASS" starttime="20231108 22:26:27.926" endtime="20231108 22:26:28.926"/>
</kw>
<status status="PASS" starttime="20231108 22:26:22.211" endtime="20231108 22:26:28.926"/>
</kw>
<kw name="Click Icon Test Query Sql" library="template_data">
<kw name="Wait Until Element Is Enabled" library="SeleniumLibrary">
<arg>css:i.fa-wrench</arg>
<doc>Waits until the element ``locator`` is enabled.</doc>
<status status="PASS" starttime="20231108 22:26:28.926" endtime="20231108 22:26:29.841"/>
</kw>
<kw name="Click Element" library="SeleniumLibrary">
<arg>css:i.fa-wrench</arg>
<doc>Click the element identified by ``locator``.</doc>
<msg timestamp="20231108 22:26:29.841" level="INFO">Clicking element 'css:i.fa-wrench'.</msg>
<status status="PASS" starttime="20231108 22:26:29.841" endtime="20231108 22:26:30.670"/>
</kw>
<kw name="Element Should Contain" library="SeleniumLibrary">
<arg>xpath://*[@id="modalTestQuerySql"]/div/div/div[1]/h5</arg>
<arg>TEST QUERY SQL</arg>
<doc>Verifies that element ``locator`` contains text ``expected``.</doc>
<msg timestamp="20231108 22:26:31.277" level="INFO">Element 'xpath://*[@id="modalTestQuerySql"]/div/div/div[1]/h5' contains text 'TEST QUERY SQL'.</msg>
<status status="PASS" starttime="20231108 22:26:30.670" endtime="20231108 22:26:31.277"/>
</kw>
<status status="PASS" starttime="20231108 22:26:28.926" endtime="20231108 22:26:31.277"/>
</kw>
<kw name="Input Key Id" library="template_data">
<arg>2</arg>
<kw name="Input Text" library="SeleniumLibrary">
<arg>name:key_id</arg>
<arg>${keyId}</arg>
<doc>Types the given ``text`` into the text field identified by ``locator``.</doc>
<msg timestamp="20231108 22:26:31.278" level="INFO">Typing text '2' into text field 'name:key_id'.</msg>
<status status="PASS" starttime="20231108 22:26:31.277" endtime="20231108 22:26:32.209"/>
</kw>
<status status="PASS" starttime="20231108 22:26:31.277" endtime="20231108 22:26:32.209"/>
</kw>
<kw name="Input Unit Id" library="template_data">
<arg>2</arg>
<kw name="Input Text" library="SeleniumLibrary">
<arg>name:unit_id</arg>
<arg>${unitId}</arg>
<doc>Types the given ``text`` into the text field identified by ``locator``.</doc>
<msg timestamp="20231108 22:26:32.210" level="INFO">Typing text '2' into text field 'name:unit_id'.</msg>
<status status="PASS" starttime="20231108 22:26:32.209" endtime="20231108 22:26:33.132"/>
</kw>
<status status="PASS" starttime="20231108 22:26:32.209" endtime="20231108 22:26:33.132"/>
</kw>
<kw name="Input Instansi Id" library="template_data">
<arg>2</arg>
<kw name="Input Text" library="SeleniumLibrary">
<arg>name:instansi_id</arg>
<arg>${instansiId}</arg>
<doc>Types the given ``text`` into the text field identified by ``locator``.</doc>
<msg timestamp="20231108 22:26:33.133" level="INFO">Typing text '2' into text field 'name:instansi_id'.</msg>
<status status="PASS" starttime="20231108 22:26:33.132" endtime="20231108 22:26:34.048"/>
</kw>
<status status="PASS" starttime="20231108 22:26:33.132" endtime="20231108 22:26:34.048"/>
</kw>
<kw name="Input Custom Variable" library="template_data">
<arg>200</arg>
<kw name="Press Keys" library="SeleniumLibrary">
<arg>None</arg>
<arg>TAB</arg>
<doc>Simulates the user pressing key(s) to an element or on the active browser.</doc>
<msg timestamp="20231108 22:26:34.049" level="INFO">Sending key(s) ('TAB',) to page.</msg>
<msg timestamp="20231108 22:26:34.049" level="INFO">Pressing special key TAB to browser.</msg>
<msg timestamp="20231108 22:26:34.049" level="INFO">Releasing special key TAB.</msg>
<status status="PASS" starttime="20231108 22:26:34.048" endtime="20231108 22:26:34.356"/>
</kw>
<kw name="Press Keys" library="SeleniumLibrary">
<arg>None</arg>
<arg>${customVariable}</arg>
<doc>Simulates the user pressing key(s) to an element or on the active browser.</doc>
<msg timestamp="20231108 22:26:34.356" level="INFO">Sending key(s) ('200',) to page.</msg>
<msg timestamp="20231108 22:26:34.356" level="INFO">Sending keys 200</msg>
<status status="PASS" starttime="20231108 22:26:34.356" endtime="20231108 22:26:34.680"/>
</kw>
<kw name="Press Keys" library="SeleniumLibrary">
<arg>None</arg>
<arg>ESC</arg>
<doc>Simulates the user pressing key(s) to an element or on the active browser.</doc>
<msg timestamp="20231108 22:26:34.680" level="INFO">Sending key(s) ('ESC',) to page.</msg>
<msg timestamp="20231108 22:26:34.680" level="INFO">Pressing special key ESCAPE to browser.</msg>
<msg timestamp="20231108 22:26:34.680" level="INFO">Releasing special key ESCAPE.</msg>
<status status="PASS" starttime="20231108 22:26:34.680" endtime="20231108 22:26:34.988"/>
</kw>
<status status="PASS" starttime="20231108 22:26:34.048" endtime="20231108 22:26:34.988"/>
</kw>
<kw name="Click Button Simpan" library="template_data">
<kw name="Click Button" library="SeleniumLibrary">
<arg>default:Simpan</arg>
<doc>Clicks the button identified by ``locator``.</doc>
<msg timestamp="20231108 22:26:34.989" level="INFO">Clicking button 'default:Simpan'.</msg>
<status status="PASS" starttime="20231108 22:26:34.989" endtime="20231108 22:26:36.420"/>
</kw>
<kw name="Element Should Contain" library="SeleniumLibrary">
<arg>xpath://*[@id="swal2-content"]</arg>
<arg>Template data berhasil disimpan.</arg>
<doc>Verifies that element ``locator`` contains text ``expected``.</doc>
<msg timestamp="20231108 22:26:37.028" level="INFO">Element 'xpath://*[@id="swal2-content"]' contains text 'Template data berhasil disimpan.'.</msg>
<status status="PASS" starttime="20231108 22:26:36.420" endtime="20231108 22:26:37.028"/>
</kw>
<status status="PASS" starttime="20231108 22:26:34.988" endtime="20231108 22:26:37.028"/>
</kw>
<kw name="Sleep" library="BuiltIn">
<arg>2s</arg>
<doc>Pauses the test executed for the given time.</doc>
<msg timestamp="20231108 22:26:39.029" level="INFO">Slept 2 seconds</msg>
<status status="PASS" starttime="20231108 22:26:37.028" endtime="20231108 22:26:39.029"/>
</kw>
<kw name="Capture Page Screenshot" library="SeleniumLibrary">
<doc>Takes a screenshot of the current page and embeds it into a log file.</doc>
<msg timestamp="20231108 22:26:39.379" level="INFO" html="true">&lt;/td&gt;&lt;/tr&gt;&lt;tr&gt;&lt;td colspan="3"&gt;&lt;a href="selenium-screenshot-3.png"&gt;&lt;img src="selenium-screenshot-3.png" width="800px"&gt;&lt;/a&gt;</msg>
<status status="PASS" starttime="20231108 22:26:39.029" endtime="20231108 22:26:39.379"/>
</kw>
<kw name="Close Browser" library="SeleniumLibrary" type="TEARDOWN">
<doc>Closes the current browser.</doc>
<status status="PASS" starttime="20231108 22:26:39.379" endtime="20231108 22:26:42.324"/>
</kw>
<doc>SC03 - Update Template Data</doc>
<tag>TC03 - Update Template Data dengan Tipe Keluaran JSON</tag>
<status status="PASS" starttime="20231108 22:25:52.675" endtime="20231108 22:26:42.324"/>
</test>
<test id="s1-t4" name="TC04 - Update Template Data dengan Tipe Keluaran XML" line="90">
<kw name="Open Browser To Login Page" library="login">
<kw name="Set Selenium Speed" library="SeleniumLibrary">
<arg>0.3s</arg>
<doc>Sets the delay that is waited after each Selenium command.</doc>
<status status="PASS" starttime="20231108 22:26:42.325" endtime="20231108 22:26:42.325"/>
</kw>
<kw name="Open Browser" library="SeleniumLibrary">
<arg>${LOGIN URL}</arg>
<arg>${BROWSER}</arg>
<doc>Opens a new browser instance to the optional ``url``.</doc>
<msg timestamp="20231108 22:26:42.326" level="INFO">Opening browser 'Firefox' to base url 'https://uji.sicantik.go.id/sign-in'.</msg>
<status status="PASS" starttime="20231108 22:26:42.325" endtime="20231108 22:26:49.840"/>
</kw>
<kw name="Maximize Browser Window" library="SeleniumLibrary">
<doc>Maximizes current browser window.</doc>
<status status="PASS" starttime="20231108 22:26:49.840" endtime="20231108 22:26:50.424"/>
</kw>
<kw name="Title Should Be" library="SeleniumLibrary">
<arg>SICANTIK</arg>
<doc>Verifies that the current page title equals ``title``.</doc>
<msg timestamp="20231108 22:26:50.726" level="INFO">Page title is 'SICANTIK'.</msg>
<status status="PASS" starttime="20231108 22:26:50.424" endtime="20231108 22:26:50.726"/>
</kw>
<status status="PASS" starttime="20231108 22:26:42.325" endtime="20231108 22:26:50.726"/>
</kw>
<kw name="Input Username" library="login">
<arg>admegov</arg>
<kw name="Input Text" library="SeleniumLibrary">
<arg>username</arg>
<arg>${username}</arg>
<doc>Types the given ``text`` into the text field identified by ``locator``.</doc>
<msg timestamp="20231108 22:26:50.727" level="INFO">Typing text 'admegov' into text field 'username'.</msg>
<status status="PASS" starttime="20231108 22:26:50.726" endtime="20231108 22:26:51.674"/>
</kw>
<status status="PASS" starttime="20231108 22:26:50.726" endtime="20231108 22:26:51.674"/>
</kw>
<kw name="Input Password" library="login">
<arg>Admegov789*@#</arg>
<kw name="Input Text" library="SeleniumLibrary">
<arg>password</arg>
<arg>${password}</arg>
<doc>Types the given ``text`` into the text field identified by ``locator``.</doc>
<msg timestamp="20231108 22:26:51.675" level="INFO">Typing text 'Admegov789*@#' into text field 'password'.</msg>
<status status="PASS" starttime="20231108 22:26:51.674" endtime="20231108 22:26:52.591"/>
</kw>
<status status="PASS" starttime="20231108 22:26:51.674" endtime="20231108 22:26:52.591"/>
</kw>
<kw name="Submit Credentials" library="login">
<kw name="Click Button" library="SeleniumLibrary">
<arg>kt_sign_in_submit</arg>
<doc>Clicks the button identified by ``locator``.</doc>
<msg timestamp="20231108 22:26:52.591" level="INFO">Clicking button 'kt_sign_in_submit'.</msg>
<status status="PASS" starttime="20231108 22:26:52.591" endtime="20231108 22:26:54.012"/>
</kw>
<kw name="Sleep" library="BuiltIn">
<arg>5s</arg>
<doc>Pauses the test executed for the given time.</doc>
<msg timestamp="20231108 22:26:59.012" level="INFO">Slept 5 seconds</msg>
<status status="PASS" starttime="20231108 22:26:54.012" endtime="20231108 22:26:59.012"/>
</kw>
<status status="PASS" starttime="20231108 22:26:52.591" endtime="20231108 22:26:59.012"/>
</kw>
<kw name="Move To Template Data" library="template_data">
<kw name="Go To" library="SeleniumLibrary">
<arg>https://uji.sicantik.go.id/template-data</arg>
<doc>Navigates the current browser window to the provided ``url``.</doc>
<msg timestamp="20231108 22:26:59.012" level="INFO">Opening url 'https://uji.sicantik.go.id/template-data'</msg>
<status status="PASS" starttime="20231108 22:26:59.012" endtime="20231108 22:26:59.735"/>
</kw>
<kw name="Wait Until Element Contains" library="SeleniumLibrary">
<arg>xpath://*[@id="kt_content_container"]/div/div/div[1]/h5</arg>
<arg>Daftar Template Data</arg>
<doc>Waits until the element ``locator`` contains ``text``.</doc>
<status status="PASS" starttime="20231108 22:26:59.735" endtime="20231108 22:27:00.351"/>
</kw>
<status status="PASS" starttime="20231108 22:26:59.012" endtime="20231108 22:27:00.351"/>
</kw>
<kw name="Click Icon Pencil" library="template_data">
<kw name="Wait Until Element Is Visible" library="SeleniumLibrary">
<arg>css:i.fa-edit</arg>
<doc>Waits until the element ``locator`` is visible.</doc>
<status status="PASS" starttime="20231108 22:27:00.351" endtime="20231108 22:27:00.971"/>
</kw>
<kw name="Click Element" library="SeleniumLibrary">
<arg>css:i.fa-edit</arg>
<doc>Click the element identified by ``locator``.</doc>
<msg timestamp="20231108 22:27:00.971" level="INFO">Clicking element 'css:i.fa-edit'.</msg>
<status status="PASS" starttime="20231108 22:27:00.971" endtime="20231108 22:27:01.804"/>
</kw>
<kw name="Element Should Contain" library="SeleniumLibrary">
<arg>xpath://*[@id="kt_content_container"]/div[1]/form/div/div[1]/div/div/div[1]/div[1]/a</arg>
<arg>Ubah Template data</arg>
<doc>Verifies that element ``locator`` contains text ``expected``.</doc>
<msg timestamp="20231108 22:27:02.412" level="INFO">Element 'xpath://*[@id="kt_content_container"]/div[1]/form/div/div[1]/div/div/div[1]/div[1]/a' contains text 'Ubah Template data'.</msg>
<status status="PASS" starttime="20231108 22:27:01.804" endtime="20231108 22:27:02.412"/>
</kw>
<status status="PASS" starttime="20231108 22:27:00.351" endtime="20231108 22:27:02.412"/>
</kw>
<kw name="Input Nama Template Data" library="template_data">
<arg>namaTemplateDataXMLUpdate</arg>
<kw name="Wait Until Element Is Visible" library="SeleniumLibrary">
<arg>xpath://*[@id="kt_content_container"]/div[1]/form/div/div[3]/div[1]/label</arg>
<doc>Waits until the element ``locator`` is visible.</doc>
<status status="PASS" starttime="20231108 22:27:02.412" endtime="20231108 22:27:03.023"/>
</kw>
<kw name="Click Element" library="SeleniumLibrary">
<arg>xpath://*[@id="kt_content_container"]/div[1]/form/div/div[3]/div[1]/label</arg>
<doc>Click the element identified by ``locator``.</doc>
<msg timestamp="20231108 22:27:03.023" level="INFO">Clicking element 'xpath://*[@id="kt_content_container"]/div[1]/form/div/div[3]/div[1]/label'.</msg>
<status status="PASS" starttime="20231108 22:27:03.023" endtime="20231108 22:27:03.835"/>
</kw>
<kw name="Press Keys" library="SeleniumLibrary">
<arg>None</arg>
<arg>TAB</arg>
<doc>Simulates the user pressing key(s) to an element or on the active browser.</doc>
<msg timestamp="20231108 22:27:03.835" level="INFO">Sending key(s) ('TAB',) to page.</msg>
<msg timestamp="20231108 22:27:03.835" level="INFO">Pressing special key TAB to browser.</msg>
<msg timestamp="20231108 22:27:03.835" level="INFO">Releasing special key TAB.</msg>
<status status="PASS" starttime="20231108 22:27:03.835" endtime="20231108 22:27:04.153"/>
</kw>
<kw name="Press Keys" library="SeleniumLibrary">
<arg>None</arg>
<arg>${namaTemplateData}</arg>
<doc>Simulates the user pressing key(s) to an element or on the active browser.</doc>
<msg timestamp="20231108 22:27:04.153" level="INFO">Sending key(s) ('namaTemplateDataXMLUpdate',) to page.</msg>
<msg timestamp="20231108 22:27:04.153" level="INFO">Sending keys namaTemplateDataXMLUpdate</msg>
<status status="PASS" starttime="20231108 22:27:04.153" endtime="20231108 22:27:04.515"/>
</kw>
<status status="PASS" starttime="20231108 22:27:02.412" endtime="20231108 22:27:04.515"/>
</kw>
<kw name="Select Tipe Keluaran" library="template_data">
<arg>XML</arg>
<kw name="Click Element" library="SeleniumLibrary">
<arg>xpath://*[@id="kt_content_container"]/div[1]/form/div/div[3]/div[2]/label</arg>
<doc>Click the element identified by ``locator``.</doc>
<msg timestamp="20231108 22:27:04.516" level="INFO">Clicking element 'xpath://*[@id="kt_content_container"]/div[1]/form/div/div[3]/div[2]/label'.</msg>
<status status="PASS" starttime="20231108 22:27:04.515" endtime="20231108 22:27:05.335"/>
</kw>
<kw name="Press Keys" library="SeleniumLibrary">
<arg>None</arg>
<arg>TAB</arg>
<doc>Simulates the user pressing key(s) to an element or on the active browser.</doc>
<msg timestamp="20231108 22:27:05.335" level="INFO">Sending key(s) ('TAB',) to page.</msg>
<msg timestamp="20231108 22:27:05.335" level="INFO">Pressing special key TAB to browser.</msg>
<msg timestamp="20231108 22:27:05.335" level="INFO">Releasing special key TAB.</msg>
<status status="PASS" starttime="20231108 22:27:05.335" endtime="20231108 22:27:05.641"/>
</kw>
<kw name="Sleep" library="BuiltIn">
<arg>0.5s</arg>
<doc>Pauses the test executed for the given time.</doc>
<msg timestamp="20231108 22:27:06.141" level="INFO">Slept 500 milliseconds</msg>
<status status="PASS" starttime="20231108 22:27:05.641" endtime="20231108 22:27:06.141"/>
</kw>
<kw name="Press Keys" library="SeleniumLibrary">
<arg>None</arg>
<arg>${tipeKeluaran}</arg>
<doc>Simulates the user pressing key(s) to an element or on the active browser.</doc>
<msg timestamp="20231108 22:27:06.141" level="INFO">Sending key(s) ('XML',) to page.</msg>
<msg timestamp="20231108 22:27:06.141" level="INFO">Sending keys XML</msg>
<status status="PASS" starttime="20231108 22:27:06.141" endtime="20231108 22:27:06.447"/>
</kw>
<kw name="Press Keys" library="SeleniumLibrary">
<arg>None</arg>
<arg>ENTER</arg>
<doc>Simulates the user pressing key(s) to an element or on the active browser.</doc>
<msg timestamp="20231108 22:27:06.447" level="INFO">Sending key(s) ('ENTER',) to page.</msg>
<msg timestamp="20231108 22:27:06.447" level="INFO">Pressing special key ENTER to browser.</msg>
<msg timestamp="20231108 22:27:06.447" level="INFO">Releasing special key ENTER.</msg>
<status status="PASS" starttime="20231108 22:27:06.447" endtime="20231108 22:27:06.757"/>
</kw>
<status status="PASS" starttime="20231108 22:27:04.515" endtime="20231108 22:27:06.757"/>
</kw>
<kw name="Input Label Kelompok" library="template_data">
<arg>Label Kelompok Update</arg>
<kw name="Input Text" library="SeleniumLibrary">
<arg>name:label_kelompok</arg>
<arg>${labelKelompok}</arg>
<doc>Types the given ``text`` into the text field identified by ``locator``.</doc>
<msg timestamp="20231108 22:27:06.757" level="INFO">Typing text 'Label Kelompok Update' into text field 'name:label_kelompok'.</msg>
<status status="PASS" starttime="20231108 22:27:06.757" endtime="20231108 22:27:07.681"/>
</kw>
<status status="PASS" starttime="20231108 22:27:06.757" endtime="20231108 22:27:07.681"/>
</kw>
<kw name="Select Tipe" library="template_data">
<arg>Plural</arg>
<kw name="Click Element" library="SeleniumLibrary">
<arg>name:tipe</arg>
<doc>Click the element identified by ``locator``.</doc>
<msg timestamp="20231108 22:27:07.682" level="INFO">Clicking element 'name:tipe'.</msg>
<status status="PASS" starttime="20231108 22:27:07.681" endtime="20231108 22:27:08.500"/>
</kw>
<kw name="Press Keys" library="SeleniumLibrary">
<arg>None</arg>
<arg>${tipe}</arg>
<doc>Simulates the user pressing key(s) to an element or on the active browser.</doc>
<msg timestamp="20231108 22:27:08.500" level="INFO">Sending key(s) ('Plural',) to page.</msg>
<msg timestamp="20231108 22:27:08.500" level="INFO">Sending keys Plural</msg>
<status status="PASS" starttime="20231108 22:27:08.500" endtime="20231108 22:27:08.832"/>
</kw>
<kw name="Sleep" library="BuiltIn">
<arg>0.5s</arg>
<doc>Pauses the test executed for the given time.</doc>
<msg timestamp="20231108 22:27:09.333" level="INFO">Slept 500 milliseconds</msg>
<status status="PASS" starttime="20231108 22:27:08.832" endtime="20231108 22:27:09.333"/>
</kw>
<kw name="Press Keys" library="SeleniumLibrary">
<arg>None</arg>
<arg>ENTER</arg>
<doc>Simulates the user pressing key(s) to an element or on the active browser.</doc>
<msg timestamp="20231108 22:27:09.333" level="INFO">Sending key(s) ('ENTER',) to page.</msg>
<msg timestamp="20231108 22:27:09.333" level="INFO">Pressing special key ENTER to browser.</msg>
<msg timestamp="20231108 22:27:09.333" level="INFO">Releasing special key ENTER.</msg>
<status status="PASS" starttime="20231108 22:27:09.333" endtime="20231108 22:27:09.644"/>
</kw>
<status status="PASS" starttime="20231108 22:27:07.681" endtime="20231108 22:27:09.644"/>
</kw>
<kw name="Select Jenis Sumber" library="template_data">
<arg>Sql</arg>
<kw name="Click Element" library="SeleniumLibrary">
<arg>name:jenis_sumber</arg>
<doc>Click the element identified by ``locator``.</doc>
<msg timestamp="20231108 22:27:09.645" level="INFO">Clicking element 'name:jenis_sumber'.</msg>
<status status="PASS" starttime="20231108 22:27:09.644" endtime="20231108 22:27:10.462"/>
</kw>
<kw name="Press Keys" library="SeleniumLibrary">
<arg>None</arg>
<arg>${jenisSumber}</arg>
<doc>Simulates the user pressing key(s) to an element or on the active browser.</doc>
<msg timestamp="20231108 22:27:10.462" level="INFO">Sending key(s) ('Sql',) to page.</msg>
<msg timestamp="20231108 22:27:10.462" level="INFO">Sending keys Sql</msg>
<status status="PASS" starttime="20231108 22:27:10.462" endtime="20231108 22:27:10.781"/>
</kw>
<kw name="Sleep" library="BuiltIn">
<arg>0.5s</arg>
<doc>Pauses the test executed for the given time.</doc>
<msg timestamp="20231108 22:27:11.281" level="INFO">Slept 500 milliseconds</msg>
<status status="PASS" starttime="20231108 22:27:10.781" endtime="20231108 22:27:11.281"/>
</kw>
<kw name="Press Keys" library="SeleniumLibrary">
<arg>None</arg>
<arg>ENTER</arg>
<doc>Simulates the user pressing key(s) to an element or on the active browser.</doc>
<msg timestamp="20231108 22:27:11.281" level="INFO">Sending key(s) ('ENTER',) to page.</msg>
<msg timestamp="20231108 22:27:11.281" level="INFO">Pressing special key ENTER to browser.</msg>
<msg timestamp="20231108 22:27:11.281" level="INFO">Releasing special key ENTER.</msg>
<status status="PASS" starttime="20231108 22:27:11.281" endtime="20231108 22:27:11.590"/>
</kw>
<status status="PASS" starttime="20231108 22:27:09.644" endtime="20231108 22:27:11.590"/>
</kw>
<kw name="Input Query SQL" library="template_data">
<arg>SELECT * FROM Update</arg>
<kw name="Wait Until Element Is Enabled" library="SeleniumLibrary">
<arg>css:i.fa-book</arg>
<doc>Waits until the element ``locator`` is enabled.</doc>
<status status="PASS" starttime="20231108 22:27:11.591" endtime="20231108 22:27:12.504"/>
</kw>
<kw name="Click Element" library="SeleniumLibrary">
<arg>css:i.fa-book</arg>
<doc>Click the element identified by ``locator``.</doc>
<msg timestamp="20231108 22:27:12.504" level="INFO">Clicking element 'css:i.fa-book'.</msg>
<status status="PASS" starttime="20231108 22:27:12.504" endtime="20231108 22:27:13.327"/>
</kw>
<kw name="Element Should Contain" library="SeleniumLibrary">
<arg>xpath://*[@id="modalQuerySql"]/div/div/div[1]/h5</arg>
<arg>QUERY SQL</arg>
<doc>Verifies that element ``locator`` contains text ``expected``.</doc>
<msg timestamp="20231108 22:27:13.935" level="INFO">Element 'xpath://*[@id="modalQuerySql"]/div/div/div[1]/h5' contains text 'QUERY SQL'.</msg>
<status status="PASS" starttime="20231108 22:27:13.327" endtime="20231108 22:27:13.935"/>
</kw>
<kw name="Press Keys" library="SeleniumLibrary">
<arg>None</arg>
<arg>TAB</arg>
<doc>Simulates the user pressing key(s) to an element or on the active browser.</doc>
<msg timestamp="20231108 22:27:13.935" level="INFO">Sending key(s) ('TAB',) to page.</msg>
<msg timestamp="20231108 22:27:13.935" level="INFO">Pressing special key TAB to browser.</msg>
<msg timestamp="20231108 22:27:13.935" level="INFO">Releasing special key TAB.</msg>
<status status="PASS" starttime="20231108 22:27:13.935" endtime="20231108 22:27:14.240"/>
</kw>
<kw name="Press Keys" library="SeleniumLibrary">
<arg>None</arg>
<arg>${sql}</arg>
<doc>Simulates the user pressing key(s) to an element or on the active browser.</doc>
<msg timestamp="20231108 22:27:14.241" level="INFO">Sending key(s) ('SELECT * FROM Update',) to page.</msg>
<msg timestamp="20231108 22:27:14.241" level="INFO">Sending keys SELECT * FROM Update</msg>
<status status="PASS" starttime="20231108 22:27:14.240" endtime="20231108 22:27:14.642"/>
</kw>
<kw name="Wait Until Element Is Enabled" library="SeleniumLibrary">
<arg>xpath://*[@id="modalQuerySql"]/div/div/div[3]/button[2]</arg>
<doc>Waits until the element ``locator`` is enabled.</doc>
<status status="PASS" starttime="20231108 22:27:14.642" endtime="20231108 22:27:15.556"/>
</kw>
<kw name="Click Button" library="SeleniumLibrary">
<arg>xpath://*[@id="modalQuerySql"]/div/div/div[3]/button[2]</arg>
<doc>Clicks the button identified by ``locator``.</doc>
<msg timestamp="20231108 22:27:15.556" level="INFO">Clicking button 'xpath://*[@id="modalQuerySql"]/div/div/div[3]/button[2]'.</msg>
<status status="PASS" starttime="20231108 22:27:15.556" endtime="20231108 22:27:17.279"/>
</kw>
<kw name="Sleep" library="BuiltIn">
<arg>1s</arg>
<doc>Pauses the test executed for the given time.</doc>
<msg timestamp="20231108 22:27:18.280" level="INFO">Slept 1 second</msg>
<status status="PASS" starttime="20231108 22:27:17.279" endtime="20231108 22:27:18.280"/>
</kw>
<status status="PASS" starttime="20231108 22:27:11.590" endtime="20231108 22:27:18.280"/>
</kw>
<kw name="Click Icon Test Query Sql" library="template_data">
<kw name="Wait Until Element Is Enabled" library="SeleniumLibrary">
<arg>css:i.fa-wrench</arg>
<doc>Waits until the element ``locator`` is enabled.</doc>
<status status="PASS" starttime="20231108 22:27:18.280" endtime="20231108 22:27:19.199"/>
</kw>
<kw name="Click Element" library="SeleniumLibrary">
<arg>css:i.fa-wrench</arg>
<doc>Click the element identified by ``locator``.</doc>
<msg timestamp="20231108 22:27:19.199" level="INFO">Clicking element 'css:i.fa-wrench'.</msg>
<status status="PASS" starttime="20231108 22:27:19.199" endtime="20231108 22:27:20.024"/>
</kw>
<kw name="Element Should Contain" library="SeleniumLibrary">
<arg>xpath://*[@id="modalTestQuerySql"]/div/div/div[1]/h5</arg>
<arg>TEST QUERY SQL</arg>
<doc>Verifies that element ``locator`` contains text ``expected``.</doc>
<msg timestamp="20231108 22:27:20.633" level="INFO">Element 'xpath://*[@id="modalTestQuerySql"]/div/div/div[1]/h5' contains text 'TEST QUERY SQL'.</msg>
<status status="PASS" starttime="20231108 22:27:20.024" endtime="20231108 22:27:20.633"/>
</kw>
<status status="PASS" starttime="20231108 22:27:18.280" endtime="20231108 22:27:20.633"/>
</kw>
<kw name="Input Key Id" library="template_data">
<arg>2</arg>
<kw name="Input Text" library="SeleniumLibrary">
<arg>name:key_id</arg>
<arg>${keyId}</arg>
<doc>Types the given ``text`` into the text field identified by ``locator``.</doc>
<msg timestamp="20231108 22:27:20.634" level="INFO">Typing text '2' into text field 'name:key_id'.</msg>
<status status="PASS" starttime="20231108 22:27:20.633" endtime="20231108 22:27:21.554"/>
</kw>
<status status="PASS" starttime="20231108 22:27:20.633" endtime="20231108 22:27:21.554"/>
</kw>
<kw name="Input Unit Id" library="template_data">
<arg>2</arg>
<kw name="Input Text" library="SeleniumLibrary">
<arg>name:unit_id</arg>
<arg>${unitId}</arg>
<doc>Types the given ``text`` into the text field identified by ``locator``.</doc>
<msg timestamp="20231108 22:27:21.554" level="INFO">Typing text '2' into text field 'name:unit_id'.</msg>
<status status="PASS" starttime="20231108 22:27:21.554" endtime="20231108 22:27:22.477"/>
</kw>
<status status="PASS" starttime="20231108 22:27:21.554" endtime="20231108 22:27:22.477"/>
</kw>
<kw name="Input Instansi Id" library="template_data">
<arg>2</arg>
<kw name="Input Text" library="SeleniumLibrary">
<arg>name:instansi_id</arg>
<arg>${instansiId}</arg>
<doc>Types the given ``text`` into the text field identified by ``locator``.</doc>
<msg timestamp="20231108 22:27:22.478" level="INFO">Typing text '2' into text field 'name:instansi_id'.</msg>
<status status="PASS" starttime="20231108 22:27:22.477" endtime="20231108 22:27:23.394"/>
</kw>
<status status="PASS" starttime="20231108 22:27:22.477" endtime="20231108 22:27:23.394"/>
</kw>
<kw name="Input Custom Variable" library="template_data">
<arg>200</arg>
<kw name="Press Keys" library="SeleniumLibrary">
<arg>None</arg>
<arg>TAB</arg>
<doc>Simulates the user pressing key(s) to an element or on the active browser.</doc>
<msg timestamp="20231108 22:27:23.395" level="INFO">Sending key(s) ('TAB',) to page.</msg>
<msg timestamp="20231108 22:27:23.395" level="INFO">Pressing special key TAB to browser.</msg>
<msg timestamp="20231108 22:27:23.395" level="INFO">Releasing special key TAB.</msg>
<status status="PASS" starttime="20231108 22:27:23.394" endtime="20231108 22:27:23.699"/>
</kw>
<kw name="Press Keys" library="SeleniumLibrary">
<arg>None</arg>
<arg>${customVariable}</arg>
<doc>Simulates the user pressing key(s) to an element or on the active browser.</doc>
<msg timestamp="20231108 22:27:23.699" level="INFO">Sending key(s) ('200',) to page.</msg>
<msg timestamp="20231108 22:27:23.700" level="INFO">Sending keys 200</msg>
<status status="PASS" starttime="20231108 22:27:23.699" endtime="20231108 22:27:24.025"/>
</kw>
<kw name="Press Keys" library="SeleniumLibrary">
<arg>None</arg>
<arg>ESC</arg>
<doc>Simulates the user pressing key(s) to an element or on the active browser.</doc>
<msg timestamp="20231108 22:27:24.025" level="INFO">Sending key(s) ('ESC',) to page.</msg>
<msg timestamp="20231108 22:27:24.025" level="INFO">Pressing special key ESCAPE to browser.</msg>
<msg timestamp="20231108 22:27:24.025" level="INFO">Releasing special key ESCAPE.</msg>
<status status="PASS" starttime="20231108 22:27:24.025" endtime="20231108 22:27:24.333"/>
</kw>
<status status="PASS" starttime="20231108 22:27:23.394" endtime="20231108 22:27:24.333"/>
</kw>
<kw name="Click Button Simpan" library="template_data">
<kw name="Click Button" library="SeleniumLibrary">
<arg>default:Simpan</arg>
<doc>Clicks the button identified by ``locator``.</doc>
<msg timestamp="20231108 22:27:24.334" level="INFO">Clicking button 'default:Simpan'.</msg>
<status status="PASS" starttime="20231108 22:27:24.333" endtime="20231108 22:27:25.757"/>
</kw>
<kw name="Element Should Contain" library="SeleniumLibrary">
<arg>xpath://*[@id="swal2-content"]</arg>
<arg>Template data berhasil disimpan.</arg>
<doc>Verifies that element ``locator`` contains text ``expected``.</doc>
<msg timestamp="20231108 22:27:26.365" level="INFO">Element 'xpath://*[@id="swal2-content"]' contains text 'Template data berhasil disimpan.'.</msg>
<status status="PASS" starttime="20231108 22:27:25.757" endtime="20231108 22:27:26.365"/>
</kw>
<status status="PASS" starttime="20231108 22:27:24.333" endtime="20231108 22:27:26.365"/>
</kw>
<kw name="Sleep" library="BuiltIn">
<arg>2s</arg>
<doc>Pauses the test executed for the given time.</doc>
<msg timestamp="20231108 22:27:28.366" level="INFO">Slept 2 seconds</msg>
<status status="PASS" starttime="20231108 22:27:26.365" endtime="20231108 22:27:28.366"/>
</kw>
<kw name="Capture Page Screenshot" library="SeleniumLibrary">
<doc>Takes a screenshot of the current page and embeds it into a log file.</doc>
<msg timestamp="20231108 22:27:28.717" level="INFO" html="true">&lt;/td&gt;&lt;/tr&gt;&lt;tr&gt;&lt;td colspan="3"&gt;&lt;a href="selenium-screenshot-4.png"&gt;&lt;img src="selenium-screenshot-4.png" width="800px"&gt;&lt;/a&gt;</msg>
<status status="PASS" starttime="20231108 22:27:28.366" endtime="20231108 22:27:28.717"/>
</kw>
<kw name="Close Browser" library="SeleniumLibrary" type="TEARDOWN">
<doc>Closes the current browser.</doc>
<status status="PASS" starttime="20231108 22:27:28.717" endtime="20231108 22:27:31.941"/>
</kw>
<doc>SC03 - Update Template Data</doc>
<tag>TC04 - Update Template Data dengan Tipe Keluaran XML</tag>
<status status="PASS" starttime="20231108 22:26:42.324" endtime="20231108 22:27:31.941"/>
</test>
<doc>SC03 - Update Template Data</doc>
<status status="PASS" starttime="20231108 22:24:14.187" endtime="20231108 22:27:31.942"/>
</suite>
<statistics>
<total>
<stat pass="4" fail="0" skip="0">All Tests</stat>
</total>
<tag>
<stat pass="1" fail="0" skip="0">TC01 - Update Template Data dengan Tipe Keluaran Combogrid Webservice</stat>
<stat pass="1" fail="0" skip="0">TC02 - Update Template Data dengan Tipe Keluaran Dokumen Cetak</stat>
<stat pass="1" fail="0" skip="0">TC03 - Update Template Data dengan Tipe Keluaran JSON</stat>
<stat pass="1" fail="0" skip="0">TC04 - Update Template Data dengan Tipe Keluaran XML</stat>
</tag>
<suite>
<stat pass="4" fail="0" skip="0" id="s1" name="SC03 - Update Template Data">SC03 - Update Template Data</stat>
</suite>
</statistics>
<errors>
</errors>
</robot>
