<?xml version="1.0" encoding="UTF-8"?>
<robot generator="Robot 6.1.1 (Python 3.12.0 on win32)" generated="20231110 22:20:59.618" rpa="false" schemaversion="4">
<suite id="s1" name="SC02 - Create New Data Penomoran" source="E:\#Freelance\Sicantik\tests\R01 - Penomoran\SC02 - Create New Data Penomoran\SC02 - Create New Data Penomoran.robot">
<test id="s1-t1" name="TC01 - Create Data Penomoran" line="12">
<kw name="Open Browser To Login Page" library="login">
<kw name="Set Selenium Speed" library="SeleniumLibrary">
<arg>0.3s</arg>
<doc>Sets the delay that is waited after each Selenium command.</doc>
<status status="PASS" starttime="20231110 22:20:59.773" endtime="20231110 22:20:59.773"/>
</kw>
<kw name="Open Browser" library="SeleniumLibrary">
<arg>${LOGIN URL}</arg>
<arg>${BROWSER}</arg>
<arg>options=add_argument("--incognito")</arg>
<doc>Opens a new browser instance to the optional ``url``.</doc>
<msg timestamp="20231110 22:20:59.773" level="INFO">Opening browser 'Firefox' to base url 'https://uji.sicantik.go.id/sign-in'.</msg>
<status status="PASS" starttime="20231110 22:20:59.773" endtime="20231110 22:21:08.431"/>
</kw>
<kw name="Maximize Browser Window" library="SeleniumLibrary">
<doc>Maximizes current browser window.</doc>
<status status="PASS" starttime="20231110 22:21:08.431" endtime="20231110 22:21:08.990"/>
</kw>
<kw name="Title Should Be" library="SeleniumLibrary">
<arg>SICANTIK</arg>
<doc>Verifies that the current page title equals ``title``.</doc>
<msg timestamp="20231110 22:21:09.293" level="INFO">Page title is 'SICANTIK'.</msg>
<status status="PASS" starttime="20231110 22:21:08.990" endtime="20231110 22:21:09.293"/>
</kw>
<status status="PASS" starttime="20231110 22:20:59.773" endtime="20231110 22:21:09.293"/>
</kw>
<kw name="Input Username" library="login">
<arg>admegov</arg>
<kw name="Input Text" library="SeleniumLibrary">
<arg>username</arg>
<arg>${username}</arg>
<doc>Types the given ``text`` into the text field identified by ``locator``.</doc>
<msg timestamp="20231110 22:21:09.293" level="INFO">Typing text 'admegov' into text field 'username'.</msg>
<status status="PASS" starttime="20231110 22:21:09.293" endtime="20231110 22:21:10.243"/>
</kw>
<status status="PASS" starttime="20231110 22:21:09.293" endtime="20231110 22:21:10.243"/>
</kw>
<kw name="Input Password" library="login">
<arg>Admegov789*@#</arg>
<kw name="Input Text" library="SeleniumLibrary">
<arg>password</arg>
<arg>${password}</arg>
<doc>Types the given ``text`` into the text field identified by ``locator``.</doc>
<msg timestamp="20231110 22:21:10.243" level="INFO">Typing text 'Admegov789*@#' into text field 'password'.</msg>
<status status="PASS" starttime="20231110 22:21:10.243" endtime="20231110 22:21:11.166"/>
</kw>
<status status="PASS" starttime="20231110 22:21:10.243" endtime="20231110 22:21:11.166"/>
</kw>
<kw name="Submit Credentials" library="login">
<kw name="Click Button" library="SeleniumLibrary">
<arg>kt_sign_in_submit</arg>
<doc>Clicks the button identified by ``locator``.</doc>
<msg timestamp="20231110 22:21:11.166" level="INFO">Clicking button 'kt_sign_in_submit'.</msg>
<status status="PASS" starttime="20231110 22:21:11.166" endtime="20231110 22:21:12.592"/>
</kw>
<kw name="Sleep" library="BuiltIn">
<arg>5s</arg>
<doc>Pauses the test executed for the given time.</doc>
<msg timestamp="20231110 22:21:17.592" level="INFO">Slept 5 seconds</msg>
<status status="PASS" starttime="20231110 22:21:12.592" endtime="20231110 22:21:17.592"/>
</kw>
<status status="PASS" starttime="20231110 22:21:11.166" endtime="20231110 22:21:17.592"/>
</kw>
<kw name="Move To Penomoran Module" library="penomoran">
<kw name="Go To" library="SeleniumLibrary">
<arg>https://uji.sicantik.go.id/penomoran</arg>
<doc>Navigates the current browser window to the provided ``url``.</doc>
<msg timestamp="20231110 22:21:17.592" level="INFO">Opening url 'https://uji.sicantik.go.id/penomoran'</msg>
<status status="PASS" starttime="20231110 22:21:17.592" endtime="20231110 22:21:18.348"/>
</kw>
<kw name="Wait Until Element Is Visible" library="SeleniumLibrary">
<arg>xpath://*[@id="kt_content_container"]/div/div/div[1]/h5</arg>
<doc>Waits until the element ``locator`` is visible.</doc>
<status status="PASS" starttime="20231110 22:21:18.348" endtime="20231110 22:21:18.969"/>
</kw>
<status status="PASS" starttime="20231110 22:21:17.592" endtime="20231110 22:21:18.969"/>
</kw>
<kw name="Move to Add Page" library="penomoran">
<kw name="Go To" library="SeleniumLibrary">
<arg>https://uji.sicantik.go.id/penomoran/add</arg>
<doc>Navigates the current browser window to the provided ``url``.</doc>
<msg timestamp="20231110 22:21:18.969" level="INFO">Opening url 'https://uji.sicantik.go.id/penomoran/add'</msg>
<status status="PASS" starttime="20231110 22:21:18.969" endtime="20231110 22:21:19.632"/>
</kw>
<kw name="Wait Until Element Contains" library="SeleniumLibrary">
<arg>xpath://*[@id="kt_content_container"]/div/div/div[1]/div/div/div/div[1]/a</arg>
<arg>TAMBAH PENOMORAN</arg>
<doc>Waits until the element ``locator`` contains ``text``.</doc>
<status status="PASS" starttime="20231110 22:21:19.632" endtime="20231110 22:21:20.248"/>
</kw>
<status status="PASS" starttime="20231110 22:21:18.969" endtime="20231110 22:21:20.248"/>
</kw>
<kw name="Input Deskripsi Penomoran" library="penomoran">
<arg>Lorem</arg>
<kw name="Clear Element Text" library="SeleniumLibrary">
<arg>name:deskripsi</arg>
<doc>Clears the value of the text-input-element identified by ``locator``.</doc>
<status status="PASS" starttime="20231110 22:21:20.248" endtime="20231110 22:21:20.854"/>
</kw>
<kw name="Input Text" library="SeleniumLibrary">
<arg>name:deskripsi</arg>
<arg>${deskripsi}</arg>
<doc>Types the given ``text`` into the text field identified by ``locator``.</doc>
<msg timestamp="20231110 22:21:20.854" level="INFO">Typing text 'Lorem' into text field 'name:deskripsi'.</msg>
<status status="PASS" starttime="20231110 22:21:20.854" endtime="20231110 22:21:21.784"/>
</kw>
<status status="PASS" starttime="20231110 22:21:20.248" endtime="20231110 22:21:21.784"/>
</kw>
<kw name="Input Format Penomoran" library="penomoran">
<arg>Format</arg>
<kw name="Clear Element Text" library="SeleniumLibrary">
<arg>name:formatPenomoran</arg>
<doc>Clears the value of the text-input-element identified by ``locator``.</doc>
<status status="PASS" starttime="20231110 22:21:21.784" endtime="20231110 22:21:22.393"/>
</kw>
<kw name="Input Text" library="SeleniumLibrary">
<arg>name:formatPenomoran</arg>
<arg>${format}</arg>
<doc>Types the given ``text`` into the text field identified by ``locator``.</doc>
<msg timestamp="20231110 22:21:22.393" level="INFO">Typing text 'Format' into text field 'name:formatPenomoran'.</msg>
<status status="PASS" starttime="20231110 22:21:22.393" endtime="20231110 22:21:23.333"/>
</kw>
<status status="PASS" starttime="20231110 22:21:21.784" endtime="20231110 22:21:23.333"/>
</kw>
<kw name="Input Nomor Terakhir" library="penomoran">
<arg>1</arg>
<kw name="Clear Element Text" library="SeleniumLibrary">
<arg>name:nomorTerakir</arg>
<doc>Clears the value of the text-input-element identified by ``locator``.</doc>
<status status="PASS" starttime="20231110 22:21:23.333" endtime="20231110 22:21:23.945"/>
</kw>
<kw name="Input Text" library="SeleniumLibrary">
<arg>name:nomorTerakir</arg>
<arg>${noTerakhir}</arg>
<doc>Types the given ``text`` into the text field identified by ``locator``.</doc>
<msg timestamp="20231110 22:21:23.945" level="INFO">Typing text '1' into text field 'name:nomorTerakir'.</msg>
<status status="PASS" starttime="20231110 22:21:23.945" endtime="20231110 22:21:24.863"/>
</kw>
<status status="PASS" starttime="20231110 22:21:23.333" endtime="20231110 22:21:24.863"/>
</kw>
<kw name="Select Instansi" library="penomoran">
<arg>Demo2</arg>
<kw name="Click Element" library="SeleniumLibrary">
<arg>xpath://*[@id="kt_login_signin_form"]/div/div[4]/label</arg>
<doc>Click the element identified by ``locator``.</doc>
<msg timestamp="20231110 22:21:24.863" level="INFO">Clicking element 'xpath://*[@id="kt_login_signin_form"]/div/div[4]/label'.</msg>
<status status="PASS" starttime="20231110 22:21:24.863" endtime="20231110 22:21:25.683"/>
</kw>
<kw name="Press Keys" library="SeleniumLibrary">
<arg>None</arg>
<arg>TAB</arg>
<doc>Simulates the user pressing key(s) to an element or on the active browser.</doc>
<msg timestamp="20231110 22:21:25.683" level="INFO">Sending key(s) ('TAB',) to page.</msg>
<msg timestamp="20231110 22:21:25.683" level="INFO">Pressing special key TAB to browser.</msg>
<msg timestamp="20231110 22:21:25.683" level="INFO">Releasing special key TAB.</msg>
<status status="PASS" starttime="20231110 22:21:25.683" endtime="20231110 22:21:26.012"/>
</kw>
<kw name="Press Keys" library="SeleniumLibrary">
<arg>None</arg>
<arg>${instansi}</arg>
<doc>Simulates the user pressing key(s) to an element or on the active browser.</doc>
<msg timestamp="20231110 22:21:26.012" level="INFO">Sending key(s) ('Demo2',) to page.</msg>
<msg timestamp="20231110 22:21:26.012" level="INFO">Sending keys Demo2</msg>
<status status="PASS" starttime="20231110 22:21:26.012" endtime="20231110 22:21:26.376"/>
</kw>
<kw name="Sleep" library="BuiltIn">
<arg>1s</arg>
<doc>Pauses the test executed for the given time.</doc>
<msg timestamp="20231110 22:21:27.379" level="INFO">Slept 1 second</msg>
<status status="PASS" starttime="20231110 22:21:26.376" endtime="20231110 22:21:27.379"/>
</kw>
<kw name="Press Keys" library="SeleniumLibrary">
<arg>None</arg>
<arg>ARROW_DOWN</arg>
<doc>Simulates the user pressing key(s) to an element or on the active browser.</doc>
<msg timestamp="20231110 22:21:27.379" level="INFO">Sending key(s) ('ARROW_DOWN',) to page.</msg>
<msg timestamp="20231110 22:21:27.379" level="INFO">Pressing special key ARROW_DOWN to browser.</msg>
<msg timestamp="20231110 22:21:27.379" level="INFO">Releasing special key ARROW_DOWN.</msg>
<status status="PASS" starttime="20231110 22:21:27.379" endtime="20231110 22:21:27.692"/>
</kw>
<kw name="Press Keys" library="SeleniumLibrary">
<arg>None</arg>
<arg>ENTER</arg>
<doc>Simulates the user pressing key(s) to an element or on the active browser.</doc>
<msg timestamp="20231110 22:21:27.692" level="INFO">Sending key(s) ('ENTER',) to page.</msg>
<msg timestamp="20231110 22:21:27.692" level="INFO">Pressing special key ENTER to browser.</msg>
<msg timestamp="20231110 22:21:27.692" level="INFO">Releasing special key ENTER.</msg>
<status status="PASS" starttime="20231110 22:21:27.692" endtime="20231110 22:21:28.030"/>
</kw>
<status status="PASS" starttime="20231110 22:21:24.863" endtime="20231110 22:21:28.030"/>
</kw>
<kw name="Click Reset Penomoran" library="penomoran">
<kw name="Wait Until Element Is Visible" library="SeleniumLibrary">
<arg>css:span.el-switch__core</arg>
<doc>Waits until the element ``locator`` is visible.</doc>
<status status="PASS" starttime="20231110 22:21:28.030" endtime="20231110 22:21:28.642"/>
</kw>
<kw name="Click Element" library="SeleniumLibrary">
<arg>css:span.el-switch__core</arg>
<doc>Click the element identified by ``locator``.</doc>
<msg timestamp="20231110 22:21:28.642" level="INFO">Clicking element 'css:span.el-switch__core'.</msg>
<status status="PASS" starttime="20231110 22:21:28.642" endtime="20231110 22:21:29.462"/>
</kw>
<kw name="Sleep" library="BuiltIn">
<arg>0.5s</arg>
<doc>Pauses the test executed for the given time.</doc>
<msg timestamp="20231110 22:21:29.966" level="INFO">Slept 500 milliseconds</msg>
<status status="PASS" starttime="20231110 22:21:29.462" endtime="20231110 22:21:29.966"/>
</kw>
<status status="PASS" starttime="20231110 22:21:28.030" endtime="20231110 22:21:29.966"/>
</kw>
<kw name="Click Button Kategori Item" library="penomoran">
<kw name="Click Button" library="SeleniumLibrary">
<arg>id:addFieldJenisPengajuan</arg>
<doc>Clicks the button identified by ``locator``.</doc>
<msg timestamp="20231110 22:21:29.966" level="INFO">Clicking button 'id:addFieldJenisPengajuan'.</msg>
<status status="PASS" starttime="20231110 22:21:29.966" endtime="20231110 22:21:32.904"/>
</kw>
<kw name="Wait Until Element Is Visible" library="SeleniumLibrary">
<arg>name:unitKerja-0</arg>
<doc>Waits until the element ``locator`` is visible.</doc>
<status status="PASS" starttime="20231110 22:21:32.904" endtime="20231110 22:21:33.520"/>
</kw>
<status status="PASS" starttime="20231110 22:21:29.966" endtime="20231110 22:21:33.520"/>
</kw>
<kw name="Select Unit Kerja" library="penomoran">
<arg>test</arg>
<kw name="Click Element" library="SeleniumLibrary">
<arg>name:unitKerja-0</arg>
<doc>Click the element identified by ``locator``.</doc>
<msg timestamp="20231110 22:21:33.520" level="INFO">Clicking element 'name:unitKerja-0'.</msg>
<status status="PASS" starttime="20231110 22:21:33.520" endtime="20231110 22:21:34.493"/>
</kw>
<kw name="Press Keys" library="SeleniumLibrary">
<arg>None</arg>
<arg>${unit}</arg>
<doc>Simulates the user pressing key(s) to an element or on the active browser.</doc>
<msg timestamp="20231110 22:21:34.493" level="INFO">Sending key(s) ('test',) to page.</msg>
<msg timestamp="20231110 22:21:34.493" level="INFO">Sending keys test</msg>
<status status="PASS" starttime="20231110 22:21:34.493" endtime="20231110 22:21:35.177"/>
</kw>
<kw name="Press Keys" library="SeleniumLibrary">
<arg>None</arg>
<arg>ENTER</arg>
<doc>Simulates the user pressing key(s) to an element or on the active browser.</doc>
<msg timestamp="20231110 22:21:35.177" level="INFO">Sending key(s) ('ENTER',) to page.</msg>
<msg timestamp="20231110 22:21:35.177" level="INFO">Pressing special key ENTER to browser.</msg>
<msg timestamp="20231110 22:21:35.177" level="INFO">Releasing special key ENTER.</msg>
<status status="PASS" starttime="20231110 22:21:35.177" endtime="20231110 22:21:35.630"/>
</kw>
<status status="PASS" starttime="20231110 22:21:33.520" endtime="20231110 22:21:35.630"/>
</kw>
<kw name="Input Sub Nomor Terakhir" library="penomoran">
<arg>1</arg>
<kw name="Clear Element Text" library="SeleniumLibrary">
<arg>name:noterakhir-0</arg>
<doc>Clears the value of the text-input-element identified by ``locator``.</doc>
<status status="PASS" starttime="20231110 22:21:35.630" endtime="20231110 22:21:36.271"/>
</kw>
<kw name="Input Text" library="SeleniumLibrary">
<arg>name:noterakhir-0</arg>
<arg>${nomorTerakhir}</arg>
<doc>Types the given ``text`` into the text field identified by ``locator``.</doc>
<msg timestamp="20231110 22:21:36.271" level="INFO">Typing text '1' into text field 'name:noterakhir-0'.</msg>
<status status="PASS" starttime="20231110 22:21:36.271" endtime="20231110 22:21:37.211"/>
</kw>
<status status="PASS" starttime="20231110 22:21:35.630" endtime="20231110 22:21:37.211"/>
</kw>
<kw name="Capture Page Screenshot" library="SeleniumLibrary">
<doc>Takes a screenshot of the current page and embeds it into a log file.</doc>
<msg timestamp="20231110 22:21:37.562" level="INFO" html="true">&lt;/td&gt;&lt;/tr&gt;&lt;tr&gt;&lt;td colspan="3"&gt;&lt;a href="selenium-screenshot-1.png"&gt;&lt;img src="selenium-screenshot-1.png" width="800px"&gt;&lt;/a&gt;</msg>
<status status="PASS" starttime="20231110 22:21:37.211" endtime="20231110 22:21:37.562"/>
</kw>
<kw name="Click Button Simpan" library="penomoran">
<kw name="Click Button" library="SeleniumLibrary">
<arg>default:Simpan</arg>
<doc>Clicks the button identified by ``locator``.</doc>
<msg timestamp="20231110 22:21:37.562" level="INFO">Clicking button 'default:Simpan'.</msg>
<status status="PASS" starttime="20231110 22:21:37.562" endtime="20231110 22:21:39.009"/>
</kw>
<kw name="Wait Until Element Is Visible" library="SeleniumLibrary">
<arg>class:Vue-Toastification__toast-body</arg>
<doc>Waits until the element ``locator`` is visible.</doc>
<status status="PASS" starttime="20231110 22:21:39.009" endtime="20231110 22:21:39.622"/>
</kw>
<status status="PASS" starttime="20231110 22:21:37.562" endtime="20231110 22:21:39.622"/>
</kw>
<kw name="Sleep" library="BuiltIn">
<arg>2s</arg>
<doc>Pauses the test executed for the given time.</doc>
<msg timestamp="20231110 22:21:41.626" level="INFO">Slept 2 seconds</msg>
<status status="PASS" starttime="20231110 22:21:39.622" endtime="20231110 22:21:41.626"/>
</kw>
<kw name="Capture Page Screenshot" library="SeleniumLibrary">
<doc>Takes a screenshot of the current page and embeds it into a log file.</doc>
<msg timestamp="20231110 22:21:42.134" level="INFO" html="true">&lt;/td&gt;&lt;/tr&gt;&lt;tr&gt;&lt;td colspan="3"&gt;&lt;a href="selenium-screenshot-2.png"&gt;&lt;img src="selenium-screenshot-2.png" width="800px"&gt;&lt;/a&gt;</msg>
<status status="PASS" starttime="20231110 22:21:41.626" endtime="20231110 22:21:42.134"/>
</kw>
<kw name="Close Browser" library="SeleniumLibrary" type="TEARDOWN">
<doc>Closes the current browser.</doc>
<status status="PASS" starttime="20231110 22:21:42.134" endtime="20231110 22:21:45.448"/>
</kw>
<doc>SC02 - Create New Data Penomoran</doc>
<tag>TC01 - Create Data Penomoran</tag>
<status status="PASS" starttime="20231110 22:20:59.773" endtime="20231110 22:21:45.448"/>
</test>
<doc>SC02 - Create New Data Penomoran</doc>
<status status="PASS" starttime="20231110 22:20:59.618" endtime="20231110 22:21:45.448"/>
</suite>
<statistics>
<total>
<stat pass="1" fail="0" skip="0">All Tests</stat>
</total>
<tag>
<stat pass="1" fail="0" skip="0">TC01 - Create Data Penomoran</stat>
</tag>
<suite>
<stat pass="1" fail="0" skip="0" id="s1" name="SC02 - Create New Data Penomoran">SC02 - Create New Data Penomoran</stat>
</suite>
</statistics>
<errors>
</errors>
</robot>
