<?xml version="1.0" encoding="UTF-8"?>
<robot generator="Robot 6.1.1 (Python 3.12.0 on win32)" generated="20231210 18:13:47.406" rpa="false" schemaversion="4">
<suite id="s1" name="SC03 - Update Data Notifikasi" source="E:\#Freelance\Sicantik\tests\R02 - Notifikasi\Admin Pusat\SC03 - Update Data Notifikasi\SC03 - Update Data Notifikasi.robot">
<test id="s1-t1" name="TC01 - Update Data Notifikasi (ex. Pendaftaran)" line="12">
<kw name="Open Browser To Login Page" library="login">
<kw name="Set Selenium Speed" library="SeleniumLibrary">
<arg>0.2s</arg>
<doc>Sets the delay that is waited after each Selenium command.</doc>
<status status="PASS" starttime="20231210 18:13:47.564" endtime="20231210 18:13:47.564"/>
</kw>
<kw name="Open Browser" library="SeleniumLibrary">
<arg>${LOGIN URL}</arg>
<arg>${BROWSER}</arg>
<doc>Opens a new browser instance to the optional ``url``.</doc>
<msg timestamp="20231210 18:13:47.565" level="INFO">Opening browser 'Firefox' to base url 'https://uji.sicantik.go.id/sign-in'.</msg>
<status status="PASS" starttime="20231210 18:13:47.564" endtime="20231210 18:13:56.053"/>
</kw>
<kw name="Maximize Browser Window" library="SeleniumLibrary">
<doc>Maximizes current browser window.</doc>
<status status="PASS" starttime="20231210 18:13:56.053" endtime="20231210 18:13:56.523"/>
</kw>
<kw name="Title Should Be" library="SeleniumLibrary">
<arg>SICANTIK</arg>
<doc>Verifies that the current page title equals ``title``.</doc>
<msg timestamp="20231210 18:13:56.728" level="INFO">Page title is 'SICANTIK'.</msg>
<status status="PASS" starttime="20231210 18:13:56.523" endtime="20231210 18:13:56.728"/>
</kw>
<status status="PASS" starttime="20231210 18:13:47.564" endtime="20231210 18:13:56.728"/>
</kw>
<kw name="Login Admin Pusat" library="login">
<kw name="Input Username" library="login">
<arg>admegov</arg>
<kw name="Input Text" library="SeleniumLibrary">
<arg>username</arg>
<arg>${username}</arg>
<doc>Types the given ``text`` into the text field identified by ``locator``.</doc>
<msg timestamp="20231210 18:13:56.728" level="INFO">Typing text 'admegov' into text field 'username'.</msg>
<status status="PASS" starttime="20231210 18:13:56.728" endtime="20231210 18:13:57.380"/>
</kw>
<status status="PASS" starttime="20231210 18:13:56.728" endtime="20231210 18:13:57.380"/>
</kw>
<kw name="Input Password" library="login">
<arg>Admegov789*@#</arg>
<kw name="Input Text" library="SeleniumLibrary">
<arg>password</arg>
<arg>${password}</arg>
<doc>Types the given ``text`` into the text field identified by ``locator``.</doc>
<msg timestamp="20231210 18:13:57.380" level="INFO">Typing text 'Admegov789*@#' into text field 'password'.</msg>
<status status="PASS" starttime="20231210 18:13:57.380" endtime="20231210 18:13:58.003"/>
</kw>
<status status="PASS" starttime="20231210 18:13:57.380" endtime="20231210 18:13:58.003"/>
</kw>
<kw name="Submit Credentials" library="login">
<kw name="Click Button" library="SeleniumLibrary">
<arg>kt_sign_in_submit</arg>
<doc>Clicks the button identified by ``locator``.</doc>
<msg timestamp="20231210 18:13:58.003" level="INFO">Clicking button 'kt_sign_in_submit'.</msg>
<status status="PASS" starttime="20231210 18:13:58.003" endtime="20231210 18:13:59.034"/>
</kw>
<kw name="Sleep" library="BuiltIn">
<arg>5s</arg>
<doc>Pauses the test executed for the given time.</doc>
<msg timestamp="20231210 18:14:04.037" level="INFO">Slept 5 seconds</msg>
<status status="PASS" starttime="20231210 18:13:59.034" endtime="20231210 18:14:04.037"/>
</kw>
<status status="PASS" starttime="20231210 18:13:58.003" endtime="20231210 18:14:04.037"/>
</kw>
<kw name="Element Should Contain" library="SeleniumLibrary">
<arg>xpath://*[@id="kt_header_user_menu_toggle"]/div[2]/span[2]</arg>
<arg>Admin Utama</arg>
<doc>Verifies that element ``locator`` contains text ``expected``.</doc>
<msg timestamp="20231210 18:14:04.453" level="INFO">Element 'xpath://*[@id="kt_header_user_menu_toggle"]/div[2]/span[2]' contains text 'Admin Utama'.</msg>
<status status="PASS" starttime="20231210 18:14:04.037" endtime="20231210 18:14:04.453"/>
</kw>
<status status="PASS" starttime="20231210 18:13:56.728" endtime="20231210 18:14:04.453"/>
</kw>
<kw name="Move To Notification" library="notifikasi">
<kw name="Go To" library="SeleniumLibrary">
<arg>https://uji.sicantik.go.id/notifikasi</arg>
<doc>Navigates the current browser window to the provided ``url``.</doc>
<msg timestamp="20231210 18:14:04.453" level="INFO">Opening url 'https://uji.sicantik.go.id/notifikasi'</msg>
<status status="PASS" starttime="20231210 18:14:04.453" endtime="20231210 18:14:05.024"/>
</kw>
<kw name="Wait Until Location Is" library="SeleniumLibrary">
<arg>https://uji.sicantik.go.id/notifikasi</arg>
<doc>Waits until the current URL is ``expected``.</doc>
<status status="PASS" starttime="20231210 18:14:05.024" endtime="20231210 18:14:05.226"/>
</kw>
<status status="PASS" starttime="20231210 18:14:04.453" endtime="20231210 18:14:05.226"/>
</kw>
<kw name="Search" library="notifikasi">
<arg>nama jenis izin rian satu</arg>
<kw name="Wait Until Element Is Visible" library="SeleniumLibrary">
<arg>//*[@placeholder="Jenis Izin"]</arg>
<doc>Waits until the element ``locator`` is visible.</doc>
<status status="PASS" starttime="20231210 18:14:05.226" endtime="20231210 18:14:05.728"/>
</kw>
<kw name="Input Text" library="SeleniumLibrary">
<arg>//*[@placeholder="Jenis Izin"]</arg>
<arg>${param}</arg>
<doc>Types the given ``text`` into the text field identified by ``locator``.</doc>
<msg timestamp="20231210 18:14:05.728" level="INFO">Typing text 'nama jenis izin rian satu' into text field '//*[@placeholder="Jenis Izin"]'.</msg>
<status status="PASS" starttime="20231210 18:14:05.728" endtime="20231210 18:14:06.360"/>
</kw>
<kw name="Sleep" library="BuiltIn">
<arg>3s</arg>
<doc>Pauses the test executed for the given time.</doc>
<msg timestamp="20231210 18:14:09.364" level="INFO">Slept 3 seconds</msg>
<status status="PASS" starttime="20231210 18:14:06.360" endtime="20231210 18:14:09.364"/>
</kw>
<status status="PASS" starttime="20231210 18:14:05.226" endtime="20231210 18:14:09.364"/>
</kw>
<kw name="Click Icon Pencil" library="notifikasi">
<kw name="Wait Until Element Is Visible" library="SeleniumLibrary">
<arg>css:i.fa-edit</arg>
<doc>Waits until the element ``locator`` is visible.</doc>
<status status="PASS" starttime="20231210 18:14:09.364" endtime="20231210 18:14:09.779"/>
</kw>
<kw name="Click Element" library="SeleniumLibrary">
<arg>css:i.fa-edit</arg>
<doc>Click the element identified by ``locator``.</doc>
<msg timestamp="20231210 18:14:09.779" level="INFO">Clicking element 'css:i.fa-edit'.</msg>
<status status="PASS" starttime="20231210 18:14:09.779" endtime="20231210 18:14:10.410"/>
</kw>
<kw name="Wait Until Element Is Visible" library="SeleniumLibrary">
<arg>xpath://*[@id="kt_content_container"]/div[1]/div/div[1]/div/div/div/div[1]/a</arg>
<doc>Waits until the element ``locator`` is visible.</doc>
<status status="PASS" starttime="20231210 18:14:10.410" endtime="20231210 18:14:10.822"/>
</kw>
<kw name="Element Should Contain" library="SeleniumLibrary">
<arg>xpath://*[@id="kt_content_container"]/div[1]/div/div[1]/div/div/div/div[1]/a</arg>
<arg>Notifikasi</arg>
<doc>Verifies that element ``locator`` contains text ``expected``.</doc>
<msg timestamp="20231210 18:14:11.236" level="INFO">Element 'xpath://*[@id="kt_content_container"]/div[1]/div/div[1]/div/div/div/div[1]/a' contains text 'Notifikasi'.</msg>
<status status="PASS" starttime="20231210 18:14:10.822" endtime="20231210 18:14:11.236"/>
</kw>
<status status="PASS" starttime="20231210 18:14:09.364" endtime="20231210 18:14:11.236"/>
</kw>
<kw name="Select Tipe" library="notifikasi">
<arg>Push Notifikasi</arg>
<kw name="Wait Until Element Is Visible" library="SeleniumLibrary">
<arg>name:tipe</arg>
<doc>Waits until the element ``locator`` is visible.</doc>
<status status="PASS" starttime="20231210 18:14:11.236" endtime="20231210 18:14:12.053"/>
</kw>
<kw name="Click Element" library="SeleniumLibrary">
<arg>name:tipe</arg>
<doc>Click the element identified by ``locator``.</doc>
<msg timestamp="20231210 18:14:12.053" level="INFO">Clicking element 'name:tipe'.</msg>
<status status="PASS" starttime="20231210 18:14:12.053" endtime="20231210 18:14:12.702"/>
</kw>
<kw name="Press Keys" library="SeleniumLibrary">
<arg>None</arg>
<arg>${tipe}</arg>
<doc>Simulates the user pressing key(s) to an element or on the active browser.</doc>
<msg timestamp="20231210 18:14:12.702" level="INFO">Sending key(s) ('Push Notifikasi',) to page.</msg>
<msg timestamp="20231210 18:14:12.702" level="INFO">Sending keys Push Notifikasi</msg>
<status status="PASS" starttime="20231210 18:14:12.702" endtime="20231210 18:14:13.322"/>
</kw>
<kw name="Press Keys" library="SeleniumLibrary">
<arg>None</arg>
<arg>ENTER</arg>
<doc>Simulates the user pressing key(s) to an element or on the active browser.</doc>
<msg timestamp="20231210 18:14:13.322" level="INFO">Sending key(s) ('ENTER',) to page.</msg>
<msg timestamp="20231210 18:14:13.322" level="INFO">Pressing special key ENTER to browser.</msg>
<msg timestamp="20231210 18:14:13.322" level="INFO">Releasing special key ENTER.</msg>
<status status="PASS" starttime="20231210 18:14:13.322" endtime="20231210 18:14:13.538"/>
</kw>
<status status="PASS" starttime="20231210 18:14:11.236" endtime="20231210 18:14:13.538"/>
</kw>
<kw name="Select Penerima" library="notifikasi">
<arg>Pemohon</arg>
<kw name="Wait Until Element Is Visible" library="SeleniumLibrary">
<arg>name:tipepenerima</arg>
<doc>Waits until the element ``locator`` is visible.</doc>
<status status="PASS" starttime="20231210 18:14:13.538" endtime="20231210 18:14:13.954"/>
</kw>
<kw name="Click Element" library="SeleniumLibrary">
<arg>name:tipepenerima</arg>
<doc>Click the element identified by ``locator``.</doc>
<msg timestamp="20231210 18:14:13.954" level="INFO">Clicking element 'name:tipepenerima'.</msg>
<status status="PASS" starttime="20231210 18:14:13.954" endtime="20231210 18:14:14.575"/>
</kw>
<kw name="Press Keys" library="SeleniumLibrary">
<arg>None</arg>
<arg>${tipePenerima}</arg>
<doc>Simulates the user pressing key(s) to an element or on the active browser.</doc>
<msg timestamp="20231210 18:14:14.575" level="INFO">Sending key(s) ('Pemohon',) to page.</msg>
<msg timestamp="20231210 18:14:14.575" level="INFO">Sending keys Pemohon</msg>
<status status="PASS" starttime="20231210 18:14:14.575" endtime="20231210 18:14:14.807"/>
</kw>
<kw name="Press Keys" library="SeleniumLibrary">
<arg>None</arg>
<arg>ENTER</arg>
<doc>Simulates the user pressing key(s) to an element or on the active browser.</doc>
<msg timestamp="20231210 18:14:14.807" level="INFO">Sending key(s) ('ENTER',) to page.</msg>
<msg timestamp="20231210 18:14:14.807" level="INFO">Pressing special key ENTER to browser.</msg>
<msg timestamp="20231210 18:14:14.807" level="INFO">Releasing special key ENTER.</msg>
<status status="PASS" starttime="20231210 18:14:14.807" endtime="20231210 18:14:15.017"/>
</kw>
<status status="PASS" starttime="20231210 18:14:13.538" endtime="20231210 18:14:15.017"/>
</kw>
<kw name="Click Modal Edit Pesan" library="notifikasi">
<kw name="Wait Until Element Is Visible" library="SeleniumLibrary">
<arg>xpath://*[@id="kt_customers_table"]/tbody/tr/td[4]/span/div/button</arg>
<doc>Waits until the element ``locator`` is visible.</doc>
<status status="PASS" starttime="20231210 18:14:15.017" endtime="20231210 18:14:15.429"/>
</kw>
<kw name="Click Element" library="SeleniumLibrary">
<arg>xpath://*[@id="kt_customers_table"]/tbody/tr/td[4]/span/div/button</arg>
<doc>Click the element identified by ``locator``.</doc>
<msg timestamp="20231210 18:14:15.429" level="INFO">Clicking element 'xpath://*[@id="kt_customers_table"]/tbody/tr/td[4]/span/div/button'.</msg>
<status status="PASS" starttime="20231210 18:14:15.429" endtime="20231210 18:14:16.068"/>
</kw>
<kw name="Wait Until Element Is Visible" library="SeleniumLibrary">
<arg>css:textarea[name=pesan]</arg>
<doc>Waits until the element ``locator`` is visible.</doc>
<status status="PASS" starttime="20231210 18:14:16.068" endtime="20231210 18:14:16.480"/>
</kw>
<status status="PASS" starttime="20231210 18:14:15.017" endtime="20231210 18:14:16.480"/>
</kw>
<kw name="Input Pesan" library="notifikasi">
<arg>Lorem update</arg>
<kw name="Wait Until Element Is Visible" library="SeleniumLibrary">
<arg>css:textarea[name=pesan]</arg>
<doc>Waits until the element ``locator`` is visible.</doc>
<status status="PASS" starttime="20231210 18:14:16.480" endtime="20231210 18:14:16.891"/>
</kw>
<kw name="Clear Element Text" library="SeleniumLibrary">
<arg>css:textarea[name=pesan]</arg>
<doc>Clears the value of the text-input-element identified by ``locator``.</doc>
<status status="PASS" starttime="20231210 18:14:16.891" endtime="20231210 18:14:17.297"/>
</kw>
<kw name="Input Text" library="SeleniumLibrary">
<arg>css:textarea[name=pesan]</arg>
<arg>${pesan}</arg>
<doc>Types the given ``text`` into the text field identified by ``locator``.</doc>
<msg timestamp="20231210 18:14:17.297" level="INFO">Typing text 'Lorem update' into text field 'css:textarea[name=pesan]'.</msg>
<status status="PASS" starttime="20231210 18:14:17.297" endtime="20231210 18:14:17.919"/>
</kw>
<status status="PASS" starttime="20231210 18:14:16.480" endtime="20231210 18:14:17.919"/>
</kw>
<kw name="Click Button Simpan In Modal" library="notifikasi">
<kw name="Wait Until Element Is Visible" library="SeleniumLibrary">
<arg>css:button.el-button--primary</arg>
<doc>Waits until the element ``locator`` is visible.</doc>
<status status="PASS" starttime="20231210 18:14:17.919" endtime="20231210 18:14:18.330"/>
</kw>
<kw name="Click Button" library="SeleniumLibrary">
<arg>css:button.el-button--primary</arg>
<doc>Clicks the button identified by ``locator``.</doc>
<msg timestamp="20231210 18:14:18.330" level="INFO">Clicking button 'css:button.el-button--primary'.</msg>
<status status="PASS" starttime="20231210 18:14:18.330" endtime="20231210 18:14:19.564"/>
</kw>
<kw name="Sleep" library="BuiltIn">
<arg>1s</arg>
<doc>Pauses the test executed for the given time.</doc>
<msg timestamp="20231210 18:14:20.564" level="INFO">Slept 1 second</msg>
<status status="PASS" starttime="20231210 18:14:19.564" endtime="20231210 18:14:20.564"/>
</kw>
<status status="PASS" starttime="20231210 18:14:17.919" endtime="20231210 18:14:20.564"/>
</kw>
<kw name="Click Button Simpan" library="notifikasi">
<kw name="Click Button" library="SeleniumLibrary">
<arg>xpath://*[@id="kt_content_container"]/div[3]/div/div/div/div/button</arg>
<doc>Clicks the button identified by ``locator``.</doc>
<msg timestamp="20231210 18:14:20.564" level="INFO">Clicking button 'xpath://*[@id="kt_content_container"]/div[3]/div/div/div/div/button'.</msg>
<status status="PASS" starttime="20231210 18:14:20.564" endtime="20231210 18:14:21.794"/>
</kw>
<kw name="Wait Until Element Is Visible" library="SeleniumLibrary">
<arg>class:Vue-Toastification__toast-body</arg>
<doc>Waits until the element ``locator`` is visible.</doc>
<status status="PASS" starttime="20231210 18:14:21.794" endtime="20231210 18:14:23.071"/>
</kw>
<status status="PASS" starttime="20231210 18:14:20.564" endtime="20231210 18:14:23.071"/>
</kw>
<kw name="Sleep" library="BuiltIn">
<arg>2s</arg>
<doc>Pauses the test executed for the given time.</doc>
<msg timestamp="20231210 18:14:25.072" level="INFO">Slept 2 seconds</msg>
<status status="PASS" starttime="20231210 18:14:23.071" endtime="20231210 18:14:25.072"/>
</kw>
<kw name="Capture Page Screenshot" library="SeleniumLibrary">
<doc>Takes a screenshot of the current page and embeds it into a log file.</doc>
<msg timestamp="20231210 18:14:25.327" level="INFO" html="true">&lt;/td&gt;&lt;/tr&gt;&lt;tr&gt;&lt;td colspan="3"&gt;&lt;a href="selenium-screenshot-1.png"&gt;&lt;img src="selenium-screenshot-1.png" width="800px"&gt;&lt;/a&gt;</msg>
<status status="PASS" starttime="20231210 18:14:25.072" endtime="20231210 18:14:25.327"/>
</kw>
<kw name="Close Browser" library="SeleniumLibrary" type="TEARDOWN">
<doc>Closes the current browser.</doc>
<status status="PASS" starttime="20231210 18:14:25.327" endtime="20231210 18:14:28.493"/>
</kw>
<doc>SC03 - Update Data Notifikasi</doc>
<tag>TC01 - Update Data Notifikasi (ex. Pendaftaran)</tag>
<status status="PASS" starttime="20231210 18:13:47.563" endtime="20231210 18:14:28.493"/>
</test>
<doc>SC03 - Update Data Notifikasi</doc>
<status status="PASS" starttime="20231210 18:13:47.406" endtime="20231210 18:14:28.493"/>
</suite>
<statistics>
<total>
<stat pass="1" fail="0" skip="0">All Tests</stat>
</total>
<tag>
<stat pass="1" fail="0" skip="0">TC01 - Update Data Notifikasi (ex. Pendaftaran)</stat>
</tag>
<suite>
<stat pass="1" fail="0" skip="0" id="s1" name="SC03 - Update Data Notifikasi">SC03 - Update Data Notifikasi</stat>
</suite>
</statistics>
<errors>
</errors>
</robot>
