<?xml version="1.0" encoding="UTF-8"?>
<robot generator="Robot 6.1.1 (Python 3.12.0 on win32)" generated="20231104 13:50:04.620" rpa="false" schemaversion="4">
<suite id="s1" name="Sc03 - Proses Pengajuan (Menerima &amp; Memeriksa Berkas)" source="e:\#Freelance\Sicantik\pemohon\sc03 - proses pengajuan (menerima &amp; memeriksa berkas)\sc03 - proses pengajuan (menerima &amp; memeriksa berkas).robot">
<test id="s1-t1" name="TC01 - Proses Pengajuan (Menerima &amp; Memeriksa Berkas)" line="12">
<kw name="Open Browser To Login Page" library="login">
<kw name="Set Selenium Speed" library="SeleniumLibrary">
<arg>0.5s</arg>
<doc>Sets the delay that is waited after each Selenium command.</doc>
<status status="PASS" starttime="20231104 13:50:04.783" endtime="20231104 13:50:04.783"/>
</kw>
<kw name="Open Browser" library="SeleniumLibrary">
<arg>${LOGIN URL}</arg>
<arg>${BROWSER}</arg>
<doc>Opens a new browser instance to the optional ``url``.</doc>
<msg timestamp="20231104 13:50:04.783" level="INFO">Opening browser 'Firefox' to base url 'https://uji.sicantik.go.id/sign-in'.</msg>
<status status="PASS" starttime="20231104 13:50:04.783" endtime="20231104 13:51:22.958"/>
</kw>
<kw name="Maximize Browser Window" library="SeleniumLibrary">
<doc>Maximizes current browser window.</doc>
<status status="PASS" starttime="20231104 13:51:22.958" endtime="20231104 13:51:23.728"/>
</kw>
<kw name="Title Should Be" library="SeleniumLibrary">
<arg>SICANTIK</arg>
<doc>Verifies that the current page title equals ``title``.</doc>
<msg timestamp="20231104 13:51:24.231" level="INFO">Page title is 'SICANTIK'.</msg>
<status status="PASS" starttime="20231104 13:51:23.728" endtime="20231104 13:51:24.231"/>
</kw>
<status status="PASS" starttime="20231104 13:50:04.783" endtime="20231104 13:51:24.231"/>
</kw>
<kw name="Input Username" library="login">
<arg>kartu1</arg>
<kw name="Input Text" library="SeleniumLibrary">
<arg>username</arg>
<arg>${username}</arg>
<doc>Types the given ``text`` into the text field identified by ``locator``.</doc>
<msg timestamp="20231104 13:51:24.233" level="INFO">Typing text 'kartu1' into text field 'username'.</msg>
<status status="PASS" starttime="20231104 13:51:24.231" endtime="20231104 13:51:25.786"/>
</kw>
<status status="PASS" starttime="20231104 13:51:24.231" endtime="20231104 13:51:25.787"/>
</kw>
<kw name="Input Password" library="login">
<arg>Kartu123*@#</arg>
<kw name="Input Text" library="SeleniumLibrary">
<arg>password</arg>
<arg>${password}</arg>
<doc>Types the given ``text`` into the text field identified by ``locator``.</doc>
<msg timestamp="20231104 13:51:25.787" level="INFO">Typing text 'Kartu123*@#' into text field 'password'.</msg>
<status status="PASS" starttime="20231104 13:51:25.787" endtime="20231104 13:51:27.307"/>
</kw>
<status status="PASS" starttime="20231104 13:51:25.787" endtime="20231104 13:51:27.308"/>
</kw>
<kw name="Submit Credentials" library="login">
<kw name="Click Button" library="SeleniumLibrary">
<arg>kt_sign_in_submit</arg>
<doc>Clicks the button identified by ``locator``.</doc>
<msg timestamp="20231104 13:51:27.308" level="INFO">Clicking button 'kt_sign_in_submit'.</msg>
<status status="PASS" starttime="20231104 13:51:27.308" endtime="20231104 13:51:29.544"/>
</kw>
<kw name="Sleep" library="BuiltIn">
<arg>5s</arg>
<doc>Pauses the test executed for the given time.</doc>
<msg timestamp="20231104 13:51:34.544" level="INFO">Slept 5 seconds</msg>
<status status="PASS" starttime="20231104 13:51:29.544" endtime="20231104 13:51:34.544"/>
</kw>
<status status="PASS" starttime="20231104 13:51:27.308" endtime="20231104 13:51:34.544"/>
</kw>
<kw name="Page Should Contain Element" library="SeleniumLibrary">
<arg>css:span.text-white</arg>
<arg>Home</arg>
<arg>None</arg>
<arg>None</arg>
<doc>Verifies that element ``locator`` is found on the current page.</doc>
<msg timestamp="20231104 13:51:35.050" level="INFO">Current page contains element 'css:span.text-white'.</msg>
<status status="PASS" starttime="20231104 13:51:34.544" endtime="20231104 13:51:35.050"/>
</kw>
<kw name="Move To Profile And Permohonan Izin" library="pemohon">
<kw name="Go To" library="SeleniumLibrary">
<arg>https://uji.sicantik.go.id/profile/pemohon/daftar-permohonan/permohonan</arg>
<doc>Navigates the current browser window to the provided ``url``.</doc>
<msg timestamp="20231104 13:51:35.051" level="INFO">Opening url 'https://uji.sicantik.go.id/profile/pemohon/daftar-permohonan/permohonan'</msg>
<status status="PASS" starttime="20231104 13:51:35.051" endtime="20231104 13:51:35.858"/>
</kw>
<kw name="Wait Until Element Contains" library="SeleniumLibrary">
<arg>css:span.text-primary-custom</arg>
<arg>Ajukan Keluhan</arg>
<doc>Waits until the element ``locator`` contains ``text``.</doc>
<status status="PASS" starttime="20231104 13:51:35.858" endtime="20231104 13:51:36.874"/>
</kw>
<status status="PASS" starttime="20231104 13:51:35.051" endtime="20231104 13:51:36.874"/>
</kw>
<kw name="Move To Add Permohonan" library="pemohon">
<kw name="Go To" library="SeleniumLibrary">
<arg>https://uji.sicantik.go.id/profile/pemohon/daftar-permohonan/add/permohonan</arg>
<doc>Navigates the current browser window to the provided ``url``.</doc>
<msg timestamp="20231104 13:51:36.874" level="INFO">Opening url 'https://uji.sicantik.go.id/profile/pemohon/daftar-permohonan/add/permohonan'</msg>
<status status="PASS" starttime="20231104 13:51:36.874" endtime="20231104 13:51:38.682"/>
</kw>
<kw name="Wait Until Element Contains" library="SeleniumLibrary">
<arg>css:label.form-label</arg>
<arg>Jenis Permohonan *</arg>
<arg>None</arg>
<arg>None</arg>
<doc>Waits until the element ``locator`` contains ``text``.</doc>
<status status="PASS" starttime="20231104 13:51:38.682" endtime="20231104 13:51:39.693"/>
</kw>
<status status="PASS" starttime="20231104 13:51:36.874" endtime="20231104 13:51:39.693"/>
</kw>
<kw name="Select Jenis Permohonan" library="pemohon">
<arg>Baru</arg>
<kw name="Click Element" library="SeleniumLibrary">
<arg>name:jenis_permohonan</arg>
<doc>Click the element identified by ``locator``.</doc>
<msg timestamp="20231104 13:51:39.693" level="INFO">Clicking element 'name:jenis_permohonan'.</msg>
<status status="PASS" starttime="20231104 13:51:39.693" endtime="20231104 13:51:40.934"/>
</kw>
<kw name="Press Keys" library="SeleniumLibrary">
<arg>None</arg>
<arg>${jenisPemohonan}</arg>
<doc>Simulates the user pressing key(s) to an element or on the active browser.</doc>
<msg timestamp="20231104 13:51:40.934" level="INFO">Sending key(s) ('Baru',) to page.</msg>
<msg timestamp="20231104 13:51:40.934" level="INFO">Sending keys Baru</msg>
<status status="PASS" starttime="20231104 13:51:40.934" endtime="20231104 13:51:41.458"/>
</kw>
<kw name="Press Keys" library="SeleniumLibrary">
<arg>None</arg>
<arg>ENTER</arg>
<doc>Simulates the user pressing key(s) to an element or on the active browser.</doc>
<msg timestamp="20231104 13:51:41.460" level="INFO">Sending key(s) ('ENTER',) to page.</msg>
<msg timestamp="20231104 13:51:41.460" level="INFO">Pressing special key ENTER to browser.</msg>
<msg timestamp="20231104 13:51:41.460" level="INFO">Releasing special key ENTER.</msg>
<status status="PASS" starttime="20231104 13:51:41.458" endtime="20231104 13:51:41.974"/>
</kw>
<status status="PASS" starttime="20231104 13:51:39.693" endtime="20231104 13:51:41.974"/>
</kw>
<kw name="Select Instansi" library="pemohon">
<arg>Demo2</arg>
<kw name="Click Element" library="SeleniumLibrary">
<arg>name:kecamatan</arg>
<doc>Click the element identified by ``locator``.</doc>
<msg timestamp="20231104 13:51:41.974" level="INFO">Clicking element 'name:kecamatan'.</msg>
<status status="PASS" starttime="20231104 13:51:41.974" endtime="20231104 13:51:43.196"/>
</kw>
<kw name="Press Keys" library="SeleniumLibrary">
<arg>None</arg>
<arg>${instansi}</arg>
<doc>Simulates the user pressing key(s) to an element or on the active browser.</doc>
<msg timestamp="20231104 13:51:43.196" level="INFO">Sending key(s) ('Demo2',) to page.</msg>
<msg timestamp="20231104 13:51:43.196" level="INFO">Sending keys Demo2</msg>
<status status="PASS" starttime="20231104 13:51:43.196" endtime="20231104 13:51:43.719"/>
</kw>
<kw name="Sleep" library="BuiltIn">
<arg>2s</arg>
<doc>Pauses the test executed for the given time.</doc>
<msg timestamp="20231104 13:51:45.719" level="INFO">Slept 2 seconds</msg>
<status status="PASS" starttime="20231104 13:51:43.719" endtime="20231104 13:51:45.719"/>
</kw>
<kw name="Press Keys" library="SeleniumLibrary">
<arg>None</arg>
<arg>ENTER</arg>
<doc>Simulates the user pressing key(s) to an element or on the active browser.</doc>
<msg timestamp="20231104 13:51:45.719" level="INFO">Sending key(s) ('ENTER',) to page.</msg>
<msg timestamp="20231104 13:51:45.719" level="INFO">Pressing special key ENTER to browser.</msg>
<msg timestamp="20231104 13:51:45.719" level="INFO">Releasing special key ENTER.</msg>
<status status="PASS" starttime="20231104 13:51:45.719" endtime="20231104 13:51:46.243"/>
</kw>
<status status="PASS" starttime="20231104 13:51:41.974" endtime="20231104 13:51:46.243"/>
</kw>
<kw name="Select Jenis Izin" library="pemohon">
<arg>Uji Jenis Izin</arg>
<kw name="Click Element" library="SeleniumLibrary">
<arg>name:jenisIzin</arg>
<doc>Click the element identified by ``locator``.</doc>
<msg timestamp="20231104 13:51:46.243" level="INFO">Clicking element 'name:jenisIzin'.</msg>
<status status="PASS" starttime="20231104 13:51:46.243" endtime="20231104 13:51:47.464"/>
</kw>
<kw name="Press Keys" library="SeleniumLibrary">
<arg>None</arg>
<arg>${jenisIzin}</arg>
<doc>Simulates the user pressing key(s) to an element or on the active browser.</doc>
<msg timestamp="20231104 13:51:47.464" level="INFO">Sending key(s) ('Uji Jenis Izin',) to page.</msg>
<msg timestamp="20231104 13:51:47.464" level="INFO">Sending keys Uji Jenis Izin</msg>
<status status="PASS" starttime="20231104 13:51:47.464" endtime="20231104 13:51:47.984"/>
</kw>
<kw name="Sleep" library="BuiltIn">
<arg>2s</arg>
<doc>Pauses the test executed for the given time.</doc>
<msg timestamp="20231104 13:51:49.985" level="INFO">Slept 2 seconds</msg>
<status status="PASS" starttime="20231104 13:51:47.984" endtime="20231104 13:51:49.985"/>
</kw>
<kw name="Press Keys" library="SeleniumLibrary">
<arg>None</arg>
<arg>ENTER</arg>
<doc>Simulates the user pressing key(s) to an element or on the active browser.</doc>
<msg timestamp="20231104 13:51:49.985" level="INFO">Sending key(s) ('ENTER',) to page.</msg>
<msg timestamp="20231104 13:51:49.985" level="INFO">Pressing special key ENTER to browser.</msg>
<msg timestamp="20231104 13:51:49.985" level="INFO">Releasing special key ENTER.</msg>
<status status="PASS" starttime="20231104 13:51:49.985" endtime="20231104 13:51:50.499"/>
</kw>
<status status="PASS" starttime="20231104 13:51:46.243" endtime="20231104 13:51:50.499"/>
</kw>
<kw name="Click Button Selanjutnya" library="pemohon">
<kw name="Click Button" library="SeleniumLibrary">
<arg>default:Selanjutnya</arg>
<doc>Clicks the button identified by ``locator``.</doc>
<msg timestamp="20231104 13:51:50.499" level="INFO">Clicking button 'default:Selanjutnya'.</msg>
<status status="PASS" starttime="20231104 13:51:50.499" endtime="20231104 13:51:52.732"/>
</kw>
<kw name="Sleep" library="BuiltIn">
<arg>1s</arg>
<doc>Pauses the test executed for the given time.</doc>
<msg timestamp="20231104 13:51:53.732" level="INFO">Slept 1 second</msg>
<status status="PASS" starttime="20231104 13:51:52.732" endtime="20231104 13:51:53.732"/>
</kw>
<status status="PASS" starttime="20231104 13:51:50.499" endtime="20231104 13:51:53.732"/>
</kw>
<kw name="Click Button Selanjutnya" library="pemohon">
<kw name="Click Button" library="SeleniumLibrary">
<arg>default:Selanjutnya</arg>
<doc>Clicks the button identified by ``locator``.</doc>
<msg timestamp="20231104 13:51:53.734" level="INFO">Clicking button 'default:Selanjutnya'.</msg>
<status status="PASS" starttime="20231104 13:51:53.733" endtime="20231104 13:51:55.959"/>
</kw>
<kw name="Sleep" library="BuiltIn">
<arg>1s</arg>
<doc>Pauses the test executed for the given time.</doc>
<msg timestamp="20231104 13:51:56.959" level="INFO">Slept 1 second</msg>
<status status="PASS" starttime="20231104 13:51:55.959" endtime="20231104 13:51:56.959"/>
</kw>
<status status="PASS" starttime="20231104 13:51:53.733" endtime="20231104 13:51:56.959"/>
</kw>
<kw name="Select Perseorangan" library="pemohon">
<kw name="Click Element" library="SeleniumLibrary">
<arg>xpath:/html/body/div[1]/div[2]/div[2]/div[2]/div/div/div/div[2]/form/div[3]/div/div[3]/div/div[1]/label</arg>
<doc>Click the element identified by ``locator``.</doc>
<msg timestamp="20231104 13:51:56.959" level="INFO">Clicking element 'xpath:/html/body/div[1]/div[2]/div[2]/div[2]/div/div/div/div[2]/form/div[3]/div/div[3]/div/div[1]/label'.</msg>
<status status="PASS" starttime="20231104 13:51:56.959" endtime="20231104 13:51:58.287"/>
</kw>
<status status="PASS" starttime="20231104 13:51:56.959" endtime="20231104 13:51:58.287"/>
</kw>
<kw name="Click Button Selanjutnya" library="pemohon">
<kw name="Click Button" library="SeleniumLibrary">
<arg>default:Selanjutnya</arg>
<doc>Clicks the button identified by ``locator``.</doc>
<msg timestamp="20231104 13:51:58.287" level="INFO">Clicking button 'default:Selanjutnya'.</msg>
<status status="PASS" starttime="20231104 13:51:58.287" endtime="20231104 13:52:00.519"/>
</kw>
<kw name="Sleep" library="BuiltIn">
<arg>1s</arg>
<doc>Pauses the test executed for the given time.</doc>
<msg timestamp="20231104 13:52:01.520" level="INFO">Slept 1 second</msg>
<status status="PASS" starttime="20231104 13:52:00.520" endtime="20231104 13:52:01.520"/>
</kw>
<status status="PASS" starttime="20231104 13:51:58.287" endtime="20231104 13:52:01.520"/>
</kw>
<kw name="Click Button Selanjutnya" library="pemohon">
<kw name="Click Button" library="SeleniumLibrary">
<arg>default:Selanjutnya</arg>
<doc>Clicks the button identified by ``locator``.</doc>
<msg timestamp="20231104 13:52:01.520" level="INFO">Clicking button 'default:Selanjutnya'.</msg>
<status status="PASS" starttime="20231104 13:52:01.520" endtime="20231104 13:52:03.749"/>
</kw>
<kw name="Sleep" library="BuiltIn">
<arg>1s</arg>
<doc>Pauses the test executed for the given time.</doc>
<msg timestamp="20231104 13:52:04.749" level="INFO">Slept 1 second</msg>
<status status="PASS" starttime="20231104 13:52:03.749" endtime="20231104 13:52:04.749"/>
</kw>
<status status="PASS" starttime="20231104 13:52:01.520" endtime="20231104 13:52:04.749"/>
</kw>
<kw name="Click Button Selanjutnya" library="pemohon">
<kw name="Click Button" library="SeleniumLibrary">
<arg>default:Selanjutnya</arg>
<doc>Clicks the button identified by ``locator``.</doc>
<msg timestamp="20231104 13:52:04.749" level="INFO">Clicking button 'default:Selanjutnya'.</msg>
<status status="PASS" starttime="20231104 13:52:04.749" endtime="20231104 13:52:06.975"/>
</kw>
<kw name="Sleep" library="BuiltIn">
<arg>1s</arg>
<doc>Pauses the test executed for the given time.</doc>
<msg timestamp="20231104 13:52:07.976" level="INFO">Slept 1 second</msg>
<status status="PASS" starttime="20231104 13:52:06.976" endtime="20231104 13:52:07.976"/>
</kw>
<status status="PASS" starttime="20231104 13:52:04.749" endtime="20231104 13:52:07.976"/>
</kw>
<kw name="Click Button Simpan" library="pemohon">
<kw name="Click Button" library="SeleniumLibrary">
<arg>default:Simpan</arg>
<doc>Clicks the button identified by ``locator``.</doc>
<msg timestamp="20231104 13:52:07.976" level="INFO">Clicking button 'default:Simpan'.</msg>
<status status="PASS" starttime="20231104 13:52:07.976" endtime="20231104 13:52:10.229"/>
</kw>
<status status="PASS" starttime="20231104 13:52:07.976" endtime="20231104 13:52:10.229"/>
</kw>
<kw name="Sleep" library="BuiltIn">
<arg>2s</arg>
<doc>Pauses the test executed for the given time.</doc>
<msg timestamp="20231104 13:52:12.231" level="INFO">Slept 2 seconds</msg>
<status status="PASS" starttime="20231104 13:52:10.230" endtime="20231104 13:52:12.231"/>
</kw>
<kw name="Capture Page Screenshot" library="SeleniumLibrary">
<doc>Takes a screenshot of the current page and embeds it into a log file.</doc>
<msg timestamp="20231104 13:52:12.787" level="INFO" html="true">&lt;/td&gt;&lt;/tr&gt;&lt;tr&gt;&lt;td colspan="3"&gt;&lt;a href="selenium-screenshot-1.png"&gt;&lt;img src="selenium-screenshot-1.png" width="800px"&gt;&lt;/a&gt;</msg>
<status status="PASS" starttime="20231104 13:52:12.231" endtime="20231104 13:52:12.787"/>
</kw>
<kw name="Close Browser" library="SeleniumLibrary" type="TEARDOWN">
<doc>Closes the current browser.</doc>
<status status="PASS" starttime="20231104 13:52:12.787" endtime="20231104 13:52:16.246"/>
</kw>
<doc>SC03 - Proses Pengajuan (Menerima &amp; Memeriksa Berkas)</doc>
<tag>TC01 - Proses Pengajuan (Menerima &amp; Memeriksa Berkas)</tag>
<status status="PASS" starttime="20231104 13:50:04.783" endtime="20231104 13:52:16.246"/>
</test>
<doc>SC03 - Proses Pengajuan (Menerima &amp; Memeriksa Berkas)</doc>
<status status="PASS" starttime="20231104 13:50:04.623" endtime="20231104 13:52:16.246"/>
</suite>
<statistics>
<total>
<stat pass="1" fail="0" skip="0">All Tests</stat>
</total>
<tag>
<stat pass="1" fail="0" skip="0">TC01 - Proses Pengajuan (Menerima &amp; Memeriksa Berkas)</stat>
</tag>
<suite>
<stat pass="1" fail="0" skip="0" id="s1" name="Sc03 - Proses Pengajuan (Menerima &amp; Memeriksa Berkas)">Sc03 - Proses Pengajuan (Menerima &amp; Memeriksa Berkas)</stat>
</suite>
</statistics>
<errors>
</errors>
</robot>
