<?xml version="1.0" encoding="UTF-8"?>
<robot generator="Robot 6.1.1 (Python 3.12.0 on win32)" generated="20231125 08:53:35.444" rpa="false" schemaversion="4">
<suite id="s1" name="SC01 - View Data Permohonan Izin" source="E:\#Freelance\Sicantik\tests\R03 - Permohonan Izin\Admin Instansi\SC01 - View Data Permohonan Izin\SC01 - View Data Permohonan Izin.robot">
<test id="s1-t1" name="TC01 - View Data Permohonan Izin" line="12">
<kw name="Open Browser To Login Page" library="login">
<kw name="Set Selenium Speed" library="SeleniumLibrary">
<arg>0.2s</arg>
<doc>Sets the delay that is waited after each Selenium command.</doc>
<status status="PASS" starttime="20231125 08:53:35.709" endtime="20231125 08:53:35.709"/>
</kw>
<kw name="Open Browser" library="SeleniumLibrary">
<arg>${LOGIN URL}</arg>
<arg>${BROWSER}</arg>
<arg>options=add_argument("--incognito")</arg>
<doc>Opens a new browser instance to the optional ``url``.</doc>
<msg timestamp="20231125 08:53:35.710" level="INFO">Opening browser 'Chrome' to base url 'https://uji.sicantik.go.id/sign-in'.</msg>
<status status="PASS" starttime="20231125 08:53:35.710" endtime="20231125 08:53:40.790"/>
</kw>
<kw name="Maximize Browser Window" library="SeleniumLibrary">
<doc>Maximizes current browser window.</doc>
<status status="PASS" starttime="20231125 08:53:40.790" endtime="20231125 08:53:41.105"/>
</kw>
<kw name="Title Should Be" library="SeleniumLibrary">
<arg>SICANTIK</arg>
<doc>Verifies that the current page title equals ``title``.</doc>
<msg timestamp="20231125 08:53:41.397" level="INFO">Page title is 'SICANTIK'.</msg>
<status status="PASS" starttime="20231125 08:53:41.105" endtime="20231125 08:53:41.397"/>
</kw>
<status status="PASS" starttime="20231125 08:53:35.709" endtime="20231125 08:53:41.397"/>
</kw>
<kw name="Login Admin Instansi" library="login">
<kw name="Input Username" library="login">
<arg>demo</arg>
<kw name="Input Text" library="SeleniumLibrary">
<arg>username</arg>
<arg>${username}</arg>
<doc>Types the given ``text`` into the text field identified by ``locator``.</doc>
<msg timestamp="20231125 08:53:41.398" level="INFO">Typing text 'demo' into text field 'username'.</msg>
<status status="PASS" starttime="20231125 08:53:41.397" endtime="20231125 08:53:42.238"/>
</kw>
<status status="PASS" starttime="20231125 08:53:41.397" endtime="20231125 08:53:42.238"/>
</kw>
<kw name="Input Password" library="login">
<arg>Demo789*@#</arg>
<kw name="Input Text" library="SeleniumLibrary">
<arg>password</arg>
<arg>${password}</arg>
<doc>Types the given ``text`` into the text field identified by ``locator``.</doc>
<msg timestamp="20231125 08:53:42.239" level="INFO">Typing text 'Demo789*@#' into text field 'password'.</msg>
<status status="PASS" starttime="20231125 08:53:42.238" endtime="20231125 08:53:42.896"/>
</kw>
<status status="PASS" starttime="20231125 08:53:42.238" endtime="20231125 08:53:42.896"/>
</kw>
<kw name="Submit Credentials" library="login">
<kw name="Click Button" library="SeleniumLibrary">
<arg>kt_sign_in_submit</arg>
<doc>Clicks the button identified by ``locator``.</doc>
<msg timestamp="20231125 08:53:42.896" level="INFO">Clicking button 'kt_sign_in_submit'.</msg>
<status status="PASS" starttime="20231125 08:53:42.896" endtime="20231125 08:53:43.755"/>
</kw>
<kw name="Sleep" library="BuiltIn">
<arg>5s</arg>
<doc>Pauses the test executed for the given time.</doc>
<msg timestamp="20231125 08:53:48.756" level="INFO">Slept 5 seconds</msg>
<status status="PASS" starttime="20231125 08:53:43.755" endtime="20231125 08:53:48.756"/>
</kw>
<status status="PASS" starttime="20231125 08:53:42.896" endtime="20231125 08:53:48.756"/>
</kw>
<kw name="Element Should Contain" library="SeleniumLibrary">
<arg>xpath://*[@id="kt_header_user_menu_toggle"]/div[2]/span[1]</arg>
<arg>DEMO</arg>
<doc>Verifies that element ``locator`` contains text ``expected``.</doc>
<msg timestamp="20231125 08:53:49.208" level="INFO">Element 'xpath://*[@id="kt_header_user_menu_toggle"]/div[2]/span[1]' contains text 'DEMO'.</msg>
<status status="PASS" starttime="20231125 08:53:48.756" endtime="20231125 08:53:49.208"/>
</kw>
<status status="PASS" starttime="20231125 08:53:41.397" endtime="20231125 08:53:49.208"/>
</kw>
<kw name="Move To Permohonan Izin Module" library="permohonan_izin">
<kw name="Go To" library="SeleniumLibrary">
<arg>https://uji.sicantik.go.id/permohonan-izin</arg>
<doc>Navigates the current browser window to the provided ``url``.</doc>
<msg timestamp="20231125 08:53:49.208" level="INFO">Opening url 'https://uji.sicantik.go.id/permohonan-izin'</msg>
<status status="PASS" starttime="20231125 08:53:49.208" endtime="20231125 08:53:49.708"/>
</kw>
<kw name="Wait Until Element Contains" library="SeleniumLibrary">
<arg>tag:h5</arg>
<arg>Permohonan Izin</arg>
<doc>Waits until the element ``locator`` contains ``text``.</doc>
<status status="PASS" starttime="20231125 08:53:49.708" endtime="20231125 08:53:50.121"/>
</kw>
<kw name="Sleep" library="BuiltIn">
<arg>3s</arg>
<doc>Pauses the test executed for the given time.</doc>
<msg timestamp="20231125 08:53:53.121" level="INFO">Slept 3 seconds</msg>
<status status="PASS" starttime="20231125 08:53:50.121" endtime="20231125 08:53:53.121"/>
</kw>
<status status="PASS" starttime="20231125 08:53:49.208" endtime="20231125 08:53:53.121"/>
</kw>
<kw name="Sleep" library="BuiltIn">
<arg>2s</arg>
<doc>Pauses the test executed for the given time.</doc>
<msg timestamp="20231125 08:53:55.122" level="INFO">Slept 2 seconds</msg>
<status status="PASS" starttime="20231125 08:53:53.121" endtime="20231125 08:53:55.122"/>
</kw>
<kw name="Capture Page Screenshot" library="SeleniumLibrary">
<doc>Takes a screenshot of the current page and embeds it into a log file.</doc>
<msg timestamp="20231125 08:53:55.465" level="INFO" html="true">&lt;/td&gt;&lt;/tr&gt;&lt;tr&gt;&lt;td colspan="3"&gt;&lt;a href="selenium-screenshot-1.png"&gt;&lt;img src="selenium-screenshot-1.png" width="800px"&gt;&lt;/a&gt;</msg>
<status status="PASS" starttime="20231125 08:53:55.122" endtime="20231125 08:53:55.465"/>
</kw>
<kw name="Close Browser" library="SeleniumLibrary" type="TEARDOWN">
<doc>Closes the current browser.</doc>
<status status="PASS" starttime="20231125 08:53:55.465" endtime="20231125 08:53:57.808"/>
</kw>
<doc>SC01 - View Data Permohonan Izin</doc>
<tag>TC01 - View Data Permohonan Izin</tag>
<status status="PASS" starttime="20231125 08:53:35.708" endtime="20231125 08:53:57.808"/>
</test>
<doc>SC01 - View Data Permohonan Izin</doc>
<status status="PASS" starttime="20231125 08:53:35.445" endtime="20231125 08:53:57.809"/>
</suite>
<statistics>
<total>
<stat pass="1" fail="0" skip="0">All Tests</stat>
</total>
<tag>
<stat pass="1" fail="0" skip="0">TC01 - View Data Permohonan Izin</stat>
</tag>
<suite>
<stat pass="1" fail="0" skip="0" id="s1" name="SC01 - View Data Permohonan Izin">SC01 - View Data Permohonan Izin</stat>
</suite>
</statistics>
<errors>
</errors>
</robot>
