<?xml version="1.0" encoding="UTF-8"?>
<robot generator="Robot 6.0.2 (Python 3.11.2 on win32)" generated="20231116 15:35:14.568" rpa="false" schemaversion="3">
<suite id="s1" name="SC01 - QR Code Logo" source="D:\#RIANCAHYADI\Projects\Freedom\Sicantik\tests\QR Code Logo\SC01 - QR Code Logo.robot">
<test id="s1-t1" name="TC01 - QR Code Logo" line="12">
<kw name="Open Browser To Login Page" library="login">
<kw name="Set Selenium Speed" library="SeleniumLibrary">
<arg>0.2s</arg>
<doc>Sets the delay that is waited after each Selenium command.</doc>
<status status="PASS" starttime="20231116 15:35:14.827" endtime="20231116 15:35:14.828"/>
</kw>
<kw name="Open Browser" library="SeleniumLibrary">
<arg>${LOGIN URL}</arg>
<arg>${BROWSER}</arg>
<arg>options=add_argument("--incognito")</arg>
<doc>Opens a new browser instance to the optional ``url``.</doc>
<msg timestamp="20231116 15:35:14.829" level="INFO">Opening browser 'Firefox' to base url 'https://uji.sicantik.go.id/sign-in'.</msg>
<msg timestamp="20231116 15:35:14.832" level="INFO">Firefox driver log is always forced to to: D:\#RIANCAHYADI\Projects\Freedom\Sicantik\tests\QR Code Logo\geckodriver-1.log</msg>
<status status="PASS" starttime="20231116 15:35:14.828" endtime="20231116 15:35:53.178"/>
</kw>
<kw name="Maximize Browser Window" library="SeleniumLibrary">
<doc>Maximizes current browser window.</doc>
<status status="PASS" starttime="20231116 15:35:53.178" endtime="20231116 15:35:53.636"/>
</kw>
<kw name="Title Should Be" library="SeleniumLibrary">
<arg>SICANTIK</arg>
<doc>Verifies that the current page title equals ``title``.</doc>
<msg timestamp="20231116 15:35:53.838" level="INFO">Page title is 'SICANTIK'.</msg>
<status status="PASS" starttime="20231116 15:35:53.636" endtime="20231116 15:35:53.838"/>
</kw>
<status status="PASS" starttime="20231116 15:35:14.827" endtime="20231116 15:35:53.838"/>
</kw>
<kw name="Login Jabatan Satu" library="login">
<kw name="Input Username" library="login">
<arg>riancahyadi</arg>
<kw name="Input Text" library="SeleniumLibrary">
<arg>username</arg>
<arg>${username}</arg>
<doc>Types the given ``text`` into the text field identified by ``locator``.</doc>
<msg timestamp="20231116 15:35:53.839" level="INFO">Typing text 'riancahyadi' into text field 'username'.</msg>
<status status="PASS" starttime="20231116 15:35:53.839" endtime="20231116 15:35:54.499"/>
</kw>
<status status="PASS" starttime="20231116 15:35:53.839" endtime="20231116 15:35:54.499"/>
</kw>
<kw name="Input Password" library="login">
<arg>P@55word</arg>
<kw name="Input Text" library="SeleniumLibrary">
<arg>password</arg>
<arg>${password}</arg>
<doc>Types the given ``text`` into the text field identified by ``locator``.</doc>
<msg timestamp="20231116 15:35:54.499" level="INFO">Typing text 'P@55word' into text field 'password'.</msg>
<status status="PASS" starttime="20231116 15:35:54.499" endtime="20231116 15:35:55.119"/>
</kw>
<status status="PASS" starttime="20231116 15:35:54.499" endtime="20231116 15:35:55.119"/>
</kw>
<kw name="Submit Credentials" library="login">
<kw name="Click Button" library="SeleniumLibrary">
<arg>kt_sign_in_submit</arg>
<doc>Clicks the button identified by ``locator``.</doc>
<msg timestamp="20231116 15:35:55.120" level="INFO">Clicking button 'kt_sign_in_submit'.</msg>
<status status="PASS" starttime="20231116 15:35:55.119" endtime="20231116 15:35:56.145"/>
</kw>
<kw name="Sleep" library="BuiltIn">
<arg>5s</arg>
<doc>Pauses the test executed for the given time.</doc>
<msg timestamp="20231116 15:36:01.146" level="INFO">Slept 5 seconds</msg>
<status status="PASS" starttime="20231116 15:35:56.145" endtime="20231116 15:36:01.146"/>
</kw>
<status status="PASS" starttime="20231116 15:35:55.119" endtime="20231116 15:36:01.146"/>
</kw>
<kw name="Element Should Contain" library="SeleniumLibrary">
<arg>xpath://*[@id="kt_header_user_menu_toggle"]/div[2]/span[1]</arg>
<arg>RIANCAHYADI</arg>
<doc>Verifies that element ``locator`` contains text ``expected``.</doc>
<msg timestamp="20231116 15:36:01.563" level="INFO">Element 'xpath://*[@id="kt_header_user_menu_toggle"]/div[2]/span[1]' contains text 'RIANCAHYADI'.</msg>
<status status="PASS" starttime="20231116 15:36:01.146" endtime="20231116 15:36:01.563"/>
</kw>
<status status="PASS" starttime="20231116 15:35:53.838" endtime="20231116 15:36:01.563"/>
</kw>
<kw name="Move To Proses Permohonan" library="qr_code_logo">
<kw name="Go To" library="SeleniumLibrary">
<arg>https://uji.sicantik.go.id/proses-pengajuan</arg>
<doc>Navigates the current browser window to the provided ``url``.</doc>
<msg timestamp="20231116 15:36:01.563" level="INFO">Opening url 'https://uji.sicantik.go.id/proses-pengajuan'</msg>
<status status="PASS" starttime="20231116 15:36:01.563" endtime="20231116 15:36:02.104"/>
</kw>
<kw name="Wait Until Element Contains" library="SeleniumLibrary">
<arg>xpath://*[@id="kt_content_container"]/div[1]/div/div[1]/h5</arg>
<arg>Proses Pengajuan</arg>
<doc>Waits until the element ``locator`` contains ``text``.</doc>
<status status="PASS" starttime="20231116 15:36:02.104" endtime="20231116 15:36:02.533"/>
</kw>
<kw name="Sleep" library="BuiltIn">
<arg>3s</arg>
<doc>Pauses the test executed for the given time.</doc>
<msg timestamp="20231116 15:36:05.534" level="INFO">Slept 3 seconds</msg>
<status status="PASS" starttime="20231116 15:36:02.533" endtime="20231116 15:36:05.534"/>
</kw>
<status status="PASS" starttime="20231116 15:36:01.563" endtime="20231116 15:36:05.534"/>
</kw>
<kw name="Click Button Filter" library="qr_code_logo">
<kw name="Click Button" library="SeleniumLibrary">
<arg>xpath://*[@id="kt_content_container"]/div[1]/div/div[2]/div/div[1]/button</arg>
<doc>Clicks the button identified by ``locator``.</doc>
<msg timestamp="20231116 15:36:05.535" level="INFO">Clicking button 'xpath://*[@id="kt_content_container"]/div[1]/div/div[2]/div/div[1]/button'.</msg>
<status status="PASS" starttime="20231116 15:36:05.534" endtime="20231116 15:36:06.762"/>
</kw>
<kw name="Sleep" library="BuiltIn">
<arg>0.5s</arg>
<doc>Pauses the test executed for the given time.</doc>
<msg timestamp="20231116 15:36:07.263" level="INFO">Slept 500 milliseconds</msg>
<status status="PASS" starttime="20231116 15:36:06.762" endtime="20231116 15:36:07.263"/>
</kw>
<status status="PASS" starttime="20231116 15:36:05.534" endtime="20231116 15:36:07.263"/>
</kw>
<kw name="Input No Permohonan" library="qr_code_logo">
<arg>0142/DPMPTSP/27/demokab/IX/2023</arg>
<kw name="Click Element" library="SeleniumLibrary">
<arg>xpath://*[@id="collapseBtnFilter"]/div/div[1]/div[1]/label</arg>
<doc>Click the element identified by ``locator``.</doc>
<msg timestamp="20231116 15:36:07.264" level="INFO">Clicking element 'xpath://*[@id="collapseBtnFilter"]/div/div[1]/div[1]/label'.</msg>
<status status="PASS" starttime="20231116 15:36:07.263" endtime="20231116 15:36:07.876"/>
</kw>
<kw name="Press Keys" library="SeleniumLibrary">
<arg>None</arg>
<arg>TAB</arg>
<doc>Simulates the user pressing key(s) to an element or on the active browser.</doc>
<msg timestamp="20231116 15:36:07.876" level="INFO">Sending key(s) ('TAB',) to page.</msg>
<msg timestamp="20231116 15:36:07.877" level="INFO">Pressing special key TAB to browser.</msg>
<msg timestamp="20231116 15:36:07.877" level="INFO">Releasing special key TAB.</msg>
<status status="PASS" starttime="20231116 15:36:07.876" endtime="20231116 15:36:08.113"/>
</kw>
<kw name="Press Keys" library="SeleniumLibrary">
<arg>None</arg>
<arg>${noPermohonan}</arg>
<doc>Simulates the user pressing key(s) to an element or on the active browser.</doc>
<msg timestamp="20231116 15:36:08.113" level="INFO">Sending key(s) ('0142/DPMPTSP/27/demokab/IX/2023',) to page.</msg>
<msg timestamp="20231116 15:36:08.113" level="INFO">Sending keys 0142/DPMPTSP/27/demokab/IX/2023</msg>
<status status="PASS" starttime="20231116 15:36:08.113" endtime="20231116 15:36:08.344"/>
</kw>
<status status="PASS" starttime="20231116 15:36:07.263" endtime="20231116 15:36:08.344"/>
</kw>
<kw name="Click Button Tampilkan Hasil" library="qr_code_logo">
<kw name="Click Button" library="SeleniumLibrary">
<arg>default:Tampilkan hasil</arg>
<doc>Clicks the button identified by ``locator``.</doc>
<msg timestamp="20231116 15:36:08.355" level="INFO">Clicking button 'default:Tampilkan hasil'.</msg>
<status status="PASS" starttime="20231116 15:36:08.355" endtime="20231116 15:36:09.397"/>
</kw>
<kw name="Sleep" library="BuiltIn">
<arg>3s</arg>
<doc>Pauses the test executed for the given time.</doc>
<msg timestamp="20231116 15:36:12.397" level="INFO">Slept 3 seconds</msg>
<status status="PASS" starttime="20231116 15:36:09.397" endtime="20231116 15:36:12.397"/>
</kw>
<status status="PASS" starttime="20231116 15:36:08.344" endtime="20231116 15:36:12.397"/>
</kw>
<kw name="Click Alur Proses Permohonan" library="qr_code_logo">
<kw name="Click Element" library="SeleniumLibrary">
<arg>css:i.fa-list-alt</arg>
<doc>Click the element identified by ``locator``.</doc>
<msg timestamp="20231116 15:36:12.398" level="INFO">Clicking element 'css:i.fa-list-alt'.</msg>
<status status="PASS" starttime="20231116 15:36:12.397" endtime="20231116 15:36:13.013"/>
</kw>
<kw name="Wait Until Element Is Enabled" library="SeleniumLibrary">
<arg>xpath://*[@id="modalProsesPermohonan"]/div[2]/div/div[1]/h5</arg>
<doc>Waits until the element ``locator`` is enabled.</doc>
<status status="PASS" starttime="20231116 15:36:13.013" endtime="20231116 15:36:13.639"/>
</kw>
<status status="PASS" starttime="20231116 15:36:12.397" endtime="20231116 15:36:13.639"/>
</kw>
<kw name="Click Tanda Tangan Sertifikat" library="qr_code_logo">
<kw name="Click Element" library="SeleniumLibrary">
<arg>xpath://*[@id="modalProsesPermohonan"]/div[2]/div/div[2]/ul[5]</arg>
<doc>Click the element identified by ``locator``.</doc>
<msg timestamp="20231116 15:36:13.640" level="INFO">Clicking element 'xpath://*[@id="modalProsesPermohonan"]/div[2]/div/div[2]/ul[5]'.</msg>
<status status="PASS" starttime="20231116 15:36:13.639" endtime="20231116 15:36:14.249"/>
</kw>
<for flavor="IN RANGE">
<var>${counter}</var>
<value>10</value>
<iter>
<var name="${counter}">0</var>
<kw name="Log" library="BuiltIn">
<arg>${counter}</arg>
<doc>Logs the given message with the given level.</doc>
<msg timestamp="20231116 15:36:14.249" level="INFO">0</msg>
<status status="PASS" starttime="20231116 15:36:14.249" endtime="20231116 15:36:14.249"/>
</kw>
<kw name="Press Keys" library="SeleniumLibrary">
<arg>None</arg>
<arg>ARROW_DOWN</arg>
<doc>Simulates the user pressing key(s) to an element or on the active browser.</doc>
<msg timestamp="20231116 15:36:14.250" level="INFO">Sending key(s) ('ARROW_DOWN',) to page.</msg>
<msg timestamp="20231116 15:36:14.250" level="INFO">Pressing special key ARROW_DOWN to browser.</msg>
<msg timestamp="20231116 15:36:14.250" level="INFO">Releasing special key ARROW_DOWN.</msg>
<status status="PASS" starttime="20231116 15:36:14.249" endtime="20231116 15:36:14.454"/>
</kw>
<kw name="Sleep" library="BuiltIn">
<arg>0.5s</arg>
<doc>Pauses the test executed for the given time.</doc>
<msg timestamp="20231116 15:36:14.955" level="INFO">Slept 500 milliseconds</msg>
<status status="PASS" starttime="20231116 15:36:14.454" endtime="20231116 15:36:14.955"/>
</kw>
<status status="PASS" starttime="20231116 15:36:14.249" endtime="20231116 15:36:14.955"/>
</iter>
<iter>
<var name="${counter}">1</var>
<kw name="Log" library="BuiltIn">
<arg>${counter}</arg>
<doc>Logs the given message with the given level.</doc>
<msg timestamp="20231116 15:36:14.955" level="INFO">1</msg>
<status status="PASS" starttime="20231116 15:36:14.955" endtime="20231116 15:36:14.955"/>
</kw>
<kw name="Press Keys" library="SeleniumLibrary">
<arg>None</arg>
<arg>ARROW_DOWN</arg>
<doc>Simulates the user pressing key(s) to an element or on the active browser.</doc>
<msg timestamp="20231116 15:36:14.956" level="INFO">Sending key(s) ('ARROW_DOWN',) to page.</msg>
<msg timestamp="20231116 15:36:14.956" level="INFO">Pressing special key ARROW_DOWN to browser.</msg>
<msg timestamp="20231116 15:36:14.956" level="INFO">Releasing special key ARROW_DOWN.</msg>
<status status="PASS" starttime="20231116 15:36:14.955" endtime="20231116 15:36:15.160"/>
</kw>
<kw name="Sleep" library="BuiltIn">
<arg>0.5s</arg>
<doc>Pauses the test executed for the given time.</doc>
<msg timestamp="20231116 15:36:15.660" level="INFO">Slept 500 milliseconds</msg>
<status status="PASS" starttime="20231116 15:36:15.160" endtime="20231116 15:36:15.660"/>
</kw>
<status status="PASS" starttime="20231116 15:36:14.955" endtime="20231116 15:36:15.660"/>
</iter>
<iter>
<var name="${counter}">2</var>
<kw name="Log" library="BuiltIn">
<arg>${counter}</arg>
<doc>Logs the given message with the given level.</doc>
<msg timestamp="20231116 15:36:15.660" level="INFO">2</msg>
<status status="PASS" starttime="20231116 15:36:15.660" endtime="20231116 15:36:15.660"/>
</kw>
<kw name="Press Keys" library="SeleniumLibrary">
<arg>None</arg>
<arg>ARROW_DOWN</arg>
<doc>Simulates the user pressing key(s) to an element or on the active browser.</doc>
<msg timestamp="20231116 15:36:15.661" level="INFO">Sending key(s) ('ARROW_DOWN',) to page.</msg>
<msg timestamp="20231116 15:36:15.661" level="INFO">Pressing special key ARROW_DOWN to browser.</msg>
<msg timestamp="20231116 15:36:15.661" level="INFO">Releasing special key ARROW_DOWN.</msg>
<status status="PASS" starttime="20231116 15:36:15.660" endtime="20231116 15:36:15.865"/>
</kw>
<kw name="Sleep" library="BuiltIn">
<arg>0.5s</arg>
<doc>Pauses the test executed for the given time.</doc>
<msg timestamp="20231116 15:36:16.366" level="INFO">Slept 500 milliseconds</msg>
<status status="PASS" starttime="20231116 15:36:15.865" endtime="20231116 15:36:16.366"/>
</kw>
<status status="PASS" starttime="20231116 15:36:15.660" endtime="20231116 15:36:16.366"/>
</iter>
<iter>
<var name="${counter}">3</var>
<kw name="Log" library="BuiltIn">
<arg>${counter}</arg>
<doc>Logs the given message with the given level.</doc>
<msg timestamp="20231116 15:36:16.366" level="INFO">3</msg>
<status status="PASS" starttime="20231116 15:36:16.366" endtime="20231116 15:36:16.366"/>
</kw>
<kw name="Press Keys" library="SeleniumLibrary">
<arg>None</arg>
<arg>ARROW_DOWN</arg>
<doc>Simulates the user pressing key(s) to an element or on the active browser.</doc>
<msg timestamp="20231116 15:36:16.367" level="INFO">Sending key(s) ('ARROW_DOWN',) to page.</msg>
<msg timestamp="20231116 15:36:16.367" level="INFO">Pressing special key ARROW_DOWN to browser.</msg>
<msg timestamp="20231116 15:36:16.367" level="INFO">Releasing special key ARROW_DOWN.</msg>
<status status="PASS" starttime="20231116 15:36:16.366" endtime="20231116 15:36:16.572"/>
</kw>
<kw name="Sleep" library="BuiltIn">
<arg>0.5s</arg>
<doc>Pauses the test executed for the given time.</doc>
<msg timestamp="20231116 15:36:17.072" level="INFO">Slept 500 milliseconds</msg>
<status status="PASS" starttime="20231116 15:36:16.572" endtime="20231116 15:36:17.072"/>
</kw>
<status status="PASS" starttime="20231116 15:36:16.366" endtime="20231116 15:36:17.072"/>
</iter>
<iter>
<var name="${counter}">4</var>
<kw name="Log" library="BuiltIn">
<arg>${counter}</arg>
<doc>Logs the given message with the given level.</doc>
<msg timestamp="20231116 15:36:17.072" level="INFO">4</msg>
<status status="PASS" starttime="20231116 15:36:17.072" endtime="20231116 15:36:17.072"/>
</kw>
<kw name="Press Keys" library="SeleniumLibrary">
<arg>None</arg>
<arg>ARROW_DOWN</arg>
<doc>Simulates the user pressing key(s) to an element or on the active browser.</doc>
<msg timestamp="20231116 15:36:17.073" level="INFO">Sending key(s) ('ARROW_DOWN',) to page.</msg>
<msg timestamp="20231116 15:36:17.073" level="INFO">Pressing special key ARROW_DOWN to browser.</msg>
<msg timestamp="20231116 15:36:17.073" level="INFO">Releasing special key ARROW_DOWN.</msg>
<status status="PASS" starttime="20231116 15:36:17.072" endtime="20231116 15:36:17.277"/>
</kw>
<kw name="Sleep" library="BuiltIn">
<arg>0.5s</arg>
<doc>Pauses the test executed for the given time.</doc>
<msg timestamp="20231116 15:36:17.778" level="INFO">Slept 500 milliseconds</msg>
<status status="PASS" starttime="20231116 15:36:17.277" endtime="20231116 15:36:17.778"/>
</kw>
<status status="PASS" starttime="20231116 15:36:17.072" endtime="20231116 15:36:17.778"/>
</iter>
<iter>
<var name="${counter}">5</var>
<kw name="Log" library="BuiltIn">
<arg>${counter}</arg>
<doc>Logs the given message with the given level.</doc>
<msg timestamp="20231116 15:36:17.778" level="INFO">5</msg>
<status status="PASS" starttime="20231116 15:36:17.778" endtime="20231116 15:36:17.778"/>
</kw>
<kw name="Press Keys" library="SeleniumLibrary">
<arg>None</arg>
<arg>ARROW_DOWN</arg>
<doc>Simulates the user pressing key(s) to an element or on the active browser.</doc>
<msg timestamp="20231116 15:36:17.778" level="INFO">Sending key(s) ('ARROW_DOWN',) to page.</msg>
<msg timestamp="20231116 15:36:17.778" level="INFO">Pressing special key ARROW_DOWN to browser.</msg>
<msg timestamp="20231116 15:36:17.778" level="INFO">Releasing special key ARROW_DOWN.</msg>
<status status="PASS" starttime="20231116 15:36:17.778" endtime="20231116 15:36:17.984"/>
</kw>
<kw name="Sleep" library="BuiltIn">
<arg>0.5s</arg>
<doc>Pauses the test executed for the given time.</doc>
<msg timestamp="20231116 15:36:18.486" level="INFO">Slept 500 milliseconds</msg>
<status status="PASS" starttime="20231116 15:36:17.984" endtime="20231116 15:36:18.486"/>
</kw>
<status status="PASS" starttime="20231116 15:36:17.778" endtime="20231116 15:36:18.486"/>
</iter>
<iter>
<var name="${counter}">6</var>
<kw name="Log" library="BuiltIn">
<arg>${counter}</arg>
<doc>Logs the given message with the given level.</doc>
<msg timestamp="20231116 15:36:18.486" level="INFO">6</msg>
<status status="PASS" starttime="20231116 15:36:18.486" endtime="20231116 15:36:18.486"/>
</kw>
<kw name="Press Keys" library="SeleniumLibrary">
<arg>None</arg>
<arg>ARROW_DOWN</arg>
<doc>Simulates the user pressing key(s) to an element or on the active browser.</doc>
<msg timestamp="20231116 15:36:18.487" level="INFO">Sending key(s) ('ARROW_DOWN',) to page.</msg>
<msg timestamp="20231116 15:36:18.487" level="INFO">Pressing special key ARROW_DOWN to browser.</msg>
<msg timestamp="20231116 15:36:18.487" level="INFO">Releasing special key ARROW_DOWN.</msg>
<status status="PASS" starttime="20231116 15:36:18.486" endtime="20231116 15:36:18.694"/>
</kw>
<kw name="Sleep" library="BuiltIn">
<arg>0.5s</arg>
<doc>Pauses the test executed for the given time.</doc>
<msg timestamp="20231116 15:36:19.194" level="INFO">Slept 500 milliseconds</msg>
<status status="PASS" starttime="20231116 15:36:18.694" endtime="20231116 15:36:19.194"/>
</kw>
<status status="PASS" starttime="20231116 15:36:18.486" endtime="20231116 15:36:19.194"/>
</iter>
<iter>
<var name="${counter}">7</var>
<kw name="Log" library="BuiltIn">
<arg>${counter}</arg>
<doc>Logs the given message with the given level.</doc>
<msg timestamp="20231116 15:36:19.194" level="INFO">7</msg>
<status status="PASS" starttime="20231116 15:36:19.194" endtime="20231116 15:36:19.194"/>
</kw>
<kw name="Press Keys" library="SeleniumLibrary">
<arg>None</arg>
<arg>ARROW_DOWN</arg>
<doc>Simulates the user pressing key(s) to an element or on the active browser.</doc>
<msg timestamp="20231116 15:36:19.195" level="INFO">Sending key(s) ('ARROW_DOWN',) to page.</msg>
<msg timestamp="20231116 15:36:19.195" level="INFO">Pressing special key ARROW_DOWN to browser.</msg>
<msg timestamp="20231116 15:36:19.195" level="INFO">Releasing special key ARROW_DOWN.</msg>
<status status="PASS" starttime="20231116 15:36:19.194" endtime="20231116 15:36:19.400"/>
</kw>
<kw name="Sleep" library="BuiltIn">
<arg>0.5s</arg>
<doc>Pauses the test executed for the given time.</doc>
<msg timestamp="20231116 15:36:19.901" level="INFO">Slept 500 milliseconds</msg>
<status status="PASS" starttime="20231116 15:36:19.400" endtime="20231116 15:36:19.901"/>
</kw>
<status status="PASS" starttime="20231116 15:36:19.194" endtime="20231116 15:36:19.901"/>
</iter>
<iter>
<var name="${counter}">8</var>
<kw name="Log" library="BuiltIn">
<arg>${counter}</arg>
<doc>Logs the given message with the given level.</doc>
<msg timestamp="20231116 15:36:19.901" level="INFO">8</msg>
<status status="PASS" starttime="20231116 15:36:19.901" endtime="20231116 15:36:19.901"/>
</kw>
<kw name="Press Keys" library="SeleniumLibrary">
<arg>None</arg>
<arg>ARROW_DOWN</arg>
<doc>Simulates the user pressing key(s) to an element or on the active browser.</doc>
<msg timestamp="20231116 15:36:19.902" level="INFO">Sending key(s) ('ARROW_DOWN',) to page.</msg>
<msg timestamp="20231116 15:36:19.902" level="INFO">Pressing special key ARROW_DOWN to browser.</msg>
<msg timestamp="20231116 15:36:19.902" level="INFO">Releasing special key ARROW_DOWN.</msg>
<status status="PASS" starttime="20231116 15:36:19.901" endtime="20231116 15:36:20.107"/>
</kw>
<kw name="Sleep" library="BuiltIn">
<arg>0.5s</arg>
<doc>Pauses the test executed for the given time.</doc>
<msg timestamp="20231116 15:36:20.607" level="INFO">Slept 500 milliseconds</msg>
<status status="PASS" starttime="20231116 15:36:20.107" endtime="20231116 15:36:20.607"/>
</kw>
<status status="PASS" starttime="20231116 15:36:19.901" endtime="20231116 15:36:20.607"/>
</iter>
<iter>
<var name="${counter}">9</var>
<kw name="Log" library="BuiltIn">
<arg>${counter}</arg>
<doc>Logs the given message with the given level.</doc>
<msg timestamp="20231116 15:36:20.607" level="INFO">9</msg>
<status status="PASS" starttime="20231116 15:36:20.607" endtime="20231116 15:36:20.607"/>
</kw>
<kw name="Press Keys" library="SeleniumLibrary">
<arg>None</arg>
<arg>ARROW_DOWN</arg>
<doc>Simulates the user pressing key(s) to an element or on the active browser.</doc>
<msg timestamp="20231116 15:36:20.608" level="INFO">Sending key(s) ('ARROW_DOWN',) to page.</msg>
<msg timestamp="20231116 15:36:20.608" level="INFO">Pressing special key ARROW_DOWN to browser.</msg>
<msg timestamp="20231116 15:36:20.608" level="INFO">Releasing special key ARROW_DOWN.</msg>
<status status="PASS" starttime="20231116 15:36:20.607" endtime="20231116 15:36:20.814"/>
</kw>
<kw name="Sleep" library="BuiltIn">
<arg>0.5s</arg>
<doc>Pauses the test executed for the given time.</doc>
<msg timestamp="20231116 15:36:21.315" level="INFO">Slept 500 milliseconds</msg>
<status status="PASS" starttime="20231116 15:36:20.814" endtime="20231116 15:36:21.315"/>
</kw>
<status status="PASS" starttime="20231116 15:36:20.607" endtime="20231116 15:36:21.315"/>
</iter>
<status status="PASS" starttime="20231116 15:36:14.249" endtime="20231116 15:36:21.315"/>
</for>
<kw name="Click Element" library="SeleniumLibrary">
<arg>xpath://*[@id="modalProsesPermohonan"]/div[2]/div/div[2]/ul[10]/li/div/span/a/h5</arg>
<doc>Click the element identified by ``locator``.</doc>
<msg timestamp="20231116 15:36:21.315" level="INFO">Clicking element 'xpath://*[@id="modalProsesPermohonan"]/div[2]/div/div[2]/ul[10]/li/div/span/a/h5'.</msg>
<status status="PASS" starttime="20231116 15:36:21.315" endtime="20231116 15:36:21.941"/>
</kw>
<kw name="Wait Until Element Contains" library="SeleniumLibrary">
<arg>xpath://*[@id="kt_content_container"]/div[1]/div[2]/div/h5[1]</arg>
<arg>Sign Report</arg>
<doc>Waits until the element ``locator`` contains ``text``.</doc>
<status status="PASS" starttime="20231116 15:36:21.941" endtime="20231116 15:36:23.601"/>
</kw>
<kw name="Sleep" library="BuiltIn">
<arg>2s</arg>
<doc>Pauses the test executed for the given time.</doc>
<msg timestamp="20231116 15:36:25.602" level="INFO">Slept 2 seconds</msg>
<status status="PASS" starttime="20231116 15:36:23.601" endtime="20231116 15:36:25.602"/>
</kw>
<status status="PASS" starttime="20231116 15:36:13.639" endtime="20231116 15:36:25.602"/>
</kw>
<kw name="Click Preview Dokumen" library="qr_code_logo">
<kw name="Execute Javascript" library="SeleniumLibrary">
<arg>window.scrollTo(0, 1000)</arg>
<doc>Executes the given JavaScript code with possible arguments.</doc>
<msg timestamp="20231116 15:36:25.603" level="INFO">Executing JavaScript:
window.scrollTo(0, 1000)
Without any arguments.</msg>
<status status="PASS" starttime="20231116 15:36:25.603" endtime="20231116 15:36:25.808"/>
</kw>
<kw name="Sleep" library="BuiltIn">
<arg>1s</arg>
<doc>Pauses the test executed for the given time.</doc>
<msg timestamp="20231116 15:36:26.808" level="INFO">Slept 1 second</msg>
<status status="PASS" starttime="20231116 15:36:25.808" endtime="20231116 15:36:26.808"/>
</kw>
<kw name="Click Button" library="SeleniumLibrary">
<arg>default:Preview Dokumen</arg>
<doc>Clicks the button identified by ``locator``.</doc>
<msg timestamp="20231116 15:36:26.808" level="INFO">Clicking button 'default:Preview Dokumen'.</msg>
<status status="PASS" starttime="20231116 15:36:26.808" endtime="20231116 15:36:27.839"/>
</kw>
<kw name="Wait Until Element Is Enabled" library="SeleniumLibrary">
<arg>css:h4.text-white</arg>
<doc>Waits until the element ``locator`` is enabled.</doc>
<status status="PASS" starttime="20231116 15:36:27.839" endtime="20231116 15:36:30.471"/>
</kw>
<kw name="Sleep" library="BuiltIn">
<arg>3s</arg>
<doc>Pauses the test executed for the given time.</doc>
<msg timestamp="20231116 15:36:33.472" level="INFO">Slept 3 seconds</msg>
<status status="PASS" starttime="20231116 15:36:30.471" endtime="20231116 15:36:33.472"/>
</kw>
<status status="PASS" starttime="20231116 15:36:25.603" endtime="20231116 15:36:33.472"/>
</kw>
<kw name="Sleep" library="BuiltIn">
<arg>2s</arg>
<doc>Pauses the test executed for the given time.</doc>
<msg timestamp="20231116 15:36:35.473" level="INFO">Slept 2 seconds</msg>
<status status="PASS" starttime="20231116 15:36:33.472" endtime="20231116 15:36:35.473"/>
</kw>
<kw name="Capture Page Screenshot" library="SeleniumLibrary">
<doc>Takes a screenshot of the current page and embeds it into a log file.</doc>
<msg timestamp="20231116 15:36:35.830" level="INFO" html="true">&lt;/td&gt;&lt;/tr&gt;&lt;tr&gt;&lt;td colspan="3"&gt;&lt;a href="selenium-screenshot-1.png"&gt;&lt;img src="selenium-screenshot-1.png" width="800px"&gt;&lt;/a&gt;</msg>
<status status="PASS" starttime="20231116 15:36:35.473" endtime="20231116 15:36:35.830"/>
</kw>
<kw name="Close Browser" library="SeleniumLibrary" type="TEARDOWN">
<doc>Closes the current browser.</doc>
<status status="PASS" starttime="20231116 15:36:35.830" endtime="20231116 15:36:38.912"/>
</kw>
<doc>SC01 - QR Code Logo</doc>
<tag>TC01 - QR Code Logo</tag>
<status status="PASS" starttime="20231116 15:35:14.826" endtime="20231116 15:36:38.912"/>
</test>
<doc>SC01 - QR Code Logo</doc>
<status status="PASS" starttime="20231116 15:35:14.569" endtime="20231116 15:36:38.913"/>
</suite>
<statistics>
<total>
<stat pass="1" fail="0" skip="0">All Tests</stat>
</total>
<tag>
<stat pass="1" fail="0" skip="0">TC01 - QR Code Logo</stat>
</tag>
<suite>
<stat pass="1" fail="0" skip="0" id="s1" name="SC01 - QR Code Logo">SC01 - QR Code Logo</stat>
</suite>
</statistics>
<errors>
</errors>
</robot>
