<?xml version="1.0" encoding="UTF-8"?>
<robot generator="Robot 6.1.1 (Python 3.12.0 on win32)" generated="20231210 18:24:52.943" rpa="false" schemaversion="4">
<suite id="s1" name="SC01 - View Page Alur Proses" source="E:\#Freelance\Sicantik\tests\R05 - Alur Proses\Admin Pusat\SC01 - View Page Alur Proses\SC01 - View Page Alur Proses.robot">
<test id="s1-t1" name="TC01 - View Page Alur Proses" line="8">
<kw name="Open Browser To Login Page" library="login">
<kw name="Set Selenium Speed" library="SeleniumLibrary">
<arg>0.2s</arg>
<doc>Sets the delay that is waited after each Selenium command.</doc>
<status status="PASS" starttime="20231210 18:24:53.099" endtime="20231210 18:24:53.099"/>
</kw>
<kw name="Open Browser" library="SeleniumLibrary">
<arg>${LOGIN URL}</arg>
<arg>${BROWSER}</arg>
<doc>Opens a new browser instance to the optional ``url``.</doc>
<msg timestamp="20231210 18:24:53.099" level="INFO">Opening browser 'Chrome' to base url 'https://uji.sicantik.go.id/sign-in'.</msg>
<status status="PASS" starttime="20231210 18:24:53.099" endtime="20231210 18:24:56.914"/>
</kw>
<kw name="Maximize Browser Window" library="SeleniumLibrary">
<doc>Maximizes current browser window.</doc>
<status status="PASS" starttime="20231210 18:24:56.914" endtime="20231210 18:24:57.234"/>
</kw>
<kw name="Title Should Be" library="SeleniumLibrary">
<arg>SICANTIK</arg>
<doc>Verifies that the current page title equals ``title``.</doc>
<msg timestamp="20231210 18:24:57.438" level="INFO">Page title is 'SICANTIK'.</msg>
<status status="PASS" starttime="20231210 18:24:57.234" endtime="20231210 18:24:57.438"/>
</kw>
<status status="PASS" starttime="20231210 18:24:53.099" endtime="20231210 18:24:57.438"/>
</kw>
<kw name="Login Admin Pusat" library="login">
<kw name="Input Username" library="login">
<arg>admegov</arg>
<kw name="Input Text" library="SeleniumLibrary">
<arg>username</arg>
<arg>${username}</arg>
<doc>Types the given ``text`` into the text field identified by ``locator``.</doc>
<msg timestamp="20231210 18:24:57.438" level="INFO">Typing text 'admegov' into text field 'username'.</msg>
<status status="PASS" starttime="20231210 18:24:57.438" endtime="20231210 18:24:58.106"/>
</kw>
<status status="PASS" starttime="20231210 18:24:57.438" endtime="20231210 18:24:58.106"/>
</kw>
<kw name="Input Password" library="login">
<arg>Admegov789*@#</arg>
<kw name="Input Text" library="SeleniumLibrary">
<arg>password</arg>
<arg>${password}</arg>
<doc>Types the given ``text`` into the text field identified by ``locator``.</doc>
<msg timestamp="20231210 18:24:58.106" level="INFO">Typing text 'Admegov789*@#' into text field 'password'.</msg>
<status status="PASS" starttime="20231210 18:24:58.106" endtime="20231210 18:24:58.761"/>
</kw>
<status status="PASS" starttime="20231210 18:24:58.106" endtime="20231210 18:24:58.761"/>
</kw>
<kw name="Submit Credentials" library="login">
<kw name="Click Button" library="SeleniumLibrary">
<arg>kt_sign_in_submit</arg>
<doc>Clicks the button identified by ``locator``.</doc>
<msg timestamp="20231210 18:24:58.761" level="INFO">Clicking button 'kt_sign_in_submit'.</msg>
<status status="PASS" starttime="20231210 18:24:58.761" endtime="20231210 18:24:59.603"/>
</kw>
<kw name="Sleep" library="BuiltIn">
<arg>5s</arg>
<doc>Pauses the test executed for the given time.</doc>
<msg timestamp="20231210 18:25:04.603" level="INFO">Slept 5 seconds</msg>
<status status="PASS" starttime="20231210 18:24:59.603" endtime="20231210 18:25:04.603"/>
</kw>
<status status="PASS" starttime="20231210 18:24:58.761" endtime="20231210 18:25:04.603"/>
</kw>
<kw name="Element Should Contain" library="SeleniumLibrary">
<arg>xpath://*[@id="kt_header_user_menu_toggle"]/div[2]/span[2]</arg>
<arg>Admin Utama</arg>
<doc>Verifies that element ``locator`` contains text ``expected``.</doc>
<msg timestamp="20231210 18:25:05.024" level="INFO">Element 'xpath://*[@id="kt_header_user_menu_toggle"]/div[2]/span[2]' contains text 'Admin Utama'.</msg>
<status status="PASS" starttime="20231210 18:25:04.603" endtime="20231210 18:25:05.024"/>
</kw>
<status status="PASS" starttime="20231210 18:24:57.438" endtime="20231210 18:25:05.024"/>
</kw>
<kw name="Move To Alur Proses Module" library="alur_proses">
<kw name="Go To" library="SeleniumLibrary">
<arg>https://uji.sicantik.go.id/alur-proses</arg>
<doc>Navigates the current browser window to the provided ``url``.</doc>
<msg timestamp="20231210 18:25:05.024" level="INFO">Opening url 'https://uji.sicantik.go.id/alur-proses'</msg>
<status status="PASS" starttime="20231210 18:25:05.024" endtime="20231210 18:25:05.602"/>
</kw>
<kw name="Wait Until Location Is" library="SeleniumLibrary">
<arg>https://uji.sicantik.go.id/alur-proses</arg>
<doc>Waits until the current URL is ``expected``.</doc>
<status status="PASS" starttime="20231210 18:25:05.602" endtime="20231210 18:25:05.806"/>
</kw>
<status status="PASS" starttime="20231210 18:25:05.024" endtime="20231210 18:25:05.806"/>
</kw>
<kw name="Sleep" library="BuiltIn">
<arg>2s</arg>
<doc>Pauses the test executed for the given time.</doc>
<msg timestamp="20231210 18:25:07.806" level="INFO">Slept 2 seconds</msg>
<status status="PASS" starttime="20231210 18:25:05.806" endtime="20231210 18:25:07.806"/>
</kw>
<kw name="Capture Page Screenshot" library="SeleniumLibrary">
<doc>Takes a screenshot of the current page and embeds it into a log file.</doc>
<msg timestamp="20231210 18:25:08.147" level="INFO" html="true">&lt;/td&gt;&lt;/tr&gt;&lt;tr&gt;&lt;td colspan="3"&gt;&lt;a href="selenium-screenshot-1.png"&gt;&lt;img src="selenium-screenshot-1.png" width="800px"&gt;&lt;/a&gt;</msg>
<status status="PASS" starttime="20231210 18:25:07.806" endtime="20231210 18:25:08.147"/>
</kw>
<kw name="Close Browser" library="SeleniumLibrary" type="TEARDOWN">
<doc>Closes the current browser.</doc>
<status status="PASS" starttime="20231210 18:25:08.147" endtime="20231210 18:25:10.386"/>
</kw>
<doc>SC01 - View Page Alur Proses</doc>
<tag>TC01 - View Page Alur Proses</tag>
<status status="PASS" starttime="20231210 18:24:53.099" endtime="20231210 18:25:10.386"/>
</test>
<test id="s1-t2" name="TC02 - View Detail Data Alur Proses" line="18">
<kw name="Open Browser To Login Page" library="login">
<kw name="Set Selenium Speed" library="SeleniumLibrary">
<arg>0.2s</arg>
<doc>Sets the delay that is waited after each Selenium command.</doc>
<status status="PASS" starttime="20231210 18:25:10.386" endtime="20231210 18:25:10.386"/>
</kw>
<kw name="Open Browser" library="SeleniumLibrary">
<arg>${LOGIN URL}</arg>
<arg>${BROWSER}</arg>
<doc>Opens a new browser instance to the optional ``url``.</doc>
<msg timestamp="20231210 18:25:10.386" level="INFO">Opening browser 'Chrome' to base url 'https://uji.sicantik.go.id/sign-in'.</msg>
<status status="PASS" starttime="20231210 18:25:10.386" endtime="20231210 18:25:13.842"/>
</kw>
<kw name="Maximize Browser Window" library="SeleniumLibrary">
<doc>Maximizes current browser window.</doc>
<status status="PASS" starttime="20231210 18:25:13.842" endtime="20231210 18:25:14.157"/>
</kw>
<kw name="Title Should Be" library="SeleniumLibrary">
<arg>SICANTIK</arg>
<doc>Verifies that the current page title equals ``title``.</doc>
<msg timestamp="20231210 18:25:14.361" level="INFO">Page title is 'SICANTIK'.</msg>
<status status="PASS" starttime="20231210 18:25:14.157" endtime="20231210 18:25:14.361"/>
</kw>
<status status="PASS" starttime="20231210 18:25:10.386" endtime="20231210 18:25:14.361"/>
</kw>
<kw name="Login Admin Pusat" library="login">
<kw name="Input Username" library="login">
<arg>admegov</arg>
<kw name="Input Text" library="SeleniumLibrary">
<arg>username</arg>
<arg>${username}</arg>
<doc>Types the given ``text`` into the text field identified by ``locator``.</doc>
<msg timestamp="20231210 18:25:14.361" level="INFO">Typing text 'admegov' into text field 'username'.</msg>
<status status="PASS" starttime="20231210 18:25:14.361" endtime="20231210 18:25:15.028"/>
</kw>
<status status="PASS" starttime="20231210 18:25:14.361" endtime="20231210 18:25:15.028"/>
</kw>
<kw name="Input Password" library="login">
<arg>Admegov789*@#</arg>
<kw name="Input Text" library="SeleniumLibrary">
<arg>password</arg>
<arg>${password}</arg>
<doc>Types the given ``text`` into the text field identified by ``locator``.</doc>
<msg timestamp="20231210 18:25:15.028" level="INFO">Typing text 'Admegov789*@#' into text field 'password'.</msg>
<status status="PASS" starttime="20231210 18:25:15.028" endtime="20231210 18:25:15.685"/>
</kw>
<status status="PASS" starttime="20231210 18:25:15.028" endtime="20231210 18:25:15.685"/>
</kw>
<kw name="Submit Credentials" library="login">
<kw name="Click Button" library="SeleniumLibrary">
<arg>kt_sign_in_submit</arg>
<doc>Clicks the button identified by ``locator``.</doc>
<msg timestamp="20231210 18:25:15.685" level="INFO">Clicking button 'kt_sign_in_submit'.</msg>
<status status="PASS" starttime="20231210 18:25:15.685" endtime="20231210 18:25:16.525"/>
</kw>
<kw name="Sleep" library="BuiltIn">
<arg>5s</arg>
<doc>Pauses the test executed for the given time.</doc>
<msg timestamp="20231210 18:25:21.525" level="INFO">Slept 5 seconds</msg>
<status status="PASS" starttime="20231210 18:25:16.525" endtime="20231210 18:25:21.525"/>
</kw>
<status status="PASS" starttime="20231210 18:25:15.685" endtime="20231210 18:25:21.525"/>
</kw>
<kw name="Element Should Contain" library="SeleniumLibrary">
<arg>xpath://*[@id="kt_header_user_menu_toggle"]/div[2]/span[2]</arg>
<arg>Admin Utama</arg>
<doc>Verifies that element ``locator`` contains text ``expected``.</doc>
<msg timestamp="20231210 18:25:21.945" level="INFO">Element 'xpath://*[@id="kt_header_user_menu_toggle"]/div[2]/span[2]' contains text 'Admin Utama'.</msg>
<status status="PASS" starttime="20231210 18:25:21.525" endtime="20231210 18:25:21.945"/>
</kw>
<status status="PASS" starttime="20231210 18:25:14.361" endtime="20231210 18:25:21.945"/>
</kw>
<kw name="Move To Alur Proses Module" library="alur_proses">
<kw name="Go To" library="SeleniumLibrary">
<arg>https://uji.sicantik.go.id/alur-proses</arg>
<doc>Navigates the current browser window to the provided ``url``.</doc>
<msg timestamp="20231210 18:25:21.945" level="INFO">Opening url 'https://uji.sicantik.go.id/alur-proses'</msg>
<status status="PASS" starttime="20231210 18:25:21.945" endtime="20231210 18:25:22.558"/>
</kw>
<kw name="Wait Until Location Is" library="SeleniumLibrary">
<arg>https://uji.sicantik.go.id/alur-proses</arg>
<doc>Waits until the current URL is ``expected``.</doc>
<status status="PASS" starttime="20231210 18:25:22.558" endtime="20231210 18:25:22.763"/>
</kw>
<status status="PASS" starttime="20231210 18:25:21.945" endtime="20231210 18:25:22.763"/>
</kw>
<kw name="Click Detail Data" library="alur_proses">
<kw name="Wait Until Element Is Visible" library="SeleniumLibrary">
<arg>css:i.fa-eye</arg>
<doc>Waits until the element ``locator`` is visible.</doc>
<status status="PASS" starttime="20231210 18:25:22.763" endtime="20231210 18:25:23.588"/>
</kw>
<kw name="Click Element" library="SeleniumLibrary">
<arg>css:i.fa-eye</arg>
<doc>Click the element identified by ``locator``.</doc>
<msg timestamp="20231210 18:25:23.588" level="INFO">Clicking element 'css:i.fa-eye'.</msg>
<status status="PASS" starttime="20231210 18:25:23.588" endtime="20231210 18:25:24.034"/>
</kw>
<kw name="Wait Until Element Contains" library="SeleniumLibrary">
<arg>css:a.text-primary-custom</arg>
<arg>DETAIL ALUR PROSES</arg>
<arg>None</arg>
<arg>None</arg>
<doc>Waits until the element ``locator`` contains ``text``.</doc>
<status status="PASS" starttime="20231210 18:25:24.034" endtime="20231210 18:25:24.448"/>
</kw>
<status status="PASS" starttime="20231210 18:25:22.763" endtime="20231210 18:25:24.448"/>
</kw>
<kw name="Sleep" library="BuiltIn">
<arg>2s</arg>
<doc>Pauses the test executed for the given time.</doc>
<msg timestamp="20231210 18:25:26.449" level="INFO">Slept 2 seconds</msg>
<status status="PASS" starttime="20231210 18:25:24.448" endtime="20231210 18:25:26.449"/>
</kw>
<kw name="Capture Page Screenshot" library="SeleniumLibrary">
<doc>Takes a screenshot of the current page and embeds it into a log file.</doc>
<msg timestamp="20231210 18:25:26.775" level="INFO" html="true">&lt;/td&gt;&lt;/tr&gt;&lt;tr&gt;&lt;td colspan="3"&gt;&lt;a href="selenium-screenshot-2.png"&gt;&lt;img src="selenium-screenshot-2.png" width="800px"&gt;&lt;/a&gt;</msg>
<status status="PASS" starttime="20231210 18:25:26.449" endtime="20231210 18:25:26.775"/>
</kw>
<kw name="Close Browser" library="SeleniumLibrary" type="TEARDOWN">
<doc>Closes the current browser.</doc>
<status status="PASS" starttime="20231210 18:25:26.776" endtime="20231210 18:25:29.196"/>
</kw>
<doc>SC01 - View Page Alur Proses</doc>
<tag>TC02 - View Detail Data Alur Proses</tag>
<status status="PASS" starttime="20231210 18:25:10.386" endtime="20231210 18:25:29.196"/>
</test>
<doc>SC01 - View Page Alur Proses</doc>
<status status="PASS" starttime="20231210 18:24:52.943" endtime="20231210 18:25:29.196"/>
</suite>
<statistics>
<total>
<stat pass="2" fail="0" skip="0">All Tests</stat>
</total>
<tag>
<stat pass="1" fail="0" skip="0">TC01 - View Page Alur Proses</stat>
<stat pass="1" fail="0" skip="0">TC02 - View Detail Data Alur Proses</stat>
</tag>
<suite>
<stat pass="2" fail="0" skip="0" id="s1" name="SC01 - View Page Alur Proses">SC01 - View Page Alur Proses</stat>
</suite>
</statistics>
<errors>
</errors>
</robot>
