<?xml version="1.0" encoding="UTF-8"?>
<robot generator="Robot 6.1.1 (Python 3.12.0 on win32)" generated="20231126 21:39:06.297" rpa="false" schemaversion="4">
<suite id="s1" name="SC01 - View Nomenklatur Unit" source="E:\#Freelance\Sicantik\tests\R07 - Nomkletur Unit\Admin Instansi\SC01 - View Nomenklatur Unit\SC01 - View Nomenklatur Unit.robot">
<test id="s1-t1" name="TC01 - View Nomenklatur Unit" line="12">
<kw name="Open Browser To Login Page" library="login">
<kw name="Set Selenium Speed" library="SeleniumLibrary">
<arg>0.2s</arg>
<doc>Sets the delay that is waited after each Selenium command.</doc>
<status status="PASS" starttime="20231126 21:39:06.475" endtime="20231126 21:39:06.475"/>
</kw>
<kw name="Open Browser" library="SeleniumLibrary">
<arg>${LOGIN URL}</arg>
<arg>${BROWSER}</arg>
<doc>Opens a new browser instance to the optional ``url``.</doc>
<msg timestamp="20231126 21:39:06.475" level="INFO">Opening browser 'Firefox' to base url 'https://uji.sicantik.go.id/sign-in'.</msg>
<status status="PASS" starttime="20231126 21:39:06.475" endtime="20231126 21:39:15.233"/>
</kw>
<kw name="Maximize Browser Window" library="SeleniumLibrary">
<doc>Maximizes current browser window.</doc>
<status status="PASS" starttime="20231126 21:39:15.233" endtime="20231126 21:39:15.720"/>
</kw>
<kw name="Title Should Be" library="SeleniumLibrary">
<arg>SICANTIK</arg>
<doc>Verifies that the current page title equals ``title``.</doc>
<msg timestamp="20231126 21:39:15.923" level="INFO">Page title is 'SICANTIK'.</msg>
<status status="PASS" starttime="20231126 21:39:15.720" endtime="20231126 21:39:15.923"/>
</kw>
<status status="PASS" starttime="20231126 21:39:06.474" endtime="20231126 21:39:15.923"/>
</kw>
<kw name="Login Admin Instansi" library="login">
<kw name="Input Username" library="login">
<arg>demo</arg>
<kw name="Input Text" library="SeleniumLibrary">
<arg>username</arg>
<arg>${username}</arg>
<doc>Types the given ``text`` into the text field identified by ``locator``.</doc>
<msg timestamp="20231126 21:39:15.924" level="INFO">Typing text 'demo' into text field 'username'.</msg>
<status status="PASS" starttime="20231126 21:39:15.924" endtime="20231126 21:39:16.578"/>
</kw>
<status status="PASS" starttime="20231126 21:39:15.923" endtime="20231126 21:39:16.578"/>
</kw>
<kw name="Input Password" library="login">
<arg>Demo789*@#</arg>
<kw name="Input Text" library="SeleniumLibrary">
<arg>password</arg>
<arg>${password}</arg>
<doc>Types the given ``text`` into the text field identified by ``locator``.</doc>
<msg timestamp="20231126 21:39:16.578" level="INFO">Typing text 'Demo789*@#' into text field 'password'.</msg>
<status status="PASS" starttime="20231126 21:39:16.578" endtime="20231126 21:39:17.196"/>
</kw>
<status status="PASS" starttime="20231126 21:39:16.578" endtime="20231126 21:39:17.196"/>
</kw>
<kw name="Submit Credentials" library="login">
<kw name="Click Button" library="SeleniumLibrary">
<arg>kt_sign_in_submit</arg>
<doc>Clicks the button identified by ``locator``.</doc>
<msg timestamp="20231126 21:39:17.196" level="INFO">Clicking button 'kt_sign_in_submit'.</msg>
<status status="PASS" starttime="20231126 21:39:17.196" endtime="20231126 21:39:18.217"/>
</kw>
<kw name="Sleep" library="BuiltIn">
<arg>5s</arg>
<doc>Pauses the test executed for the given time.</doc>
<msg timestamp="20231126 21:39:23.217" level="INFO">Slept 5 seconds</msg>
<status status="PASS" starttime="20231126 21:39:18.217" endtime="20231126 21:39:23.217"/>
</kw>
<status status="PASS" starttime="20231126 21:39:17.196" endtime="20231126 21:39:23.217"/>
</kw>
<kw name="Element Should Contain" library="SeleniumLibrary">
<arg>xpath://*[@id="kt_header_user_menu_toggle"]/div[2]/span[1]</arg>
<arg>DEMO</arg>
<doc>Verifies that element ``locator`` contains text ``expected``.</doc>
<msg timestamp="20231126 21:39:23.632" level="INFO">Element 'xpath://*[@id="kt_header_user_menu_toggle"]/div[2]/span[1]' contains text 'DEMO'.</msg>
<status status="PASS" starttime="20231126 21:39:23.217" endtime="20231126 21:39:23.632"/>
</kw>
<status status="PASS" starttime="20231126 21:39:15.923" endtime="20231126 21:39:23.632"/>
</kw>
<kw name="Move To Nomenklatur Adm Instansi" library="nomenklatur">
<kw name="Go To" library="SeleniumLibrary">
<arg>https://uji.sicantik.go.id/form/list/32033</arg>
<doc>Navigates the current browser window to the provided ``url``.</doc>
<msg timestamp="20231126 21:39:23.632" level="INFO">Opening url 'https://uji.sicantik.go.id/form/list/32033'</msg>
<status status="PASS" starttime="20231126 21:39:23.632" endtime="20231126 21:39:24.192"/>
</kw>
<kw name="Wait Until Page Contains" library="SeleniumLibrary">
<arg>Daftar Nomenklatur</arg>
<doc>Waits until ``text`` appears on the current page.</doc>
<status status="PASS" starttime="20231126 21:39:24.192" endtime="20231126 21:39:24.396"/>
</kw>
<kw name="Sleep" library="BuiltIn">
<arg>3s</arg>
<doc>Pauses the test executed for the given time.</doc>
<msg timestamp="20231126 21:39:27.396" level="INFO">Slept 3 seconds</msg>
<status status="PASS" starttime="20231126 21:39:24.396" endtime="20231126 21:39:27.396"/>
</kw>
<status status="PASS" starttime="20231126 21:39:23.632" endtime="20231126 21:39:27.396"/>
</kw>
<kw name="Sleep" library="BuiltIn">
<arg>2s</arg>
<doc>Pauses the test executed for the given time.</doc>
<msg timestamp="20231126 21:39:29.397" level="INFO">Slept 2 seconds</msg>
<status status="PASS" starttime="20231126 21:39:27.396" endtime="20231126 21:39:29.397"/>
</kw>
<kw name="Capture Page Screenshot" library="SeleniumLibrary">
<doc>Takes a screenshot of the current page and embeds it into a log file.</doc>
<msg timestamp="20231126 21:39:29.640" level="INFO" html="true">&lt;/td&gt;&lt;/tr&gt;&lt;tr&gt;&lt;td colspan="3"&gt;&lt;a href="selenium-screenshot-1.png"&gt;&lt;img src="selenium-screenshot-1.png" width="800px"&gt;&lt;/a&gt;</msg>
<status status="PASS" starttime="20231126 21:39:29.397" endtime="20231126 21:39:29.641"/>
</kw>
<kw name="Close Browser" library="SeleniumLibrary" type="TEARDOWN">
<doc>Closes the current browser.</doc>
<status status="PASS" starttime="20231126 21:39:29.641" endtime="20231126 21:39:32.825"/>
</kw>
<doc>SC01 - View Nomenklatur Unit</doc>
<tag>TC01 - View Nomenklatur Unit</tag>
<status status="PASS" starttime="20231126 21:39:06.474" endtime="20231126 21:39:32.825"/>
</test>
<doc>SC01 - View Nomenklatur Unit</doc>
<status status="PASS" starttime="20231126 21:39:06.298" endtime="20231126 21:39:32.825"/>
</suite>
<statistics>
<total>
<stat pass="1" fail="0" skip="0">All Tests</stat>
</total>
<tag>
<stat pass="1" fail="0" skip="0">TC01 - View Nomenklatur Unit</stat>
</tag>
<suite>
<stat pass="1" fail="0" skip="0" id="s1" name="SC01 - View Nomenklatur Unit">SC01 - View Nomenklatur Unit</stat>
</suite>
</statistics>
<errors>
</errors>
</robot>
