<?xml version="1.0" encoding="UTF-8"?>
<robot generator="Robot 6.1.1 (Python 3.12.0 on win32)" generated="20231126 21:41:50.573" rpa="false" schemaversion="4">
<suite id="s1" name="SC02 - Update Nomenklatur Unit" source="E:\#Freelance\Sicantik\tests\R07 - Nomkletur Unit\Admin Instansi\SC02 - Update Nomenklatur Unit\SC02 - Update Nomenklatur Unit.robot">
<test id="s1-t1" name="TC01 - Update Nomenklatur Unit" line="12">
<kw name="Open Browser To Login Page" library="login">
<kw name="Set Selenium Speed" library="SeleniumLibrary">
<arg>0.2s</arg>
<doc>Sets the delay that is waited after each Selenium command.</doc>
<status status="PASS" starttime="20231126 21:41:50.731" endtime="20231126 21:41:50.732"/>
</kw>
<kw name="Open Browser" library="SeleniumLibrary">
<arg>${LOGIN URL}</arg>
<arg>${BROWSER}</arg>
<doc>Opens a new browser instance to the optional ``url``.</doc>
<msg timestamp="20231126 21:41:50.732" level="INFO">Opening browser 'Firefox' to base url 'https://uji.sicantik.go.id/sign-in'.</msg>
<status status="PASS" starttime="20231126 21:41:50.732" endtime="20231126 21:41:59.021"/>
</kw>
<kw name="Maximize Browser Window" library="SeleniumLibrary">
<doc>Maximizes current browser window.</doc>
<status status="PASS" starttime="20231126 21:41:59.021" endtime="20231126 21:41:59.485"/>
</kw>
<kw name="Title Should Be" library="SeleniumLibrary">
<arg>SICANTIK</arg>
<doc>Verifies that the current page title equals ``title``.</doc>
<msg timestamp="20231126 21:41:59.687" level="INFO">Page title is 'SICANTIK'.</msg>
<status status="PASS" starttime="20231126 21:41:59.485" endtime="20231126 21:41:59.687"/>
</kw>
<status status="PASS" starttime="20231126 21:41:50.731" endtime="20231126 21:41:59.687"/>
</kw>
<kw name="Login Admin Instansi" library="login">
<kw name="Input Username" library="login">
<arg>demo</arg>
<kw name="Input Text" library="SeleniumLibrary">
<arg>username</arg>
<arg>${username}</arg>
<doc>Types the given ``text`` into the text field identified by ``locator``.</doc>
<msg timestamp="20231126 21:41:59.688" level="INFO">Typing text 'demo' into text field 'username'.</msg>
<status status="PASS" starttime="20231126 21:41:59.687" endtime="20231126 21:42:00.333"/>
</kw>
<status status="PASS" starttime="20231126 21:41:59.687" endtime="20231126 21:42:00.333"/>
</kw>
<kw name="Input Password" library="login">
<arg>Demo789*@#</arg>
<kw name="Input Text" library="SeleniumLibrary">
<arg>password</arg>
<arg>${password}</arg>
<doc>Types the given ``text`` into the text field identified by ``locator``.</doc>
<msg timestamp="20231126 21:42:00.333" level="INFO">Typing text 'Demo789*@#' into text field 'password'.</msg>
<status status="PASS" starttime="20231126 21:42:00.333" endtime="20231126 21:42:00.949"/>
</kw>
<status status="PASS" starttime="20231126 21:42:00.333" endtime="20231126 21:42:00.949"/>
</kw>
<kw name="Submit Credentials" library="login">
<kw name="Click Button" library="SeleniumLibrary">
<arg>kt_sign_in_submit</arg>
<doc>Clicks the button identified by ``locator``.</doc>
<msg timestamp="20231126 21:42:00.949" level="INFO">Clicking button 'kt_sign_in_submit'.</msg>
<status status="PASS" starttime="20231126 21:42:00.949" endtime="20231126 21:42:01.973"/>
</kw>
<kw name="Sleep" library="BuiltIn">
<arg>5s</arg>
<doc>Pauses the test executed for the given time.</doc>
<msg timestamp="20231126 21:42:06.973" level="INFO">Slept 5 seconds</msg>
<status status="PASS" starttime="20231126 21:42:01.973" endtime="20231126 21:42:06.973"/>
</kw>
<status status="PASS" starttime="20231126 21:42:00.949" endtime="20231126 21:42:06.973"/>
</kw>
<kw name="Element Should Contain" library="SeleniumLibrary">
<arg>xpath://*[@id="kt_header_user_menu_toggle"]/div[2]/span[1]</arg>
<arg>DEMO</arg>
<doc>Verifies that element ``locator`` contains text ``expected``.</doc>
<msg timestamp="20231126 21:42:07.390" level="INFO">Element 'xpath://*[@id="kt_header_user_menu_toggle"]/div[2]/span[1]' contains text 'DEMO'.</msg>
<status status="PASS" starttime="20231126 21:42:06.973" endtime="20231126 21:42:07.390"/>
</kw>
<status status="PASS" starttime="20231126 21:41:59.687" endtime="20231126 21:42:07.390"/>
</kw>
<kw name="Move To Nomenklatur Adm Instansi" library="nomenklatur">
<kw name="Go To" library="SeleniumLibrary">
<arg>https://uji.sicantik.go.id/form/list/32033</arg>
<doc>Navigates the current browser window to the provided ``url``.</doc>
<msg timestamp="20231126 21:42:07.390" level="INFO">Opening url 'https://uji.sicantik.go.id/form/list/32033'</msg>
<status status="PASS" starttime="20231126 21:42:07.390" endtime="20231126 21:42:07.924"/>
</kw>
<kw name="Wait Until Page Contains" library="SeleniumLibrary">
<arg>Daftar Nomenklatur</arg>
<doc>Waits until ``text`` appears on the current page.</doc>
<status status="PASS" starttime="20231126 21:42:07.924" endtime="20231126 21:42:08.128"/>
</kw>
<kw name="Sleep" library="BuiltIn">
<arg>5s</arg>
<doc>Pauses the test executed for the given time.</doc>
<msg timestamp="20231126 21:42:13.129" level="INFO">Slept 5 seconds</msg>
<status status="PASS" starttime="20231126 21:42:08.128" endtime="20231126 21:42:13.129"/>
</kw>
<status status="PASS" starttime="20231126 21:42:07.390" endtime="20231126 21:42:13.129"/>
</kw>
<kw name="Click Btn Edit" library="nomenklatur">
<kw name="Wait Until Element Is Visible" library="SeleniumLibrary">
<arg>//*[@class="far fa-edit text-info me-3 pe-auto el-tooltip__trigger el-tooltip__trigger"]</arg>
<doc>Waits until the element ``locator`` is visible.</doc>
<status status="PASS" starttime="20231126 21:42:13.129" endtime="20231126 21:42:13.541"/>
</kw>
<kw name="Click Element" library="SeleniumLibrary">
<arg>//*[@class="far fa-edit text-info me-3 pe-auto el-tooltip__trigger el-tooltip__trigger"]</arg>
<doc>Click the element identified by ``locator``.</doc>
<msg timestamp="20231126 21:42:13.541" level="INFO">Clicking element '//*[@class="far fa-edit text-info me-3 pe-auto el-tooltip__trigger el-tooltip__trigger"]'.</msg>
<status status="PASS" starttime="20231126 21:42:13.541" endtime="20231126 21:42:14.168"/>
</kw>
<kw name="Wait Until Page Contains" library="SeleniumLibrary">
<arg>Nomenklatur Unit</arg>
<doc>Waits until ``text`` appears on the current page.</doc>
<status status="PASS" starttime="20231126 21:42:14.168" endtime="20231126 21:42:14.372"/>
</kw>
<status status="PASS" starttime="20231126 21:42:13.129" endtime="20231126 21:42:14.372"/>
</kw>
<kw name="Click Btn Simpan" library="nomenklatur">
<kw name="Wait Until Element Is Visible" library="SeleniumLibrary">
<arg>//*[@class="btn btn-primary mx-1"]</arg>
<doc>Waits until the element ``locator`` is visible.</doc>
<status status="PASS" starttime="20231126 21:42:14.373" endtime="20231126 21:42:14.783"/>
</kw>
<kw name="Click Button" library="SeleniumLibrary">
<arg>//*[@class="btn btn-primary mx-1"]</arg>
<doc>Clicks the button identified by ``locator``.</doc>
<msg timestamp="20231126 21:42:14.783" level="INFO">Clicking button '//*[@class="btn btn-primary mx-1"]'.</msg>
<status status="PASS" starttime="20231126 21:42:14.783" endtime="20231126 21:42:16.026"/>
</kw>
<status status="PASS" starttime="20231126 21:42:14.372" endtime="20231126 21:42:16.026"/>
</kw>
<kw name="Sleep" library="BuiltIn">
<arg>2s</arg>
<doc>Pauses the test executed for the given time.</doc>
<msg timestamp="20231126 21:42:18.027" level="INFO">Slept 2 seconds</msg>
<status status="PASS" starttime="20231126 21:42:16.026" endtime="20231126 21:42:18.027"/>
</kw>
<kw name="Capture Page Screenshot" library="SeleniumLibrary">
<doc>Takes a screenshot of the current page and embeds it into a log file.</doc>
<msg timestamp="20231126 21:42:18.271" level="INFO" html="true">&lt;/td&gt;&lt;/tr&gt;&lt;tr&gt;&lt;td colspan="3"&gt;&lt;a href="selenium-screenshot-1.png"&gt;&lt;img src="selenium-screenshot-1.png" width="800px"&gt;&lt;/a&gt;</msg>
<status status="PASS" starttime="20231126 21:42:18.027" endtime="20231126 21:42:18.271"/>
</kw>
<kw name="Close Browser" library="SeleniumLibrary" type="TEARDOWN">
<doc>Closes the current browser.</doc>
<status status="PASS" starttime="20231126 21:42:18.271" endtime="20231126 21:42:21.384"/>
</kw>
<doc>SC02 - Update Nomenklatur Unit</doc>
<tag>TC01 - Update Nomenklatur Unit</tag>
<status status="PASS" starttime="20231126 21:41:50.731" endtime="20231126 21:42:21.384"/>
</test>
<doc>SC02 - Update Nomenklatur Unit</doc>
<status status="PASS" starttime="20231126 21:41:50.574" endtime="20231126 21:42:21.385"/>
</suite>
<statistics>
<total>
<stat pass="1" fail="0" skip="0">All Tests</stat>
</total>
<tag>
<stat pass="1" fail="0" skip="0">TC01 - Update Nomenklatur Unit</stat>
</tag>
<suite>
<stat pass="1" fail="0" skip="0" id="s1" name="SC02 - Update Nomenklatur Unit">SC02 - Update Nomenklatur Unit</stat>
</suite>
</statistics>
<errors>
</errors>
</robot>
