<?xml version="1.0" encoding="UTF-8"?>
<robot generator="Robot 6.1.1 (Python 3.12.0 on win32)" generated="20231125 09:09:50.694" rpa="false" schemaversion="4">
<suite id="s1" name="SC01 - View Data Proses Permohonan" source="E:\#Freelance\Sicantik\tests\R04 - Proses Permohonan\Admin Instansi\SC01 - View Data Proses Permohonan\SC01 - View Data Proses Permohonan.robot">
<test id="s1-t1" name="TC01 - View Data Proses Permohonan" line="12">
<kw name="Open Browser To Login Page" library="login">
<kw name="Set Selenium Speed" library="SeleniumLibrary">
<arg>0.2s</arg>
<doc>Sets the delay that is waited after each Selenium command.</doc>
<status status="PASS" starttime="20231125 09:09:50.853" endtime="20231125 09:09:50.854"/>
</kw>
<kw name="Open Browser" library="SeleniumLibrary">
<arg>${LOGIN URL}</arg>
<arg>${BROWSER}</arg>
<arg>options=add_argument("--incognito")</arg>
<doc>Opens a new browser instance to the optional ``url``.</doc>
<msg timestamp="20231125 09:09:50.854" level="INFO">Opening browser 'Chrome' to base url 'https://uji.sicantik.go.id/sign-in'.</msg>
<status status="PASS" starttime="20231125 09:09:50.854" endtime="20231125 09:09:54.696"/>
</kw>
<kw name="Maximize Browser Window" library="SeleniumLibrary">
<doc>Maximizes current browser window.</doc>
<status status="PASS" starttime="20231125 09:09:54.696" endtime="20231125 09:09:55.013"/>
</kw>
<kw name="Title Should Be" library="SeleniumLibrary">
<arg>SICANTIK</arg>
<doc>Verifies that the current page title equals ``title``.</doc>
<msg timestamp="20231125 09:09:55.217" level="INFO">Page title is 'SICANTIK'.</msg>
<status status="PASS" starttime="20231125 09:09:55.013" endtime="20231125 09:09:55.217"/>
</kw>
<status status="PASS" starttime="20231125 09:09:50.853" endtime="20231125 09:09:55.217"/>
</kw>
<kw name="Login Admin Instansi" library="login">
<kw name="Input Username" library="login">
<arg>demo</arg>
<kw name="Input Text" library="SeleniumLibrary">
<arg>username</arg>
<arg>${username}</arg>
<doc>Types the given ``text`` into the text field identified by ``locator``.</doc>
<msg timestamp="20231125 09:09:55.218" level="INFO">Typing text 'demo' into text field 'username'.</msg>
<status status="PASS" starttime="20231125 09:09:55.217" endtime="20231125 09:09:55.879"/>
</kw>
<status status="PASS" starttime="20231125 09:09:55.217" endtime="20231125 09:09:55.879"/>
</kw>
<kw name="Input Password" library="login">
<arg>Demo789*@#</arg>
<kw name="Input Text" library="SeleniumLibrary">
<arg>password</arg>
<arg>${password}</arg>
<doc>Types the given ``text`` into the text field identified by ``locator``.</doc>
<msg timestamp="20231125 09:09:55.879" level="INFO">Typing text 'Demo789*@#' into text field 'password'.</msg>
<status status="PASS" starttime="20231125 09:09:55.879" endtime="20231125 09:09:56.532"/>
</kw>
<status status="PASS" starttime="20231125 09:09:55.879" endtime="20231125 09:09:56.532"/>
</kw>
<kw name="Submit Credentials" library="login">
<kw name="Click Button" library="SeleniumLibrary">
<arg>kt_sign_in_submit</arg>
<doc>Clicks the button identified by ``locator``.</doc>
<msg timestamp="20231125 09:09:56.532" level="INFO">Clicking button 'kt_sign_in_submit'.</msg>
<status status="PASS" starttime="20231125 09:09:56.532" endtime="20231125 09:09:57.372"/>
</kw>
<kw name="Sleep" library="BuiltIn">
<arg>5s</arg>
<doc>Pauses the test executed for the given time.</doc>
<msg timestamp="20231125 09:10:02.373" level="INFO">Slept 5 seconds</msg>
<status status="PASS" starttime="20231125 09:09:57.372" endtime="20231125 09:10:02.373"/>
</kw>
<status status="PASS" starttime="20231125 09:09:56.532" endtime="20231125 09:10:02.373"/>
</kw>
<kw name="Element Should Contain" library="SeleniumLibrary">
<arg>xpath://*[@id="kt_header_user_menu_toggle"]/div[2]/span[1]</arg>
<arg>DEMO</arg>
<doc>Verifies that element ``locator`` contains text ``expected``.</doc>
<msg timestamp="20231125 09:10:02.791" level="INFO">Element 'xpath://*[@id="kt_header_user_menu_toggle"]/div[2]/span[1]' contains text 'DEMO'.</msg>
<status status="PASS" starttime="20231125 09:10:02.373" endtime="20231125 09:10:02.791"/>
</kw>
<status status="PASS" starttime="20231125 09:09:55.217" endtime="20231125 09:10:02.791"/>
</kw>
<kw name="Move to Proses Permohonan" library="proses_permohonan">
<kw name="Go To" library="SeleniumLibrary">
<arg>https://uji.sicantik.go.id/proses-pengajuan</arg>
<doc>Navigates the current browser window to the provided ``url``.</doc>
<msg timestamp="20231125 09:10:02.791" level="INFO">Opening url 'https://uji.sicantik.go.id/proses-pengajuan'</msg>
<status status="PASS" starttime="20231125 09:10:02.791" endtime="20231125 09:10:03.292"/>
</kw>
<kw name="Wait Until Element Contains" library="SeleniumLibrary">
<arg>tag:h5</arg>
<arg>Proses Pengajuan</arg>
<arg>None</arg>
<arg>None</arg>
<doc>Waits until the element ``locator`` contains ``text``.</doc>
<status status="PASS" starttime="20231125 09:10:03.292" endtime="20231125 09:10:03.711"/>
</kw>
<kw name="Sleep" library="BuiltIn">
<arg>3s</arg>
<doc>Pauses the test executed for the given time.</doc>
<msg timestamp="20231125 09:10:06.712" level="INFO">Slept 3 seconds</msg>
<status status="PASS" starttime="20231125 09:10:03.711" endtime="20231125 09:10:06.712"/>
</kw>
<status status="PASS" starttime="20231125 09:10:02.791" endtime="20231125 09:10:06.712"/>
</kw>
<kw name="Sleep" library="BuiltIn">
<arg>2s</arg>
<doc>Pauses the test executed for the given time.</doc>
<msg timestamp="20231125 09:10:08.712" level="INFO">Slept 2 seconds</msg>
<status status="PASS" starttime="20231125 09:10:06.712" endtime="20231125 09:10:08.712"/>
</kw>
<kw name="Capture Page Screenshot" library="SeleniumLibrary">
<doc>Takes a screenshot of the current page and embeds it into a log file.</doc>
<msg timestamp="20231125 09:10:09.053" level="INFO" html="true">&lt;/td&gt;&lt;/tr&gt;&lt;tr&gt;&lt;td colspan="3"&gt;&lt;a href="selenium-screenshot-1.png"&gt;&lt;img src="selenium-screenshot-1.png" width="800px"&gt;&lt;/a&gt;</msg>
<status status="PASS" starttime="20231125 09:10:08.712" endtime="20231125 09:10:09.053"/>
</kw>
<kw name="Close Browser" library="SeleniumLibrary" type="TEARDOWN">
<doc>Closes the current browser.</doc>
<status status="PASS" starttime="20231125 09:10:09.053" endtime="20231125 09:10:12.730"/>
</kw>
<doc>SC01 - View Data Proses Permohonan</doc>
<tag>TC01 - View Data Proses Permohonan</tag>
<status status="PASS" starttime="20231125 09:09:50.853" endtime="20231125 09:10:12.730"/>
</test>
<doc>SC01 - View Data Proses Permohonan.</doc>
<status status="PASS" starttime="20231125 09:09:50.695" endtime="20231125 09:10:12.731"/>
</suite>
<statistics>
<total>
<stat pass="1" fail="0" skip="0">All Tests</stat>
</total>
<tag>
<stat pass="1" fail="0" skip="0">TC01 - View Data Proses Permohonan</stat>
</tag>
<suite>
<stat pass="1" fail="0" skip="0" id="s1" name="SC01 - View Data Proses Permohonan">SC01 - View Data Proses Permohonan</stat>
</suite>
</statistics>
<errors>
</errors>
</robot>
