<?xml version="1.0" encoding="UTF-8"?>
<robot generator="Robot 6.1.1 (Python 3.12.0 on win32)" generated="20231111 17:45:16.703" rpa="false" schemaversion="4">
<suite id="s1" name="SC02 - Create New Data Penomoran" source="E:\#Freelance\Sicantik\tests\R01 - Penomoran\SC02 - Create New Data Penomoran\SC02 - Create New Data Penomoran.robot">
<test id="s1-t1" name="TC01 - Create Data Penomoran" line="12">
<kw name="Open Browser To Login Page" library="login">
<kw name="Set Selenium Speed" library="SeleniumLibrary">
<arg>0.3s</arg>
<doc>Sets the delay that is waited after each Selenium command.</doc>
<status status="PASS" starttime="20231111 17:45:16.858" endtime="20231111 17:45:16.858"/>
</kw>
<kw name="Open Browser" library="SeleniumLibrary">
<arg>${LOGIN URL}</arg>
<arg>${BROWSER}</arg>
<arg>options=add_argument("--incognito")</arg>
<doc>Opens a new browser instance to the optional ``url``.</doc>
<msg timestamp="20231111 17:45:16.859" level="INFO">Opening browser 'Firefox' to base url 'https://uji.sicantik.go.id/sign-in'.</msg>
<status status="PASS" starttime="20231111 17:45:16.858" endtime="20231111 17:45:24.493"/>
</kw>
<kw name="Maximize Browser Window" library="SeleniumLibrary">
<doc>Maximizes current browser window.</doc>
<status status="PASS" starttime="20231111 17:45:24.493" endtime="20231111 17:45:25.049"/>
</kw>
<kw name="Title Should Be" library="SeleniumLibrary">
<arg>SICANTIK</arg>
<doc>Verifies that the current page title equals ``title``.</doc>
<msg timestamp="20231111 17:45:25.351" level="INFO">Page title is 'SICANTIK'.</msg>
<status status="PASS" starttime="20231111 17:45:25.049" endtime="20231111 17:45:25.351"/>
</kw>
<status status="PASS" starttime="20231111 17:45:16.858" endtime="20231111 17:45:25.351"/>
</kw>
<kw name="Input Username" library="login">
<arg>demo</arg>
<kw name="Input Text" library="SeleniumLibrary">
<arg>username</arg>
<arg>${username}</arg>
<doc>Types the given ``text`` into the text field identified by ``locator``.</doc>
<msg timestamp="20231111 17:45:25.352" level="INFO">Typing text 'demo' into text field 'username'.</msg>
<status status="PASS" starttime="20231111 17:45:25.351" endtime="20231111 17:45:26.295"/>
</kw>
<status status="PASS" starttime="20231111 17:45:25.351" endtime="20231111 17:45:26.295"/>
</kw>
<kw name="Input Password" library="login">
<arg>Demo789*@#</arg>
<kw name="Input Text" library="SeleniumLibrary">
<arg>password</arg>
<arg>${password}</arg>
<doc>Types the given ``text`` into the text field identified by ``locator``.</doc>
<msg timestamp="20231111 17:45:26.296" level="INFO">Typing text 'Demo789*@#' into text field 'password'.</msg>
<status status="PASS" starttime="20231111 17:45:26.295" endtime="20231111 17:45:27.214"/>
</kw>
<status status="PASS" starttime="20231111 17:45:26.295" endtime="20231111 17:45:27.214"/>
</kw>
<kw name="Submit Credentials" library="login">
<kw name="Click Button" library="SeleniumLibrary">
<arg>kt_sign_in_submit</arg>
<doc>Clicks the button identified by ``locator``.</doc>
<msg timestamp="20231111 17:45:27.214" level="INFO">Clicking button 'kt_sign_in_submit'.</msg>
<status status="PASS" starttime="20231111 17:45:27.214" endtime="20231111 17:45:28.630"/>
</kw>
<kw name="Sleep" library="BuiltIn">
<arg>5s</arg>
<doc>Pauses the test executed for the given time.</doc>
<msg timestamp="20231111 17:45:33.630" level="INFO">Slept 5 seconds</msg>
<status status="PASS" starttime="20231111 17:45:28.630" endtime="20231111 17:45:33.630"/>
</kw>
<status status="PASS" starttime="20231111 17:45:27.214" endtime="20231111 17:45:33.630"/>
</kw>
<kw name="Move To Penomoran Module" library="penomoran">
<kw name="Go To" library="SeleniumLibrary">
<arg>https://uji.sicantik.go.id/penomoran</arg>
<doc>Navigates the current browser window to the provided ``url``.</doc>
<msg timestamp="20231111 17:45:33.630" level="INFO">Opening url 'https://uji.sicantik.go.id/penomoran'</msg>
<status status="PASS" starttime="20231111 17:45:33.630" endtime="20231111 17:45:34.220"/>
</kw>
<kw name="Wait Until Element Is Visible" library="SeleniumLibrary">
<arg>xpath://*[@id="kt_content_container"]/div/div/div[1]/h5</arg>
<doc>Waits until the element ``locator`` is visible.</doc>
<status status="PASS" starttime="20231111 17:45:34.220" endtime="20231111 17:45:34.834"/>
</kw>
<status status="PASS" starttime="20231111 17:45:33.630" endtime="20231111 17:45:34.834"/>
</kw>
<kw name="Move to Add Page" library="penomoran">
<kw name="Go To" library="SeleniumLibrary">
<arg>https://uji.sicantik.go.id/penomoran/add</arg>
<doc>Navigates the current browser window to the provided ``url``.</doc>
<msg timestamp="20231111 17:45:34.834" level="INFO">Opening url 'https://uji.sicantik.go.id/penomoran/add'</msg>
<status status="PASS" starttime="20231111 17:45:34.834" endtime="20231111 17:45:35.466"/>
</kw>
<kw name="Wait Until Element Contains" library="SeleniumLibrary">
<arg>xpath://*[@id="kt_content_container"]/div/div/div[1]/div/div/div/div[1]/a</arg>
<arg>TAMBAH PENOMORAN</arg>
<doc>Waits until the element ``locator`` contains ``text``.</doc>
<status status="PASS" starttime="20231111 17:45:35.466" endtime="20231111 17:45:36.080"/>
</kw>
<status status="PASS" starttime="20231111 17:45:34.834" endtime="20231111 17:45:36.080"/>
</kw>
<kw name="Input Deskripsi Penomoran" library="penomoran">
<arg>Lorem</arg>
<kw name="Clear Element Text" library="SeleniumLibrary">
<arg>name:deskripsi</arg>
<doc>Clears the value of the text-input-element identified by ``locator``.</doc>
<status status="PASS" starttime="20231111 17:45:36.080" endtime="20231111 17:45:36.686"/>
</kw>
<kw name="Input Text" library="SeleniumLibrary">
<arg>name:deskripsi</arg>
<arg>${deskripsi}</arg>
<doc>Types the given ``text`` into the text field identified by ``locator``.</doc>
<msg timestamp="20231111 17:45:36.686" level="INFO">Typing text 'Lorem' into text field 'name:deskripsi'.</msg>
<status status="PASS" starttime="20231111 17:45:36.686" endtime="20231111 17:45:37.605"/>
</kw>
<status status="PASS" starttime="20231111 17:45:36.080" endtime="20231111 17:45:37.605"/>
</kw>
<kw name="Input Format Penomoran" library="penomoran">
<arg>Format</arg>
<kw name="Clear Element Text" library="SeleniumLibrary">
<arg>name:formatPenomoran</arg>
<doc>Clears the value of the text-input-element identified by ``locator``.</doc>
<status status="PASS" starttime="20231111 17:45:37.605" endtime="20231111 17:45:38.211"/>
</kw>
<kw name="Input Text" library="SeleniumLibrary">
<arg>name:formatPenomoran</arg>
<arg>${format}</arg>
<doc>Types the given ``text`` into the text field identified by ``locator``.</doc>
<msg timestamp="20231111 17:45:38.211" level="INFO">Typing text 'Format' into text field 'name:formatPenomoran'.</msg>
<status status="PASS" starttime="20231111 17:45:38.211" endtime="20231111 17:45:39.137"/>
</kw>
<status status="PASS" starttime="20231111 17:45:37.605" endtime="20231111 17:45:39.137"/>
</kw>
<kw name="Input Nomor Terakhir" library="penomoran">
<arg>1</arg>
<kw name="Clear Element Text" library="SeleniumLibrary">
<arg>name:nomorTerakir</arg>
<doc>Clears the value of the text-input-element identified by ``locator``.</doc>
<status status="PASS" starttime="20231111 17:45:39.137" endtime="20231111 17:45:39.755"/>
</kw>
<kw name="Input Text" library="SeleniumLibrary">
<arg>name:nomorTerakir</arg>
<arg>${noTerakhir}</arg>
<doc>Types the given ``text`` into the text field identified by ``locator``.</doc>
<msg timestamp="20231111 17:45:39.755" level="INFO">Typing text '1' into text field 'name:nomorTerakir'.</msg>
<status status="PASS" starttime="20231111 17:45:39.755" endtime="20231111 17:45:40.669"/>
</kw>
<status status="PASS" starttime="20231111 17:45:39.137" endtime="20231111 17:45:40.669"/>
</kw>
<kw name="Select Instansi" library="penomoran">
<arg>Demo2</arg>
<kw name="Click Element" library="SeleniumLibrary">
<arg>xpath://*[@id="kt_login_signin_form"]/div/div[4]/label</arg>
<doc>Click the element identified by ``locator``.</doc>
<msg timestamp="20231111 17:45:40.670" level="INFO">Clicking element 'xpath://*[@id="kt_login_signin_form"]/div/div[4]/label'.</msg>
<status status="PASS" starttime="20231111 17:45:40.669" endtime="20231111 17:45:41.483"/>
</kw>
<kw name="Press Keys" library="SeleniumLibrary">
<arg>None</arg>
<arg>TAB</arg>
<doc>Simulates the user pressing key(s) to an element or on the active browser.</doc>
<msg timestamp="20231111 17:45:41.483" level="INFO">Sending key(s) ('TAB',) to page.</msg>
<msg timestamp="20231111 17:45:41.483" level="INFO">Pressing special key TAB to browser.</msg>
<msg timestamp="20231111 17:45:41.483" level="INFO">Releasing special key TAB.</msg>
<status status="PASS" starttime="20231111 17:45:41.483" endtime="20231111 17:45:41.798"/>
</kw>
<kw name="Press Keys" library="SeleniumLibrary">
<arg>None</arg>
<arg>${instansi}</arg>
<doc>Simulates the user pressing key(s) to an element or on the active browser.</doc>
<msg timestamp="20231111 17:45:41.798" level="INFO">Sending key(s) ('Demo2',) to page.</msg>
<msg timestamp="20231111 17:45:41.798" level="INFO">Sending keys Demo2</msg>
<status status="PASS" starttime="20231111 17:45:41.798" endtime="20231111 17:45:42.120"/>
</kw>
<kw name="Sleep" library="BuiltIn">
<arg>1s</arg>
<doc>Pauses the test executed for the given time.</doc>
<msg timestamp="20231111 17:45:43.120" level="INFO">Slept 1 second</msg>
<status status="PASS" starttime="20231111 17:45:42.120" endtime="20231111 17:45:43.120"/>
</kw>
<kw name="Press Keys" library="SeleniumLibrary">
<arg>None</arg>
<arg>ARROW_DOWN</arg>
<doc>Simulates the user pressing key(s) to an element or on the active browser.</doc>
<msg timestamp="20231111 17:45:43.120" level="INFO">Sending key(s) ('ARROW_DOWN',) to page.</msg>
<msg timestamp="20231111 17:45:43.120" level="INFO">Pressing special key ARROW_DOWN to browser.</msg>
<msg timestamp="20231111 17:45:43.120" level="INFO">Releasing special key ARROW_DOWN.</msg>
<status status="PASS" starttime="20231111 17:45:43.120" endtime="20231111 17:45:43.424"/>
</kw>
<kw name="Press Keys" library="SeleniumLibrary">
<arg>None</arg>
<arg>ENTER</arg>
<doc>Simulates the user pressing key(s) to an element or on the active browser.</doc>
<msg timestamp="20231111 17:45:43.424" level="INFO">Sending key(s) ('ENTER',) to page.</msg>
<msg timestamp="20231111 17:45:43.424" level="INFO">Pressing special key ENTER to browser.</msg>
<msg timestamp="20231111 17:45:43.424" level="INFO">Releasing special key ENTER.</msg>
<status status="PASS" starttime="20231111 17:45:43.424" endtime="20231111 17:45:43.744"/>
</kw>
<status status="PASS" starttime="20231111 17:45:40.669" endtime="20231111 17:45:43.744"/>
</kw>
<kw name="Click Reset Penomoran" library="penomoran">
<kw name="Wait Until Element Is Visible" library="SeleniumLibrary">
<arg>css:span.el-switch__core</arg>
<doc>Waits until the element ``locator`` is visible.</doc>
<status status="PASS" starttime="20231111 17:45:43.744" endtime="20231111 17:45:44.358"/>
</kw>
<kw name="Click Element" library="SeleniumLibrary">
<arg>css:span.el-switch__core</arg>
<doc>Click the element identified by ``locator``.</doc>
<msg timestamp="20231111 17:45:44.358" level="INFO">Clicking element 'css:span.el-switch__core'.</msg>
<status status="PASS" starttime="20231111 17:45:44.358" endtime="20231111 17:45:45.172"/>
</kw>
<kw name="Sleep" library="BuiltIn">
<arg>0.5s</arg>
<doc>Pauses the test executed for the given time.</doc>
<msg timestamp="20231111 17:45:45.672" level="INFO">Slept 500 milliseconds</msg>
<status status="PASS" starttime="20231111 17:45:45.172" endtime="20231111 17:45:45.672"/>
</kw>
<status status="PASS" starttime="20231111 17:45:43.744" endtime="20231111 17:45:45.672"/>
</kw>
<kw name="Click Button Kategori Item" library="penomoran">
<kw name="Click Button" library="SeleniumLibrary">
<arg>id:addFieldJenisPengajuan</arg>
<doc>Clicks the button identified by ``locator``.</doc>
<msg timestamp="20231111 17:45:45.672" level="INFO">Clicking button 'id:addFieldJenisPengajuan'.</msg>
<status status="PASS" starttime="20231111 17:45:45.672" endtime="20231111 17:45:47.438"/>
</kw>
<kw name="Wait Until Element Is Visible" library="SeleniumLibrary">
<arg>name:unitKerja-0</arg>
<doc>Waits until the element ``locator`` is visible.</doc>
<status status="PASS" starttime="20231111 17:45:47.438" endtime="20231111 17:45:48.048"/>
</kw>
<status status="PASS" starttime="20231111 17:45:45.672" endtime="20231111 17:45:48.048"/>
</kw>
<kw name="Select Unit Kerja" library="penomoran">
<arg>test</arg>
<kw name="Click Element" library="SeleniumLibrary">
<arg>name:unitKerja-0</arg>
<doc>Click the element identified by ``locator``.</doc>
<msg timestamp="20231111 17:45:48.049" level="INFO">Clicking element 'name:unitKerja-0'.</msg>
<status status="PASS" starttime="20231111 17:45:48.048" endtime="20231111 17:45:48.875"/>
</kw>
<kw name="Press Keys" library="SeleniumLibrary">
<arg>None</arg>
<arg>${unit}</arg>
<doc>Simulates the user pressing key(s) to an element or on the active browser.</doc>
<msg timestamp="20231111 17:45:48.875" level="INFO">Sending key(s) ('test',) to page.</msg>
<msg timestamp="20231111 17:45:48.875" level="INFO">Sending keys test</msg>
<status status="PASS" starttime="20231111 17:45:48.875" endtime="20231111 17:45:49.208"/>
</kw>
<kw name="Press Keys" library="SeleniumLibrary">
<arg>None</arg>
<arg>ENTER</arg>
<doc>Simulates the user pressing key(s) to an element or on the active browser.</doc>
<msg timestamp="20231111 17:45:49.208" level="INFO">Sending key(s) ('ENTER',) to page.</msg>
<msg timestamp="20231111 17:45:49.208" level="INFO">Pressing special key ENTER to browser.</msg>
<msg timestamp="20231111 17:45:49.208" level="INFO">Releasing special key ENTER.</msg>
<status status="PASS" starttime="20231111 17:45:49.208" endtime="20231111 17:45:49.524"/>
</kw>
<status status="PASS" starttime="20231111 17:45:48.048" endtime="20231111 17:45:49.524"/>
</kw>
<kw name="Input Sub Nomor Terakhir" library="penomoran">
<arg>1</arg>
<kw name="Clear Element Text" library="SeleniumLibrary">
<arg>name:noterakhir-0</arg>
<doc>Clears the value of the text-input-element identified by ``locator``.</doc>
<status status="PASS" starttime="20231111 17:45:49.524" endtime="20231111 17:45:50.136"/>
</kw>
<kw name="Input Text" library="SeleniumLibrary">
<arg>name:noterakhir-0</arg>
<arg>${nomorTerakhir}</arg>
<doc>Types the given ``text`` into the text field identified by ``locator``.</doc>
<msg timestamp="20231111 17:45:50.136" level="INFO">Typing text '1' into text field 'name:noterakhir-0'.</msg>
<status status="PASS" starttime="20231111 17:45:50.136" endtime="20231111 17:45:51.052"/>
</kw>
<status status="PASS" starttime="20231111 17:45:49.524" endtime="20231111 17:45:51.052"/>
</kw>
<kw name="Capture Page Screenshot" library="SeleniumLibrary">
<doc>Takes a screenshot of the current page and embeds it into a log file.</doc>
<msg timestamp="20231111 17:45:51.398" level="INFO" html="true">&lt;/td&gt;&lt;/tr&gt;&lt;tr&gt;&lt;td colspan="3"&gt;&lt;a href="selenium-screenshot-1.png"&gt;&lt;img src="selenium-screenshot-1.png" width="800px"&gt;&lt;/a&gt;</msg>
<status status="PASS" starttime="20231111 17:45:51.052" endtime="20231111 17:45:51.398"/>
</kw>
<kw name="Click Button Simpan" library="penomoran">
<kw name="Click Button" library="SeleniumLibrary">
<arg>default:Simpan</arg>
<doc>Clicks the button identified by ``locator``.</doc>
<msg timestamp="20231111 17:45:51.399" level="INFO">Clicking button 'default:Simpan'.</msg>
<status status="PASS" starttime="20231111 17:45:51.398" endtime="20231111 17:45:52.824"/>
</kw>
<kw name="Wait Until Element Is Visible" library="SeleniumLibrary">
<arg>class:Vue-Toastification__toast-body</arg>
<doc>Waits until the element ``locator`` is visible.</doc>
<status status="PASS" starttime="20231111 17:45:52.824" endtime="20231111 17:45:53.439"/>
</kw>
<status status="PASS" starttime="20231111 17:45:51.398" endtime="20231111 17:45:53.439"/>
</kw>
<kw name="Sleep" library="BuiltIn">
<arg>2s</arg>
<doc>Pauses the test executed for the given time.</doc>
<msg timestamp="20231111 17:45:55.440" level="INFO">Slept 2 seconds</msg>
<status status="PASS" starttime="20231111 17:45:53.439" endtime="20231111 17:45:55.440"/>
</kw>
<kw name="Capture Page Screenshot" library="SeleniumLibrary">
<doc>Takes a screenshot of the current page and embeds it into a log file.</doc>
<msg timestamp="20231111 17:45:55.804" level="INFO" html="true">&lt;/td&gt;&lt;/tr&gt;&lt;tr&gt;&lt;td colspan="3"&gt;&lt;a href="selenium-screenshot-2.png"&gt;&lt;img src="selenium-screenshot-2.png" width="800px"&gt;&lt;/a&gt;</msg>
<status status="PASS" starttime="20231111 17:45:55.440" endtime="20231111 17:45:55.804"/>
</kw>
<kw name="Close Browser" library="SeleniumLibrary" type="TEARDOWN">
<doc>Closes the current browser.</doc>
<status status="PASS" starttime="20231111 17:45:55.804" endtime="20231111 17:45:59.255"/>
</kw>
<doc>SC02 - Create New Data Penomoran</doc>
<tag>TC01 - Create Data Penomoran</tag>
<status status="PASS" starttime="20231111 17:45:16.857" endtime="20231111 17:45:59.255"/>
</test>
<doc>SC02 - Create New Data Penomoran</doc>
<status status="PASS" starttime="20231111 17:45:16.704" endtime="20231111 17:45:59.255"/>
</suite>
<statistics>
<total>
<stat pass="1" fail="0" skip="0">All Tests</stat>
</total>
<tag>
<stat pass="1" fail="0" skip="0">TC01 - Create Data Penomoran</stat>
</tag>
<suite>
<stat pass="1" fail="0" skip="0" id="s1" name="SC02 - Create New Data Penomoran">SC02 - Create New Data Penomoran</stat>
</suite>
</statistics>
<errors>
</errors>
</robot>
