<?xml version="1.0" encoding="UTF-8"?>
<robot generator="Robot 6.1.1 (Python 3.12.0 on win32)" generated="20231104 08:53:11.620" rpa="false" schemaversion="4">
<suite id="s1" name="Sc01 - View Data Proses Permohonan" source="e:\#Freelance\Sicantik\r04 - proses permohonan\sc01 - view data proses permohonan\sc01 - view data proses permohonan.robot">
<test id="s1-t1" name="TC01 - View Data Proses Permohonan" line="12">
<kw name="Open Browser To Login Page" library="login">
<kw name="Set Selenium Speed" library="SeleniumLibrary">
<arg>0.5s</arg>
<doc>Sets the delay that is waited after each Selenium command.</doc>
<status status="PASS" starttime="20231104 08:53:12.169" endtime="20231104 08:53:12.169"/>
</kw>
<kw name="Open Browser" library="SeleniumLibrary">
<arg>${LOGIN URL}</arg>
<arg>${BROWSER}</arg>
<doc>Opens a new browser instance to the optional ``url``.</doc>
<msg timestamp="20231104 08:53:12.169" level="INFO">Opening browser 'Chrome' to base url 'https://uji.sicantik.go.id/sign-in'.</msg>
<status status="PASS" starttime="20231104 08:53:12.169" endtime="20231104 08:53:23.414"/>
</kw>
<kw name="Maximize Browser Window" library="SeleniumLibrary">
<doc>Maximizes current browser window.</doc>
<status status="PASS" starttime="20231104 08:53:23.414" endtime="20231104 08:53:24.034"/>
</kw>
<kw name="Title Should Be" library="SeleniumLibrary">
<arg>SICANTIK</arg>
<doc>Verifies that the current page title equals ``title``.</doc>
<msg timestamp="20231104 08:53:24.540" level="INFO">Page title is 'SICANTIK'.</msg>
<status status="PASS" starttime="20231104 08:53:24.034" endtime="20231104 08:53:24.540"/>
</kw>
<status status="PASS" starttime="20231104 08:53:12.161" endtime="20231104 08:53:24.540"/>
</kw>
<kw name="Input Username" library="login">
<arg>admegov</arg>
<kw name="Input Text" library="SeleniumLibrary">
<arg>username</arg>
<arg>${username}</arg>
<doc>Types the given ``text`` into the text field identified by ``locator``.</doc>
<msg timestamp="20231104 08:53:24.546" level="INFO">Typing text 'admegov' into text field 'username'.</msg>
<status status="PASS" starttime="20231104 08:53:24.540" endtime="20231104 08:53:26.116"/>
</kw>
<status status="PASS" starttime="20231104 08:53:24.540" endtime="20231104 08:53:26.116"/>
</kw>
<kw name="Input Password" library="login">
<arg>Admegov789*@#</arg>
<kw name="Input Text" library="SeleniumLibrary">
<arg>password</arg>
<arg>${password}</arg>
<doc>Types the given ``text`` into the text field identified by ``locator``.</doc>
<msg timestamp="20231104 08:53:26.120" level="INFO">Typing text 'Admegov789*@#' into text field 'password'.</msg>
<status status="PASS" starttime="20231104 08:53:26.120" endtime="20231104 08:53:27.683"/>
</kw>
<status status="PASS" starttime="20231104 08:53:26.116" endtime="20231104 08:53:27.683"/>
</kw>
<kw name="Submit Credentials" library="login">
<kw name="Click Button" library="SeleniumLibrary">
<arg>kt_sign_in_submit</arg>
<doc>Clicks the button identified by ``locator``.</doc>
<msg timestamp="20231104 08:53:27.683" level="INFO">Clicking button 'kt_sign_in_submit'.</msg>
<status status="PASS" starttime="20231104 08:53:27.683" endtime="20231104 08:53:29.732"/>
</kw>
<kw name="Sleep" library="BuiltIn">
<arg>5s</arg>
<doc>Pauses the test executed for the given time.</doc>
<msg timestamp="20231104 08:53:34.734" level="INFO">Slept 5 seconds</msg>
<status status="PASS" starttime="20231104 08:53:29.732" endtime="20231104 08:53:34.734"/>
</kw>
<kw name="Wait Until Element Is Visible" library="SeleniumLibrary">
<arg>xpath://*[@id="#kt_header_menu"]/div[1]/a/span[2]</arg>
<doc>Waits until the element ``locator`` is visible.</doc>
<status status="PASS" starttime="20231104 08:53:34.736" endtime="20231104 08:53:35.761"/>
</kw>
<status status="PASS" starttime="20231104 08:53:27.683" endtime="20231104 08:53:35.762"/>
</kw>
<kw name="Move to Proses Permohonan" library="proses_permohonan">
<kw name="Click Element" library="SeleniumLibrary">
<arg>xpath://*[@id="#kt_header_menu"]/div[7]/span/span[2]</arg>
<doc>Click the element identified by ``locator``.</doc>
<msg timestamp="20231104 08:53:35.766" level="INFO">Clicking element 'xpath://*[@id="#kt_header_menu"]/div[7]/span/span[2]'.</msg>
<status status="PASS" starttime="20231104 08:53:35.764" endtime="20231104 08:53:36.806"/>
</kw>
<kw name="Click Link" library="SeleniumLibrary">
<arg>link:Proses Permohonan</arg>
<doc>Clicks a link identified by ``locator``.</doc>
<msg timestamp="20231104 08:53:36.806" level="INFO">Clicking link 'link:Proses Permohonan'.</msg>
<status status="PASS" starttime="20231104 08:53:36.806" endtime="20231104 08:53:38.417"/>
</kw>
<kw name="Wait Until Element Contains" library="SeleniumLibrary">
<arg>tag:h5</arg>
<arg>Proses Pengajuan</arg>
<arg>None</arg>
<arg>None</arg>
<doc>Waits until the element ``locator`` contains ``text``.</doc>
<status status="PASS" starttime="20231104 08:53:38.418" endtime="20231104 08:53:39.440"/>
</kw>
<status status="PASS" starttime="20231104 08:53:35.763" endtime="20231104 08:53:39.440"/>
</kw>
<kw name="Sleep" library="BuiltIn">
<arg>2s</arg>
<doc>Pauses the test executed for the given time.</doc>
<msg timestamp="20231104 08:53:41.443" level="INFO">Slept 2 seconds</msg>
<status status="PASS" starttime="20231104 08:53:39.441" endtime="20231104 08:53:41.443"/>
</kw>
<kw name="Capture Page Screenshot" library="SeleniumLibrary">
<doc>Takes a screenshot of the current page and embeds it into a log file.</doc>
<msg timestamp="20231104 08:53:42.089" level="INFO" html="true">&lt;/td&gt;&lt;/tr&gt;&lt;tr&gt;&lt;td colspan="3"&gt;&lt;a href="selenium-screenshot-1.png"&gt;&lt;img src="selenium-screenshot-1.png" width="800px"&gt;&lt;/a&gt;</msg>
<status status="PASS" starttime="20231104 08:53:41.444" endtime="20231104 08:53:42.089"/>
</kw>
<kw name="Close Browser" library="SeleniumLibrary" type="TEARDOWN">
<doc>Closes the current browser.</doc>
<status status="PASS" starttime="20231104 08:53:42.090" endtime="20231104 08:53:44.646"/>
</kw>
<doc>SC01 - View Data Proses Permohonan</doc>
<tag>TC01 - View Data Proses Permohonan</tag>
<status status="PASS" starttime="20231104 08:53:12.161" endtime="20231104 08:53:44.646"/>
</test>
<doc>SC01 - View Data Proses Permohonan.</doc>
<status status="PASS" starttime="20231104 08:53:11.621" endtime="20231104 08:53:44.646"/>
</suite>
<statistics>
<total>
<stat pass="1" fail="0" skip="0">All Tests</stat>
</total>
<tag>
<stat pass="1" fail="0" skip="0">TC01 - View Data Proses Permohonan</stat>
</tag>
<suite>
<stat pass="1" fail="0" skip="0" id="s1" name="Sc01 - View Data Proses Permohonan">Sc01 - View Data Proses Permohonan</stat>
</suite>
</statistics>
<errors>
</errors>
</robot>
