<?xml version="1.0" encoding="UTF-8"?>
<robot generator="Robot 6.0.2 (Python 3.11.2 on win32)" generated="20231109 09:52:05.061" rpa="false" schemaversion="3">
<suite id="s1" name="SC02 - Create New Data Service Eksternal" source="D:\#RIANCAHYADI\Projects\Freedom\Sicantik\tests\R10 - Web Service Eksternal\SC02 - Create New Data Service Eksternal\SC02 - Create New Data Service Eksternal.robot">
<test id="s1-t1" name="TC01 - Create New Data Service Eksternal (Tipe Otentifikasi : Basic Authentication)" line="12">
<kw name="Open Browser To Login Page" library="login">
<kw name="Set Selenium Speed" library="SeleniumLibrary">
<arg>0.3s</arg>
<doc>Sets the delay that is waited after each Selenium command.</doc>
<status status="PASS" starttime="20231109 09:52:05.227" endtime="20231109 09:52:05.227"/>
</kw>
<kw name="Open Browser" library="SeleniumLibrary">
<arg>${LOGIN URL}</arg>
<arg>${BROWSER}</arg>
<arg>options=add_argument("--incognito")</arg>
<doc>Opens a new browser instance to the optional ``url``.</doc>
<msg timestamp="20231109 09:52:05.227" level="INFO">Opening browser 'Firefox' to base url 'https://uji.sicantik.go.id/sign-in'.</msg>
<msg timestamp="20231109 09:52:05.230" level="INFO">Firefox driver log is always forced to to: D:\#RIANCAHYADI\Projects\Freedom\Sicantik\tests\R10 - Web Service Eksternal\SC02 - Create New Data Service Eksternal\geckodriver-1.log</msg>
<status status="PASS" starttime="20231109 09:52:05.227" endtime="20231109 09:52:13.065"/>
</kw>
<kw name="Maximize Browser Window" library="SeleniumLibrary">
<doc>Maximizes current browser window.</doc>
<status status="PASS" starttime="20231109 09:52:13.065" endtime="20231109 09:52:13.626"/>
</kw>
<kw name="Title Should Be" library="SeleniumLibrary">
<arg>SICANTIK</arg>
<doc>Verifies that the current page title equals ``title``.</doc>
<msg timestamp="20231109 09:52:13.929" level="INFO">Page title is 'SICANTIK'.</msg>
<status status="PASS" starttime="20231109 09:52:13.626" endtime="20231109 09:52:13.929"/>
</kw>
<status status="PASS" starttime="20231109 09:52:05.226" endtime="20231109 09:52:13.929"/>
</kw>
<kw name="Input Username" library="login">
<arg>admegov</arg>
<kw name="Input Text" library="SeleniumLibrary">
<arg>username</arg>
<arg>${username}</arg>
<doc>Types the given ``text`` into the text field identified by ``locator``.</doc>
<msg timestamp="20231109 09:52:13.930" level="INFO">Typing text 'admegov' into text field 'username'.</msg>
<status status="PASS" starttime="20231109 09:52:13.930" endtime="20231109 09:52:14.885"/>
</kw>
<status status="PASS" starttime="20231109 09:52:13.929" endtime="20231109 09:52:14.885"/>
</kw>
<kw name="Input Password" library="login">
<arg>Admegov789*@#</arg>
<kw name="Input Text" library="SeleniumLibrary">
<arg>password</arg>
<arg>${password}</arg>
<doc>Types the given ``text`` into the text field identified by ``locator``.</doc>
<msg timestamp="20231109 09:52:14.886" level="INFO">Typing text 'Admegov789*@#' into text field 'password'.</msg>
<status status="PASS" starttime="20231109 09:52:14.886" endtime="20231109 09:52:15.810"/>
</kw>
<status status="PASS" starttime="20231109 09:52:14.885" endtime="20231109 09:52:15.810"/>
</kw>
<kw name="Submit Credentials" library="login">
<kw name="Click Button" library="SeleniumLibrary">
<arg>kt_sign_in_submit</arg>
<doc>Clicks the button identified by ``locator``.</doc>
<msg timestamp="20231109 09:52:15.811" level="INFO">Clicking button 'kt_sign_in_submit'.</msg>
<status status="PASS" starttime="20231109 09:52:15.810" endtime="20231109 09:52:17.238"/>
</kw>
<kw name="Sleep" library="BuiltIn">
<arg>5s</arg>
<doc>Pauses the test executed for the given time.</doc>
<msg timestamp="20231109 09:52:22.239" level="INFO">Slept 5 seconds</msg>
<status status="PASS" starttime="20231109 09:52:17.238" endtime="20231109 09:52:22.239"/>
</kw>
<status status="PASS" starttime="20231109 09:52:15.810" endtime="20231109 09:52:22.239"/>
</kw>
<kw name="Move To Web Service Eksternal" library="web_service_eksternal">
<kw name="Go To" library="SeleniumLibrary">
<arg>https://uji.sicantik.go.id/service-eksternal</arg>
<doc>Navigates the current browser window to the provided ``url``.</doc>
<msg timestamp="20231109 09:52:22.239" level="INFO">Opening url 'https://uji.sicantik.go.id/service-eksternal'</msg>
<status status="PASS" starttime="20231109 09:52:22.239" endtime="20231109 09:52:22.899"/>
</kw>
<kw name="Element Should Contain" library="SeleniumLibrary">
<arg>xpath://*[@id="kt_content_container"]/div/div/div[1]/h5</arg>
<arg>Daftar Service Eksternal</arg>
<doc>Verifies that element ``locator`` contains text ``expected``.</doc>
<msg timestamp="20231109 09:52:23.519" level="INFO">Element 'xpath://*[@id="kt_content_container"]/div/div/div[1]/h5' contains text 'Daftar Service Eksternal'.</msg>
<status status="PASS" starttime="20231109 09:52:22.899" endtime="20231109 09:52:23.519"/>
</kw>
<status status="PASS" starttime="20231109 09:52:22.239" endtime="20231109 09:52:23.519"/>
</kw>
<kw name="Move To Web Service Eksternal Add" library="web_service_eksternal">
<kw name="Go To" library="SeleniumLibrary">
<arg>https://uji.sicantik.go.id/service-eksternal/add</arg>
<doc>Navigates the current browser window to the provided ``url``.</doc>
<msg timestamp="20231109 09:52:23.520" level="INFO">Opening url 'https://uji.sicantik.go.id/service-eksternal/add'</msg>
<status status="PASS" starttime="20231109 09:52:23.520" endtime="20231109 09:52:24.222"/>
</kw>
<kw name="Wait Until Element Contains" library="SeleniumLibrary">
<arg>xpath://*[@id="kt_profile_details_view"]/div/div[1]/div/div/div/div[1]/span</arg>
<arg>Web Service Eksternal</arg>
<doc>Waits until the element ``locator`` contains ``text``.</doc>
<status status="PASS" starttime="20231109 09:52:24.222" endtime="20231109 09:52:24.830"/>
</kw>
<status status="PASS" starttime="20231109 09:52:23.520" endtime="20231109 09:52:24.830"/>
</kw>
<kw name="Input Nama" library="web_service_eksternal">
<arg>Basic Authentication</arg>
<kw name="Input Text" library="SeleniumLibrary">
<arg>name:namawebservice</arg>
<arg>${nama}</arg>
<doc>Types the given ``text`` into the text field identified by ``locator``.</doc>
<msg timestamp="20231109 09:52:24.831" level="INFO">Typing text 'Basic Authentication' into text field 'name:namawebservice'.</msg>
<status status="PASS" starttime="20231109 09:52:24.830" endtime="20231109 09:52:25.775"/>
</kw>
<status status="PASS" starttime="20231109 09:52:24.830" endtime="20231109 09:52:25.775"/>
</kw>
<kw name="Select Tipe Web Service" library="web_service_eksternal">
<arg>External</arg>
<kw name="Click Element" library="SeleniumLibrary">
<arg>name:tipeService</arg>
<doc>Click the element identified by ``locator``.</doc>
<msg timestamp="20231109 09:52:25.776" level="INFO">Clicking element 'name:tipeService'.</msg>
<status status="PASS" starttime="20231109 09:52:25.775" endtime="20231109 09:52:26.601"/>
</kw>
<kw name="Press Keys" library="SeleniumLibrary">
<arg>None</arg>
<arg>${tipeWebService}</arg>
<doc>Simulates the user pressing key(s) to an element or on the active browser.</doc>
<msg timestamp="20231109 09:52:26.602" level="INFO">Sending key(s) ('External',) to page.</msg>
<msg timestamp="20231109 09:52:26.602" level="INFO">Sending keys External</msg>
<status status="PASS" starttime="20231109 09:52:26.601" endtime="20231109 09:52:26.939"/>
</kw>
<kw name="Sleep" library="BuiltIn">
<arg>0.5s</arg>
<doc>Pauses the test executed for the given time.</doc>
<msg timestamp="20231109 09:52:27.439" level="INFO">Slept 500 milliseconds</msg>
<status status="PASS" starttime="20231109 09:52:26.939" endtime="20231109 09:52:27.439"/>
</kw>
<kw name="Press Keys" library="SeleniumLibrary">
<arg>None</arg>
<arg>ARROW_DOWN</arg>
<doc>Simulates the user pressing key(s) to an element or on the active browser.</doc>
<msg timestamp="20231109 09:52:27.439" level="INFO">Sending key(s) ('ARROW_DOWN',) to page.</msg>
<msg timestamp="20231109 09:52:27.439" level="INFO">Pressing special key ARROW_DOWN to browser.</msg>
<msg timestamp="20231109 09:52:27.439" level="INFO">Releasing special key ARROW_DOWN.</msg>
<status status="PASS" starttime="20231109 09:52:27.439" endtime="20231109 09:52:27.744"/>
</kw>
<kw name="Press Keys" library="SeleniumLibrary">
<arg>None</arg>
<arg>ENTER</arg>
<doc>Simulates the user pressing key(s) to an element or on the active browser.</doc>
<msg timestamp="20231109 09:52:27.744" level="INFO">Sending key(s) ('ENTER',) to page.</msg>
<msg timestamp="20231109 09:52:27.744" level="INFO">Pressing special key ENTER to browser.</msg>
<msg timestamp="20231109 09:52:27.744" level="INFO">Releasing special key ENTER.</msg>
<status status="PASS" starttime="20231109 09:52:27.744" endtime="20231109 09:52:28.067"/>
</kw>
<status status="PASS" starttime="20231109 09:52:25.775" endtime="20231109 09:52:28.067"/>
</kw>
<kw name="Select Tipe Otentikasi" library="web_service_eksternal">
<arg>Basic</arg>
<kw name="Wait Until Element Is Visible" library="SeleniumLibrary">
<arg>name:otentikasi</arg>
<doc>Waits until the element ``locator`` is visible.</doc>
<status status="PASS" starttime="20231109 09:52:28.067" endtime="20231109 09:52:28.683"/>
</kw>
<kw name="Click Element" library="SeleniumLibrary">
<arg>name:otentikasi</arg>
<doc>Click the element identified by ``locator``.</doc>
<msg timestamp="20231109 09:52:28.683" level="INFO">Clicking element 'name:otentikasi'.</msg>
<status status="PASS" starttime="20231109 09:52:28.683" endtime="20231109 09:52:29.506"/>
</kw>
<kw name="Press Keys" library="SeleniumLibrary">
<arg>None</arg>
<arg>${otentifikasi}</arg>
<doc>Simulates the user pressing key(s) to an element or on the active browser.</doc>
<msg timestamp="20231109 09:52:29.506" level="INFO">Sending key(s) ('Basic',) to page.</msg>
<msg timestamp="20231109 09:52:29.506" level="INFO">Sending keys Basic</msg>
<status status="PASS" starttime="20231109 09:52:29.506" endtime="20231109 09:52:29.833"/>
</kw>
<kw name="Sleep" library="BuiltIn">
<arg>0.5s</arg>
<doc>Pauses the test executed for the given time.</doc>
<msg timestamp="20231109 09:52:30.334" level="INFO">Slept 500 milliseconds</msg>
<status status="PASS" starttime="20231109 09:52:29.833" endtime="20231109 09:52:30.334"/>
</kw>
<kw name="Press Keys" library="SeleniumLibrary">
<arg>None</arg>
<arg>ARROW_DOWN</arg>
<doc>Simulates the user pressing key(s) to an element or on the active browser.</doc>
<msg timestamp="20231109 09:52:30.334" level="INFO">Sending key(s) ('ARROW_DOWN',) to page.</msg>
<msg timestamp="20231109 09:52:30.335" level="INFO">Pressing special key ARROW_DOWN to browser.</msg>
<msg timestamp="20231109 09:52:30.335" level="INFO">Releasing special key ARROW_DOWN.</msg>
<status status="PASS" starttime="20231109 09:52:30.334" endtime="20231109 09:52:30.639"/>
</kw>
<kw name="Press Keys" library="SeleniumLibrary">
<arg>None</arg>
<arg>ENTER</arg>
<doc>Simulates the user pressing key(s) to an element or on the active browser.</doc>
<msg timestamp="20231109 09:52:30.639" level="INFO">Sending key(s) ('ENTER',) to page.</msg>
<msg timestamp="20231109 09:52:30.639" level="INFO">Pressing special key ENTER to browser.</msg>
<msg timestamp="20231109 09:52:30.639" level="INFO">Releasing special key ENTER.</msg>
<status status="PASS" starttime="20231109 09:52:30.639" endtime="20231109 09:52:30.970"/>
</kw>
<status status="PASS" starttime="20231109 09:52:28.067" endtime="20231109 09:52:30.970"/>
</kw>
<kw name="Input Base Url" library="web_service_eksternal">
<arg>www.webserviceeksternal.com</arg>
<kw name="Input Text" library="SeleniumLibrary">
<arg>name:baseUrl</arg>
<arg>${baseUrl}</arg>
<doc>Types the given ``text`` into the text field identified by ``locator``.</doc>
<msg timestamp="20231109 09:52:30.971" level="INFO">Typing text 'www.webserviceeksternal.com' into text field 'name:baseUrl'.</msg>
<status status="PASS" starttime="20231109 09:52:30.971" endtime="20231109 09:52:31.907"/>
</kw>
<status status="PASS" starttime="20231109 09:52:30.970" endtime="20231109 09:52:31.907"/>
</kw>
<kw name="Input Username" library="web_service_eksternal">
<arg>rian</arg>
<kw name="Input Text" library="SeleniumLibrary">
<arg>name:username</arg>
<arg>${username}</arg>
<doc>Types the given ``text`` into the text field identified by ``locator``.</doc>
<msg timestamp="20231109 09:52:31.908" level="INFO">Typing text 'rian' into text field 'name:username'.</msg>
<status status="PASS" starttime="20231109 09:52:31.907" endtime="20231109 09:52:32.833"/>
</kw>
<status status="PASS" starttime="20231109 09:52:31.907" endtime="20231109 09:52:32.833"/>
</kw>
<kw name="Input Password" library="web_service_eksternal">
<arg>P@55word</arg>
<kw name="Input Text" library="SeleniumLibrary">
<arg>name:password</arg>
<arg>${password}</arg>
<doc>Types the given ``text`` into the text field identified by ``locator``.</doc>
<msg timestamp="20231109 09:52:32.834" level="INFO">Typing text 'P@55word' into text field 'name:password'.</msg>
<status status="PASS" starttime="20231109 09:52:32.834" endtime="20231109 09:52:33.757"/>
</kw>
<status status="PASS" starttime="20231109 09:52:32.833" endtime="20231109 09:52:33.757"/>
</kw>
<kw name="Input Deskripsi" library="web_service_eksternal">
<arg>Lorem</arg>
<kw name="Input Text" library="SeleniumLibrary">
<arg>name:deskripsi</arg>
<arg>${deskripsi}</arg>
<doc>Types the given ``text`` into the text field identified by ``locator``.</doc>
<msg timestamp="20231109 09:52:33.758" level="INFO">Typing text 'Lorem' into text field 'name:deskripsi'.</msg>
<status status="PASS" starttime="20231109 09:52:33.757" endtime="20231109 09:52:34.677"/>
</kw>
<status status="PASS" starttime="20231109 09:52:33.757" endtime="20231109 09:52:34.677"/>
</kw>
<kw name="Click Button Simpan" library="web_service_eksternal">
<kw name="Click Button" library="SeleniumLibrary">
<arg>default:Simpan</arg>
<doc>Clicks the button identified by ``locator``.</doc>
<msg timestamp="20231109 09:52:34.678" level="INFO">Clicking button 'default:Simpan'.</msg>
<status status="PASS" starttime="20231109 09:52:34.677" endtime="20231109 09:52:36.101"/>
</kw>
<kw name="Wait Until Element Is Visible" library="SeleniumLibrary">
<arg>class:Vue-Toastification__toast-body</arg>
<doc>Waits until the element ``locator`` is visible.</doc>
<status status="PASS" starttime="20231109 09:52:36.101" endtime="20231109 09:52:36.713"/>
</kw>
<kw name="Element Should Contain" library="SeleniumLibrary">
<arg>class:Vue-Toastification__toast-body</arg>
<arg>Service eksternal berhasil disimpan.</arg>
<doc>Verifies that element ``locator`` contains text ``expected``.</doc>
<msg timestamp="20231109 09:52:37.322" level="INFO">Element 'class:Vue-Toastification__toast-body' contains text 'Service eksternal berhasil disimpan.'.</msg>
<status status="PASS" starttime="20231109 09:52:36.713" endtime="20231109 09:52:37.322"/>
</kw>
<status status="PASS" starttime="20231109 09:52:34.677" endtime="20231109 09:52:37.322"/>
</kw>
<kw name="Sleep" library="BuiltIn">
<arg>1s</arg>
<doc>Pauses the test executed for the given time.</doc>
<msg timestamp="20231109 09:52:38.322" level="INFO">Slept 1 second</msg>
<status status="PASS" starttime="20231109 09:52:37.322" endtime="20231109 09:52:38.322"/>
</kw>
<kw name="Capture Page Screenshot" library="SeleniumLibrary">
<doc>Takes a screenshot of the current page and embeds it into a log file.</doc>
<msg timestamp="20231109 09:52:38.678" level="INFO" html="true">&lt;/td&gt;&lt;/tr&gt;&lt;tr&gt;&lt;td colspan="3"&gt;&lt;a href="selenium-screenshot-1.png"&gt;&lt;img src="selenium-screenshot-1.png" width="800px"&gt;&lt;/a&gt;</msg>
<status status="PASS" starttime="20231109 09:52:38.322" endtime="20231109 09:52:38.678"/>
</kw>
<kw name="Close Browser" library="SeleniumLibrary" type="TEARDOWN">
<doc>Closes the current browser.</doc>
<status status="PASS" starttime="20231109 09:52:38.678" endtime="20231109 09:52:41.758"/>
</kw>
<doc>SC02 - Create New Data Service Eksternal</doc>
<tag>TC01 - Create New Data Service Eksternal (Tipe Otentifikasi : Basic Authentication)</tag>
<status status="PASS" starttime="20231109 09:52:05.226" endtime="20231109 09:52:41.758"/>
</test>
<test id="s1-t2" name="TC02 - Create New Data Service Eksternal (Tipe Otentifikasi : Bearer Token)" line="33">
<kw name="Open Browser To Login Page" library="login">
<kw name="Set Selenium Speed" library="SeleniumLibrary">
<arg>0.3s</arg>
<doc>Sets the delay that is waited after each Selenium command.</doc>
<status status="PASS" starttime="20231109 09:52:41.760" endtime="20231109 09:52:41.760"/>
</kw>
<kw name="Open Browser" library="SeleniumLibrary">
<arg>${LOGIN URL}</arg>
<arg>${BROWSER}</arg>
<arg>options=add_argument("--incognito")</arg>
<doc>Opens a new browser instance to the optional ``url``.</doc>
<msg timestamp="20231109 09:52:41.761" level="INFO">Opening browser 'Firefox' to base url 'https://uji.sicantik.go.id/sign-in'.</msg>
<msg timestamp="20231109 09:52:41.761" level="INFO">Firefox driver log is always forced to to: D:\#RIANCAHYADI\Projects\Freedom\Sicantik\tests\R10 - Web Service Eksternal\SC02 - Create New Data Service Eksternal\geckodriver-2.log</msg>
<status status="PASS" starttime="20231109 09:52:41.760" endtime="20231109 09:52:49.870"/>
</kw>
<kw name="Maximize Browser Window" library="SeleniumLibrary">
<doc>Maximizes current browser window.</doc>
<status status="PASS" starttime="20231109 09:52:49.870" endtime="20231109 09:52:50.430"/>
</kw>
<kw name="Title Should Be" library="SeleniumLibrary">
<arg>SICANTIK</arg>
<doc>Verifies that the current page title equals ``title``.</doc>
<msg timestamp="20231109 09:52:50.732" level="INFO">Page title is 'SICANTIK'.</msg>
<status status="PASS" starttime="20231109 09:52:50.430" endtime="20231109 09:52:50.732"/>
</kw>
<status status="PASS" starttime="20231109 09:52:41.760" endtime="20231109 09:52:50.732"/>
</kw>
<kw name="Input Username" library="login">
<arg>admegov</arg>
<kw name="Input Text" library="SeleniumLibrary">
<arg>username</arg>
<arg>${username}</arg>
<doc>Types the given ``text`` into the text field identified by ``locator``.</doc>
<msg timestamp="20231109 09:52:50.733" level="INFO">Typing text 'admegov' into text field 'username'.</msg>
<status status="PASS" starttime="20231109 09:52:50.732" endtime="20231109 09:52:51.685"/>
</kw>
<status status="PASS" starttime="20231109 09:52:50.732" endtime="20231109 09:52:51.685"/>
</kw>
<kw name="Input Password" library="login">
<arg>Admegov789*@#</arg>
<kw name="Input Text" library="SeleniumLibrary">
<arg>password</arg>
<arg>${password}</arg>
<doc>Types the given ``text`` into the text field identified by ``locator``.</doc>
<msg timestamp="20231109 09:52:51.686" level="INFO">Typing text 'Admegov789*@#' into text field 'password'.</msg>
<status status="PASS" starttime="20231109 09:52:51.685" endtime="20231109 09:52:52.605"/>
</kw>
<status status="PASS" starttime="20231109 09:52:51.685" endtime="20231109 09:52:52.605"/>
</kw>
<kw name="Submit Credentials" library="login">
<kw name="Click Button" library="SeleniumLibrary">
<arg>kt_sign_in_submit</arg>
<doc>Clicks the button identified by ``locator``.</doc>
<msg timestamp="20231109 09:52:52.606" level="INFO">Clicking button 'kt_sign_in_submit'.</msg>
<status status="PASS" starttime="20231109 09:52:52.605" endtime="20231109 09:52:54.028"/>
</kw>
<kw name="Sleep" library="BuiltIn">
<arg>5s</arg>
<doc>Pauses the test executed for the given time.</doc>
<msg timestamp="20231109 09:52:59.030" level="INFO">Slept 5 seconds</msg>
<status status="PASS" starttime="20231109 09:52:54.028" endtime="20231109 09:52:59.030"/>
</kw>
<status status="PASS" starttime="20231109 09:52:52.605" endtime="20231109 09:52:59.030"/>
</kw>
<kw name="Move To Web Service Eksternal" library="web_service_eksternal">
<kw name="Go To" library="SeleniumLibrary">
<arg>https://uji.sicantik.go.id/service-eksternal</arg>
<doc>Navigates the current browser window to the provided ``url``.</doc>
<msg timestamp="20231109 09:52:59.030" level="INFO">Opening url 'https://uji.sicantik.go.id/service-eksternal'</msg>
<status status="PASS" starttime="20231109 09:52:59.030" endtime="20231109 09:52:59.714"/>
</kw>
<kw name="Element Should Contain" library="SeleniumLibrary">
<arg>xpath://*[@id="kt_content_container"]/div/div/div[1]/h5</arg>
<arg>Daftar Service Eksternal</arg>
<doc>Verifies that element ``locator`` contains text ``expected``.</doc>
<msg timestamp="20231109 09:53:00.357" level="INFO">Element 'xpath://*[@id="kt_content_container"]/div/div/div[1]/h5' contains text 'Daftar Service Eksternal'.</msg>
<status status="PASS" starttime="20231109 09:52:59.714" endtime="20231109 09:53:00.357"/>
</kw>
<status status="PASS" starttime="20231109 09:52:59.030" endtime="20231109 09:53:00.357"/>
</kw>
<kw name="Move To Web Service Eksternal Add" library="web_service_eksternal">
<kw name="Go To" library="SeleniumLibrary">
<arg>https://uji.sicantik.go.id/service-eksternal/add</arg>
<doc>Navigates the current browser window to the provided ``url``.</doc>
<msg timestamp="20231109 09:53:00.358" level="INFO">Opening url 'https://uji.sicantik.go.id/service-eksternal/add'</msg>
<status status="PASS" starttime="20231109 09:53:00.357" endtime="20231109 09:53:01.038"/>
</kw>
<kw name="Wait Until Element Contains" library="SeleniumLibrary">
<arg>xpath://*[@id="kt_profile_details_view"]/div/div[1]/div/div/div/div[1]/span</arg>
<arg>Web Service Eksternal</arg>
<doc>Waits until the element ``locator`` contains ``text``.</doc>
<status status="PASS" starttime="20231109 09:53:01.038" endtime="20231109 09:53:01.647"/>
</kw>
<status status="PASS" starttime="20231109 09:53:00.357" endtime="20231109 09:53:01.647"/>
</kw>
<kw name="Input Nama" library="web_service_eksternal">
<arg>Bearer Token</arg>
<kw name="Input Text" library="SeleniumLibrary">
<arg>name:namawebservice</arg>
<arg>${nama}</arg>
<doc>Types the given ``text`` into the text field identified by ``locator``.</doc>
<msg timestamp="20231109 09:53:01.648" level="INFO">Typing text 'Bearer Token' into text field 'name:namawebservice'.</msg>
<status status="PASS" starttime="20231109 09:53:01.647" endtime="20231109 09:53:02.588"/>
</kw>
<status status="PASS" starttime="20231109 09:53:01.647" endtime="20231109 09:53:02.588"/>
</kw>
<kw name="Select Tipe Web Service" library="web_service_eksternal">
<arg>Validasi</arg>
<kw name="Click Element" library="SeleniumLibrary">
<arg>name:tipeService</arg>
<doc>Click the element identified by ``locator``.</doc>
<msg timestamp="20231109 09:53:02.589" level="INFO">Clicking element 'name:tipeService'.</msg>
<status status="PASS" starttime="20231109 09:53:02.588" endtime="20231109 09:53:03.409"/>
</kw>
<kw name="Press Keys" library="SeleniumLibrary">
<arg>None</arg>
<arg>${tipeWebService}</arg>
<doc>Simulates the user pressing key(s) to an element or on the active browser.</doc>
<msg timestamp="20231109 09:53:03.409" level="INFO">Sending key(s) ('Validasi',) to page.</msg>
<msg timestamp="20231109 09:53:03.410" level="INFO">Sending keys Validasi</msg>
<status status="PASS" starttime="20231109 09:53:03.409" endtime="20231109 09:53:03.741"/>
</kw>
<kw name="Sleep" library="BuiltIn">
<arg>0.5s</arg>
<doc>Pauses the test executed for the given time.</doc>
<msg timestamp="20231109 09:53:04.241" level="INFO">Slept 500 milliseconds</msg>
<status status="PASS" starttime="20231109 09:53:03.741" endtime="20231109 09:53:04.241"/>
</kw>
<kw name="Press Keys" library="SeleniumLibrary">
<arg>None</arg>
<arg>ARROW_DOWN</arg>
<doc>Simulates the user pressing key(s) to an element or on the active browser.</doc>
<msg timestamp="20231109 09:53:04.241" level="INFO">Sending key(s) ('ARROW_DOWN',) to page.</msg>
<msg timestamp="20231109 09:53:04.242" level="INFO">Pressing special key ARROW_DOWN to browser.</msg>
<msg timestamp="20231109 09:53:04.242" level="INFO">Releasing special key ARROW_DOWN.</msg>
<status status="PASS" starttime="20231109 09:53:04.241" endtime="20231109 09:53:04.553"/>
</kw>
<kw name="Press Keys" library="SeleniumLibrary">
<arg>None</arg>
<arg>ENTER</arg>
<doc>Simulates the user pressing key(s) to an element or on the active browser.</doc>
<msg timestamp="20231109 09:53:04.553" level="INFO">Sending key(s) ('ENTER',) to page.</msg>
<msg timestamp="20231109 09:53:04.554" level="INFO">Pressing special key ENTER to browser.</msg>
<msg timestamp="20231109 09:53:04.554" level="INFO">Releasing special key ENTER.</msg>
<status status="PASS" starttime="20231109 09:53:04.553" endtime="20231109 09:53:04.908"/>
</kw>
<status status="PASS" starttime="20231109 09:53:02.588" endtime="20231109 09:53:04.908"/>
</kw>
<kw name="Select Tipe Integrasi" library="web_service_eksternal">
<arg>SPLP</arg>
<kw name="Click Element" library="SeleniumLibrary">
<arg>name:tipe_integrasi</arg>
<doc>Click the element identified by ``locator``.</doc>
<msg timestamp="20231109 09:53:04.909" level="INFO">Clicking element 'name:tipe_integrasi'.</msg>
<status status="PASS" starttime="20231109 09:53:04.908" endtime="20231109 09:53:05.742"/>
</kw>
<kw name="Press Keys" library="SeleniumLibrary">
<arg>None</arg>
<arg>${tipeIntegrasi}</arg>
<doc>Simulates the user pressing key(s) to an element or on the active browser.</doc>
<msg timestamp="20231109 09:53:05.743" level="INFO">Sending key(s) ('SPLP',) to page.</msg>
<msg timestamp="20231109 09:53:05.743" level="INFO">Sending keys SPLP</msg>
<status status="PASS" starttime="20231109 09:53:05.742" endtime="20231109 09:53:06.063"/>
</kw>
<kw name="Sleep" library="BuiltIn">
<arg>0.5s</arg>
<doc>Pauses the test executed for the given time.</doc>
<msg timestamp="20231109 09:53:06.563" level="INFO">Slept 500 milliseconds</msg>
<status status="PASS" starttime="20231109 09:53:06.063" endtime="20231109 09:53:06.563"/>
</kw>
<kw name="Press Keys" library="SeleniumLibrary">
<arg>None</arg>
<arg>ARROW_DOWN</arg>
<doc>Simulates the user pressing key(s) to an element or on the active browser.</doc>
<msg timestamp="20231109 09:53:06.563" level="INFO">Sending key(s) ('ARROW_DOWN',) to page.</msg>
<msg timestamp="20231109 09:53:06.563" level="INFO">Pressing special key ARROW_DOWN to browser.</msg>
<msg timestamp="20231109 09:53:06.563" level="INFO">Releasing special key ARROW_DOWN.</msg>
<status status="PASS" starttime="20231109 09:53:06.563" endtime="20231109 09:53:06.869"/>
</kw>
<kw name="Press Keys" library="SeleniumLibrary">
<arg>None</arg>
<arg>ENTER</arg>
<doc>Simulates the user pressing key(s) to an element or on the active browser.</doc>
<msg timestamp="20231109 09:53:06.869" level="INFO">Sending key(s) ('ENTER',) to page.</msg>
<msg timestamp="20231109 09:53:06.869" level="INFO">Pressing special key ENTER to browser.</msg>
<msg timestamp="20231109 09:53:06.870" level="INFO">Releasing special key ENTER.</msg>
<status status="PASS" starttime="20231109 09:53:06.869" endtime="20231109 09:53:07.186"/>
</kw>
<status status="PASS" starttime="20231109 09:53:04.908" endtime="20231109 09:53:07.186"/>
</kw>
<kw name="Select Tipe Otentikasi" library="web_service_eksternal">
<arg>With Auth</arg>
<kw name="Wait Until Element Is Visible" library="SeleniumLibrary">
<arg>name:otentikasi</arg>
<doc>Waits until the element ``locator`` is visible.</doc>
<status status="PASS" starttime="20231109 09:53:07.187" endtime="20231109 09:53:07.799"/>
</kw>
<kw name="Click Element" library="SeleniumLibrary">
<arg>name:otentikasi</arg>
<doc>Click the element identified by ``locator``.</doc>
<msg timestamp="20231109 09:53:07.799" level="INFO">Clicking element 'name:otentikasi'.</msg>
<status status="PASS" starttime="20231109 09:53:07.799" endtime="20231109 09:53:08.619"/>
</kw>
<kw name="Press Keys" library="SeleniumLibrary">
<arg>None</arg>
<arg>${otentifikasi}</arg>
<doc>Simulates the user pressing key(s) to an element or on the active browser.</doc>
<msg timestamp="20231109 09:53:08.619" level="INFO">Sending key(s) ('With Auth',) to page.</msg>
<msg timestamp="20231109 09:53:08.620" level="INFO">Sending keys With Auth</msg>
<status status="PASS" starttime="20231109 09:53:08.619" endtime="20231109 09:53:08.953"/>
</kw>
<kw name="Sleep" library="BuiltIn">
<arg>0.5s</arg>
<doc>Pauses the test executed for the given time.</doc>
<msg timestamp="20231109 09:53:09.453" level="INFO">Slept 500 milliseconds</msg>
<status status="PASS" starttime="20231109 09:53:08.953" endtime="20231109 09:53:09.453"/>
</kw>
<kw name="Press Keys" library="SeleniumLibrary">
<arg>None</arg>
<arg>ARROW_DOWN</arg>
<doc>Simulates the user pressing key(s) to an element or on the active browser.</doc>
<msg timestamp="20231109 09:53:09.453" level="INFO">Sending key(s) ('ARROW_DOWN',) to page.</msg>
<msg timestamp="20231109 09:53:09.453" level="INFO">Pressing special key ARROW_DOWN to browser.</msg>
<msg timestamp="20231109 09:53:09.454" level="INFO">Releasing special key ARROW_DOWN.</msg>
<status status="PASS" starttime="20231109 09:53:09.453" endtime="20231109 09:53:09.759"/>
</kw>
<kw name="Press Keys" library="SeleniumLibrary">
<arg>None</arg>
<arg>ENTER</arg>
<doc>Simulates the user pressing key(s) to an element or on the active browser.</doc>
<msg timestamp="20231109 09:53:09.759" level="INFO">Sending key(s) ('ENTER',) to page.</msg>
<msg timestamp="20231109 09:53:09.759" level="INFO">Pressing special key ENTER to browser.</msg>
<msg timestamp="20231109 09:53:09.759" level="INFO">Releasing special key ENTER.</msg>
<status status="PASS" starttime="20231109 09:53:09.759" endtime="20231109 09:53:10.089"/>
</kw>
<status status="PASS" starttime="20231109 09:53:07.187" endtime="20231109 09:53:10.089"/>
</kw>
<kw name="Input Base Url" library="web_service_eksternal">
<arg>www.webserviceeksternal.com</arg>
<kw name="Input Text" library="SeleniumLibrary">
<arg>name:baseUrl</arg>
<arg>${baseUrl}</arg>
<doc>Types the given ``text`` into the text field identified by ``locator``.</doc>
<msg timestamp="20231109 09:53:10.090" level="INFO">Typing text 'www.webserviceeksternal.com' into text field 'name:baseUrl'.</msg>
<status status="PASS" starttime="20231109 09:53:10.089" endtime="20231109 09:53:11.025"/>
</kw>
<status status="PASS" starttime="20231109 09:53:10.089" endtime="20231109 09:53:11.025"/>
</kw>
<kw name="Input Username" library="web_service_eksternal">
<arg>rian</arg>
<kw name="Input Text" library="SeleniumLibrary">
<arg>name:username</arg>
<arg>${username}</arg>
<doc>Types the given ``text`` into the text field identified by ``locator``.</doc>
<msg timestamp="20231109 09:53:11.027" level="INFO">Typing text 'rian' into text field 'name:username'.</msg>
<status status="PASS" starttime="20231109 09:53:11.027" endtime="20231109 09:53:11.946"/>
</kw>
<status status="PASS" starttime="20231109 09:53:11.025" endtime="20231109 09:53:11.946"/>
</kw>
<kw name="Input Password" library="web_service_eksternal">
<arg>P@55word</arg>
<kw name="Input Text" library="SeleniumLibrary">
<arg>name:password</arg>
<arg>${password}</arg>
<doc>Types the given ``text`` into the text field identified by ``locator``.</doc>
<msg timestamp="20231109 09:53:11.947" level="INFO">Typing text 'P@55word' into text field 'name:password'.</msg>
<status status="PASS" starttime="20231109 09:53:11.946" endtime="20231109 09:53:12.867"/>
</kw>
<status status="PASS" starttime="20231109 09:53:11.946" endtime="20231109 09:53:12.867"/>
</kw>
<kw name="Input Deskripsi" library="web_service_eksternal">
<arg>Lorem</arg>
<kw name="Input Text" library="SeleniumLibrary">
<arg>name:deskripsi</arg>
<arg>${deskripsi}</arg>
<doc>Types the given ``text`` into the text field identified by ``locator``.</doc>
<msg timestamp="20231109 09:53:12.868" level="INFO">Typing text 'Lorem' into text field 'name:deskripsi'.</msg>
<status status="PASS" starttime="20231109 09:53:12.867" endtime="20231109 09:53:13.797"/>
</kw>
<status status="PASS" starttime="20231109 09:53:12.867" endtime="20231109 09:53:13.797"/>
</kw>
<kw name="Click Button Simpan" library="web_service_eksternal">
<kw name="Click Button" library="SeleniumLibrary">
<arg>default:Simpan</arg>
<doc>Clicks the button identified by ``locator``.</doc>
<msg timestamp="20231109 09:53:13.798" level="INFO">Clicking button 'default:Simpan'.</msg>
<status status="PASS" starttime="20231109 09:53:13.797" endtime="20231109 09:53:15.238"/>
</kw>
<kw name="Wait Until Element Is Visible" library="SeleniumLibrary">
<arg>class:Vue-Toastification__toast-body</arg>
<doc>Waits until the element ``locator`` is visible.</doc>
<status status="PASS" starttime="20231109 09:53:15.238" endtime="20231109 09:53:15.850"/>
</kw>
<kw name="Element Should Contain" library="SeleniumLibrary">
<arg>class:Vue-Toastification__toast-body</arg>
<arg>Service eksternal berhasil disimpan.</arg>
<doc>Verifies that element ``locator`` contains text ``expected``.</doc>
<msg timestamp="20231109 09:53:16.458" level="INFO">Element 'class:Vue-Toastification__toast-body' contains text 'Service eksternal berhasil disimpan.'.</msg>
<status status="PASS" starttime="20231109 09:53:15.850" endtime="20231109 09:53:16.458"/>
</kw>
<status status="PASS" starttime="20231109 09:53:13.797" endtime="20231109 09:53:16.458"/>
</kw>
<kw name="Sleep" library="BuiltIn">
<arg>1s</arg>
<doc>Pauses the test executed for the given time.</doc>
<msg timestamp="20231109 09:53:17.459" level="INFO">Slept 1 second</msg>
<status status="PASS" starttime="20231109 09:53:16.458" endtime="20231109 09:53:17.459"/>
</kw>
<kw name="Capture Page Screenshot" library="SeleniumLibrary">
<doc>Takes a screenshot of the current page and embeds it into a log file.</doc>
<msg timestamp="20231109 09:53:17.816" level="INFO" html="true">&lt;/td&gt;&lt;/tr&gt;&lt;tr&gt;&lt;td colspan="3"&gt;&lt;a href="selenium-screenshot-2.png"&gt;&lt;img src="selenium-screenshot-2.png" width="800px"&gt;&lt;/a&gt;</msg>
<status status="PASS" starttime="20231109 09:53:17.459" endtime="20231109 09:53:17.816"/>
</kw>
<kw name="Close Browser" library="SeleniumLibrary" type="TEARDOWN">
<doc>Closes the current browser.</doc>
<status status="PASS" starttime="20231109 09:53:17.817" endtime="20231109 09:53:20.860"/>
</kw>
<doc>SC02 - Create New Data Service Eksternal</doc>
<tag>TC02 - Create New Data Service Eksternal (Tipe Otentifikasi : Bearer Token)</tag>
<status status="PASS" starttime="20231109 09:52:41.759" endtime="20231109 09:53:20.861"/>
</test>
<doc>SC02 - Create New Data Service Eksternal</doc>
<status status="PASS" starttime="20231109 09:52:05.063" endtime="20231109 09:53:20.862"/>
</suite>
<statistics>
<total>
<stat pass="2" fail="0" skip="0">All Tests</stat>
</total>
<tag>
<stat pass="1" fail="0" skip="0">TC01 - Create New Data Service Eksternal (Tipe Otentifikasi : Basic Authentication)</stat>
<stat pass="1" fail="0" skip="0">TC02 - Create New Data Service Eksternal (Tipe Otentifikasi : Bearer Token)</stat>
</tag>
<suite>
<stat pass="2" fail="0" skip="0" id="s1" name="SC02 - Create New Data Service Eksternal">SC02 - Create New Data Service Eksternal</stat>
</suite>
</statistics>
<errors>
</errors>
</robot>
