<?xml version="1.0" encoding="UTF-8"?>
<robot generator="Robot 6.0.2 (Python 3.11.2 on win32)" generated="20231115 09:53:47.854" rpa="false" schemaversion="3">
<suite id="s1" name="SC01 - Lazy load alur proses" source="D:\#RIANCAHYADI\Projects\Freedom\Sicantik\tests\Lazy Load\Alur Proses\SC01 - Lazy load alur proses.robot">
<test id="s1-t1" name="TC01 - Lazy Load Alur Proses" line="12">
<kw name="Open Browser To Login Page" library="login">
<kw name="Set Selenium Speed" library="SeleniumLibrary">
<arg>0.2s</arg>
<doc>Sets the delay that is waited after each Selenium command.</doc>
<status status="PASS" starttime="20231115 09:53:48.045" endtime="20231115 09:53:48.045"/>
</kw>
<kw name="Open Browser" library="SeleniumLibrary">
<arg>${LOGIN URL}</arg>
<arg>${BROWSER}</arg>
<arg>options=add_argument("--incognito")</arg>
<doc>Opens a new browser instance to the optional ``url``.</doc>
<msg timestamp="20231115 09:53:48.046" level="INFO">Opening browser 'Firefox' to base url 'https://uji.sicantik.go.id/sign-in'.</msg>
<msg timestamp="20231115 09:53:48.049" level="INFO">Firefox driver log is always forced to to: D:\#RIANCAHYADI\Projects\Freedom\Sicantik\tests\Lazy Load\Alur Proses\geckodriver-1.log</msg>
<status status="PASS" starttime="20231115 09:53:48.045" endtime="20231115 09:53:56.492"/>
</kw>
<kw name="Maximize Browser Window" library="SeleniumLibrary">
<doc>Maximizes current browser window.</doc>
<status status="PASS" starttime="20231115 09:53:56.492" endtime="20231115 09:53:56.949"/>
</kw>
<kw name="Title Should Be" library="SeleniumLibrary">
<arg>SICANTIK</arg>
<doc>Verifies that the current page title equals ``title``.</doc>
<msg timestamp="20231115 09:53:57.152" level="INFO">Page title is 'SICANTIK'.</msg>
<status status="PASS" starttime="20231115 09:53:56.949" endtime="20231115 09:53:57.152"/>
</kw>
<status status="PASS" starttime="20231115 09:53:48.045" endtime="20231115 09:53:57.152"/>
</kw>
<kw name="Login Admin Instansi" library="login">
<kw name="Input Username" library="login">
<arg>demo</arg>
<kw name="Input Text" library="SeleniumLibrary">
<arg>username</arg>
<arg>${username}</arg>
<doc>Types the given ``text`` into the text field identified by ``locator``.</doc>
<msg timestamp="20231115 09:53:57.153" level="INFO">Typing text 'demo' into text field 'username'.</msg>
<status status="PASS" starttime="20231115 09:53:57.153" endtime="20231115 09:53:57.804"/>
</kw>
<status status="PASS" starttime="20231115 09:53:57.152" endtime="20231115 09:53:57.804"/>
</kw>
<kw name="Input Password" library="login">
<arg>Demo789*@#</arg>
<kw name="Input Text" library="SeleniumLibrary">
<arg>password</arg>
<arg>${password}</arg>
<doc>Types the given ``text`` into the text field identified by ``locator``.</doc>
<msg timestamp="20231115 09:53:57.805" level="INFO">Typing text 'Demo789*@#' into text field 'password'.</msg>
<status status="PASS" starttime="20231115 09:53:57.804" endtime="20231115 09:53:58.424"/>
</kw>
<status status="PASS" starttime="20231115 09:53:57.804" endtime="20231115 09:53:58.424"/>
</kw>
<kw name="Submit Credentials" library="login">
<kw name="Click Button" library="SeleniumLibrary">
<arg>kt_sign_in_submit</arg>
<doc>Clicks the button identified by ``locator``.</doc>
<msg timestamp="20231115 09:53:58.424" level="INFO">Clicking button 'kt_sign_in_submit'.</msg>
<status status="PASS" starttime="20231115 09:53:58.424" endtime="20231115 09:53:59.444"/>
</kw>
<kw name="Sleep" library="BuiltIn">
<arg>5s</arg>
<doc>Pauses the test executed for the given time.</doc>
<msg timestamp="20231115 09:54:04.444" level="INFO">Slept 5 seconds</msg>
<status status="PASS" starttime="20231115 09:53:59.444" endtime="20231115 09:54:04.444"/>
</kw>
<status status="PASS" starttime="20231115 09:53:58.424" endtime="20231115 09:54:04.444"/>
</kw>
<kw name="Element Should Contain" library="SeleniumLibrary">
<arg>xpath://*[@id="kt_header_user_menu_toggle"]/div[2]/span[1]</arg>
<arg>DEMO</arg>
<doc>Verifies that element ``locator`` contains text ``expected``.</doc>
<msg timestamp="20231115 09:54:04.862" level="INFO">Element 'xpath://*[@id="kt_header_user_menu_toggle"]/div[2]/span[1]' contains text 'DEMO'.</msg>
<status status="PASS" starttime="20231115 09:54:04.444" endtime="20231115 09:54:04.862"/>
</kw>
<status status="PASS" starttime="20231115 09:53:57.152" endtime="20231115 09:54:04.862"/>
</kw>
<kw name="Move To Alur Proses Module" library="alur_proses">
<kw name="Go To" library="SeleniumLibrary">
<arg>https://uji.sicantik.go.id/alur-proses</arg>
<doc>Navigates the current browser window to the provided ``url``.</doc>
<msg timestamp="20231115 09:54:04.862" level="INFO">Opening url 'https://uji.sicantik.go.id/alur-proses'</msg>
<status status="PASS" starttime="20231115 09:54:04.862" endtime="20231115 09:54:05.396"/>
</kw>
<kw name="Wait Until Element Contains" library="SeleniumLibrary">
<arg>xpath://*[@id="kt_content_container"]/div/div/div[1]/h5</arg>
<arg>Daftar Alur Proses</arg>
<arg>None</arg>
<arg>None</arg>
<doc>Waits until the element ``locator`` contains ``text``.</doc>
<status status="PASS" starttime="20231115 09:54:05.396" endtime="20231115 09:54:05.830"/>
</kw>
<kw name="Wait Until Element Is Visible" library="SeleniumLibrary">
<arg>xpath://*[@id="kt_customers_table"]/thead/tr/th[1]</arg>
<doc>Waits until the element ``locator`` is visible.</doc>
<status status="PASS" starttime="20231115 09:54:05.830" endtime="20231115 09:54:06.245"/>
</kw>
<kw name="Sleep" library="BuiltIn">
<arg>3s</arg>
<doc>Pauses the test executed for the given time.</doc>
<msg timestamp="20231115 09:54:09.245" level="INFO">Slept 3 seconds</msg>
<status status="PASS" starttime="20231115 09:54:06.245" endtime="20231115 09:54:09.245"/>
</kw>
<status status="PASS" starttime="20231115 09:54:04.862" endtime="20231115 09:54:09.245"/>
</kw>
<kw name="Scroll Down" library="alur_proses">
<kw name="Click Element" library="SeleniumLibrary">
<arg>xpath://*[@id="kt_customers_table"]/tbody/tr[3]/td[2]</arg>
<doc>Click the element identified by ``locator``.</doc>
<msg timestamp="20231115 09:54:09.246" level="INFO">Clicking element 'xpath://*[@id="kt_customers_table"]/tbody/tr[3]/td[2]'.</msg>
<status status="PASS" starttime="20231115 09:54:09.245" endtime="20231115 09:54:09.858"/>
</kw>
<kw name="Execute Javascript" library="SeleniumLibrary">
<arg>window.scrollTo(0, 2000)</arg>
<doc>Executes the given JavaScript code with possible arguments.</doc>
<msg timestamp="20231115 09:54:09.858" level="INFO">Executing JavaScript:
window.scrollTo(0, 2000)
Without any arguments.</msg>
<status status="PASS" starttime="20231115 09:54:09.858" endtime="20231115 09:54:10.063"/>
</kw>
<status status="PASS" starttime="20231115 09:54:09.245" endtime="20231115 09:54:10.063"/>
</kw>
<kw name="Sleep" library="BuiltIn">
<arg>10s</arg>
<doc>Pauses the test executed for the given time.</doc>
<msg timestamp="20231115 09:54:20.064" level="INFO">Slept 10 seconds</msg>
<status status="PASS" starttime="20231115 09:54:10.063" endtime="20231115 09:54:20.064"/>
</kw>
<kw name="Capture Page Screenshot" library="SeleniumLibrary">
<doc>Takes a screenshot of the current page and embeds it into a log file.</doc>
<msg timestamp="20231115 09:54:20.318" level="INFO" html="true">&lt;/td&gt;&lt;/tr&gt;&lt;tr&gt;&lt;td colspan="3"&gt;&lt;a href="selenium-screenshot-1.png"&gt;&lt;img src="selenium-screenshot-1.png" width="800px"&gt;&lt;/a&gt;</msg>
<status status="PASS" starttime="20231115 09:54:20.064" endtime="20231115 09:54:20.318"/>
</kw>
<kw name="Close Browser" library="SeleniumLibrary" type="TEARDOWN">
<doc>Closes the current browser.</doc>
<status status="PASS" starttime="20231115 09:54:20.319" endtime="20231115 09:54:23.224"/>
</kw>
<doc>SC01 - Lazy Load Alur Proses</doc>
<tag>TC01 - View Page Alur Proses</tag>
<status status="PASS" starttime="20231115 09:53:48.044" endtime="20231115 09:54:23.224"/>
</test>
<doc>SC01 - Lazy Load Alur Proses</doc>
<status status="PASS" starttime="20231115 09:53:47.855" endtime="20231115 09:54:23.225"/>
</suite>
<statistics>
<total>
<stat pass="1" fail="0" skip="0">All Tests</stat>
</total>
<tag>
<stat pass="1" fail="0" skip="0">TC01 - View Page Alur Proses</stat>
</tag>
<suite>
<stat pass="1" fail="0" skip="0" id="s1" name="SC01 - Lazy load alur proses">SC01 - Lazy load alur proses</stat>
</suite>
</statistics>
<errors>
</errors>
</robot>
