<?xml version="1.0" encoding="UTF-8"?>
<robot generator="Robot 6.1.1 (Python 3.12.0 on win32)" generated="20231112 09:50:02.214" rpa="false" schemaversion="4">
<suite id="s1" name="SC01 - View Web Service Eksternal" source="E:\#Freelance\Sicantik\tests\R10 - Web Service Eksternal\SC01 - View Web Service Eksternal\SC01 - View Web Service Eksternal.robot">
<test id="s1-t1" name="TC01 - View Service Eksternal" line="12">
<kw name="Open Browser To Login Page" library="login">
<kw name="Set Selenium Speed" library="SeleniumLibrary">
<arg>0.4s</arg>
<doc>Sets the delay that is waited after each Selenium command.</doc>
<status status="PASS" starttime="20231112 09:50:02.394" endtime="20231112 09:50:02.394"/>
</kw>
<kw name="Open Browser" library="SeleniumLibrary">
<arg>${LOGIN URL}</arg>
<arg>${BROWSER}</arg>
<arg>options=add_argument("--incognito")</arg>
<doc>Opens a new browser instance to the optional ``url``.</doc>
<msg timestamp="20231112 09:50:02.395" level="INFO">Opening browser 'Firefox' to base url 'https://uji.sicantik.go.id/sign-in'.</msg>
<status status="PASS" starttime="20231112 09:50:02.394" endtime="20231112 09:50:10.830"/>
</kw>
<kw name="Maximize Browser Window" library="SeleniumLibrary">
<doc>Maximizes current browser window.</doc>
<status status="PASS" starttime="20231112 09:50:10.830" endtime="20231112 09:50:11.486"/>
</kw>
<kw name="Title Should Be" library="SeleniumLibrary">
<arg>SICANTIK</arg>
<doc>Verifies that the current page title equals ``title``.</doc>
<msg timestamp="20231112 09:50:11.889" level="INFO">Page title is 'SICANTIK'.</msg>
<status status="PASS" starttime="20231112 09:50:11.486" endtime="20231112 09:50:11.889"/>
</kw>
<status status="PASS" starttime="20231112 09:50:02.394" endtime="20231112 09:50:11.889"/>
</kw>
<kw name="Login Admin Instansi" library="login">
<kw name="Input Username" library="login">
<arg>demo</arg>
<kw name="Input Text" library="SeleniumLibrary">
<arg>username</arg>
<arg>${username}</arg>
<doc>Types the given ``text`` into the text field identified by ``locator``.</doc>
<msg timestamp="20231112 09:50:11.890" level="INFO">Typing text 'demo' into text field 'username'.</msg>
<status status="PASS" starttime="20231112 09:50:11.890" endtime="20231112 09:50:13.140"/>
</kw>
<status status="PASS" starttime="20231112 09:50:11.889" endtime="20231112 09:50:13.140"/>
</kw>
<kw name="Input Password" library="login">
<arg>Demo789*@#</arg>
<kw name="Input Text" library="SeleniumLibrary">
<arg>password</arg>
<arg>${password}</arg>
<doc>Types the given ``text`` into the text field identified by ``locator``.</doc>
<msg timestamp="20231112 09:50:13.140" level="INFO">Typing text 'Demo789*@#' into text field 'password'.</msg>
<status status="PASS" starttime="20231112 09:50:13.140" endtime="20231112 09:50:14.357"/>
</kw>
<status status="PASS" starttime="20231112 09:50:13.140" endtime="20231112 09:50:14.357"/>
</kw>
<status status="PASS" starttime="20231112 09:50:11.889" endtime="20231112 09:50:14.357"/>
</kw>
<kw name="Submit Credentials" library="login">
<kw name="Click Button" library="SeleniumLibrary">
<arg>kt_sign_in_submit</arg>
<doc>Clicks the button identified by ``locator``.</doc>
<msg timestamp="20231112 09:50:14.358" level="INFO">Clicking button 'kt_sign_in_submit'.</msg>
<status status="PASS" starttime="20231112 09:50:14.357" endtime="20231112 09:50:16.176"/>
</kw>
<kw name="Sleep" library="BuiltIn">
<arg>5s</arg>
<doc>Pauses the test executed for the given time.</doc>
<msg timestamp="20231112 09:50:21.176" level="INFO">Slept 5 seconds</msg>
<status status="PASS" starttime="20231112 09:50:16.176" endtime="20231112 09:50:21.176"/>
</kw>
<status status="PASS" starttime="20231112 09:50:14.357" endtime="20231112 09:50:21.176"/>
</kw>
<kw name="Move To Web Service Eksternal" library="web_service_eksternal">
<kw name="Go To" library="SeleniumLibrary">
<arg>https://uji.sicantik.go.id/service-eksternal</arg>
<doc>Navigates the current browser window to the provided ``url``.</doc>
<msg timestamp="20231112 09:50:21.177" level="INFO">Opening url 'https://uji.sicantik.go.id/service-eksternal'</msg>
<status status="PASS" starttime="20231112 09:50:21.176" endtime="20231112 09:50:21.892"/>
</kw>
<kw name="Wait Until Element Contains" library="SeleniumLibrary">
<arg>xpath://*[@id="kt_content_container"]/div/div/div[1]/h5</arg>
<arg>Daftar Service Eksternal</arg>
<doc>Waits until the element ``locator`` contains ``text``.</doc>
<status status="PASS" starttime="20231112 09:50:21.892" endtime="20231112 09:50:22.717"/>
</kw>
<kw name="Element Should Contain" library="SeleniumLibrary">
<arg>xpath://*[@id="kt_content_container"]/div/div/div[1]/h5</arg>
<arg>Daftar Service Eksternal</arg>
<doc>Verifies that element ``locator`` contains text ``expected``.</doc>
<msg timestamp="20231112 09:50:23.524" level="INFO">Element 'xpath://*[@id="kt_content_container"]/div/div/div[1]/h5' contains text 'Daftar Service Eksternal'.</msg>
<status status="PASS" starttime="20231112 09:50:22.717" endtime="20231112 09:50:23.524"/>
</kw>
<status status="PASS" starttime="20231112 09:50:21.176" endtime="20231112 09:50:23.524"/>
</kw>
<kw name="Sleep" library="BuiltIn">
<arg>1s</arg>
<doc>Pauses the test executed for the given time.</doc>
<msg timestamp="20231112 09:50:24.524" level="INFO">Slept 1 second</msg>
<status status="PASS" starttime="20231112 09:50:23.524" endtime="20231112 09:50:24.524"/>
</kw>
<kw name="Capture Page Screenshot" library="SeleniumLibrary">
<doc>Takes a screenshot of the current page and embeds it into a log file.</doc>
<msg timestamp="20231112 09:50:24.974" level="INFO" html="true">&lt;/td&gt;&lt;/tr&gt;&lt;tr&gt;&lt;td colspan="3"&gt;&lt;a href="selenium-screenshot-1.png"&gt;&lt;img src="selenium-screenshot-1.png" width="800px"&gt;&lt;/a&gt;</msg>
<status status="PASS" starttime="20231112 09:50:24.524" endtime="20231112 09:50:24.974"/>
</kw>
<kw name="Close Browser" library="SeleniumLibrary" type="TEARDOWN">
<doc>Closes the current browser.</doc>
<status status="PASS" starttime="20231112 09:50:24.974" endtime="20231112 09:50:28.094"/>
</kw>
<doc>SC01 - View Web Service Eksternal</doc>
<tag>TC01 - View Service Eksternal</tag>
<status status="PASS" starttime="20231112 09:50:02.393" endtime="20231112 09:50:28.094"/>
</test>
<doc>SC01 - View Web Service Eksternal</doc>
<status status="PASS" starttime="20231112 09:50:02.215" endtime="20231112 09:50:28.094"/>
</suite>
<statistics>
<total>
<stat pass="1" fail="0" skip="0">All Tests</stat>
</total>
<tag>
<stat pass="1" fail="0" skip="0">TC01 - View Service Eksternal</stat>
</tag>
<suite>
<stat pass="1" fail="0" skip="0" id="s1" name="SC01 - View Web Service Eksternal">SC01 - View Web Service Eksternal</stat>
</suite>
</statistics>
<errors>
</errors>
</robot>
