<?xml version="1.0" encoding="UTF-8"?>
<robot generator="Robot 6.1.1 (Python 3.12.0 on win32)" generated="20231108 19:37:21.064" rpa="false" schemaversion="4">
<suite id="s1" name="SC01 - View Data Notifikasi" source="E:\#Freelance\Sicantik\tests\R02 - Notifikasi\SC01 - View Data Notifikasi\SC01 - View Data Notifikasi.robot">
<test id="s1-t1" name="TC01 - View Data Notifikasi" line="12">
<kw name="Open Browser To Login Page" library="login">
<kw name="Set Selenium Speed" library="SeleniumLibrary">
<arg>0.4s</arg>
<doc>Sets the delay that is waited after each Selenium command.</doc>
<status status="PASS" starttime="20231108 19:37:21.227" endtime="20231108 19:37:21.227"/>
</kw>
<kw name="Open Browser" library="SeleniumLibrary">
<arg>${LOGIN URL}</arg>
<arg>${BROWSER}</arg>
<doc>Opens a new browser instance to the optional ``url``.</doc>
<msg timestamp="20231108 19:37:21.227" level="INFO">Opening browser 'Firefox' to base url 'https://uji.sicantik.go.id/sign-in'.</msg>
<status status="PASS" starttime="20231108 19:37:21.227" endtime="20231108 19:37:28.947"/>
</kw>
<kw name="Maximize Browser Window" library="SeleniumLibrary">
<doc>Maximizes current browser window.</doc>
<status status="PASS" starttime="20231108 19:37:28.947" endtime="20231108 19:37:29.608"/>
</kw>
<kw name="Title Should Be" library="SeleniumLibrary">
<arg>SICANTIK</arg>
<doc>Verifies that the current page title equals ``title``.</doc>
<msg timestamp="20231108 19:37:30.012" level="INFO">Page title is 'SICANTIK'.</msg>
<status status="PASS" starttime="20231108 19:37:29.608" endtime="20231108 19:37:30.012"/>
</kw>
<status status="PASS" starttime="20231108 19:37:21.227" endtime="20231108 19:37:30.012"/>
</kw>
<kw name="Input Username" library="login">
<arg>admegov</arg>
<kw name="Input Text" library="SeleniumLibrary">
<arg>username</arg>
<arg>${username}</arg>
<doc>Types the given ``text`` into the text field identified by ``locator``.</doc>
<msg timestamp="20231108 19:37:30.012" level="INFO">Typing text 'admegov' into text field 'username'.</msg>
<status status="PASS" starttime="20231108 19:37:30.012" endtime="20231108 19:37:31.264"/>
</kw>
<status status="PASS" starttime="20231108 19:37:30.012" endtime="20231108 19:37:31.264"/>
</kw>
<kw name="Input Password" library="login">
<arg>Admegov789*@#</arg>
<kw name="Input Text" library="SeleniumLibrary">
<arg>password</arg>
<arg>${password}</arg>
<doc>Types the given ``text`` into the text field identified by ``locator``.</doc>
<msg timestamp="20231108 19:37:31.264" level="INFO">Typing text 'Admegov789*@#' into text field 'password'.</msg>
<status status="PASS" starttime="20231108 19:37:31.264" endtime="20231108 19:37:32.484"/>
</kw>
<status status="PASS" starttime="20231108 19:37:31.264" endtime="20231108 19:37:32.484"/>
</kw>
<kw name="Submit Credentials" library="login">
<kw name="Click Button" library="SeleniumLibrary">
<arg>kt_sign_in_submit</arg>
<doc>Clicks the button identified by ``locator``.</doc>
<msg timestamp="20231108 19:37:32.484" level="INFO">Clicking button 'kt_sign_in_submit'.</msg>
<status status="PASS" starttime="20231108 19:37:32.484" endtime="20231108 19:37:34.317"/>
</kw>
<kw name="Sleep" library="BuiltIn">
<arg>5s</arg>
<doc>Pauses the test executed for the given time.</doc>
<msg timestamp="20231108 19:37:39.317" level="INFO">Slept 5 seconds</msg>
<status status="PASS" starttime="20231108 19:37:34.317" endtime="20231108 19:37:39.317"/>
</kw>
<status status="PASS" starttime="20231108 19:37:32.484" endtime="20231108 19:37:39.317"/>
</kw>
<kw name="Click Icon Notification" library="notifikasi">
<kw name="Sleep" library="BuiltIn">
<arg>3s</arg>
<doc>Pauses the test executed for the given time.</doc>
<msg timestamp="20231108 19:37:42.318" level="INFO">Slept 3 seconds</msg>
<status status="PASS" starttime="20231108 19:37:39.317" endtime="20231108 19:37:42.318"/>
</kw>
<kw name="Click Element" library="SeleniumLibrary">
<arg>css:i.fa-bell</arg>
<doc>Click the element identified by ``locator``.</doc>
<msg timestamp="20231108 19:37:42.318" level="INFO">Clicking element 'css:i.fa-bell'.</msg>
<status status="PASS" starttime="20231108 19:37:42.318" endtime="20231108 19:37:43.343"/>
</kw>
<kw name="Element Should Contain" library="SeleniumLibrary">
<arg>xpath://*[@id="kt_header"]/div/div[3]/div[2]/div[2]/div[1]/div[2]/div[1]/div/h3</arg>
<arg>Notifikasi</arg>
<doc>Verifies that element ``locator`` contains text ``expected``.</doc>
<msg timestamp="20231108 19:37:44.168" level="INFO">Element 'xpath://*[@id="kt_header"]/div/div[3]/div[2]/div[2]/div[1]/div[2]/div[1]/div/h3' contains text 'Notifikasi'.</msg>
<status status="PASS" starttime="20231108 19:37:43.343" endtime="20231108 19:37:44.168"/>
</kw>
<status status="PASS" starttime="20231108 19:37:39.317" endtime="20231108 19:37:44.168"/>
</kw>
<kw name="Sleep" library="BuiltIn">
<arg>2s</arg>
<doc>Pauses the test executed for the given time.</doc>
<msg timestamp="20231108 19:37:46.168" level="INFO">Slept 2 seconds</msg>
<status status="PASS" starttime="20231108 19:37:44.168" endtime="20231108 19:37:46.168"/>
</kw>
<kw name="Capture Page Screenshot" library="SeleniumLibrary">
<doc>Takes a screenshot of the current page and embeds it into a log file.</doc>
<msg timestamp="20231108 19:37:46.641" level="INFO" html="true">&lt;/td&gt;&lt;/tr&gt;&lt;tr&gt;&lt;td colspan="3"&gt;&lt;a href="selenium-screenshot-1.png"&gt;&lt;img src="selenium-screenshot-1.png" width="800px"&gt;&lt;/a&gt;</msg>
<status status="PASS" starttime="20231108 19:37:46.168" endtime="20231108 19:37:46.641"/>
</kw>
<kw name="Close Browser" library="SeleniumLibrary" type="TEARDOWN">
<doc>Closes the current browser.</doc>
<status status="PASS" starttime="20231108 19:37:46.641" endtime="20231108 19:37:49.698"/>
</kw>
<doc>SC01 - View Data Notifikasi</doc>
<tag>TC01 - View Data Notifikasi</tag>
<status status="PASS" starttime="20231108 19:37:21.211" endtime="20231108 19:37:49.698"/>
</test>
<test id="s1-t2" name="TC02 - View Page Setting Notifikasi" line="24">
<kw name="Open Browser To Login Page" library="login">
<kw name="Set Selenium Speed" library="SeleniumLibrary">
<arg>0.4s</arg>
<doc>Sets the delay that is waited after each Selenium command.</doc>
<status status="PASS" starttime="20231108 19:37:49.698" endtime="20231108 19:37:49.698"/>
</kw>
<kw name="Open Browser" library="SeleniumLibrary">
<arg>${LOGIN URL}</arg>
<arg>${BROWSER}</arg>
<doc>Opens a new browser instance to the optional ``url``.</doc>
<msg timestamp="20231108 19:37:49.698" level="INFO">Opening browser 'Firefox' to base url 'https://uji.sicantik.go.id/sign-in'.</msg>
<status status="PASS" starttime="20231108 19:37:49.698" endtime="20231108 19:37:57.292"/>
</kw>
<kw name="Maximize Browser Window" library="SeleniumLibrary">
<doc>Maximizes current browser window.</doc>
<status status="PASS" starttime="20231108 19:37:57.292" endtime="20231108 19:37:57.952"/>
</kw>
<kw name="Title Should Be" library="SeleniumLibrary">
<arg>SICANTIK</arg>
<doc>Verifies that the current page title equals ``title``.</doc>
<msg timestamp="20231108 19:37:58.356" level="INFO">Page title is 'SICANTIK'.</msg>
<status status="PASS" starttime="20231108 19:37:57.952" endtime="20231108 19:37:58.356"/>
</kw>
<status status="PASS" starttime="20231108 19:37:49.698" endtime="20231108 19:37:58.356"/>
</kw>
<kw name="Input Username" library="login">
<arg>admegov</arg>
<kw name="Input Text" library="SeleniumLibrary">
<arg>username</arg>
<arg>${username}</arg>
<doc>Types the given ``text`` into the text field identified by ``locator``.</doc>
<msg timestamp="20231108 19:37:58.356" level="INFO">Typing text 'admegov' into text field 'username'.</msg>
<status status="PASS" starttime="20231108 19:37:58.356" endtime="20231108 19:37:59.612"/>
</kw>
<status status="PASS" starttime="20231108 19:37:58.356" endtime="20231108 19:37:59.612"/>
</kw>
<kw name="Input Password" library="login">
<arg>Admegov789*@#</arg>
<kw name="Input Text" library="SeleniumLibrary">
<arg>password</arg>
<arg>${password}</arg>
<doc>Types the given ``text`` into the text field identified by ``locator``.</doc>
<msg timestamp="20231108 19:37:59.612" level="INFO">Typing text 'Admegov789*@#' into text field 'password'.</msg>
<status status="PASS" starttime="20231108 19:37:59.612" endtime="20231108 19:38:00.836"/>
</kw>
<status status="PASS" starttime="20231108 19:37:59.612" endtime="20231108 19:38:00.836"/>
</kw>
<kw name="Submit Credentials" library="login">
<kw name="Click Button" library="SeleniumLibrary">
<arg>kt_sign_in_submit</arg>
<doc>Clicks the button identified by ``locator``.</doc>
<msg timestamp="20231108 19:38:00.836" level="INFO">Clicking button 'kt_sign_in_submit'.</msg>
<status status="PASS" starttime="20231108 19:38:00.836" endtime="20231108 19:38:02.662"/>
</kw>
<kw name="Sleep" library="BuiltIn">
<arg>5s</arg>
<doc>Pauses the test executed for the given time.</doc>
<msg timestamp="20231108 19:38:07.662" level="INFO">Slept 5 seconds</msg>
<status status="PASS" starttime="20231108 19:38:02.662" endtime="20231108 19:38:07.662"/>
</kw>
<status status="PASS" starttime="20231108 19:38:00.836" endtime="20231108 19:38:07.662"/>
</kw>
<kw name="Move To Notification" library="notifikasi">
<kw name="Go To" library="SeleniumLibrary">
<arg>https://uji.sicantik.go.id/notifikasi</arg>
<doc>Navigates the current browser window to the provided ``url``.</doc>
<msg timestamp="20231108 19:38:07.662" level="INFO">Opening url 'https://uji.sicantik.go.id/notifikasi'</msg>
<status status="PASS" starttime="20231108 19:38:07.662" endtime="20231108 19:38:08.430"/>
</kw>
<kw name="Element Should Contain" library="SeleniumLibrary">
<arg>xpath://*[@id="kt_content_container"]/div/div/div[1]/h5</arg>
<arg>Daftar Jenis Izin</arg>
<doc>Verifies that element ``locator`` contains text ``expected``.</doc>
<msg timestamp="20231108 19:38:09.250" level="INFO">Element 'xpath://*[@id="kt_content_container"]/div/div/div[1]/h5' contains text 'Daftar Jenis Izin'.</msg>
<status status="PASS" starttime="20231108 19:38:08.430" endtime="20231108 19:38:09.250"/>
</kw>
<status status="PASS" starttime="20231108 19:38:07.662" endtime="20231108 19:38:09.250"/>
</kw>
<kw name="Sleep" library="BuiltIn">
<arg>2s</arg>
<doc>Pauses the test executed for the given time.</doc>
<msg timestamp="20231108 19:38:11.254" level="INFO">Slept 2 seconds</msg>
<status status="PASS" starttime="20231108 19:38:09.250" endtime="20231108 19:38:11.254"/>
</kw>
<kw name="Capture Page Screenshot" library="SeleniumLibrary">
<doc>Takes a screenshot of the current page and embeds it into a log file.</doc>
<msg timestamp="20231108 19:38:11.702" level="INFO" html="true">&lt;/td&gt;&lt;/tr&gt;&lt;tr&gt;&lt;td colspan="3"&gt;&lt;a href="selenium-screenshot-2.png"&gt;&lt;img src="selenium-screenshot-2.png" width="800px"&gt;&lt;/a&gt;</msg>
<status status="PASS" starttime="20231108 19:38:11.254" endtime="20231108 19:38:11.702"/>
</kw>
<kw name="Close Browser" library="SeleniumLibrary" type="TEARDOWN">
<doc>Closes the current browser.</doc>
<status status="PASS" starttime="20231108 19:38:11.702" endtime="20231108 19:38:15.250"/>
</kw>
<doc>SC01 - View Data Notifikasi</doc>
<tag>TC02 - View Page Setting Notifikasi</tag>
<status status="PASS" starttime="20231108 19:37:49.698" endtime="20231108 19:38:15.250"/>
</test>
<doc>SC01 - View Data Notification</doc>
<status status="PASS" starttime="20231108 19:37:21.080" endtime="20231108 19:38:15.250"/>
</suite>
<statistics>
<total>
<stat pass="2" fail="0" skip="0">All Tests</stat>
</total>
<tag>
<stat pass="1" fail="0" skip="0">TC01 - View Data Notifikasi</stat>
<stat pass="1" fail="0" skip="0">TC02 - View Page Setting Notifikasi</stat>
</tag>
<suite>
<stat pass="2" fail="0" skip="0" id="s1" name="SC01 - View Data Notifikasi">SC01 - View Data Notifikasi</stat>
</suite>
</statistics>
<errors>
</errors>
</robot>
