<?xml version="1.0" encoding="UTF-8"?>
<robot generator="Robot 6.0.2 (Python 3.11.2 on win32)" generated="20231116 13:40:46.742" rpa="false" schemaversion="3">
<suite id="s1" name="SC01 - Cancel Sign TTE" source="D:\#RIANCAHYADI\Projects\Freedom\Sicantik\tests\Cancel Sign TTE\SC01 - Cancel Sign TTE.robot">
<test id="s1-t1" name="TC01 - Cancel Sign TTE" line="12">
<kw name="Open Browser To Login Page" library="login">
<kw name="Set Selenium Speed" library="SeleniumLibrary">
<arg>0.2s</arg>
<doc>Sets the delay that is waited after each Selenium command.</doc>
<status status="PASS" starttime="20231116 13:40:46.918" endtime="20231116 13:40:46.918"/>
</kw>
<kw name="Open Browser" library="SeleniumLibrary">
<arg>${LOGIN URL}</arg>
<arg>${BROWSER}</arg>
<arg>options=add_argument("--incognito")</arg>
<doc>Opens a new browser instance to the optional ``url``.</doc>
<msg timestamp="20231116 13:40:46.919" level="INFO">Opening browser 'Firefox' to base url 'https://uji.sicantik.go.id/sign-in'.</msg>
<msg timestamp="20231116 13:40:46.922" level="INFO">Firefox driver log is always forced to to: D:\#RIANCAHYADI\Projects\Freedom\Sicantik\tests\Cancel Sign TTE\geckodriver-1.log</msg>
<status status="PASS" starttime="20231116 13:40:46.918" endtime="20231116 13:40:54.728"/>
</kw>
<kw name="Maximize Browser Window" library="SeleniumLibrary">
<doc>Maximizes current browser window.</doc>
<status status="PASS" starttime="20231116 13:40:54.728" endtime="20231116 13:40:55.185"/>
</kw>
<kw name="Title Should Be" library="SeleniumLibrary">
<arg>SICANTIK</arg>
<doc>Verifies that the current page title equals ``title``.</doc>
<msg timestamp="20231116 13:40:55.388" level="INFO">Page title is 'SICANTIK'.</msg>
<status status="PASS" starttime="20231116 13:40:55.185" endtime="20231116 13:40:55.388"/>
</kw>
<status status="PASS" starttime="20231116 13:40:46.918" endtime="20231116 13:40:55.388"/>
</kw>
<kw name="Login Jabatan Satu" library="login">
<kw name="Input Username" library="login">
<arg>riancahyadi</arg>
<kw name="Input Text" library="SeleniumLibrary">
<arg>username</arg>
<arg>${username}</arg>
<doc>Types the given ``text`` into the text field identified by ``locator``.</doc>
<msg timestamp="20231116 13:40:55.389" level="INFO">Typing text 'riancahyadi' into text field 'username'.</msg>
<status status="PASS" starttime="20231116 13:40:55.389" endtime="20231116 13:40:56.041"/>
</kw>
<status status="PASS" starttime="20231116 13:40:55.389" endtime="20231116 13:40:56.041"/>
</kw>
<kw name="Input Password" library="login">
<arg>P@55word</arg>
<kw name="Input Text" library="SeleniumLibrary">
<arg>password</arg>
<arg>${password}</arg>
<doc>Types the given ``text`` into the text field identified by ``locator``.</doc>
<msg timestamp="20231116 13:40:56.041" level="INFO">Typing text 'P@55word' into text field 'password'.</msg>
<status status="PASS" starttime="20231116 13:40:56.041" endtime="20231116 13:40:56.660"/>
</kw>
<status status="PASS" starttime="20231116 13:40:56.041" endtime="20231116 13:40:56.660"/>
</kw>
<kw name="Submit Credentials" library="login">
<kw name="Click Button" library="SeleniumLibrary">
<arg>kt_sign_in_submit</arg>
<doc>Clicks the button identified by ``locator``.</doc>
<msg timestamp="20231116 13:40:56.660" level="INFO">Clicking button 'kt_sign_in_submit'.</msg>
<status status="PASS" starttime="20231116 13:40:56.660" endtime="20231116 13:40:57.690"/>
</kw>
<kw name="Sleep" library="BuiltIn">
<arg>5s</arg>
<doc>Pauses the test executed for the given time.</doc>
<msg timestamp="20231116 13:41:02.690" level="INFO">Slept 5 seconds</msg>
<status status="PASS" starttime="20231116 13:40:57.690" endtime="20231116 13:41:02.690"/>
</kw>
<status status="PASS" starttime="20231116 13:40:56.660" endtime="20231116 13:41:02.690"/>
</kw>
<kw name="Element Should Contain" library="SeleniumLibrary">
<arg>xpath://*[@id="kt_header_user_menu_toggle"]/div[2]/span[1]</arg>
<arg>RIANCAHYADI</arg>
<doc>Verifies that element ``locator`` contains text ``expected``.</doc>
<msg timestamp="20231116 13:41:03.109" level="INFO">Element 'xpath://*[@id="kt_header_user_menu_toggle"]/div[2]/span[1]' contains text 'RIANCAHYADI'.</msg>
<status status="PASS" starttime="20231116 13:41:02.690" endtime="20231116 13:41:03.109"/>
</kw>
<status status="PASS" starttime="20231116 13:40:55.388" endtime="20231116 13:41:03.109"/>
</kw>
<kw name="Move To Proses Permohonan" library="cancel_sign_tte">
<kw name="Go To" library="SeleniumLibrary">
<arg>https://uji.sicantik.go.id/proses-pengajuan</arg>
<doc>Navigates the current browser window to the provided ``url``.</doc>
<msg timestamp="20231116 13:41:03.109" level="INFO">Opening url 'https://uji.sicantik.go.id/proses-pengajuan'</msg>
<status status="PASS" starttime="20231116 13:41:03.109" endtime="20231116 13:41:03.650"/>
</kw>
<kw name="Wait Until Element Contains" library="SeleniumLibrary">
<arg>xpath://*[@id="kt_content_container"]/div[1]/div/div[1]/h5</arg>
<arg>Proses Pengajuan</arg>
<doc>Waits until the element ``locator`` contains ``text``.</doc>
<status status="PASS" starttime="20231116 13:41:03.650" endtime="20231116 13:41:04.057"/>
</kw>
<kw name="Sleep" library="BuiltIn">
<arg>3s</arg>
<doc>Pauses the test executed for the given time.</doc>
<msg timestamp="20231116 13:41:07.058" level="INFO">Slept 3 seconds</msg>
<status status="PASS" starttime="20231116 13:41:04.057" endtime="20231116 13:41:07.058"/>
</kw>
<status status="PASS" starttime="20231116 13:41:03.109" endtime="20231116 13:41:07.058"/>
</kw>
<kw name="Click Button Filter" library="cancel_sign_tte">
<kw name="Click Button" library="SeleniumLibrary">
<arg>xpath://*[@id="kt_content_container"]/div[1]/div/div[2]/div/div[1]/button</arg>
<doc>Clicks the button identified by ``locator``.</doc>
<msg timestamp="20231116 13:41:07.059" level="INFO">Clicking button 'xpath://*[@id="kt_content_container"]/div[1]/div/div[2]/div/div[1]/button'.</msg>
<status status="PASS" starttime="20231116 13:41:07.058" endtime="20231116 13:41:08.294"/>
</kw>
<kw name="Sleep" library="BuiltIn">
<arg>0.5s</arg>
<doc>Pauses the test executed for the given time.</doc>
<msg timestamp="20231116 13:41:08.795" level="INFO">Slept 500 milliseconds</msg>
<status status="PASS" starttime="20231116 13:41:08.294" endtime="20231116 13:41:08.795"/>
</kw>
<status status="PASS" starttime="20231116 13:41:07.058" endtime="20231116 13:41:08.795"/>
</kw>
<kw name="Input No Permohonan" library="cancel_sign_tte">
<arg>052/Test Uji Penomoran A11/XI/2023</arg>
<kw name="Click Element" library="SeleniumLibrary">
<arg>xpath://*[@id="collapseBtnFilter"]/div/div[1]/div[1]/label</arg>
<doc>Click the element identified by ``locator``.</doc>
<msg timestamp="20231116 13:41:08.796" level="INFO">Clicking element 'xpath://*[@id="collapseBtnFilter"]/div/div[1]/div[1]/label'.</msg>
<status status="PASS" starttime="20231116 13:41:08.796" endtime="20231116 13:41:09.408"/>
</kw>
<kw name="Press Keys" library="SeleniumLibrary">
<arg>None</arg>
<arg>TAB</arg>
<doc>Simulates the user pressing key(s) to an element or on the active browser.</doc>
<msg timestamp="20231116 13:41:09.408" level="INFO">Sending key(s) ('TAB',) to page.</msg>
<msg timestamp="20231116 13:41:09.408" level="INFO">Pressing special key TAB to browser.</msg>
<msg timestamp="20231116 13:41:09.408" level="INFO">Releasing special key TAB.</msg>
<status status="PASS" starttime="20231116 13:41:09.408" endtime="20231116 13:41:09.631"/>
</kw>
<kw name="Press Keys" library="SeleniumLibrary">
<arg>None</arg>
<arg>${noPermohonan}</arg>
<doc>Simulates the user pressing key(s) to an element or on the active browser.</doc>
<msg timestamp="20231116 13:41:09.631" level="INFO">Sending key(s) ('052/Test Uji Penomoran A11/XI/2023',) to page.</msg>
<msg timestamp="20231116 13:41:09.631" level="INFO">Sending keys 052/Test Uji Penomoran A11/XI/2023</msg>
<status status="PASS" starttime="20231116 13:41:09.631" endtime="20231116 13:41:09.864"/>
</kw>
<status status="PASS" starttime="20231116 13:41:08.795" endtime="20231116 13:41:09.864"/>
</kw>
<kw name="Click Button Tampilkan Hasil" library="cancel_sign_tte">
<kw name="Click Button" library="SeleniumLibrary">
<arg>default:Tampilkan hasil</arg>
<doc>Clicks the button identified by ``locator``.</doc>
<msg timestamp="20231116 13:41:09.865" level="INFO">Clicking button 'default:Tampilkan hasil'.</msg>
<status status="PASS" starttime="20231116 13:41:09.865" endtime="20231116 13:41:10.899"/>
</kw>
<kw name="Sleep" library="BuiltIn">
<arg>3s</arg>
<doc>Pauses the test executed for the given time.</doc>
<msg timestamp="20231116 13:41:13.899" level="INFO">Slept 3 seconds</msg>
<status status="PASS" starttime="20231116 13:41:10.899" endtime="20231116 13:41:13.899"/>
</kw>
<status status="PASS" starttime="20231116 13:41:09.864" endtime="20231116 13:41:13.899"/>
</kw>
<kw name="Click Alur Proses Permohonan" library="cancel_sign_tte">
<kw name="Click Element" library="SeleniumLibrary">
<arg>css:i.fa-list-alt</arg>
<doc>Click the element identified by ``locator``.</doc>
<msg timestamp="20231116 13:41:13.900" level="INFO">Clicking element 'css:i.fa-list-alt'.</msg>
<status status="PASS" starttime="20231116 13:41:13.900" endtime="20231116 13:41:14.528"/>
</kw>
<kw name="Wait Until Element Is Enabled" library="SeleniumLibrary">
<arg>xpath://*[@id="modalProsesPermohonan"]/div[2]/div/div[1]/h5</arg>
<doc>Waits until the element ``locator`` is enabled.</doc>
<status status="PASS" starttime="20231116 13:41:14.528" endtime="20231116 13:41:15.144"/>
</kw>
<status status="PASS" starttime="20231116 13:41:13.899" endtime="20231116 13:41:15.144"/>
</kw>
<kw name="Click Tanda Terima Berkas TTE" library="cancel_sign_tte">
<kw name="Click Element" library="SeleniumLibrary">
<arg>xpath://*[@id="modalProsesPermohonan"]/div[2]/div/div[2]/ul[3]/li/div/strong/a/h3</arg>
<doc>Click the element identified by ``locator``.</doc>
<msg timestamp="20231116 13:41:15.145" level="INFO">Clicking element 'xpath://*[@id="modalProsesPermohonan"]/div[2]/div/div[2]/ul[3]/li/div/strong/a/h3'.</msg>
<status status="PASS" starttime="20231116 13:41:15.144" endtime="20231116 13:41:15.777"/>
</kw>
<kw name="Wait Until Element Is Enabled" library="SeleniumLibrary">
<arg>xpath://*[@id="kt_content_container"]/div[1]/div[2]/div/div[4]/button[2]</arg>
<doc>Waits until the element ``locator`` is enabled.</doc>
<msg timestamp="20231116 13:41:16.449" level="INFO">Suppressing StaleElementReferenceException from Selenium.</msg>
<msg timestamp="20231116 13:41:16.856" level="INFO">Suppressing StaleElementReferenceException from Selenium.</msg>
<status status="PASS" starttime="20231116 13:41:15.777" endtime="20231116 13:41:17.670"/>
</kw>
<kw name="Sleep" library="BuiltIn">
<arg>3s</arg>
<doc>Pauses the test executed for the given time.</doc>
<msg timestamp="20231116 13:41:20.671" level="INFO">Slept 3 seconds</msg>
<status status="PASS" starttime="20231116 13:41:17.670" endtime="20231116 13:41:20.671"/>
</kw>
<status status="PASS" starttime="20231116 13:41:15.144" endtime="20231116 13:41:20.671"/>
</kw>
<kw name="Click Button Cancel Sign" library="cancel_sign_tte">
<kw name="Execute Javascript" library="SeleniumLibrary">
<arg>window.scrollTo(0, 1000)</arg>
<doc>Executes the given JavaScript code with possible arguments.</doc>
<msg timestamp="20231116 13:41:20.672" level="INFO">Executing JavaScript:
window.scrollTo(0, 1000)
Without any arguments.</msg>
<status status="PASS" starttime="20231116 13:41:20.671" endtime="20231116 13:41:20.876"/>
</kw>
<kw name="Sleep" library="BuiltIn">
<arg>1s</arg>
<doc>Pauses the test executed for the given time.</doc>
<msg timestamp="20231116 13:41:21.876" level="INFO">Slept 1 second</msg>
<status status="PASS" starttime="20231116 13:41:20.876" endtime="20231116 13:41:21.876"/>
</kw>
<kw name="Click Element" library="SeleniumLibrary">
<arg>xpath://*[@id="kt_content_container"]/div[1]/div[2]/div/div[4]/button[2]</arg>
<doc>Click the element identified by ``locator``.</doc>
<msg timestamp="20231116 13:41:21.876" level="INFO">Clicking element 'xpath://*[@id="kt_content_container"]/div[1]/div[2]/div/div[4]/button[2]'.</msg>
<status status="PASS" starttime="20231116 13:41:21.876" endtime="20231116 13:41:22.496"/>
</kw>
<kw name="Wait Until Element Contains" library="SeleniumLibrary">
<arg>xpath://*[@id="swal2-content"]</arg>
<arg>Tanda tangan berhasil dibatalkan</arg>
<doc>Waits until the element ``locator`` contains ``text``.</doc>
<status status="PASS" starttime="20231116 13:41:22.496" endtime="20231116 13:41:22.902"/>
</kw>
<status status="PASS" starttime="20231116 13:41:20.671" endtime="20231116 13:41:22.902"/>
</kw>
<kw name="Sleep" library="BuiltIn">
<arg>2s</arg>
<doc>Pauses the test executed for the given time.</doc>
<msg timestamp="20231116 13:41:24.902" level="INFO">Slept 2 seconds</msg>
<status status="PASS" starttime="20231116 13:41:22.902" endtime="20231116 13:41:24.902"/>
</kw>
<kw name="Capture Page Screenshot" library="SeleniumLibrary">
<doc>Takes a screenshot of the current page and embeds it into a log file.</doc>
<msg timestamp="20231116 13:41:25.174" level="INFO" html="true">&lt;/td&gt;&lt;/tr&gt;&lt;tr&gt;&lt;td colspan="3"&gt;&lt;a href="selenium-screenshot-1.png"&gt;&lt;img src="selenium-screenshot-1.png" width="800px"&gt;&lt;/a&gt;</msg>
<status status="PASS" starttime="20231116 13:41:24.902" endtime="20231116 13:41:25.174"/>
</kw>
<kw name="Close Browser" library="SeleniumLibrary" type="TEARDOWN">
<doc>Closes the current browser.</doc>
<status status="PASS" starttime="20231116 13:41:25.174" endtime="20231116 13:41:28.121"/>
</kw>
<doc>SC01 - Cancel Sign TTE</doc>
<tag>TC01 - Cancel Sign TTE</tag>
<status status="PASS" starttime="20231116 13:40:46.917" endtime="20231116 13:41:28.121"/>
</test>
<doc>SC01 - Cancel Sign TTE</doc>
<status status="PASS" starttime="20231116 13:40:46.743" endtime="20231116 13:41:28.122"/>
</suite>
<statistics>
<total>
<stat pass="1" fail="0" skip="0">All Tests</stat>
</total>
<tag>
<stat pass="1" fail="0" skip="0">TC01 - Cancel Sign TTE</stat>
</tag>
<suite>
<stat pass="1" fail="0" skip="0" id="s1" name="SC01 - Cancel Sign TTE">SC01 - Cancel Sign TTE</stat>
</suite>
</statistics>
<errors>
</errors>
</robot>
