<?xml version="1.0" encoding="UTF-8"?>
<robot generator="Robot 6.1.1 (Python 3.12.0 on win32)" generated="20231104 21:18:35.011" rpa="false" schemaversion="4">
<suite id="s1" name="SC02 - Search Permohonan Izin" source="E:\#Freelance\Sicantik\R03 - Permohonan Izin\SC02 - Search Permohonan Izin\SC02 - Search Permohonan Izin.robot">
<test id="s1-t1" name="TC01 - Search Permohonan Izin" line="12">
<kw name="Open Browser To Login Page" library="login">
<kw name="Set Selenium Speed" library="SeleniumLibrary">
<arg>0.5s</arg>
<doc>Sets the delay that is waited after each Selenium command.</doc>
<status status="PASS" starttime="20231104 21:18:35.162" endtime="20231104 21:18:35.162"/>
</kw>
<kw name="Open Browser" library="SeleniumLibrary">
<arg>${LOGIN URL}</arg>
<arg>${BROWSER}</arg>
<doc>Opens a new browser instance to the optional ``url``.</doc>
<msg timestamp="20231104 21:18:35.162" level="INFO">Opening browser 'Chrome' to base url 'https://uji.sicantik.go.id/sign-in'.</msg>
<status status="PASS" starttime="20231104 21:18:35.162" endtime="20231104 21:18:51.052"/>
</kw>
<kw name="Maximize Browser Window" library="SeleniumLibrary">
<doc>Maximizes current browser window.</doc>
<status status="PASS" starttime="20231104 21:18:51.052" endtime="20231104 21:18:51.663"/>
</kw>
<kw name="Title Should Be" library="SeleniumLibrary">
<arg>SICANTIK</arg>
<doc>Verifies that the current page title equals ``title``.</doc>
<msg timestamp="20231104 21:18:52.167" level="INFO">Page title is 'SICANTIK'.</msg>
<status status="PASS" starttime="20231104 21:18:51.663" endtime="20231104 21:18:52.167"/>
</kw>
<status status="PASS" starttime="20231104 21:18:35.162" endtime="20231104 21:18:52.167"/>
</kw>
<kw name="Input Username" library="login">
<arg>admegov</arg>
<kw name="Input Text" library="SeleniumLibrary">
<arg>username</arg>
<arg>${username}</arg>
<doc>Types the given ``text`` into the text field identified by ``locator``.</doc>
<msg timestamp="20231104 21:18:52.168" level="INFO">Typing text 'admegov' into text field 'username'.</msg>
<status status="PASS" starttime="20231104 21:18:52.167" endtime="20231104 21:18:53.730"/>
</kw>
<status status="PASS" starttime="20231104 21:18:52.167" endtime="20231104 21:18:53.730"/>
</kw>
<kw name="Input Password" library="login">
<arg>Admegov789*@#</arg>
<kw name="Input Text" library="SeleniumLibrary">
<arg>password</arg>
<arg>${password}</arg>
<doc>Types the given ``text`` into the text field identified by ``locator``.</doc>
<msg timestamp="20231104 21:18:53.731" level="INFO">Typing text 'Admegov789*@#' into text field 'password'.</msg>
<status status="PASS" starttime="20231104 21:18:53.730" endtime="20231104 21:18:55.287"/>
</kw>
<status status="PASS" starttime="20231104 21:18:53.730" endtime="20231104 21:18:55.287"/>
</kw>
<kw name="Submit Credentials" library="login">
<kw name="Click Button" library="SeleniumLibrary">
<arg>kt_sign_in_submit</arg>
<doc>Clicks the button identified by ``locator``.</doc>
<msg timestamp="20231104 21:18:55.287" level="INFO">Clicking button 'kt_sign_in_submit'.</msg>
<status status="PASS" starttime="20231104 21:18:55.287" endtime="20231104 21:18:57.335"/>
</kw>
<kw name="Sleep" library="BuiltIn">
<arg>5s</arg>
<doc>Pauses the test executed for the given time.</doc>
<msg timestamp="20231104 21:19:02.336" level="INFO">Slept 5 seconds</msg>
<status status="PASS" starttime="20231104 21:18:57.335" endtime="20231104 21:19:02.336"/>
</kw>
<status status="PASS" starttime="20231104 21:18:55.287" endtime="20231104 21:19:02.336"/>
</kw>
<kw name="Move To Permohonan Izin Module" library="permohonan_izin">
<kw name="Go To" library="SeleniumLibrary">
<arg>https://uji.sicantik.go.id/permohonan-izin</arg>
<doc>Navigates the current browser window to the provided ``url``.</doc>
<msg timestamp="20231104 21:19:02.336" level="INFO">Opening url 'https://uji.sicantik.go.id/permohonan-izin'</msg>
<status status="PASS" starttime="20231104 21:19:02.336" endtime="20231104 21:19:03.082"/>
</kw>
<kw name="Wait Until Element Contains" library="SeleniumLibrary">
<arg>tag:h5</arg>
<arg>Permohonan Izin</arg>
<doc>Waits until the element ``locator`` contains ``text``.</doc>
<status status="PASS" starttime="20231104 21:19:03.082" endtime="20231104 21:19:04.101"/>
</kw>
<status status="PASS" starttime="20231104 21:19:02.336" endtime="20231104 21:19:04.101"/>
</kw>
<kw name="Click Button Filter" library="permohonan_izin">
<kw name="Click Element" library="SeleniumLibrary">
<arg>css:button.btn-white</arg>
<doc>Click the element identified by ``locator``.</doc>
<msg timestamp="20231104 21:19:04.101" level="INFO">Clicking element 'css:button.btn-white'.</msg>
<status status="PASS" starttime="20231104 21:19:04.101" endtime="20231104 21:19:05.132"/>
</kw>
<kw name="Wait Until Element Is Enabled" library="SeleniumLibrary">
<arg>class:el-input__wrapper</arg>
<doc>Waits until the element ``locator`` is enabled.</doc>
<status status="PASS" starttime="20231104 21:19:05.132" endtime="20231104 21:19:06.652"/>
</kw>
<status status="PASS" starttime="20231104 21:19:04.101" endtime="20231104 21:19:06.652"/>
</kw>
<kw name="Input No Permohonan" library="permohonan_izin">
<arg>039/Test Uji Penomoran A11/XI/2023</arg>
<kw name="Click Element" library="SeleniumLibrary">
<arg>xpath://*[@id="collapseBtnFilter"]/div/div[1]/div[1]/label</arg>
<doc>Click the element identified by ``locator``.</doc>
<msg timestamp="20231104 21:19:06.653" level="INFO">Clicking element 'xpath://*[@id="collapseBtnFilter"]/div/div[1]/div[1]/label'.</msg>
<status status="PASS" starttime="20231104 21:19:06.652" endtime="20231104 21:19:07.681"/>
</kw>
<kw name="Press Keys" library="SeleniumLibrary">
<arg>None</arg>
<arg>TAB</arg>
<doc>Simulates the user pressing key(s) to an element or on the active browser.</doc>
<msg timestamp="20231104 21:19:07.681" level="INFO">Sending key(s) ('TAB',) to page.</msg>
<msg timestamp="20231104 21:19:07.681" level="INFO">Pressing special key TAB to browser.</msg>
<msg timestamp="20231104 21:19:07.681" level="INFO">Releasing special key TAB.</msg>
<status status="PASS" starttime="20231104 21:19:07.681" endtime="20231104 21:19:08.188"/>
</kw>
<kw name="Press Keys" library="SeleniumLibrary">
<arg>None</arg>
<arg>${noPermohonan}</arg>
<doc>Simulates the user pressing key(s) to an element or on the active browser.</doc>
<msg timestamp="20231104 21:19:08.188" level="INFO">Sending key(s) ('039/Test Uji Penomoran A11/XI/2023',) to page.</msg>
<msg timestamp="20231104 21:19:08.188" level="INFO">Sending keys 039/Test Uji Penomoran A11/XI/2023</msg>
<status status="PASS" starttime="20231104 21:19:08.188" endtime="20231104 21:19:08.732"/>
</kw>
<status status="PASS" starttime="20231104 21:19:06.652" endtime="20231104 21:19:08.732"/>
</kw>
<kw name="Click Button Tampilkan Hasil" library="permohonan_izin">
<kw name="Click Button" library="SeleniumLibrary">
<arg>default:Tampilkan hasil</arg>
<doc>Clicks the button identified by ``locator``.</doc>
<msg timestamp="20231104 21:19:08.732" level="INFO">Clicking button 'default:Tampilkan hasil'.</msg>
<status status="PASS" starttime="20231104 21:19:08.732" endtime="20231104 21:19:10.782"/>
</kw>
<kw name="Sleep" library="BuiltIn">
<arg>5s</arg>
<doc>Pauses the test executed for the given time.</doc>
<msg timestamp="20231104 21:19:15.782" level="INFO">Slept 5 seconds</msg>
<status status="PASS" starttime="20231104 21:19:10.782" endtime="20231104 21:19:15.782"/>
</kw>
<status status="PASS" starttime="20231104 21:19:08.732" endtime="20231104 21:19:15.782"/>
</kw>
<kw name="Sleep" library="BuiltIn">
<arg>2s</arg>
<doc>Pauses the test executed for the given time.</doc>
<msg timestamp="20231104 21:19:17.783" level="INFO">Slept 2 seconds</msg>
<status status="PASS" starttime="20231104 21:19:15.782" endtime="20231104 21:19:17.783"/>
</kw>
<kw name="Capture Page Screenshot" library="SeleniumLibrary">
<doc>Takes a screenshot of the current page and embeds it into a log file.</doc>
<msg timestamp="20231104 21:19:18.424" level="INFO" html="true">&lt;/td&gt;&lt;/tr&gt;&lt;tr&gt;&lt;td colspan="3"&gt;&lt;a href="selenium-screenshot-1.png"&gt;&lt;img src="selenium-screenshot-1.png" width="800px"&gt;&lt;/a&gt;</msg>
<status status="PASS" starttime="20231104 21:19:17.783" endtime="20231104 21:19:18.424"/>
</kw>
<kw name="Close Browser" library="SeleniumLibrary" type="TEARDOWN">
<doc>Closes the current browser.</doc>
<status status="PASS" starttime="20231104 21:19:18.424" endtime="20231104 21:19:20.979"/>
</kw>
<doc>SC02 - Search Permohonan Izin</doc>
<tag>TC01 - Search Permohonan Izin</tag>
<status status="PASS" starttime="20231104 21:18:35.161" endtime="20231104 21:19:20.979"/>
</test>
<doc>SC02 - Search Permohonan Izin</doc>
<status status="PASS" starttime="20231104 21:18:35.012" endtime="20231104 21:19:20.980"/>
</suite>
<statistics>
<total>
<stat pass="1" fail="0" skip="0">All Tests</stat>
</total>
<tag>
<stat pass="1" fail="0" skip="0">TC01 - Search Permohonan Izin</stat>
</tag>
<suite>
<stat pass="1" fail="0" skip="0" id="s1" name="SC02 - Search Permohonan Izin">SC02 - Search Permohonan Izin</stat>
</suite>
</statistics>
<errors>
</errors>
</robot>
