<?xml version="1.0" encoding="UTF-8"?>
<robot generator="Robot 6.1.1 (Python 3.12.0 on win32)" generated="20231104 20:38:18.267" rpa="false" schemaversion="4">
<suite id="s1" name="Sc05 - Delete Data Alur Proses" source="e:\#Freelance\Sicantik\r05 - alur proses\sc05 - delete data alur proses\sc05 - delete data alur proses.robot">
<test id="s1-t1" name="TC01 - Delete Data Alur Proses" line="12">
<kw name="Open Browser To Login Page" library="login">
<kw name="Set Selenium Speed" library="SeleniumLibrary">
<arg>0.5s</arg>
<doc>Sets the delay that is waited after each Selenium command.</doc>
<status status="PASS" starttime="20231104 20:38:18.447" endtime="20231104 20:38:18.448"/>
</kw>
<kw name="Open Browser" library="SeleniumLibrary">
<arg>${LOGIN URL}</arg>
<arg>${BROWSER}</arg>
<doc>Opens a new browser instance to the optional ``url``.</doc>
<msg timestamp="20231104 20:38:18.448" level="INFO">Opening browser 'Firefox' to base url 'https://uji.sicantik.go.id/sign-in'.</msg>
<status status="PASS" starttime="20231104 20:38:18.448" endtime="20231104 20:38:27.365"/>
</kw>
<kw name="Maximize Browser Window" library="SeleniumLibrary">
<doc>Maximizes current browser window.</doc>
<status status="PASS" starttime="20231104 20:38:27.365" endtime="20231104 20:38:28.134"/>
</kw>
<kw name="Title Should Be" library="SeleniumLibrary">
<arg>SICANTIK</arg>
<doc>Verifies that the current page title equals ``title``.</doc>
<msg timestamp="20231104 20:38:28.636" level="INFO">Page title is 'SICANTIK'.</msg>
<status status="PASS" starttime="20231104 20:38:28.134" endtime="20231104 20:38:28.636"/>
</kw>
<status status="PASS" starttime="20231104 20:38:18.447" endtime="20231104 20:38:28.636"/>
</kw>
<kw name="Input Username" library="login">
<arg>admegov</arg>
<kw name="Input Text" library="SeleniumLibrary">
<arg>username</arg>
<arg>${username}</arg>
<doc>Types the given ``text`` into the text field identified by ``locator``.</doc>
<msg timestamp="20231104 20:38:28.638" level="INFO">Typing text 'admegov' into text field 'username'.</msg>
<status status="PASS" starttime="20231104 20:38:28.637" endtime="20231104 20:38:30.188"/>
</kw>
<status status="PASS" starttime="20231104 20:38:28.637" endtime="20231104 20:38:30.188"/>
</kw>
<kw name="Input Password" library="login">
<arg>Admegov789*@#</arg>
<kw name="Input Text" library="SeleniumLibrary">
<arg>password</arg>
<arg>${password}</arg>
<doc>Types the given ``text`` into the text field identified by ``locator``.</doc>
<msg timestamp="20231104 20:38:30.189" level="INFO">Typing text 'Admegov789*@#' into text field 'password'.</msg>
<status status="PASS" starttime="20231104 20:38:30.189" endtime="20231104 20:38:31.707"/>
</kw>
<status status="PASS" starttime="20231104 20:38:30.188" endtime="20231104 20:38:31.707"/>
</kw>
<kw name="Submit Credentials" library="login">
<kw name="Click Button" library="SeleniumLibrary">
<arg>kt_sign_in_submit</arg>
<doc>Clicks the button identified by ``locator``.</doc>
<msg timestamp="20231104 20:38:31.708" level="INFO">Clicking button 'kt_sign_in_submit'.</msg>
<status status="PASS" starttime="20231104 20:38:31.708" endtime="20231104 20:38:33.932"/>
</kw>
<kw name="Sleep" library="BuiltIn">
<arg>5s</arg>
<doc>Pauses the test executed for the given time.</doc>
<msg timestamp="20231104 20:38:38.932" level="INFO">Slept 5 seconds</msg>
<status status="PASS" starttime="20231104 20:38:33.932" endtime="20231104 20:38:38.932"/>
</kw>
<status status="PASS" starttime="20231104 20:38:31.707" endtime="20231104 20:38:38.932"/>
</kw>
<kw name="Move To Alur Proses Module" library="alur_proses">
<kw name="Go To" library="SeleniumLibrary">
<arg>https://uji.sicantik.go.id/alur-proses</arg>
<doc>Navigates the current browser window to the provided ``url``.</doc>
<msg timestamp="20231104 20:38:38.934" level="INFO">Opening url 'https://uji.sicantik.go.id/alur-proses'</msg>
<status status="PASS" starttime="20231104 20:38:38.934" endtime="20231104 20:38:40.399"/>
</kw>
<kw name="Wait Until Element Contains" library="SeleniumLibrary">
<arg>xpath://*[@id="kt_content_container"]/div/div/div[1]/h5</arg>
<arg>Daftar Alur Proses</arg>
<arg>None</arg>
<arg>None</arg>
<doc>Waits until the element ``locator`` contains ``text``.</doc>
<status status="PASS" starttime="20231104 20:38:40.399" endtime="20231104 20:38:41.415"/>
</kw>
<status status="PASS" starttime="20231104 20:38:38.933" endtime="20231104 20:38:41.415"/>
</kw>
<kw name="Click Button Filter" library="alur_proses">
<kw name="Click Button" library="SeleniumLibrary">
<arg>default:Filter</arg>
<doc>Clicks the button identified by ``locator``.</doc>
<msg timestamp="20231104 20:38:41.416" level="INFO">Clicking button 'default:Filter'.</msg>
<status status="PASS" starttime="20231104 20:38:41.416" endtime="20231104 20:38:43.647"/>
</kw>
<kw name="Wait Until Element Contains" library="SeleniumLibrary">
<arg>css:label.form-label</arg>
<arg>Alur Proses</arg>
<arg>None</arg>
<arg>None</arg>
<doc>Waits until the element ``locator`` contains ``text``.</doc>
<status status="PASS" starttime="20231104 20:38:43.647" endtime="20231104 20:38:44.654"/>
</kw>
<status status="PASS" starttime="20231104 20:38:41.415" endtime="20231104 20:38:44.654"/>
</kw>
<kw name="Filter Alur Proses" library="alur_proses">
<arg>alurProsesRian</arg>
<kw name="Input Text" library="SeleniumLibrary">
<arg>class:el-input__inner</arg>
<arg>${alurProses}</arg>
<doc>Types the given ``text`` into the text field identified by ``locator``.</doc>
<msg timestamp="20231104 20:38:44.655" level="INFO">Typing text 'alurProsesRian' into text field 'class:el-input__inner'.</msg>
<status status="PASS" starttime="20231104 20:38:44.655" endtime="20231104 20:38:46.178"/>
</kw>
<kw name="Click Button" library="SeleniumLibrary">
<arg>default:Tampilkan hasil</arg>
<doc>Clicks the button identified by ``locator``.</doc>
<msg timestamp="20231104 20:38:46.178" level="INFO">Clicking button 'default:Tampilkan hasil'.</msg>
<status status="PASS" starttime="20231104 20:38:46.178" endtime="20231104 20:38:48.427"/>
</kw>
<status status="PASS" starttime="20231104 20:38:44.655" endtime="20231104 20:38:48.427"/>
</kw>
<kw name="Click Button Delete" library="alur_proses">
<kw name="Click Element" library="SeleniumLibrary">
<arg>css:i.fa-trash-alt</arg>
<doc>Click the element identified by ``locator``.</doc>
<msg timestamp="20231104 20:38:48.428" level="INFO">Clicking element 'css:i.fa-trash-alt'.</msg>
<status status="PASS" starttime="20231104 20:38:48.428" endtime="20231104 20:38:49.651"/>
</kw>
<kw name="Wait Until Element Contains" library="SeleniumLibrary">
<arg>css:h2.swal2-title</arg>
<arg>Apakah Anda Yakin?</arg>
<arg>None</arg>
<arg>None</arg>
<doc>Waits until the element ``locator`` contains ``text``.</doc>
<status status="PASS" starttime="20231104 20:38:49.651" endtime="20231104 20:38:50.658"/>
</kw>
<status status="PASS" starttime="20231104 20:38:48.427" endtime="20231104 20:38:50.658"/>
</kw>
<kw name="Click Button Ya Hapus" library="alur_proses">
<kw name="Click Button" library="SeleniumLibrary">
<arg>default:Ya, Hapus</arg>
<doc>Clicks the button identified by ``locator``.</doc>
<msg timestamp="20231104 20:38:50.659" level="INFO">Clicking button 'default:Ya, Hapus'.</msg>
<status status="PASS" starttime="20231104 20:38:50.659" endtime="20231104 20:38:52.875"/>
</kw>
<kw name="Wait Until Element Is Visible" library="SeleniumLibrary">
<arg>class:Vue-Toastification__toast-body</arg>
<doc>Waits until the element ``locator`` is visible.</doc>
<status status="PASS" starttime="20231104 20:38:52.875" endtime="20231104 20:38:53.887"/>
</kw>
<status status="PASS" starttime="20231104 20:38:50.658" endtime="20231104 20:38:53.887"/>
</kw>
<kw name="Sleep" library="BuiltIn">
<arg>1s</arg>
<doc>Pauses the test executed for the given time.</doc>
<msg timestamp="20231104 20:38:54.889" level="INFO">Slept 1 second</msg>
<status status="PASS" starttime="20231104 20:38:53.887" endtime="20231104 20:38:54.889"/>
</kw>
<kw name="Capture Page Screenshot" library="SeleniumLibrary">
<doc>Takes a screenshot of the current page and embeds it into a log file.</doc>
<msg timestamp="20231104 20:38:55.451" level="INFO" html="true">&lt;/td&gt;&lt;/tr&gt;&lt;tr&gt;&lt;td colspan="3"&gt;&lt;a href="selenium-screenshot-1.png"&gt;&lt;img src="selenium-screenshot-1.png" width="800px"&gt;&lt;/a&gt;</msg>
<status status="PASS" starttime="20231104 20:38:54.890" endtime="20231104 20:38:55.451"/>
</kw>
<kw name="Close Browser" library="SeleniumLibrary" type="TEARDOWN">
<doc>Closes the current browser.</doc>
<status status="PASS" starttime="20231104 20:38:55.451" endtime="20231104 20:38:58.722"/>
</kw>
<doc>SC05 - Delete Data Alur Proses</doc>
<tag>TC01 - Delete Data Alur Proses</tag>
<status status="PASS" starttime="20231104 20:38:18.446" endtime="20231104 20:38:58.722"/>
</test>
<doc>SC05 - Delete Data Alur Proses</doc>
<status status="PASS" starttime="20231104 20:38:18.270" endtime="20231104 20:38:58.723"/>
</suite>
<statistics>
<total>
<stat pass="1" fail="0" skip="0">All Tests</stat>
</total>
<tag>
<stat pass="1" fail="0" skip="0">TC01 - Delete Data Alur Proses</stat>
</tag>
<suite>
<stat pass="1" fail="0" skip="0" id="s1" name="Sc05 - Delete Data Alur Proses">Sc05 - Delete Data Alur Proses</stat>
</suite>
</statistics>
<errors>
</errors>
</robot>
