<?xml version="1.0" encoding="UTF-8"?>
<robot generator="Robot 6.1.1 (Python 3.12.0 on win32)" generated="20231111 20:27:09.718" rpa="false" schemaversion="4">
<suite id="s1" name="SC04 - Duplicate Data Alur Proses" source="E:\#Freelance\Sicantik\tests\R05 - Alur Proses\SC04 - Duplicate Data Alur Proses\SC04 - Duplicate Data Alur Proses.robot">
<test id="s1-t1" name="TC01 - Duplicate Data Alur Proses" line="12">
<kw name="Open Browser To Login Page" library="login">
<kw name="Set Selenium Speed" library="SeleniumLibrary">
<arg>0.3s</arg>
<doc>Sets the delay that is waited after each Selenium command.</doc>
<status status="PASS" starttime="20231111 20:27:09.874" endtime="20231111 20:27:09.874"/>
</kw>
<kw name="Open Browser" library="SeleniumLibrary">
<arg>${LOGIN URL}</arg>
<arg>${BROWSER}</arg>
<arg>options=add_argument("--incognito")</arg>
<doc>Opens a new browser instance to the optional ``url``.</doc>
<msg timestamp="20231111 20:27:09.874" level="INFO">Opening browser 'Firefox' to base url 'https://uji.sicantik.go.id/sign-in'.</msg>
<status status="PASS" starttime="20231111 20:27:09.874" endtime="20231111 20:27:18.501"/>
</kw>
<kw name="Maximize Browser Window" library="SeleniumLibrary">
<doc>Maximizes current browser window.</doc>
<status status="PASS" starttime="20231111 20:27:18.501" endtime="20231111 20:27:19.057"/>
</kw>
<kw name="Title Should Be" library="SeleniumLibrary">
<arg>SICANTIK</arg>
<doc>Verifies that the current page title equals ``title``.</doc>
<msg timestamp="20231111 20:27:19.360" level="INFO">Page title is 'SICANTIK'.</msg>
<status status="PASS" starttime="20231111 20:27:19.057" endtime="20231111 20:27:19.360"/>
</kw>
<status status="PASS" starttime="20231111 20:27:09.874" endtime="20231111 20:27:19.360"/>
</kw>
<kw name="Input Username" library="login">
<arg>demo</arg>
<kw name="Input Text" library="SeleniumLibrary">
<arg>username</arg>
<arg>${username}</arg>
<doc>Types the given ``text`` into the text field identified by ``locator``.</doc>
<msg timestamp="20231111 20:27:19.361" level="INFO">Typing text 'demo' into text field 'username'.</msg>
<status status="PASS" starttime="20231111 20:27:19.360" endtime="20231111 20:27:20.304"/>
</kw>
<status status="PASS" starttime="20231111 20:27:19.360" endtime="20231111 20:27:20.304"/>
</kw>
<kw name="Input Password" library="login">
<arg>Demo789*@#</arg>
<kw name="Input Text" library="SeleniumLibrary">
<arg>password</arg>
<arg>${password}</arg>
<doc>Types the given ``text`` into the text field identified by ``locator``.</doc>
<msg timestamp="20231111 20:27:20.305" level="INFO">Typing text 'Demo789*@#' into text field 'password'.</msg>
<status status="PASS" starttime="20231111 20:27:20.304" endtime="20231111 20:27:21.220"/>
</kw>
<status status="PASS" starttime="20231111 20:27:20.304" endtime="20231111 20:27:21.220"/>
</kw>
<kw name="Submit Credentials" library="login">
<kw name="Click Button" library="SeleniumLibrary">
<arg>kt_sign_in_submit</arg>
<doc>Clicks the button identified by ``locator``.</doc>
<msg timestamp="20231111 20:27:21.220" level="INFO">Clicking button 'kt_sign_in_submit'.</msg>
<status status="PASS" starttime="20231111 20:27:21.220" endtime="20231111 20:27:22.642"/>
</kw>
<kw name="Sleep" library="BuiltIn">
<arg>5s</arg>
<doc>Pauses the test executed for the given time.</doc>
<msg timestamp="20231111 20:27:27.643" level="INFO">Slept 5 seconds</msg>
<status status="PASS" starttime="20231111 20:27:22.642" endtime="20231111 20:27:27.643"/>
</kw>
<status status="PASS" starttime="20231111 20:27:21.220" endtime="20231111 20:27:27.643"/>
</kw>
<kw name="Move To Alur Proses Module" library="alur_proses">
<kw name="Go To" library="SeleniumLibrary">
<arg>https://uji.sicantik.go.id/alur-proses</arg>
<doc>Navigates the current browser window to the provided ``url``.</doc>
<msg timestamp="20231111 20:27:27.643" level="INFO">Opening url 'https://uji.sicantik.go.id/alur-proses'</msg>
<status status="PASS" starttime="20231111 20:27:27.643" endtime="20231111 20:27:28.250"/>
</kw>
<kw name="Wait Until Element Contains" library="SeleniumLibrary">
<arg>xpath://*[@id="kt_content_container"]/div/div/div[1]/h5</arg>
<arg>Daftar Alur Proses</arg>
<arg>None</arg>
<arg>None</arg>
<doc>Waits until the element ``locator`` contains ``text``.</doc>
<status status="PASS" starttime="20231111 20:27:28.250" endtime="20231111 20:27:28.877"/>
</kw>
<status status="PASS" starttime="20231111 20:27:27.643" endtime="20231111 20:27:28.877"/>
</kw>
<kw name="Click Button Filter" library="alur_proses">
<kw name="Click Button" library="SeleniumLibrary">
<arg>default:Filter</arg>
<doc>Clicks the button identified by ``locator``.</doc>
<msg timestamp="20231111 20:27:28.877" level="INFO">Clicking button 'default:Filter'.</msg>
<status status="PASS" starttime="20231111 20:27:28.877" endtime="20231111 20:27:30.302"/>
</kw>
<kw name="Wait Until Element Contains" library="SeleniumLibrary">
<arg>css:label.form-label</arg>
<arg>Alur Proses</arg>
<arg>None</arg>
<arg>None</arg>
<doc>Waits until the element ``locator`` contains ``text``.</doc>
<status status="PASS" starttime="20231111 20:27:30.302" endtime="20231111 20:27:30.910"/>
</kw>
<status status="PASS" starttime="20231111 20:27:28.877" endtime="20231111 20:27:30.910"/>
</kw>
<kw name="Filter Alur Proses" library="alur_proses">
<arg>testing</arg>
<kw name="Input Text" library="SeleniumLibrary">
<arg>class:el-input__inner</arg>
<arg>${alurProses}</arg>
<doc>Types the given ``text`` into the text field identified by ``locator``.</doc>
<msg timestamp="20231111 20:27:30.911" level="INFO">Typing text 'testing' into text field 'class:el-input__inner'.</msg>
<status status="PASS" starttime="20231111 20:27:30.910" endtime="20231111 20:27:31.827"/>
</kw>
<kw name="Click Button" library="SeleniumLibrary">
<arg>default:Tampilkan hasil</arg>
<doc>Clicks the button identified by ``locator``.</doc>
<msg timestamp="20231111 20:27:31.827" level="INFO">Clicking button 'default:Tampilkan hasil'.</msg>
<status status="PASS" starttime="20231111 20:27:31.827" endtime="20231111 20:27:33.266"/>
</kw>
<status status="PASS" starttime="20231111 20:27:30.910" endtime="20231111 20:27:33.266"/>
</kw>
<kw name="Click Button Duplicate" library="alur_proses">
<kw name="Click Element" library="SeleniumLibrary">
<arg>css:i.fa-file</arg>
<doc>Click the element identified by ``locator``.</doc>
<msg timestamp="20231111 20:27:33.266" level="INFO">Clicking element 'css:i.fa-file'.</msg>
<status status="PASS" starttime="20231111 20:27:33.266" endtime="20231111 20:27:34.093"/>
</kw>
<kw name="Wait Until Element Contains" library="SeleniumLibrary">
<arg>css:h2.swal2-title</arg>
<arg>Apakah Anda Yakin?</arg>
<arg>None</arg>
<arg>None</arg>
<doc>Waits until the element ``locator`` contains ``text``.</doc>
<status status="PASS" starttime="20231111 20:27:34.093" endtime="20231111 20:27:34.700"/>
</kw>
<status status="PASS" starttime="20231111 20:27:33.266" endtime="20231111 20:27:34.700"/>
</kw>
<kw name="Click Button Ya Duplicate" library="alur_proses">
<kw name="Click Button" library="SeleniumLibrary">
<arg>default:Ya, Duplikat</arg>
<doc>Clicks the button identified by ``locator``.</doc>
<msg timestamp="20231111 20:27:34.700" level="INFO">Clicking button 'default:Ya, Duplikat'.</msg>
<status status="PASS" starttime="20231111 20:27:34.700" endtime="20231111 20:27:36.120"/>
</kw>
<kw name="Wait Until Element Is Visible" library="SeleniumLibrary">
<arg>class:Vue-Toastification__toast-body</arg>
<doc>Waits until the element ``locator`` is visible.</doc>
<status status="PASS" starttime="20231111 20:27:36.120" endtime="20231111 20:27:36.732"/>
</kw>
<status status="PASS" starttime="20231111 20:27:34.700" endtime="20231111 20:27:36.732"/>
</kw>
<kw name="Sleep" library="BuiltIn">
<arg>1s</arg>
<doc>Pauses the test executed for the given time.</doc>
<msg timestamp="20231111 20:27:37.732" level="INFO">Slept 1 second</msg>
<status status="PASS" starttime="20231111 20:27:36.732" endtime="20231111 20:27:37.732"/>
</kw>
<kw name="Capture Page Screenshot" library="SeleniumLibrary">
<doc>Takes a screenshot of the current page and embeds it into a log file.</doc>
<msg timestamp="20231111 20:27:38.089" level="INFO" html="true">&lt;/td&gt;&lt;/tr&gt;&lt;tr&gt;&lt;td colspan="3"&gt;&lt;a href="selenium-screenshot-1.png"&gt;&lt;img src="selenium-screenshot-1.png" width="800px"&gt;&lt;/a&gt;</msg>
<status status="PASS" starttime="20231111 20:27:37.732" endtime="20231111 20:27:38.089"/>
</kw>
<kw name="Close Browser" library="SeleniumLibrary" type="TEARDOWN">
<doc>Closes the current browser.</doc>
<status status="PASS" starttime="20231111 20:27:38.089" endtime="20231111 20:27:41.374"/>
</kw>
<doc>SC04 - Duplicate Data Alur Proses</doc>
<tag>TC01 - Duplicate Data Alur Proses</tag>
<status status="PASS" starttime="20231111 20:27:09.873" endtime="20231111 20:27:41.374"/>
</test>
<doc>SC04 - Duplicate Data Alur Proses</doc>
<status status="PASS" starttime="20231111 20:27:09.719" endtime="20231111 20:27:41.375"/>
</suite>
<statistics>
<total>
<stat pass="1" fail="0" skip="0">All Tests</stat>
</total>
<tag>
<stat pass="1" fail="0" skip="0">TC01 - Duplicate Data Alur Proses</stat>
</tag>
<suite>
<stat pass="1" fail="0" skip="0" id="s1" name="SC04 - Duplicate Data Alur Proses">SC04 - Duplicate Data Alur Proses</stat>
</suite>
</statistics>
<errors>
</errors>
</robot>
