<?xml version="1.0" encoding="UTF-8"?>
<robot generator="Robot 6.1.1 (Python 3.12.0 on win32)" generated="20231111 17:44:18.181" rpa="false" schemaversion="4">
<suite id="s1" name="SC01 - View Data Penomoran" source="E:\#Freelance\Sicantik\tests\R01 - Penomoran\SC01 - View Data Penomoran\SC01 - View Data Penomoran.robot">
<test id="s1-t1" name="TC01 - View Data Permohonan" line="12">
<kw name="Open Browser To Login Page" library="login">
<kw name="Set Selenium Speed" library="SeleniumLibrary">
<arg>0.3s</arg>
<doc>Sets the delay that is waited after each Selenium command.</doc>
<status status="PASS" starttime="20231111 17:44:18.333" endtime="20231111 17:44:18.333"/>
</kw>
<kw name="Open Browser" library="SeleniumLibrary">
<arg>${LOGIN URL}</arg>
<arg>${BROWSER}</arg>
<arg>options=add_argument("--incognito")</arg>
<doc>Opens a new browser instance to the optional ``url``.</doc>
<msg timestamp="20231111 17:44:18.334" level="INFO">Opening browser 'Firefox' to base url 'https://uji.sicantik.go.id/sign-in'.</msg>
<status status="PASS" starttime="20231111 17:44:18.333" endtime="20231111 17:44:26.106"/>
</kw>
<kw name="Maximize Browser Window" library="SeleniumLibrary">
<doc>Maximizes current browser window.</doc>
<status status="PASS" starttime="20231111 17:44:26.106" endtime="20231111 17:44:26.663"/>
</kw>
<kw name="Title Should Be" library="SeleniumLibrary">
<arg>SICANTIK</arg>
<doc>Verifies that the current page title equals ``title``.</doc>
<msg timestamp="20231111 17:44:26.965" level="INFO">Page title is 'SICANTIK'.</msg>
<status status="PASS" starttime="20231111 17:44:26.663" endtime="20231111 17:44:26.965"/>
</kw>
<status status="PASS" starttime="20231111 17:44:18.333" endtime="20231111 17:44:26.965"/>
</kw>
<kw name="Input Username" library="login">
<arg>demo</arg>
<kw name="Input Text" library="SeleniumLibrary">
<arg>username</arg>
<arg>${username}</arg>
<doc>Types the given ``text`` into the text field identified by ``locator``.</doc>
<msg timestamp="20231111 17:44:26.966" level="INFO">Typing text 'demo' into text field 'username'.</msg>
<status status="PASS" starttime="20231111 17:44:26.965" endtime="20231111 17:44:27.909"/>
</kw>
<status status="PASS" starttime="20231111 17:44:26.965" endtime="20231111 17:44:27.909"/>
</kw>
<kw name="Input Password" library="login">
<arg>Demo789*@#</arg>
<kw name="Input Text" library="SeleniumLibrary">
<arg>password</arg>
<arg>${password}</arg>
<doc>Types the given ``text`` into the text field identified by ``locator``.</doc>
<msg timestamp="20231111 17:44:27.910" level="INFO">Typing text 'Demo789*@#' into text field 'password'.</msg>
<status status="PASS" starttime="20231111 17:44:27.909" endtime="20231111 17:44:28.826"/>
</kw>
<status status="PASS" starttime="20231111 17:44:27.909" endtime="20231111 17:44:28.826"/>
</kw>
<kw name="Submit Credentials" library="login">
<kw name="Click Button" library="SeleniumLibrary">
<arg>kt_sign_in_submit</arg>
<doc>Clicks the button identified by ``locator``.</doc>
<msg timestamp="20231111 17:44:28.826" level="INFO">Clicking button 'kt_sign_in_submit'.</msg>
<status status="PASS" starttime="20231111 17:44:28.826" endtime="20231111 17:44:30.248"/>
</kw>
<kw name="Sleep" library="BuiltIn">
<arg>5s</arg>
<doc>Pauses the test executed for the given time.</doc>
<msg timestamp="20231111 17:44:35.248" level="INFO">Slept 5 seconds</msg>
<status status="PASS" starttime="20231111 17:44:30.248" endtime="20231111 17:44:35.248"/>
</kw>
<status status="PASS" starttime="20231111 17:44:28.826" endtime="20231111 17:44:35.248"/>
</kw>
<kw name="Move To Penomoran Module" library="penomoran">
<kw name="Go To" library="SeleniumLibrary">
<arg>https://uji.sicantik.go.id/penomoran</arg>
<doc>Navigates the current browser window to the provided ``url``.</doc>
<msg timestamp="20231111 17:44:35.248" level="INFO">Opening url 'https://uji.sicantik.go.id/penomoran'</msg>
<status status="PASS" starttime="20231111 17:44:35.248" endtime="20231111 17:44:35.852"/>
</kw>
<kw name="Wait Until Element Is Visible" library="SeleniumLibrary">
<arg>xpath://*[@id="kt_content_container"]/div/div/div[1]/h5</arg>
<doc>Waits until the element ``locator`` is visible.</doc>
<status status="PASS" starttime="20231111 17:44:35.852" endtime="20231111 17:44:36.467"/>
</kw>
<status status="PASS" starttime="20231111 17:44:35.248" endtime="20231111 17:44:36.467"/>
</kw>
<kw name="Sleep" library="BuiltIn">
<arg>2s</arg>
<doc>Pauses the test executed for the given time.</doc>
<msg timestamp="20231111 17:44:38.468" level="INFO">Slept 2 seconds</msg>
<status status="PASS" starttime="20231111 17:44:36.467" endtime="20231111 17:44:38.468"/>
</kw>
<kw name="Capture Page Screenshot" library="SeleniumLibrary">
<doc>Takes a screenshot of the current page and embeds it into a log file.</doc>
<msg timestamp="20231111 17:44:38.815" level="INFO" html="true">&lt;/td&gt;&lt;/tr&gt;&lt;tr&gt;&lt;td colspan="3"&gt;&lt;a href="selenium-screenshot-1.png"&gt;&lt;img src="selenium-screenshot-1.png" width="800px"&gt;&lt;/a&gt;</msg>
<status status="PASS" starttime="20231111 17:44:38.468" endtime="20231111 17:44:38.815"/>
</kw>
<kw name="Close Browser" library="SeleniumLibrary" type="TEARDOWN">
<doc>Closes the current browser.</doc>
<status status="PASS" starttime="20231111 17:44:38.815" endtime="20231111 17:44:42.303"/>
</kw>
<doc>SC01 - View Data Permohonan</doc>
<tag>TC01 - View Data Permohonan</tag>
<status status="PASS" starttime="20231111 17:44:18.332" endtime="20231111 17:44:42.303"/>
</test>
<doc>SC01 - View Data Permohonan</doc>
<status status="PASS" starttime="20231111 17:44:18.182" endtime="20231111 17:44:42.304"/>
</suite>
<statistics>
<total>
<stat pass="1" fail="0" skip="0">All Tests</stat>
</total>
<tag>
<stat pass="1" fail="0" skip="0">TC01 - View Data Permohonan</stat>
</tag>
<suite>
<stat pass="1" fail="0" skip="0" id="s1" name="SC01 - View Data Penomoran">SC01 - View Data Penomoran</stat>
</suite>
</statistics>
<errors>
</errors>
</robot>
