<?xml version="1.0" encoding="UTF-8"?>
<robot generator="Robot 6.1.1 (Python 3.12.0 on win32)" generated="20231108 23:02:36.813" rpa="false" schemaversion="4">
<suite id="s1" name="SC01 - View Web Service Eksternal" source="E:\#Freelance\Sicantik\tests\R10 - Web Service Eksternal\SC01 - View Web Service Eksternal\SC01 - View Web Service Eksternal.robot">
<test id="s1-t1" name="TC01 - View Service Eksternal" line="12">
<kw name="Open Browser To Login Page" library="login">
<kw name="Set Selenium Speed" library="SeleniumLibrary">
<arg>0.3s</arg>
<doc>Sets the delay that is waited after each Selenium command.</doc>
<status status="PASS" starttime="20231108 23:02:36.967" endtime="20231108 23:02:36.967"/>
</kw>
<kw name="Open Browser" library="SeleniumLibrary">
<arg>${LOGIN URL}</arg>
<arg>${BROWSER}</arg>
<doc>Opens a new browser instance to the optional ``url``.</doc>
<msg timestamp="20231108 23:02:36.968" level="INFO">Opening browser 'Firefox' to base url 'https://uji.sicantik.go.id/sign-in'.</msg>
<status status="PASS" starttime="20231108 23:02:36.967" endtime="20231108 23:02:45.268"/>
</kw>
<kw name="Maximize Browser Window" library="SeleniumLibrary">
<doc>Maximizes current browser window.</doc>
<status status="PASS" starttime="20231108 23:02:45.268" endtime="20231108 23:02:45.824"/>
</kw>
<kw name="Title Should Be" library="SeleniumLibrary">
<arg>SICANTIK</arg>
<doc>Verifies that the current page title equals ``title``.</doc>
<msg timestamp="20231108 23:02:46.126" level="INFO">Page title is 'SICANTIK'.</msg>
<status status="PASS" starttime="20231108 23:02:45.824" endtime="20231108 23:02:46.126"/>
</kw>
<status status="PASS" starttime="20231108 23:02:36.967" endtime="20231108 23:02:46.126"/>
</kw>
<kw name="Input Username" library="login">
<arg>admegov</arg>
<kw name="Input Text" library="SeleniumLibrary">
<arg>username</arg>
<arg>${username}</arg>
<doc>Types the given ``text`` into the text field identified by ``locator``.</doc>
<msg timestamp="20231108 23:02:46.127" level="INFO">Typing text 'admegov' into text field 'username'.</msg>
<status status="PASS" starttime="20231108 23:02:46.126" endtime="20231108 23:02:47.081"/>
</kw>
<status status="PASS" starttime="20231108 23:02:46.126" endtime="20231108 23:02:47.081"/>
</kw>
<kw name="Input Password" library="login">
<arg>Admegov789*@#</arg>
<kw name="Input Text" library="SeleniumLibrary">
<arg>password</arg>
<arg>${password}</arg>
<doc>Types the given ``text`` into the text field identified by ``locator``.</doc>
<msg timestamp="20231108 23:02:47.082" level="INFO">Typing text 'Admegov789*@#' into text field 'password'.</msg>
<status status="PASS" starttime="20231108 23:02:47.081" endtime="20231108 23:02:48.000"/>
</kw>
<status status="PASS" starttime="20231108 23:02:47.081" endtime="20231108 23:02:48.000"/>
</kw>
<kw name="Submit Credentials" library="login">
<kw name="Click Button" library="SeleniumLibrary">
<arg>kt_sign_in_submit</arg>
<doc>Clicks the button identified by ``locator``.</doc>
<msg timestamp="20231108 23:02:48.001" level="INFO">Clicking button 'kt_sign_in_submit'.</msg>
<status status="PASS" starttime="20231108 23:02:48.000" endtime="20231108 23:02:49.420"/>
</kw>
<kw name="Sleep" library="BuiltIn">
<arg>5s</arg>
<doc>Pauses the test executed for the given time.</doc>
<msg timestamp="20231108 23:02:54.420" level="INFO">Slept 5 seconds</msg>
<status status="PASS" starttime="20231108 23:02:49.420" endtime="20231108 23:02:54.420"/>
</kw>
<status status="PASS" starttime="20231108 23:02:48.000" endtime="20231108 23:02:54.420"/>
</kw>
<kw name="Move To Web Service Eksternal" library="web_service_eksternal">
<kw name="Go To" library="SeleniumLibrary">
<arg>https://uji.sicantik.go.id/service-eksternal</arg>
<doc>Navigates the current browser window to the provided ``url``.</doc>
<msg timestamp="20231108 23:02:54.420" level="INFO">Opening url 'https://uji.sicantik.go.id/service-eksternal'</msg>
<status status="PASS" starttime="20231108 23:02:54.420" endtime="20231108 23:02:55.119"/>
</kw>
<kw name="Element Should Contain" library="SeleniumLibrary">
<arg>xpath://*[@id="kt_content_container"]/div/div/div[1]/h5</arg>
<arg>Daftar Service Eksternal</arg>
<doc>Verifies that element ``locator`` contains text ``expected``.</doc>
<msg timestamp="20231108 23:02:55.736" level="INFO">Element 'xpath://*[@id="kt_content_container"]/div/div/div[1]/h5' contains text 'Daftar Service Eksternal'.</msg>
<status status="PASS" starttime="20231108 23:02:55.119" endtime="20231108 23:02:55.736"/>
</kw>
<status status="PASS" starttime="20231108 23:02:54.420" endtime="20231108 23:02:55.736"/>
</kw>
<kw name="Sleep" library="BuiltIn">
<arg>1s</arg>
<doc>Pauses the test executed for the given time.</doc>
<msg timestamp="20231108 23:02:56.737" level="INFO">Slept 1 second</msg>
<status status="PASS" starttime="20231108 23:02:55.736" endtime="20231108 23:02:56.737"/>
</kw>
<kw name="Capture Page Screenshot" library="SeleniumLibrary">
<doc>Takes a screenshot of the current page and embeds it into a log file.</doc>
<msg timestamp="20231108 23:02:57.086" level="INFO" html="true">&lt;/td&gt;&lt;/tr&gt;&lt;tr&gt;&lt;td colspan="3"&gt;&lt;a href="selenium-screenshot-1.png"&gt;&lt;img src="selenium-screenshot-1.png" width="800px"&gt;&lt;/a&gt;</msg>
<status status="PASS" starttime="20231108 23:02:56.737" endtime="20231108 23:02:57.086"/>
</kw>
<kw name="Close Browser" library="SeleniumLibrary" type="TEARDOWN">
<doc>Closes the current browser.</doc>
<status status="PASS" starttime="20231108 23:02:57.086" endtime="20231108 23:03:00.133"/>
</kw>
<doc>SC01 - View Web Service Eksternal</doc>
<tag>TC01 - View Service Eksternal</tag>
<status status="PASS" starttime="20231108 23:02:36.966" endtime="20231108 23:03:00.133"/>
</test>
<doc>SC01 - View Web Service Eksternal</doc>
<status status="PASS" starttime="20231108 23:02:36.814" endtime="20231108 23:03:00.134"/>
</suite>
<statistics>
<total>
<stat pass="1" fail="0" skip="0">All Tests</stat>
</total>
<tag>
<stat pass="1" fail="0" skip="0">TC01 - View Service Eksternal</stat>
</tag>
<suite>
<stat pass="1" fail="0" skip="0" id="s1" name="SC01 - View Web Service Eksternal">SC01 - View Web Service Eksternal</stat>
</suite>
</statistics>
<errors>
</errors>
</robot>
