<?xml version="1.0" encoding="UTF-8"?>
<robot generator="Robot 6.1.1 (Python 3.12.0 on win32)" generated="20231125 09:12:07.702" rpa="false" schemaversion="4">
<suite id="s1" name="SC02 - Filter Data Proses Permohonan" source="E:\#Freelance\Sicantik\tests\R04 - Proses Permohonan\Admin Instansi\SC02 - Filter Data Proses Permohonan\SC02 - Filter Data Proses Permohonan.robot">
<test id="s1-t1" name="TC01 - Filter Data Proses Permohonan" line="12">
<kw name="Open Browser To Login Page" library="login">
<kw name="Set Selenium Speed" library="SeleniumLibrary">
<arg>0.2s</arg>
<doc>Sets the delay that is waited after each Selenium command.</doc>
<status status="PASS" starttime="20231125 09:12:07.868" endtime="20231125 09:12:07.868"/>
</kw>
<kw name="Open Browser" library="SeleniumLibrary">
<arg>${LOGIN URL}</arg>
<arg>${BROWSER}</arg>
<arg>options=add_argument("--incognito")</arg>
<doc>Opens a new browser instance to the optional ``url``.</doc>
<msg timestamp="20231125 09:12:07.868" level="INFO">Opening browser 'Firefox' to base url 'https://uji.sicantik.go.id/sign-in'.</msg>
<status status="PASS" starttime="20231125 09:12:07.868" endtime="20231125 09:12:17.072"/>
</kw>
<kw name="Maximize Browser Window" library="SeleniumLibrary">
<doc>Maximizes current browser window.</doc>
<status status="PASS" starttime="20231125 09:12:17.072" endtime="20231125 09:12:17.530"/>
</kw>
<kw name="Title Should Be" library="SeleniumLibrary">
<arg>SICANTIK</arg>
<doc>Verifies that the current page title equals ``title``.</doc>
<msg timestamp="20231125 09:12:17.732" level="INFO">Page title is 'SICANTIK'.</msg>
<status status="PASS" starttime="20231125 09:12:17.530" endtime="20231125 09:12:17.732"/>
</kw>
<status status="PASS" starttime="20231125 09:12:07.868" endtime="20231125 09:12:17.732"/>
</kw>
<kw name="Login Admin Instansi" library="login">
<kw name="Input Username" library="login">
<arg>demo</arg>
<kw name="Input Text" library="SeleniumLibrary">
<arg>username</arg>
<arg>${username}</arg>
<doc>Types the given ``text`` into the text field identified by ``locator``.</doc>
<msg timestamp="20231125 09:12:17.733" level="INFO">Typing text 'demo' into text field 'username'.</msg>
<status status="PASS" starttime="20231125 09:12:17.732" endtime="20231125 09:12:18.377"/>
</kw>
<status status="PASS" starttime="20231125 09:12:17.732" endtime="20231125 09:12:18.377"/>
</kw>
<kw name="Input Password" library="login">
<arg>Demo789*@#</arg>
<kw name="Input Text" library="SeleniumLibrary">
<arg>password</arg>
<arg>${password}</arg>
<doc>Types the given ``text`` into the text field identified by ``locator``.</doc>
<msg timestamp="20231125 09:12:18.377" level="INFO">Typing text 'Demo789*@#' into text field 'password'.</msg>
<status status="PASS" starttime="20231125 09:12:18.377" endtime="20231125 09:12:18.994"/>
</kw>
<status status="PASS" starttime="20231125 09:12:18.377" endtime="20231125 09:12:18.994"/>
</kw>
<kw name="Submit Credentials" library="login">
<kw name="Click Button" library="SeleniumLibrary">
<arg>kt_sign_in_submit</arg>
<doc>Clicks the button identified by ``locator``.</doc>
<msg timestamp="20231125 09:12:18.994" level="INFO">Clicking button 'kt_sign_in_submit'.</msg>
<status status="PASS" starttime="20231125 09:12:18.994" endtime="20231125 09:12:20.022"/>
</kw>
<kw name="Sleep" library="BuiltIn">
<arg>5s</arg>
<doc>Pauses the test executed for the given time.</doc>
<msg timestamp="20231125 09:12:25.022" level="INFO">Slept 5 seconds</msg>
<status status="PASS" starttime="20231125 09:12:20.022" endtime="20231125 09:12:25.022"/>
</kw>
<status status="PASS" starttime="20231125 09:12:18.994" endtime="20231125 09:12:25.022"/>
</kw>
<kw name="Element Should Contain" library="SeleniumLibrary">
<arg>xpath://*[@id="kt_header_user_menu_toggle"]/div[2]/span[1]</arg>
<arg>DEMO</arg>
<doc>Verifies that element ``locator`` contains text ``expected``.</doc>
<msg timestamp="20231125 09:12:25.438" level="INFO">Element 'xpath://*[@id="kt_header_user_menu_toggle"]/div[2]/span[1]' contains text 'DEMO'.</msg>
<status status="PASS" starttime="20231125 09:12:25.022" endtime="20231125 09:12:25.438"/>
</kw>
<status status="PASS" starttime="20231125 09:12:17.732" endtime="20231125 09:12:25.438"/>
</kw>
<kw name="Move to Proses Permohonan" library="proses_permohonan">
<kw name="Go To" library="SeleniumLibrary">
<arg>https://uji.sicantik.go.id/proses-pengajuan</arg>
<doc>Navigates the current browser window to the provided ``url``.</doc>
<msg timestamp="20231125 09:12:25.438" level="INFO">Opening url 'https://uji.sicantik.go.id/proses-pengajuan'</msg>
<status status="PASS" starttime="20231125 09:12:25.438" endtime="20231125 09:12:25.960"/>
</kw>
<kw name="Wait Until Element Contains" library="SeleniumLibrary">
<arg>tag:h5</arg>
<arg>Proses Pengajuan</arg>
<arg>None</arg>
<arg>None</arg>
<doc>Waits until the element ``locator`` contains ``text``.</doc>
<status status="PASS" starttime="20231125 09:12:25.960" endtime="20231125 09:12:26.368"/>
</kw>
<kw name="Sleep" library="BuiltIn">
<arg>3s</arg>
<doc>Pauses the test executed for the given time.</doc>
<msg timestamp="20231125 09:12:29.369" level="INFO">Slept 3 seconds</msg>
<status status="PASS" starttime="20231125 09:12:26.368" endtime="20231125 09:12:29.369"/>
</kw>
<status status="PASS" starttime="20231125 09:12:25.438" endtime="20231125 09:12:29.369"/>
</kw>
<kw name="Click Button Filter" library="proses_permohonan">
<kw name="Click Element" library="SeleniumLibrary">
<arg>xpath://*[@id="kt_content_container"]/div[1]/div/div[2]/div/div[1]/button</arg>
<doc>Click the element identified by ``locator``.</doc>
<msg timestamp="20231125 09:12:29.370" level="INFO">Clicking element 'xpath://*[@id="kt_content_container"]/div[1]/div/div[2]/div/div[1]/button'.</msg>
<status status="PASS" starttime="20231125 09:12:29.370" endtime="20231125 09:12:29.999"/>
</kw>
<kw name="Wait Until Element Is Visible" library="SeleniumLibrary">
<arg>class:form-label</arg>
<arg>None</arg>
<arg>None</arg>
<doc>Waits until the element ``locator`` is visible.</doc>
<status status="PASS" starttime="20231125 09:12:29.999" endtime="20231125 09:12:30.413"/>
</kw>
<status status="PASS" starttime="20231125 09:12:29.369" endtime="20231125 09:12:30.413"/>
</kw>
<kw name="Input No Permohonan" library="proses_permohonan">
<arg>37/iat23/2023</arg>
<kw name="Press Keys" library="SeleniumLibrary">
<arg>None</arg>
<arg>TAB</arg>
<doc>Simulates the user pressing key(s) to an element or on the active browser.</doc>
<msg timestamp="20231125 09:12:30.414" level="INFO">Sending key(s) ('TAB',) to page.</msg>
<msg timestamp="20231125 09:12:30.414" level="INFO">Pressing special key TAB to browser.</msg>
<msg timestamp="20231125 09:12:30.414" level="INFO">Releasing special key TAB.</msg>
<status status="PASS" starttime="20231125 09:12:30.413" endtime="20231125 09:12:30.634"/>
</kw>
<kw name="Press Keys" library="SeleniumLibrary">
<arg>None</arg>
<arg>${noPermohonan}</arg>
<doc>Simulates the user pressing key(s) to an element or on the active browser.</doc>
<msg timestamp="20231125 09:12:30.634" level="INFO">Sending key(s) ('37/iat23/2023',) to page.</msg>
<msg timestamp="20231125 09:12:30.634" level="INFO">Sending keys 37/iat23/2023</msg>
<status status="PASS" starttime="20231125 09:12:30.634" endtime="20231125 09:12:30.854"/>
</kw>
<status status="PASS" starttime="20231125 09:12:30.413" endtime="20231125 09:12:30.854"/>
</kw>
<kw name="Click Button Tampilkan Hasil Proses Permohonan" library="proses_permohonan">
<kw name="Click Element" library="SeleniumLibrary">
<arg>xpath://*[@id="collapseBtnFilter"]/div/div[2]/div/button[1]</arg>
<doc>Click the element identified by ``locator``.</doc>
<msg timestamp="20231125 09:12:30.855" level="INFO">Clicking element 'xpath://*[@id="collapseBtnFilter"]/div/div[2]/div/button[1]'.</msg>
<status status="PASS" starttime="20231125 09:12:30.854" endtime="20231125 09:12:31.484"/>
</kw>
<status status="PASS" starttime="20231125 09:12:30.854" endtime="20231125 09:12:31.484"/>
</kw>
<kw name="Sleep" library="BuiltIn">
<arg>10s</arg>
<doc>Pauses the test executed for the given time.</doc>
<msg timestamp="20231125 09:12:41.484" level="INFO">Slept 10 seconds</msg>
<status status="PASS" starttime="20231125 09:12:31.484" endtime="20231125 09:12:41.484"/>
</kw>
<kw name="Capture Page Screenshot" library="SeleniumLibrary">
<doc>Takes a screenshot of the current page and embeds it into a log file.</doc>
<msg timestamp="20231125 09:12:41.750" level="INFO" html="true">&lt;/td&gt;&lt;/tr&gt;&lt;tr&gt;&lt;td colspan="3"&gt;&lt;a href="selenium-screenshot-2.png"&gt;&lt;img src="selenium-screenshot-2.png" width="800px"&gt;&lt;/a&gt;</msg>
<status status="PASS" starttime="20231125 09:12:41.484" endtime="20231125 09:12:41.750"/>
</kw>
<kw name="Close Browser" library="SeleniumLibrary" type="TEARDOWN">
<doc>Closes the current browser.</doc>
<status status="PASS" starttime="20231125 09:12:41.750" endtime="20231125 09:12:44.915"/>
</kw>
<doc>SC02 - Filter Data Proses Permohonan</doc>
<tag>TC01 - Filter Data Proses Permohonan</tag>
<status status="PASS" starttime="20231125 09:12:07.867" endtime="20231125 09:12:44.915"/>
</test>
<doc>SC02 - Filter Data Proses Permohonan</doc>
<status status="PASS" starttime="20231125 09:12:07.703" endtime="20231125 09:12:44.916"/>
</suite>
<statistics>
<total>
<stat pass="1" fail="0" skip="0">All Tests</stat>
</total>
<tag>
<stat pass="1" fail="0" skip="0">TC01 - Filter Data Proses Permohonan</stat>
</tag>
<suite>
<stat pass="1" fail="0" skip="0" id="s1" name="SC02 - Filter Data Proses Permohonan">SC02 - Filter Data Proses Permohonan</stat>
</suite>
</statistics>
<errors>
</errors>
</robot>
