<?xml version="1.0" encoding="UTF-8"?>
<robot generator="Robot 6.1.1 (Python 3.12.0 on win32)" generated="20231112 15:57:33.455" rpa="false" schemaversion="4">
<suite id="s1" name="SC01 - View Data Notifikasi" source="E:\#Freelance\Sicantik\tests\R02 - Notifikasi\SC01 - View Data Notifikasi\SC01 - View Data Notifikasi.robot">
<test id="s1-t1" name="TC01 - View Data Notifikasi" line="12">
<kw name="Open Browser To Login Page" library="login">
<kw name="Set Selenium Speed" library="SeleniumLibrary">
<arg>0.4s</arg>
<doc>Sets the delay that is waited after each Selenium command.</doc>
<status status="PASS" starttime="20231112 15:57:33.618" endtime="20231112 15:57:33.618"/>
</kw>
<kw name="Open Browser" library="SeleniumLibrary">
<arg>${LOGIN URL}</arg>
<arg>${BROWSER}</arg>
<arg>options=add_argument("--incognito")</arg>
<doc>Opens a new browser instance to the optional ``url``.</doc>
<msg timestamp="20231112 15:57:33.618" level="INFO">Opening browser 'Firefox' to base url 'https://uji.sicantik.go.id/sign-in'.</msg>
<status status="PASS" starttime="20231112 15:57:33.618" endtime="20231112 15:57:41.346"/>
</kw>
<kw name="Maximize Browser Window" library="SeleniumLibrary">
<doc>Maximizes current browser window.</doc>
<status status="PASS" starttime="20231112 15:57:41.346" endtime="20231112 15:57:42.003"/>
</kw>
<kw name="Title Should Be" library="SeleniumLibrary">
<arg>SICANTIK</arg>
<doc>Verifies that the current page title equals ``title``.</doc>
<msg timestamp="20231112 15:57:42.405" level="INFO">Page title is 'SICANTIK'.</msg>
<status status="PASS" starttime="20231112 15:57:42.003" endtime="20231112 15:57:42.405"/>
</kw>
<status status="PASS" starttime="20231112 15:57:33.617" endtime="20231112 15:57:42.405"/>
</kw>
<kw name="Login Admin Instansi" library="login">
<kw name="Input Username" library="login">
<arg>demo</arg>
<kw name="Input Text" library="SeleniumLibrary">
<arg>username</arg>
<arg>${username}</arg>
<doc>Types the given ``text`` into the text field identified by ``locator``.</doc>
<msg timestamp="20231112 15:57:42.406" level="INFO">Typing text 'demo' into text field 'username'.</msg>
<status status="PASS" starttime="20231112 15:57:42.405" endtime="20231112 15:57:43.654"/>
</kw>
<status status="PASS" starttime="20231112 15:57:42.405" endtime="20231112 15:57:43.654"/>
</kw>
<kw name="Input Password" library="login">
<arg>Demo789*@#</arg>
<kw name="Input Text" library="SeleniumLibrary">
<arg>password</arg>
<arg>${password}</arg>
<doc>Types the given ``text`` into the text field identified by ``locator``.</doc>
<msg timestamp="20231112 15:57:43.655" level="INFO">Typing text 'Demo789*@#' into text field 'password'.</msg>
<status status="PASS" starttime="20231112 15:57:43.655" endtime="20231112 15:57:44.873"/>
</kw>
<status status="PASS" starttime="20231112 15:57:43.654" endtime="20231112 15:57:44.873"/>
</kw>
<status status="PASS" starttime="20231112 15:57:42.405" endtime="20231112 15:57:44.873"/>
</kw>
<kw name="Submit Credentials" library="login">
<kw name="Click Button" library="SeleniumLibrary">
<arg>kt_sign_in_submit</arg>
<doc>Clicks the button identified by ``locator``.</doc>
<msg timestamp="20231112 15:57:44.873" level="INFO">Clicking button 'kt_sign_in_submit'.</msg>
<status status="PASS" starttime="20231112 15:57:44.873" endtime="20231112 15:57:46.691"/>
</kw>
<kw name="Sleep" library="BuiltIn">
<arg>5s</arg>
<doc>Pauses the test executed for the given time.</doc>
<msg timestamp="20231112 15:57:51.691" level="INFO">Slept 5 seconds</msg>
<status status="PASS" starttime="20231112 15:57:46.691" endtime="20231112 15:57:51.691"/>
</kw>
<status status="PASS" starttime="20231112 15:57:44.873" endtime="20231112 15:57:51.691"/>
</kw>
<kw name="Click Icon Notification" library="notifikasi">
<kw name="Sleep" library="BuiltIn">
<arg>3s</arg>
<doc>Pauses the test executed for the given time.</doc>
<msg timestamp="20231112 15:57:54.692" level="INFO">Slept 3 seconds</msg>
<status status="PASS" starttime="20231112 15:57:51.691" endtime="20231112 15:57:54.692"/>
</kw>
<kw name="Click Element" library="SeleniumLibrary">
<arg>css:i.fa-bell</arg>
<doc>Click the element identified by ``locator``.</doc>
<msg timestamp="20231112 15:57:54.692" level="INFO">Clicking element 'css:i.fa-bell'.</msg>
<status status="PASS" starttime="20231112 15:57:54.692" endtime="20231112 15:57:55.710"/>
</kw>
<kw name="Element Should Contain" library="SeleniumLibrary">
<arg>xpath://*[@id="kt_header"]/div/div[3]/div[2]/div[2]/div[1]/div[2]/div[1]/div/h3</arg>
<arg>Notifikasi</arg>
<doc>Verifies that element ``locator`` contains text ``expected``.</doc>
<msg timestamp="20231112 15:57:56.526" level="INFO">Element 'xpath://*[@id="kt_header"]/div/div[3]/div[2]/div[2]/div[1]/div[2]/div[1]/div/h3' contains text 'Notifikasi'.</msg>
<status status="PASS" starttime="20231112 15:57:55.710" endtime="20231112 15:57:56.526"/>
</kw>
<status status="PASS" starttime="20231112 15:57:51.691" endtime="20231112 15:57:56.526"/>
</kw>
<kw name="Sleep" library="BuiltIn">
<arg>2s</arg>
<doc>Pauses the test executed for the given time.</doc>
<msg timestamp="20231112 15:57:58.527" level="INFO">Slept 2 seconds</msg>
<status status="PASS" starttime="20231112 15:57:56.526" endtime="20231112 15:57:58.527"/>
</kw>
<kw name="Capture Page Screenshot" library="SeleniumLibrary">
<doc>Takes a screenshot of the current page and embeds it into a log file.</doc>
<msg timestamp="20231112 15:57:59.000" level="INFO" html="true">&lt;/td&gt;&lt;/tr&gt;&lt;tr&gt;&lt;td colspan="3"&gt;&lt;a href="selenium-screenshot-1.png"&gt;&lt;img src="selenium-screenshot-1.png" width="800px"&gt;&lt;/a&gt;</msg>
<status status="PASS" starttime="20231112 15:57:58.527" endtime="20231112 15:57:59.000"/>
</kw>
<kw name="Close Browser" library="SeleniumLibrary" type="TEARDOWN">
<doc>Closes the current browser.</doc>
<status status="PASS" starttime="20231112 15:57:59.000" endtime="20231112 15:58:02.097"/>
</kw>
<doc>SC01 - View Data Notifikasi</doc>
<tag>TC01 - View Data Notifikasi</tag>
<status status="PASS" starttime="20231112 15:57:33.617" endtime="20231112 15:58:02.097"/>
</test>
<test id="s1-t2" name="TC02 - View Page Setting Notifikasi" line="23">
<kw name="Open Browser To Login Page" library="login">
<kw name="Set Selenium Speed" library="SeleniumLibrary">
<arg>0.4s</arg>
<doc>Sets the delay that is waited after each Selenium command.</doc>
<status status="PASS" starttime="20231112 15:58:02.098" endtime="20231112 15:58:02.098"/>
</kw>
<kw name="Open Browser" library="SeleniumLibrary">
<arg>${LOGIN URL}</arg>
<arg>${BROWSER}</arg>
<arg>options=add_argument("--incognito")</arg>
<doc>Opens a new browser instance to the optional ``url``.</doc>
<msg timestamp="20231112 15:58:02.098" level="INFO">Opening browser 'Firefox' to base url 'https://uji.sicantik.go.id/sign-in'.</msg>
<status status="PASS" starttime="20231112 15:58:02.098" endtime="20231112 15:58:10.787"/>
</kw>
<kw name="Maximize Browser Window" library="SeleniumLibrary">
<doc>Maximizes current browser window.</doc>
<status status="PASS" starttime="20231112 15:58:10.787" endtime="20231112 15:58:11.443"/>
</kw>
<kw name="Title Should Be" library="SeleniumLibrary">
<arg>SICANTIK</arg>
<doc>Verifies that the current page title equals ``title``.</doc>
<msg timestamp="20231112 15:58:11.845" level="INFO">Page title is 'SICANTIK'.</msg>
<status status="PASS" starttime="20231112 15:58:11.443" endtime="20231112 15:58:11.845"/>
</kw>
<status status="PASS" starttime="20231112 15:58:02.098" endtime="20231112 15:58:11.845"/>
</kw>
<kw name="Login Admin Instansi" library="login">
<kw name="Input Username" library="login">
<arg>demo</arg>
<kw name="Input Text" library="SeleniumLibrary">
<arg>username</arg>
<arg>${username}</arg>
<doc>Types the given ``text`` into the text field identified by ``locator``.</doc>
<msg timestamp="20231112 15:58:11.846" level="INFO">Typing text 'demo' into text field 'username'.</msg>
<status status="PASS" starttime="20231112 15:58:11.845" endtime="20231112 15:58:13.092"/>
</kw>
<status status="PASS" starttime="20231112 15:58:11.845" endtime="20231112 15:58:13.092"/>
</kw>
<kw name="Input Password" library="login">
<arg>Demo789*@#</arg>
<kw name="Input Text" library="SeleniumLibrary">
<arg>password</arg>
<arg>${password}</arg>
<doc>Types the given ``text`` into the text field identified by ``locator``.</doc>
<msg timestamp="20231112 15:58:13.093" level="INFO">Typing text 'Demo789*@#' into text field 'password'.</msg>
<status status="PASS" starttime="20231112 15:58:13.092" endtime="20231112 15:58:14.311"/>
</kw>
<status status="PASS" starttime="20231112 15:58:13.092" endtime="20231112 15:58:14.311"/>
</kw>
<status status="PASS" starttime="20231112 15:58:11.845" endtime="20231112 15:58:14.311"/>
</kw>
<kw name="Submit Credentials" library="login">
<kw name="Click Button" library="SeleniumLibrary">
<arg>kt_sign_in_submit</arg>
<doc>Clicks the button identified by ``locator``.</doc>
<msg timestamp="20231112 15:58:14.312" level="INFO">Clicking button 'kt_sign_in_submit'.</msg>
<status status="PASS" starttime="20231112 15:58:14.311" endtime="20231112 15:58:16.129"/>
</kw>
<kw name="Sleep" library="BuiltIn">
<arg>5s</arg>
<doc>Pauses the test executed for the given time.</doc>
<msg timestamp="20231112 15:58:21.129" level="INFO">Slept 5 seconds</msg>
<status status="PASS" starttime="20231112 15:58:16.129" endtime="20231112 15:58:21.129"/>
</kw>
<status status="PASS" starttime="20231112 15:58:14.311" endtime="20231112 15:58:21.129"/>
</kw>
<kw name="Move To Notification" library="notifikasi">
<kw name="Go To" library="SeleniumLibrary">
<arg>https://uji.sicantik.go.id/notifikasi</arg>
<doc>Navigates the current browser window to the provided ``url``.</doc>
<msg timestamp="20231112 15:58:21.129" level="INFO">Opening url 'https://uji.sicantik.go.id/notifikasi'</msg>
<status status="PASS" starttime="20231112 15:58:21.129" endtime="20231112 15:58:22.101"/>
</kw>
<kw name="Element Should Contain" library="SeleniumLibrary">
<arg>xpath://*[@id="kt_content_container"]/div/div/div[1]/h5</arg>
<arg>Daftar Jenis Izin</arg>
<doc>Verifies that element ``locator`` contains text ``expected``.</doc>
<msg timestamp="20231112 15:58:22.918" level="INFO">Element 'xpath://*[@id="kt_content_container"]/div/div/div[1]/h5' contains text 'Daftar Jenis Izin'.</msg>
<status status="PASS" starttime="20231112 15:58:22.101" endtime="20231112 15:58:22.918"/>
</kw>
<status status="PASS" starttime="20231112 15:58:21.129" endtime="20231112 15:58:22.918"/>
</kw>
<kw name="Sleep" library="BuiltIn">
<arg>2s</arg>
<doc>Pauses the test executed for the given time.</doc>
<msg timestamp="20231112 15:58:24.919" level="INFO">Slept 2 seconds</msg>
<status status="PASS" starttime="20231112 15:58:22.918" endtime="20231112 15:58:24.919"/>
</kw>
<kw name="Capture Page Screenshot" library="SeleniumLibrary">
<doc>Takes a screenshot of the current page and embeds it into a log file.</doc>
<msg timestamp="20231112 15:58:25.370" level="INFO" html="true">&lt;/td&gt;&lt;/tr&gt;&lt;tr&gt;&lt;td colspan="3"&gt;&lt;a href="selenium-screenshot-2.png"&gt;&lt;img src="selenium-screenshot-2.png" width="800px"&gt;&lt;/a&gt;</msg>
<status status="PASS" starttime="20231112 15:58:24.919" endtime="20231112 15:58:25.370"/>
</kw>
<kw name="Close Browser" library="SeleniumLibrary" type="TEARDOWN">
<doc>Closes the current browser.</doc>
<status status="PASS" starttime="20231112 15:58:25.370" endtime="20231112 15:58:28.705"/>
</kw>
<doc>SC01 - View Data Notifikasi</doc>
<tag>TC02 - View Page Setting Notifikasi</tag>
<status status="PASS" starttime="20231112 15:58:02.097" endtime="20231112 15:58:28.705"/>
</test>
<doc>SC01 - View Data Notification</doc>
<status status="PASS" starttime="20231112 15:57:33.456" endtime="20231112 15:58:28.706"/>
</suite>
<statistics>
<total>
<stat pass="2" fail="0" skip="0">All Tests</stat>
</total>
<tag>
<stat pass="1" fail="0" skip="0">TC01 - View Data Notifikasi</stat>
<stat pass="1" fail="0" skip="0">TC02 - View Page Setting Notifikasi</stat>
</tag>
<suite>
<stat pass="2" fail="0" skip="0" id="s1" name="SC01 - View Data Notifikasi">SC01 - View Data Notifikasi</stat>
</suite>
</statistics>
<errors>
</errors>
</robot>
