<?xml version="1.0" encoding="UTF-8"?>
<robot generator="Robot 6.0.2 (Python 3.11.2 on win32)" generated="20231103 09:19:17.612" rpa="false" schemaversion="3">
<suite id="s1" name="Freedom" source="D:\#RIANCAHYADI\Projects\Freedom">
<suite id="s1-s1" name="User" source="D:\#RIANCAHYADI\Projects\Freedom\user.robot">
<test id="s1-s1-t1" name="Forgot Password" line="20">
<kw name="Open Browser To Login Page" library="keywords">
<kw name="Set Selenium Speed" library="SeleniumLibrary">
<arg>0.5s</arg>
<doc>Sets the delay that is waited after each Selenium command.</doc>
<status status="PASS" starttime="20231103 09:19:17.805" endtime="20231103 09:19:17.805"/>
</kw>
<kw name="Open Browser" library="SeleniumLibrary">
<arg>${LOGIN URL}</arg>
<arg>${BROWSER}</arg>
<arg>options=add_argument("--incognito")</arg>
<doc>Opens a new browser instance to the optional ``url``.</doc>
<msg timestamp="20231103 09:19:17.805" level="INFO">Opening browser 'Chrome' to base url 'https://uji.sicantik.go.id/sign-in'.</msg>
<status status="PASS" starttime="20231103 09:19:17.805" endtime="20231103 09:19:21.388"/>
</kw>
<kw name="Maximize Browser Window" library="SeleniumLibrary">
<doc>Maximizes current browser window.</doc>
<status status="PASS" starttime="20231103 09:19:21.388" endtime="20231103 09:19:22.011"/>
</kw>
<kw name="Title Should Be" library="SeleniumLibrary">
<arg>SICANTIK</arg>
<doc>Verifies that the current page title equals ``title``.</doc>
<msg timestamp="20231103 09:19:22.517" level="INFO">Page title is 'SICANTIK'.</msg>
<status status="PASS" starttime="20231103 09:19:22.011" endtime="20231103 09:19:22.517"/>
</kw>
<status status="PASS" starttime="20231103 09:19:17.805" endtime="20231103 09:19:22.517"/>
</kw>
<kw name="Move To Forgot Password Page" library="keywords">
<kw name="Click Element" library="SeleniumLibrary">
<arg>xpath://*[@id="kt_login_signin_form"]/div[5]/div[4]/a</arg>
<doc>Click the element identified by ``locator``.</doc>
<msg timestamp="20231103 09:19:22.519" level="INFO">Clicking element 'xpath://*[@id="kt_login_signin_form"]/div[5]/div[4]/a'.</msg>
<status status="PASS" starttime="20231103 09:19:22.518" endtime="20231103 09:19:23.563"/>
</kw>
<status status="PASS" starttime="20231103 09:19:22.518" endtime="20231103 09:19:23.563"/>
</kw>
<kw name="Input Email" library="keywords">
<arg>email@mailinator.com</arg>
<kw name="Input Text" library="SeleniumLibrary">
<arg>name:email</arg>
<arg>${email}</arg>
<doc>Types the given ``text`` into the text field identified by ``locator``.</doc>
<msg timestamp="20231103 09:19:23.565" level="INFO">Typing text 'email@mailinator.com' into text field 'name:email'.</msg>
<status status="PASS" starttime="20231103 09:19:23.565" endtime="20231103 09:19:25.153"/>
</kw>
<status status="PASS" starttime="20231103 09:19:23.564" endtime="20231103 09:19:25.153"/>
</kw>
<kw name="Submit Forgot Password" library="keywords">
<kw name="Click Button" library="SeleniumLibrary">
<arg>xpath://*[@id="app"]/div/div/div[2]/div/div/form/div/div[2]/div/button</arg>
<doc>Clicks the button identified by ``locator``.</doc>
<msg timestamp="20231103 09:19:25.154" level="INFO">Clicking button 'xpath://*[@id="app"]/div/div/div[2]/div/div/form/div/div[2]/div/button'.</msg>
<status status="PASS" starttime="20231103 09:19:25.154" endtime="20231103 09:19:27.710"/>
</kw>
<status status="PASS" starttime="20231103 09:19:25.154" endtime="20231103 09:19:27.710"/>
</kw>
<kw name="Close Browser" library="SeleniumLibrary" type="TEARDOWN">
<doc>Closes the current browser.</doc>
<status status="PASS" starttime="20231103 09:19:27.710" endtime="20231103 09:19:30.277"/>
</kw>
<status status="PASS" starttime="20231103 09:19:17.805" endtime="20231103 09:19:30.277"/>
</test>
<doc>Simple example using SeleniumLibrary.</doc>
<status status="PASS" starttime="20231103 09:19:17.634" endtime="20231103 09:19:30.279"/>
</suite>
<status status="PASS" starttime="20231103 09:19:17.615" endtime="20231103 09:19:30.280"/>
</suite>
<statistics>
<total>
<stat pass="1" fail="0" skip="0">All Tests</stat>
</total>
<tag>
</tag>
<suite>
<stat pass="1" fail="0" skip="0" id="s1" name="Freedom">Freedom</stat>
<stat pass="1" fail="0" skip="0" id="s1-s1" name="User">Freedom.User</stat>
</suite>
</statistics>
<errors>
</errors>
</robot>
