<?xml version="1.0" encoding="UTF-8"?>
<robot generator="Robot 6.0.2 (Python 3.11.2 on win32)" generated="20231103 14:58:02.839" rpa="false" schemaversion="3">
<suite id="s1" name="Freedom" source="D:\#RIANCAHYADI\Projects\Freedom">
<suite id="s1-s1" name="R08 - Template Form" source="D:\#RIANCAHYADI\Projects\Freedom\R08 - Template Form">
<suite id="s1-s1-s1" name="SC03 - Update Template Data" source="D:\#RIANCAHYADI\Projects\Freedom\R08 - Template Form\SC03 - Update Template Data">
<suite id="s1-s1-s1-s1" name="SC03 - Update Template Data" source="D:\#RIANCAHYADI\Projects\Freedom\R08 - Template Form\SC03 - Update Template Data\SC03 - Update Template Data.robot">
<test id="s1-s1-s1-s1-t1" name="TC01 - Update Template Form (Tipe Form) dengan Tidak Otomatis Update" line="12">
<kw name="Open Browser To Login Page" library="login">
<kw name="Set Selenium Speed" library="SeleniumLibrary">
<arg>0.2s</arg>
<doc>Sets the delay that is waited after each Selenium command.</doc>
<status status="PASS" starttime="20231103 14:58:03.022" endtime="20231103 14:58:03.022"/>
</kw>
<kw name="Open Browser" library="SeleniumLibrary">
<arg>${LOGIN URL}</arg>
<arg>${BROWSER}</arg>
<arg>options=add_argument("--incognito")</arg>
<doc>Opens a new browser instance to the optional ``url``.</doc>
<msg timestamp="20231103 14:58:03.023" level="INFO">Opening browser 'Chrome' to base url 'https://uji.sicantik.go.id/sign-in'.</msg>
<status status="PASS" starttime="20231103 14:58:03.023" endtime="20231103 14:58:05.946"/>
</kw>
<kw name="Maximize Browser Window" library="SeleniumLibrary">
<doc>Maximizes current browser window.</doc>
<status status="PASS" starttime="20231103 14:58:05.946" endtime="20231103 14:58:06.268"/>
</kw>
<kw name="Title Should Be" library="SeleniumLibrary">
<arg>SICANTIK</arg>
<doc>Verifies that the current page title equals ``title``.</doc>
<msg timestamp="20231103 14:58:06.473" level="INFO">Page title is 'SICANTIK'.</msg>
<status status="PASS" starttime="20231103 14:58:06.268" endtime="20231103 14:58:06.473"/>
</kw>
<status status="PASS" starttime="20231103 14:58:03.022" endtime="20231103 14:58:06.473"/>
</kw>
<kw name="Input Username" library="login">
<arg>admegov</arg>
<kw name="Input Text" library="SeleniumLibrary">
<arg>username</arg>
<arg>${username}</arg>
<doc>Types the given ``text`` into the text field identified by ``locator``.</doc>
<msg timestamp="20231103 14:58:06.475" level="INFO">Typing text 'admegov' into text field 'username'.</msg>
<status status="PASS" starttime="20231103 14:58:06.474" endtime="20231103 14:58:07.158"/>
</kw>
<status status="PASS" starttime="20231103 14:58:06.474" endtime="20231103 14:58:07.158"/>
</kw>
<kw name="Input Password" library="login">
<arg>Admegov789*@#</arg>
<kw name="Input Text" library="SeleniumLibrary">
<arg>password</arg>
<arg>${password}</arg>
<doc>Types the given ``text`` into the text field identified by ``locator``.</doc>
<msg timestamp="20231103 14:58:07.159" level="INFO">Typing text 'Admegov789*@#' into text field 'password'.</msg>
<status status="PASS" starttime="20231103 14:58:07.159" endtime="20231103 14:58:07.834"/>
</kw>
<status status="PASS" starttime="20231103 14:58:07.158" endtime="20231103 14:58:07.834"/>
</kw>
<kw name="Submit Credentials" library="login">
<kw name="Click Button" library="SeleniumLibrary">
<arg>kt_sign_in_submit</arg>
<doc>Clicks the button identified by ``locator``.</doc>
<msg timestamp="20231103 14:58:07.835" level="INFO">Clicking button 'kt_sign_in_submit'.</msg>
<status status="PASS" starttime="20231103 14:58:07.835" endtime="20231103 14:58:08.686"/>
</kw>
<kw name="Sleep" library="BuiltIn">
<arg>3s</arg>
<doc>Pauses the test executed for the given time.</doc>
<msg timestamp="20231103 14:58:11.686" level="INFO">Slept 3 seconds</msg>
<status status="PASS" starttime="20231103 14:58:08.686" endtime="20231103 14:58:11.686"/>
</kw>
<kw name="Wait Until Element Is Visible" library="SeleniumLibrary">
<arg>xpath://*[@id="#kt_header_menu"]/div[1]/a/span[2]</arg>
<doc>Waits until the element ``locator`` is visible.</doc>
<status status="PASS" starttime="20231103 14:58:11.686" endtime="20231103 14:58:12.110"/>
</kw>
<status status="PASS" starttime="20231103 14:58:07.834" endtime="20231103 14:58:12.110"/>
</kw>
<kw name="Move To Template Form" library="template_form">
<kw name="Go To" library="SeleniumLibrary">
<arg>https://uji.sicantik.go.id/template-form</arg>
<doc>Navigates the current browser window to the provided ``url``.</doc>
<msg timestamp="20231103 14:58:12.112" level="INFO">Opening url 'https://uji.sicantik.go.id/template-form'</msg>
<status status="PASS" starttime="20231103 14:58:12.112" endtime="20231103 14:58:12.631"/>
</kw>
<kw name="Sleep" library="BuiltIn">
<arg>3s</arg>
<doc>Pauses the test executed for the given time.</doc>
<msg timestamp="20231103 14:58:15.631" level="INFO">Slept 3 seconds</msg>
<status status="PASS" starttime="20231103 14:58:12.631" endtime="20231103 14:58:15.631"/>
</kw>
<status status="PASS" starttime="20231103 14:58:12.112" endtime="20231103 14:58:15.631"/>
</kw>
<kw name="Click Icon Edit" library="template_form">
<kw name="Click Element" library="SeleniumLibrary">
<arg>class:fa-edit</arg>
<doc>Click the element identified by ``locator``.</doc>
<msg timestamp="20231103 14:58:15.633" level="INFO">Clicking element 'class:fa-edit'.</msg>
<status status="PASS" starttime="20231103 14:58:15.632" endtime="20231103 14:58:16.093"/>
</kw>
<status status="PASS" starttime="20231103 14:58:15.632" endtime="20231103 14:58:16.093"/>
</kw>
<kw name="Click Button Simpan Data" library="template_form">
<kw name="Click Button" library="SeleniumLibrary">
<arg>xpath://*[@id="kt_content_container"]/div[1]/form/div/div[1]/div/div/div[2]/button[2]</arg>
<doc>Clicks the button identified by ``locator``.</doc>
<msg timestamp="20231103 14:58:16.094" level="INFO">Clicking button 'xpath://*[@id="kt_content_container"]/div[1]/form/div/div[1]/div/div/div[2]/button[2]'.</msg>
<status status="PASS" starttime="20231103 14:58:16.094" endtime="20231103 14:58:16.953"/>
</kw>
<status status="PASS" starttime="20231103 14:58:16.093" endtime="20231103 14:58:16.953"/>
</kw>
<kw name="Capture Page Screenshot" library="SeleniumLibrary">
<doc>Takes a screenshot of the current page and embeds it into a log file.</doc>
<msg timestamp="20231103 14:58:17.310" level="INFO" html="true">&lt;/td&gt;&lt;/tr&gt;&lt;tr&gt;&lt;td colspan="3"&gt;&lt;a href="selenium-screenshot-1.png"&gt;&lt;img src="selenium-screenshot-1.png" width="800px"&gt;&lt;/a&gt;</msg>
<status status="PASS" starttime="20231103 14:58:16.953" endtime="20231103 14:58:17.310"/>
</kw>
<status status="PASS" starttime="20231103 14:58:03.021" endtime="20231103 14:58:17.311"/>
</test>
<test id="s1-s1-s1-s1-t2" name="TC02 - Update Template Form (Tipe Form) dengan Otomatis Update" line="22">
<kw name="Open Browser To Login Page" library="login">
<kw name="Set Selenium Speed" library="SeleniumLibrary">
<arg>0.2s</arg>
<doc>Sets the delay that is waited after each Selenium command.</doc>
<status status="PASS" starttime="20231103 14:58:17.313" endtime="20231103 14:58:17.313"/>
</kw>
<kw name="Open Browser" library="SeleniumLibrary">
<arg>${LOGIN URL}</arg>
<arg>${BROWSER}</arg>
<arg>options=add_argument("--incognito")</arg>
<doc>Opens a new browser instance to the optional ``url``.</doc>
<msg timestamp="20231103 14:58:17.315" level="INFO">Opening browser 'Chrome' to base url 'https://uji.sicantik.go.id/sign-in'.</msg>
<status status="PASS" starttime="20231103 14:58:17.314" endtime="20231103 14:58:21.521"/>
</kw>
<kw name="Maximize Browser Window" library="SeleniumLibrary">
<doc>Maximizes current browser window.</doc>
<status status="PASS" starttime="20231103 14:58:21.521" endtime="20231103 14:58:21.830"/>
</kw>
<kw name="Title Should Be" library="SeleniumLibrary">
<arg>SICANTIK</arg>
<doc>Verifies that the current page title equals ``title``.</doc>
<msg timestamp="20231103 14:58:22.036" level="INFO">Page title is 'SICANTIK'.</msg>
<status status="PASS" starttime="20231103 14:58:21.830" endtime="20231103 14:58:22.036"/>
</kw>
<status status="PASS" starttime="20231103 14:58:17.313" endtime="20231103 14:58:22.036"/>
</kw>
<kw name="Input Username" library="login">
<arg>admegov</arg>
<kw name="Input Text" library="SeleniumLibrary">
<arg>username</arg>
<arg>${username}</arg>
<doc>Types the given ``text`` into the text field identified by ``locator``.</doc>
<msg timestamp="20231103 14:58:22.038" level="INFO">Typing text 'admegov' into text field 'username'.</msg>
<status status="PASS" starttime="20231103 14:58:22.037" endtime="20231103 14:58:22.731"/>
</kw>
<status status="PASS" starttime="20231103 14:58:22.037" endtime="20231103 14:58:22.731"/>
</kw>
<kw name="Input Password" library="login">
<arg>Admegov789*@#</arg>
<kw name="Input Text" library="SeleniumLibrary">
<arg>password</arg>
<arg>${password}</arg>
<doc>Types the given ``text`` into the text field identified by ``locator``.</doc>
<msg timestamp="20231103 14:58:22.732" level="INFO">Typing text 'Admegov789*@#' into text field 'password'.</msg>
<status status="PASS" starttime="20231103 14:58:22.732" endtime="20231103 14:58:23.406"/>
</kw>
<status status="PASS" starttime="20231103 14:58:22.731" endtime="20231103 14:58:23.406"/>
</kw>
<kw name="Submit Credentials" library="login">
<kw name="Click Button" library="SeleniumLibrary">
<arg>kt_sign_in_submit</arg>
<doc>Clicks the button identified by ``locator``.</doc>
<msg timestamp="20231103 14:58:23.407" level="INFO">Clicking button 'kt_sign_in_submit'.</msg>
<status status="PASS" starttime="20231103 14:58:23.407" endtime="20231103 14:58:24.256"/>
</kw>
<kw name="Sleep" library="BuiltIn">
<arg>3s</arg>
<doc>Pauses the test executed for the given time.</doc>
<msg timestamp="20231103 14:58:27.257" level="INFO">Slept 3 seconds</msg>
<status status="PASS" starttime="20231103 14:58:24.256" endtime="20231103 14:58:27.257"/>
</kw>
<kw name="Wait Until Element Is Visible" library="SeleniumLibrary">
<arg>xpath://*[@id="#kt_header_menu"]/div[1]/a/span[2]</arg>
<doc>Waits until the element ``locator`` is visible.</doc>
<status status="PASS" starttime="20231103 14:58:27.257" endtime="20231103 14:58:27.679"/>
</kw>
<status status="PASS" starttime="20231103 14:58:23.406" endtime="20231103 14:58:27.679"/>
</kw>
<kw name="Move To Template Form" library="template_form">
<kw name="Go To" library="SeleniumLibrary">
<arg>https://uji.sicantik.go.id/template-form</arg>
<doc>Navigates the current browser window to the provided ``url``.</doc>
<msg timestamp="20231103 14:58:27.680" level="INFO">Opening url 'https://uji.sicantik.go.id/template-form'</msg>
<status status="PASS" starttime="20231103 14:58:27.680" endtime="20231103 14:58:28.231"/>
</kw>
<kw name="Sleep" library="BuiltIn">
<arg>3s</arg>
<doc>Pauses the test executed for the given time.</doc>
<msg timestamp="20231103 14:58:31.233" level="INFO">Slept 3 seconds</msg>
<status status="PASS" starttime="20231103 14:58:28.231" endtime="20231103 14:58:31.233"/>
</kw>
<status status="PASS" starttime="20231103 14:58:27.680" endtime="20231103 14:58:31.233"/>
</kw>
<kw name="Click Icon Edit" library="template_form">
<kw name="Click Element" library="SeleniumLibrary">
<arg>class:fa-edit</arg>
<doc>Click the element identified by ``locator``.</doc>
<msg timestamp="20231103 14:58:31.235" level="INFO">Clicking element 'class:fa-edit'.</msg>
<status status="PASS" starttime="20231103 14:58:31.234" endtime="20231103 14:58:31.697"/>
</kw>
<status status="PASS" starttime="20231103 14:58:31.234" endtime="20231103 14:58:31.697"/>
</kw>
<kw name="Click Button Simpan Data" library="template_form">
<kw name="Click Button" library="SeleniumLibrary">
<arg>xpath://*[@id="kt_content_container"]/div[1]/form/div/div[1]/div/div/div[2]/button[2]</arg>
<doc>Clicks the button identified by ``locator``.</doc>
<msg timestamp="20231103 14:58:31.698" level="INFO">Clicking button 'xpath://*[@id="kt_content_container"]/div[1]/form/div/div[1]/div/div/div[2]/button[2]'.</msg>
<status status="PASS" starttime="20231103 14:58:31.698" endtime="20231103 14:58:32.759"/>
</kw>
<status status="PASS" starttime="20231103 14:58:31.697" endtime="20231103 14:58:32.759"/>
</kw>
<kw name="Capture Page Screenshot" library="SeleniumLibrary">
<doc>Takes a screenshot of the current page and embeds it into a log file.</doc>
<msg timestamp="20231103 14:58:33.115" level="INFO" html="true">&lt;/td&gt;&lt;/tr&gt;&lt;tr&gt;&lt;td colspan="3"&gt;&lt;a href="selenium-screenshot-2.png"&gt;&lt;img src="selenium-screenshot-2.png" width="800px"&gt;&lt;/a&gt;</msg>
<status status="PASS" starttime="20231103 14:58:32.759" endtime="20231103 14:58:33.115"/>
</kw>
<status status="PASS" starttime="20231103 14:58:17.312" endtime="20231103 14:58:33.116"/>
</test>
<test id="s1-s1-s1-s1-t3" name="TC03 - Update Template Form (Tipe Table)" line="32">
<kw name="Open Browser To Login Page" library="login">
<kw name="Set Selenium Speed" library="SeleniumLibrary">
<arg>0.2s</arg>
<doc>Sets the delay that is waited after each Selenium command.</doc>
<status status="PASS" starttime="20231103 14:58:33.118" endtime="20231103 14:58:33.119"/>
</kw>
<kw name="Open Browser" library="SeleniumLibrary">
<arg>${LOGIN URL}</arg>
<arg>${BROWSER}</arg>
<arg>options=add_argument("--incognito")</arg>
<doc>Opens a new browser instance to the optional ``url``.</doc>
<msg timestamp="20231103 14:58:33.119" level="INFO">Opening browser 'Chrome' to base url 'https://uji.sicantik.go.id/sign-in'.</msg>
<status status="PASS" starttime="20231103 14:58:33.119" endtime="20231103 14:58:37.012"/>
</kw>
<kw name="Maximize Browser Window" library="SeleniumLibrary">
<doc>Maximizes current browser window.</doc>
<status status="PASS" starttime="20231103 14:58:37.012" endtime="20231103 14:58:37.323"/>
</kw>
<kw name="Title Should Be" library="SeleniumLibrary">
<arg>SICANTIK</arg>
<doc>Verifies that the current page title equals ``title``.</doc>
<msg timestamp="20231103 14:58:37.529" level="INFO">Page title is 'SICANTIK'.</msg>
<status status="PASS" starttime="20231103 14:58:37.323" endtime="20231103 14:58:37.529"/>
</kw>
<status status="PASS" starttime="20231103 14:58:33.118" endtime="20231103 14:58:37.529"/>
</kw>
<kw name="Input Username" library="login">
<arg>admegov</arg>
<kw name="Input Text" library="SeleniumLibrary">
<arg>username</arg>
<arg>${username}</arg>
<doc>Types the given ``text`` into the text field identified by ``locator``.</doc>
<msg timestamp="20231103 14:58:37.531" level="INFO">Typing text 'admegov' into text field 'username'.</msg>
<status status="PASS" starttime="20231103 14:58:37.530" endtime="20231103 14:58:38.217"/>
</kw>
<status status="PASS" starttime="20231103 14:58:37.530" endtime="20231103 14:58:38.217"/>
</kw>
<kw name="Input Password" library="login">
<arg>Admegov789*@#</arg>
<kw name="Input Text" library="SeleniumLibrary">
<arg>password</arg>
<arg>${password}</arg>
<doc>Types the given ``text`` into the text field identified by ``locator``.</doc>
<msg timestamp="20231103 14:58:38.218" level="INFO">Typing text 'Admegov789*@#' into text field 'password'.</msg>
<status status="PASS" starttime="20231103 14:58:38.217" endtime="20231103 14:58:38.896"/>
</kw>
<status status="PASS" starttime="20231103 14:58:38.217" endtime="20231103 14:58:38.896"/>
</kw>
<kw name="Submit Credentials" library="login">
<kw name="Click Button" library="SeleniumLibrary">
<arg>kt_sign_in_submit</arg>
<doc>Clicks the button identified by ``locator``.</doc>
<msg timestamp="20231103 14:58:38.897" level="INFO">Clicking button 'kt_sign_in_submit'.</msg>
<status status="PASS" starttime="20231103 14:58:38.897" endtime="20231103 14:58:39.746"/>
</kw>
<kw name="Sleep" library="BuiltIn">
<arg>3s</arg>
<doc>Pauses the test executed for the given time.</doc>
<msg timestamp="20231103 14:58:42.747" level="INFO">Slept 3 seconds</msg>
<status status="PASS" starttime="20231103 14:58:39.746" endtime="20231103 14:58:42.747"/>
</kw>
<kw name="Wait Until Element Is Visible" library="SeleniumLibrary">
<arg>xpath://*[@id="#kt_header_menu"]/div[1]/a/span[2]</arg>
<doc>Waits until the element ``locator`` is visible.</doc>
<status status="PASS" starttime="20231103 14:58:42.747" endtime="20231103 14:58:43.177"/>
</kw>
<status status="PASS" starttime="20231103 14:58:38.896" endtime="20231103 14:58:43.177"/>
</kw>
<kw name="Move To Template Form" library="template_form">
<kw name="Go To" library="SeleniumLibrary">
<arg>https://uji.sicantik.go.id/template-form</arg>
<doc>Navigates the current browser window to the provided ``url``.</doc>
<msg timestamp="20231103 14:58:43.178" level="INFO">Opening url 'https://uji.sicantik.go.id/template-form'</msg>
<status status="PASS" starttime="20231103 14:58:43.178" endtime="20231103 14:58:43.671"/>
</kw>
<kw name="Sleep" library="BuiltIn">
<arg>3s</arg>
<doc>Pauses the test executed for the given time.</doc>
<msg timestamp="20231103 14:58:46.671" level="INFO">Slept 3 seconds</msg>
<status status="PASS" starttime="20231103 14:58:43.671" endtime="20231103 14:58:46.671"/>
</kw>
<status status="PASS" starttime="20231103 14:58:43.177" endtime="20231103 14:58:46.671"/>
</kw>
<kw name="Click Icon Edit" library="template_form">
<kw name="Click Element" library="SeleniumLibrary">
<arg>class:fa-edit</arg>
<doc>Click the element identified by ``locator``.</doc>
<msg timestamp="20231103 14:58:46.673" level="INFO">Clicking element 'class:fa-edit'.</msg>
<status status="PASS" starttime="20231103 14:58:46.672" endtime="20231103 14:58:47.144"/>
</kw>
<status status="PASS" starttime="20231103 14:58:46.672" endtime="20231103 14:58:47.144"/>
</kw>
<kw name="Click Button Simpan Data" library="template_form">
<kw name="Click Button" library="SeleniumLibrary">
<arg>xpath://*[@id="kt_content_container"]/div[1]/form/div/div[1]/div/div/div[2]/button[2]</arg>
<doc>Clicks the button identified by ``locator``.</doc>
<msg timestamp="20231103 14:58:47.146" level="INFO">Clicking button 'xpath://*[@id="kt_content_container"]/div[1]/form/div/div[1]/div/div/div[2]/button[2]'.</msg>
<status status="PASS" starttime="20231103 14:58:47.145" endtime="20231103 14:58:48.206"/>
</kw>
<status status="PASS" starttime="20231103 14:58:47.145" endtime="20231103 14:58:48.206"/>
</kw>
<kw name="Capture Page Screenshot" library="SeleniumLibrary">
<doc>Takes a screenshot of the current page and embeds it into a log file.</doc>
<msg timestamp="20231103 14:58:48.576" level="INFO" html="true">&lt;/td&gt;&lt;/tr&gt;&lt;tr&gt;&lt;td colspan="3"&gt;&lt;a href="selenium-screenshot-3.png"&gt;&lt;img src="selenium-screenshot-3.png" width="800px"&gt;&lt;/a&gt;</msg>
<status status="PASS" starttime="20231103 14:58:48.207" endtime="20231103 14:58:48.576"/>
</kw>
<status status="PASS" starttime="20231103 14:58:33.117" endtime="20231103 14:58:48.577"/>
</test>
<test id="s1-s1-s1-s1-t4" name="TC04 - Update Template Form (Tipe Tabel Grid)" line="42">
<kw name="Open Browser To Login Page" library="login">
<kw name="Set Selenium Speed" library="SeleniumLibrary">
<arg>0.2s</arg>
<doc>Sets the delay that is waited after each Selenium command.</doc>
<status status="PASS" starttime="20231103 14:58:48.579" endtime="20231103 14:58:48.579"/>
</kw>
<kw name="Open Browser" library="SeleniumLibrary">
<arg>${LOGIN URL}</arg>
<arg>${BROWSER}</arg>
<arg>options=add_argument("--incognito")</arg>
<doc>Opens a new browser instance to the optional ``url``.</doc>
<msg timestamp="20231103 14:58:48.580" level="INFO">Opening browser 'Chrome' to base url 'https://uji.sicantik.go.id/sign-in'.</msg>
<status status="PASS" starttime="20231103 14:58:48.579" endtime="20231103 14:58:53.279"/>
</kw>
<kw name="Maximize Browser Window" library="SeleniumLibrary">
<doc>Maximizes current browser window.</doc>
<status status="PASS" starttime="20231103 14:58:53.279" endtime="20231103 14:58:53.592"/>
</kw>
<kw name="Title Should Be" library="SeleniumLibrary">
<arg>SICANTIK</arg>
<doc>Verifies that the current page title equals ``title``.</doc>
<msg timestamp="20231103 14:58:53.798" level="INFO">Page title is 'SICANTIK'.</msg>
<status status="PASS" starttime="20231103 14:58:53.592" endtime="20231103 14:58:53.798"/>
</kw>
<status status="PASS" starttime="20231103 14:58:48.578" endtime="20231103 14:58:53.798"/>
</kw>
<kw name="Input Username" library="login">
<arg>admegov</arg>
<kw name="Input Text" library="SeleniumLibrary">
<arg>username</arg>
<arg>${username}</arg>
<doc>Types the given ``text`` into the text field identified by ``locator``.</doc>
<msg timestamp="20231103 14:58:53.800" level="INFO">Typing text 'admegov' into text field 'username'.</msg>
<status status="PASS" starttime="20231103 14:58:53.799" endtime="20231103 14:58:54.490"/>
</kw>
<status status="PASS" starttime="20231103 14:58:53.799" endtime="20231103 14:58:54.490"/>
</kw>
<kw name="Input Password" library="login">
<arg>Admegov789*@#</arg>
<kw name="Input Text" library="SeleniumLibrary">
<arg>password</arg>
<arg>${password}</arg>
<doc>Types the given ``text`` into the text field identified by ``locator``.</doc>
<msg timestamp="20231103 14:58:54.491" level="INFO">Typing text 'Admegov789*@#' into text field 'password'.</msg>
<status status="PASS" starttime="20231103 14:58:54.491" endtime="20231103 14:58:55.164"/>
</kw>
<status status="PASS" starttime="20231103 14:58:54.490" endtime="20231103 14:58:55.164"/>
</kw>
<kw name="Submit Credentials" library="login">
<kw name="Click Button" library="SeleniumLibrary">
<arg>kt_sign_in_submit</arg>
<doc>Clicks the button identified by ``locator``.</doc>
<msg timestamp="20231103 14:58:55.165" level="INFO">Clicking button 'kt_sign_in_submit'.</msg>
<status status="PASS" starttime="20231103 14:58:55.165" endtime="20231103 14:58:56.016"/>
</kw>
<kw name="Sleep" library="BuiltIn">
<arg>3s</arg>
<doc>Pauses the test executed for the given time.</doc>
<msg timestamp="20231103 14:58:59.016" level="INFO">Slept 3 seconds</msg>
<status status="PASS" starttime="20231103 14:58:56.016" endtime="20231103 14:58:59.016"/>
</kw>
<kw name="Wait Until Element Is Visible" library="SeleniumLibrary">
<arg>xpath://*[@id="#kt_header_menu"]/div[1]/a/span[2]</arg>
<doc>Waits until the element ``locator`` is visible.</doc>
<status status="PASS" starttime="20231103 14:58:59.016" endtime="20231103 14:58:59.439"/>
</kw>
<status status="PASS" starttime="20231103 14:58:55.164" endtime="20231103 14:58:59.439"/>
</kw>
<kw name="Move To Template Form" library="template_form">
<kw name="Go To" library="SeleniumLibrary">
<arg>https://uji.sicantik.go.id/template-form</arg>
<doc>Navigates the current browser window to the provided ``url``.</doc>
<msg timestamp="20231103 14:58:59.440" level="INFO">Opening url 'https://uji.sicantik.go.id/template-form'</msg>
<status status="PASS" starttime="20231103 14:58:59.440" endtime="20231103 14:58:59.939"/>
</kw>
<kw name="Sleep" library="BuiltIn">
<arg>3s</arg>
<doc>Pauses the test executed for the given time.</doc>
<msg timestamp="20231103 14:59:02.939" level="INFO">Slept 3 seconds</msg>
<status status="PASS" starttime="20231103 14:58:59.939" endtime="20231103 14:59:02.939"/>
</kw>
<status status="PASS" starttime="20231103 14:58:59.439" endtime="20231103 14:59:02.939"/>
</kw>
<kw name="Click Icon Edit" library="template_form">
<kw name="Click Element" library="SeleniumLibrary">
<arg>class:fa-edit</arg>
<doc>Click the element identified by ``locator``.</doc>
<msg timestamp="20231103 14:59:02.941" level="INFO">Clicking element 'class:fa-edit'.</msg>
<status status="PASS" starttime="20231103 14:59:02.940" endtime="20231103 14:59:03.401"/>
</kw>
<status status="PASS" starttime="20231103 14:59:02.940" endtime="20231103 14:59:03.401"/>
</kw>
<kw name="Click Button Simpan Data" library="template_form">
<kw name="Click Button" library="SeleniumLibrary">
<arg>xpath://*[@id="kt_content_container"]/div[1]/form/div/div[1]/div/div/div[2]/button[2]</arg>
<doc>Clicks the button identified by ``locator``.</doc>
<msg timestamp="20231103 14:59:03.403" level="INFO">Clicking button 'xpath://*[@id="kt_content_container"]/div[1]/form/div/div[1]/div/div/div[2]/button[2]'.</msg>
<status status="PASS" starttime="20231103 14:59:03.402" endtime="20231103 14:59:04.507"/>
</kw>
<status status="PASS" starttime="20231103 14:59:03.402" endtime="20231103 14:59:04.507"/>
</kw>
<kw name="Capture Page Screenshot" library="SeleniumLibrary">
<doc>Takes a screenshot of the current page and embeds it into a log file.</doc>
<msg timestamp="20231103 14:59:04.887" level="INFO" html="true">&lt;/td&gt;&lt;/tr&gt;&lt;tr&gt;&lt;td colspan="3"&gt;&lt;a href="selenium-screenshot-4.png"&gt;&lt;img src="selenium-screenshot-4.png" width="800px"&gt;&lt;/a&gt;</msg>
<status status="PASS" starttime="20231103 14:59:04.508" endtime="20231103 14:59:04.887"/>
</kw>
<status status="PASS" starttime="20231103 14:58:48.578" endtime="20231103 14:59:04.888"/>
</test>
<test id="s1-s1-s1-s1-t5" name="TC05 - Update Template Form (Tipe Tabel Statik)" line="52">
<kw name="Open Browser To Login Page" library="login">
<kw name="Set Selenium Speed" library="SeleniumLibrary">
<arg>0.2s</arg>
<doc>Sets the delay that is waited after each Selenium command.</doc>
<status status="PASS" starttime="20231103 14:59:04.890" endtime="20231103 14:59:04.890"/>
</kw>
<kw name="Open Browser" library="SeleniumLibrary">
<arg>${LOGIN URL}</arg>
<arg>${BROWSER}</arg>
<arg>options=add_argument("--incognito")</arg>
<doc>Opens a new browser instance to the optional ``url``.</doc>
<msg timestamp="20231103 14:59:04.891" level="INFO">Opening browser 'Chrome' to base url 'https://uji.sicantik.go.id/sign-in'.</msg>
<status status="PASS" starttime="20231103 14:59:04.890" endtime="20231103 14:59:08.760"/>
</kw>
<kw name="Maximize Browser Window" library="SeleniumLibrary">
<doc>Maximizes current browser window.</doc>
<status status="PASS" starttime="20231103 14:59:08.760" endtime="20231103 14:59:09.074"/>
</kw>
<kw name="Title Should Be" library="SeleniumLibrary">
<arg>SICANTIK</arg>
<doc>Verifies that the current page title equals ``title``.</doc>
<msg timestamp="20231103 14:59:09.279" level="INFO">Page title is 'SICANTIK'.</msg>
<status status="PASS" starttime="20231103 14:59:09.074" endtime="20231103 14:59:09.279"/>
</kw>
<status status="PASS" starttime="20231103 14:59:04.889" endtime="20231103 14:59:09.279"/>
</kw>
<kw name="Input Username" library="login">
<arg>admegov</arg>
<kw name="Input Text" library="SeleniumLibrary">
<arg>username</arg>
<arg>${username}</arg>
<doc>Types the given ``text`` into the text field identified by ``locator``.</doc>
<msg timestamp="20231103 14:59:09.281" level="INFO">Typing text 'admegov' into text field 'username'.</msg>
<status status="PASS" starttime="20231103 14:59:09.280" endtime="20231103 14:59:09.968"/>
</kw>
<status status="PASS" starttime="20231103 14:59:09.280" endtime="20231103 14:59:09.968"/>
</kw>
<kw name="Input Password" library="login">
<arg>Admegov789*@#</arg>
<kw name="Input Text" library="SeleniumLibrary">
<arg>password</arg>
<arg>${password}</arg>
<doc>Types the given ``text`` into the text field identified by ``locator``.</doc>
<msg timestamp="20231103 14:59:09.969" level="INFO">Typing text 'Admegov789*@#' into text field 'password'.</msg>
<status status="PASS" starttime="20231103 14:59:09.969" endtime="20231103 14:59:10.647"/>
</kw>
<status status="PASS" starttime="20231103 14:59:09.968" endtime="20231103 14:59:10.647"/>
</kw>
<kw name="Submit Credentials" library="login">
<kw name="Click Button" library="SeleniumLibrary">
<arg>kt_sign_in_submit</arg>
<doc>Clicks the button identified by ``locator``.</doc>
<msg timestamp="20231103 14:59:10.648" level="INFO">Clicking button 'kt_sign_in_submit'.</msg>
<status status="PASS" starttime="20231103 14:59:10.648" endtime="20231103 14:59:11.501"/>
</kw>
<kw name="Sleep" library="BuiltIn">
<arg>3s</arg>
<doc>Pauses the test executed for the given time.</doc>
<msg timestamp="20231103 14:59:14.501" level="INFO">Slept 3 seconds</msg>
<status status="PASS" starttime="20231103 14:59:11.501" endtime="20231103 14:59:14.501"/>
</kw>
<kw name="Wait Until Element Is Visible" library="SeleniumLibrary">
<arg>xpath://*[@id="#kt_header_menu"]/div[1]/a/span[2]</arg>
<doc>Waits until the element ``locator`` is visible.</doc>
<status status="PASS" starttime="20231103 14:59:14.501" endtime="20231103 14:59:14.924"/>
</kw>
<status status="PASS" starttime="20231103 14:59:10.647" endtime="20231103 14:59:14.925"/>
</kw>
<kw name="Move To Template Form" library="template_form">
<kw name="Go To" library="SeleniumLibrary">
<arg>https://uji.sicantik.go.id/template-form</arg>
<doc>Navigates the current browser window to the provided ``url``.</doc>
<msg timestamp="20231103 14:59:14.927" level="INFO">Opening url 'https://uji.sicantik.go.id/template-form'</msg>
<status status="PASS" starttime="20231103 14:59:14.926" endtime="20231103 14:59:15.403"/>
</kw>
<kw name="Sleep" library="BuiltIn">
<arg>3s</arg>
<doc>Pauses the test executed for the given time.</doc>
<msg timestamp="20231103 14:59:18.403" level="INFO">Slept 3 seconds</msg>
<status status="PASS" starttime="20231103 14:59:15.403" endtime="20231103 14:59:18.403"/>
</kw>
<status status="PASS" starttime="20231103 14:59:14.926" endtime="20231103 14:59:18.403"/>
</kw>
<kw name="Click Icon Edit" library="template_form">
<kw name="Click Element" library="SeleniumLibrary">
<arg>class:fa-edit</arg>
<doc>Click the element identified by ``locator``.</doc>
<msg timestamp="20231103 14:59:18.405" level="INFO">Clicking element 'class:fa-edit'.</msg>
<status status="PASS" starttime="20231103 14:59:18.404" endtime="20231103 14:59:18.877"/>
</kw>
<status status="PASS" starttime="20231103 14:59:18.404" endtime="20231103 14:59:18.877"/>
</kw>
<kw name="Click Button Simpan Data" library="template_form">
<kw name="Click Button" library="SeleniumLibrary">
<arg>xpath://*[@id="kt_content_container"]/div[1]/form/div/div[1]/div/div/div[2]/button[2]</arg>
<doc>Clicks the button identified by ``locator``.</doc>
<msg timestamp="20231103 14:59:18.878" level="INFO">Clicking button 'xpath://*[@id="kt_content_container"]/div[1]/form/div/div[1]/div/div/div[2]/button[2]'.</msg>
<status status="PASS" starttime="20231103 14:59:18.878" endtime="20231103 14:59:19.936"/>
</kw>
<status status="PASS" starttime="20231103 14:59:18.877" endtime="20231103 14:59:19.936"/>
</kw>
<kw name="Capture Page Screenshot" library="SeleniumLibrary">
<doc>Takes a screenshot of the current page and embeds it into a log file.</doc>
<msg timestamp="20231103 14:59:20.290" level="INFO" html="true">&lt;/td&gt;&lt;/tr&gt;&lt;tr&gt;&lt;td colspan="3"&gt;&lt;a href="selenium-screenshot-5.png"&gt;&lt;img src="selenium-screenshot-5.png" width="800px"&gt;&lt;/a&gt;</msg>
<status status="PASS" starttime="20231103 14:59:19.936" endtime="20231103 14:59:20.290"/>
</kw>
<status status="PASS" starttime="20231103 14:59:04.889" endtime="20231103 14:59:20.291"/>
</test>
<test id="s1-s1-s1-s1-t6" name="TC06 - Ubah Template Form (Tipe Map)" line="62">
<kw name="Open Browser To Login Page" library="login">
<kw name="Set Selenium Speed" library="SeleniumLibrary">
<arg>0.2s</arg>
<doc>Sets the delay that is waited after each Selenium command.</doc>
<status status="PASS" starttime="20231103 14:59:20.293" endtime="20231103 14:59:20.293"/>
</kw>
<kw name="Open Browser" library="SeleniumLibrary">
<arg>${LOGIN URL}</arg>
<arg>${BROWSER}</arg>
<arg>options=add_argument("--incognito")</arg>
<doc>Opens a new browser instance to the optional ``url``.</doc>
<msg timestamp="20231103 14:59:20.294" level="INFO">Opening browser 'Chrome' to base url 'https://uji.sicantik.go.id/sign-in'.</msg>
<status status="PASS" starttime="20231103 14:59:20.294" endtime="20231103 14:59:24.707"/>
</kw>
<kw name="Maximize Browser Window" library="SeleniumLibrary">
<doc>Maximizes current browser window.</doc>
<status status="PASS" starttime="20231103 14:59:24.707" endtime="20231103 14:59:25.030"/>
</kw>
<kw name="Title Should Be" library="SeleniumLibrary">
<arg>SICANTIK</arg>
<doc>Verifies that the current page title equals ``title``.</doc>
<msg timestamp="20231103 14:59:25.236" level="INFO">Page title is 'SICANTIK'.</msg>
<status status="PASS" starttime="20231103 14:59:25.030" endtime="20231103 14:59:25.236"/>
</kw>
<status status="PASS" starttime="20231103 14:59:20.293" endtime="20231103 14:59:25.236"/>
</kw>
<kw name="Input Username" library="login">
<arg>admegov</arg>
<kw name="Input Text" library="SeleniumLibrary">
<arg>username</arg>
<arg>${username}</arg>
<doc>Types the given ``text`` into the text field identified by ``locator``.</doc>
<msg timestamp="20231103 14:59:25.238" level="INFO">Typing text 'admegov' into text field 'username'.</msg>
<status status="PASS" starttime="20231103 14:59:25.238" endtime="20231103 14:59:25.923"/>
</kw>
<status status="PASS" starttime="20231103 14:59:25.237" endtime="20231103 14:59:25.923"/>
</kw>
<kw name="Input Password" library="login">
<arg>Admegov789*@#</arg>
<kw name="Input Text" library="SeleniumLibrary">
<arg>password</arg>
<arg>${password}</arg>
<doc>Types the given ``text`` into the text field identified by ``locator``.</doc>
<msg timestamp="20231103 14:59:25.924" level="INFO">Typing text 'Admegov789*@#' into text field 'password'.</msg>
<status status="PASS" starttime="20231103 14:59:25.924" endtime="20231103 14:59:26.600"/>
</kw>
<status status="PASS" starttime="20231103 14:59:25.923" endtime="20231103 14:59:26.600"/>
</kw>
<kw name="Submit Credentials" library="login">
<kw name="Click Button" library="SeleniumLibrary">
<arg>kt_sign_in_submit</arg>
<doc>Clicks the button identified by ``locator``.</doc>
<msg timestamp="20231103 14:59:26.601" level="INFO">Clicking button 'kt_sign_in_submit'.</msg>
<status status="PASS" starttime="20231103 14:59:26.601" endtime="20231103 14:59:27.454"/>
</kw>
<kw name="Sleep" library="BuiltIn">
<arg>3s</arg>
<doc>Pauses the test executed for the given time.</doc>
<msg timestamp="20231103 14:59:30.455" level="INFO">Slept 3 seconds</msg>
<status status="PASS" starttime="20231103 14:59:27.454" endtime="20231103 14:59:30.455"/>
</kw>
<kw name="Wait Until Element Is Visible" library="SeleniumLibrary">
<arg>xpath://*[@id="#kt_header_menu"]/div[1]/a/span[2]</arg>
<doc>Waits until the element ``locator`` is visible.</doc>
<status status="PASS" starttime="20231103 14:59:30.455" endtime="20231103 14:59:30.879"/>
</kw>
<status status="PASS" starttime="20231103 14:59:26.600" endtime="20231103 14:59:30.879"/>
</kw>
<kw name="Move To Template Form" library="template_form">
<kw name="Go To" library="SeleniumLibrary">
<arg>https://uji.sicantik.go.id/template-form</arg>
<doc>Navigates the current browser window to the provided ``url``.</doc>
<msg timestamp="20231103 14:59:30.880" level="INFO">Opening url 'https://uji.sicantik.go.id/template-form'</msg>
<status status="PASS" starttime="20231103 14:59:30.880" endtime="20231103 14:59:31.409"/>
</kw>
<kw name="Sleep" library="BuiltIn">
<arg>3s</arg>
<doc>Pauses the test executed for the given time.</doc>
<msg timestamp="20231103 14:59:34.409" level="INFO">Slept 3 seconds</msg>
<status status="PASS" starttime="20231103 14:59:31.409" endtime="20231103 14:59:34.409"/>
</kw>
<status status="PASS" starttime="20231103 14:59:30.879" endtime="20231103 14:59:34.409"/>
</kw>
<kw name="Click Icon Edit" library="template_form">
<kw name="Click Element" library="SeleniumLibrary">
<arg>class:fa-edit</arg>
<doc>Click the element identified by ``locator``.</doc>
<msg timestamp="20231103 14:59:34.411" level="INFO">Clicking element 'class:fa-edit'.</msg>
<status status="PASS" starttime="20231103 14:59:34.410" endtime="20231103 14:59:34.880"/>
</kw>
<status status="PASS" starttime="20231103 14:59:34.410" endtime="20231103 14:59:34.880"/>
</kw>
<kw name="Click Button Simpan Data" library="template_form">
<kw name="Click Button" library="SeleniumLibrary">
<arg>xpath://*[@id="kt_content_container"]/div[1]/form/div/div[1]/div/div/div[2]/button[2]</arg>
<doc>Clicks the button identified by ``locator``.</doc>
<msg timestamp="20231103 14:59:34.881" level="INFO">Clicking button 'xpath://*[@id="kt_content_container"]/div[1]/form/div/div[1]/div/div/div[2]/button[2]'.</msg>
<status status="PASS" starttime="20231103 14:59:34.881" endtime="20231103 14:59:35.962"/>
</kw>
<status status="PASS" starttime="20231103 14:59:34.880" endtime="20231103 14:59:35.962"/>
</kw>
<kw name="Capture Page Screenshot" library="SeleniumLibrary">
<doc>Takes a screenshot of the current page and embeds it into a log file.</doc>
<msg timestamp="20231103 14:59:36.322" level="INFO" html="true">&lt;/td&gt;&lt;/tr&gt;&lt;tr&gt;&lt;td colspan="3"&gt;&lt;a href="selenium-screenshot-6.png"&gt;&lt;img src="selenium-screenshot-6.png" width="800px"&gt;&lt;/a&gt;</msg>
<status status="PASS" starttime="20231103 14:59:35.962" endtime="20231103 14:59:36.322"/>
</kw>
<status status="PASS" starttime="20231103 14:59:20.292" endtime="20231103 14:59:36.323"/>
</test>
<doc>Simple example using SeleniumLibrary.</doc>
<status status="PASS" starttime="20231103 14:58:02.866" endtime="20231103 14:59:36.324"/>
</suite>
<status status="PASS" starttime="20231103 14:58:02.864" endtime="20231103 14:59:36.326"/>
</suite>
<status status="PASS" starttime="20231103 14:58:02.862" endtime="20231103 14:59:36.328"/>
</suite>
<status status="PASS" starttime="20231103 14:58:02.843" endtime="20231103 14:59:36.330"/>
</suite>
<statistics>
<total>
<stat pass="6" fail="0" skip="0">All Tests</stat>
</total>
<tag>
</tag>
<suite>
<stat pass="6" fail="0" skip="0" id="s1" name="Freedom">Freedom</stat>
<stat pass="6" fail="0" skip="0" id="s1-s1" name="R08 - Template Form">Freedom.R08 - Template Form</stat>
<stat pass="6" fail="0" skip="0" id="s1-s1-s1" name="SC03 - Update Template Data">Freedom.R08 - Template Form.SC03 - Update Template Data</stat>
<stat pass="6" fail="0" skip="0" id="s1-s1-s1-s1" name="SC03 - Update Template Data">Freedom.R08 - Template Form.SC03 - Update Template Data.SC03 - Update Template Data</stat>
</suite>
</statistics>
<errors>
</errors>
</robot>
