<?xml version="1.0" encoding="UTF-8"?>
<robot generator="Robot 6.0.2 (Python 3.11.2 on win32)" generated="20231115 16:12:50.808" rpa="false" schemaversion="3">
<suite id="s1" name="SC01 - lazy load template form" source="D:\#RIANCAHYADI\Projects\Freedom\Sicantik\tests\Lazy Load\Admin Pusat\Template Form\SC01 - lazy load template form.robot">
<test id="s1-t1" name="TC01 - Lazy Load Template Form" line="12">
<kw name="Open Browser To Login Page" library="login">
<kw name="Set Selenium Speed" library="SeleniumLibrary">
<arg>0.2s</arg>
<doc>Sets the delay that is waited after each Selenium command.</doc>
<status status="PASS" starttime="20231115 16:12:50.988" endtime="20231115 16:12:50.988"/>
</kw>
<kw name="Open Browser" library="SeleniumLibrary">
<arg>${LOGIN URL}</arg>
<arg>${BROWSER}</arg>
<arg>options=add_argument("--incognito")</arg>
<doc>Opens a new browser instance to the optional ``url``.</doc>
<msg timestamp="20231115 16:12:50.989" level="INFO">Opening browser 'Firefox' to base url 'https://uji.sicantik.go.id/sign-in'.</msg>
<msg timestamp="20231115 16:12:50.992" level="INFO">Firefox driver log is always forced to to: D:\#RIANCAHYADI\Projects\Freedom\Sicantik\tests\Lazy Load\Admin Pusat\Template Form\geckodriver-1.log</msg>
<status status="PASS" starttime="20231115 16:12:50.988" endtime="20231115 16:12:59.596"/>
</kw>
<kw name="Maximize Browser Window" library="SeleniumLibrary">
<doc>Maximizes current browser window.</doc>
<status status="PASS" starttime="20231115 16:12:59.596" endtime="20231115 16:13:00.065"/>
</kw>
<kw name="Title Should Be" library="SeleniumLibrary">
<arg>SICANTIK</arg>
<doc>Verifies that the current page title equals ``title``.</doc>
<msg timestamp="20231115 16:13:00.267" level="INFO">Page title is 'SICANTIK'.</msg>
<status status="PASS" starttime="20231115 16:13:00.065" endtime="20231115 16:13:00.267"/>
</kw>
<status status="PASS" starttime="20231115 16:12:50.988" endtime="20231115 16:13:00.267"/>
</kw>
<kw name="Login Admin Pusat" library="login">
<kw name="Input Username" library="login">
<arg>admegov</arg>
<kw name="Input Text" library="SeleniumLibrary">
<arg>username</arg>
<arg>${username}</arg>
<doc>Types the given ``text`` into the text field identified by ``locator``.</doc>
<msg timestamp="20231115 16:13:00.268" level="INFO">Typing text 'admegov' into text field 'username'.</msg>
<status status="PASS" starttime="20231115 16:13:00.268" endtime="20231115 16:13:00.923"/>
</kw>
<status status="PASS" starttime="20231115 16:13:00.267" endtime="20231115 16:13:00.923"/>
</kw>
<kw name="Input Password" library="login">
<arg>Admegov789*@#</arg>
<kw name="Input Text" library="SeleniumLibrary">
<arg>password</arg>
<arg>${password}</arg>
<doc>Types the given ``text`` into the text field identified by ``locator``.</doc>
<msg timestamp="20231115 16:13:00.924" level="INFO">Typing text 'Admegov789*@#' into text field 'password'.</msg>
<status status="PASS" starttime="20231115 16:13:00.923" endtime="20231115 16:13:01.543"/>
</kw>
<status status="PASS" starttime="20231115 16:13:00.923" endtime="20231115 16:13:01.543"/>
</kw>
<kw name="Submit Credentials" library="login">
<kw name="Click Button" library="SeleniumLibrary">
<arg>kt_sign_in_submit</arg>
<doc>Clicks the button identified by ``locator``.</doc>
<msg timestamp="20231115 16:13:01.543" level="INFO">Clicking button 'kt_sign_in_submit'.</msg>
<status status="PASS" starttime="20231115 16:13:01.543" endtime="20231115 16:13:02.571"/>
</kw>
<kw name="Sleep" library="BuiltIn">
<arg>5s</arg>
<doc>Pauses the test executed for the given time.</doc>
<msg timestamp="20231115 16:13:07.572" level="INFO">Slept 5 seconds</msg>
<status status="PASS" starttime="20231115 16:13:02.571" endtime="20231115 16:13:07.572"/>
</kw>
<status status="PASS" starttime="20231115 16:13:01.543" endtime="20231115 16:13:07.572"/>
</kw>
<kw name="Element Should Contain" library="SeleniumLibrary">
<arg>xpath://*[@id="kt_header_user_menu_toggle"]/div[2]/span[2]</arg>
<arg>Admin Utama</arg>
<doc>Verifies that element ``locator`` contains text ``expected``.</doc>
<msg timestamp="20231115 16:13:07.991" level="INFO">Element 'xpath://*[@id="kt_header_user_menu_toggle"]/div[2]/span[2]' contains text 'Admin Utama'.</msg>
<status status="PASS" starttime="20231115 16:13:07.572" endtime="20231115 16:13:07.991"/>
</kw>
<status status="PASS" starttime="20231115 16:13:00.267" endtime="20231115 16:13:07.991"/>
</kw>
<kw name="Move To Template Form" library="template_form">
<kw name="Go To" library="SeleniumLibrary">
<arg>https://uji.sicantik.go.id/template-form</arg>
<doc>Navigates the current browser window to the provided ``url``.</doc>
<msg timestamp="20231115 16:13:07.992" level="INFO">Opening url 'https://uji.sicantik.go.id/template-form'</msg>
<status status="PASS" starttime="20231115 16:13:07.992" endtime="20231115 16:13:08.582"/>
</kw>
<kw name="Element Should Contain" library="SeleniumLibrary">
<arg>xpath://*[@id="kt_profile_details_view"]/div/div[1]/h5</arg>
<arg>Daftar Template Form</arg>
<doc>Verifies that element ``locator`` contains text ``expected``.</doc>
<msg timestamp="20231115 16:13:08.991" level="INFO">Element 'xpath://*[@id="kt_profile_details_view"]/div/div[1]/h5' contains text 'Daftar Template Form'.</msg>
<status status="PASS" starttime="20231115 16:13:08.582" endtime="20231115 16:13:08.991"/>
</kw>
<kw name="Sleep" library="BuiltIn">
<arg>3s</arg>
<doc>Pauses the test executed for the given time.</doc>
<msg timestamp="20231115 16:13:11.992" level="INFO">Slept 3 seconds</msg>
<status status="PASS" starttime="20231115 16:13:08.991" endtime="20231115 16:13:11.992"/>
</kw>
<status status="PASS" starttime="20231115 16:13:07.992" endtime="20231115 16:13:11.992"/>
</kw>
<kw name="Scroll Down" library="template_form">
<kw name="Click Element" library="SeleniumLibrary">
<arg>xpath://*[@id="kt_customers_table"]/tbody/tr[8]/td[3]</arg>
<doc>Click the element identified by ``locator``.</doc>
<msg timestamp="20231115 16:13:11.993" level="INFO">Clicking element 'xpath://*[@id="kt_customers_table"]/tbody/tr[8]/td[3]'.</msg>
<status status="PASS" starttime="20231115 16:13:11.992" endtime="20231115 16:13:12.613"/>
</kw>
<for flavor="IN RANGE">
<var>${counter}</var>
<value>10</value>
<iter>
<var name="${counter}">0</var>
<kw name="Log" library="BuiltIn">
<arg>${counter}</arg>
<doc>Logs the given message with the given level.</doc>
<msg timestamp="20231115 16:13:12.613" level="INFO">0</msg>
<status status="PASS" starttime="20231115 16:13:12.613" endtime="20231115 16:13:12.613"/>
</kw>
<kw name="Press Keys" library="SeleniumLibrary">
<arg>None</arg>
<arg>ARROW_DOWN</arg>
<doc>Simulates the user pressing key(s) to an element or on the active browser.</doc>
<msg timestamp="20231115 16:13:12.614" level="INFO">Sending key(s) ('ARROW_DOWN',) to page.</msg>
<msg timestamp="20231115 16:13:12.614" level="INFO">Pressing special key ARROW_DOWN to browser.</msg>
<msg timestamp="20231115 16:13:12.614" level="INFO">Releasing special key ARROW_DOWN.</msg>
<status status="PASS" starttime="20231115 16:13:12.613" endtime="20231115 16:13:12.825"/>
</kw>
<kw name="Sleep" library="BuiltIn">
<arg>0.5s</arg>
<doc>Pauses the test executed for the given time.</doc>
<msg timestamp="20231115 16:13:13.326" level="INFO">Slept 500 milliseconds</msg>
<status status="PASS" starttime="20231115 16:13:12.825" endtime="20231115 16:13:13.326"/>
</kw>
<status status="PASS" starttime="20231115 16:13:12.613" endtime="20231115 16:13:13.326"/>
</iter>
<iter>
<var name="${counter}">1</var>
<kw name="Log" library="BuiltIn">
<arg>${counter}</arg>
<doc>Logs the given message with the given level.</doc>
<msg timestamp="20231115 16:13:13.326" level="INFO">1</msg>
<status status="PASS" starttime="20231115 16:13:13.326" endtime="20231115 16:13:13.326"/>
</kw>
<kw name="Press Keys" library="SeleniumLibrary">
<arg>None</arg>
<arg>ARROW_DOWN</arg>
<doc>Simulates the user pressing key(s) to an element or on the active browser.</doc>
<msg timestamp="20231115 16:13:13.327" level="INFO">Sending key(s) ('ARROW_DOWN',) to page.</msg>
<msg timestamp="20231115 16:13:13.327" level="INFO">Pressing special key ARROW_DOWN to browser.</msg>
<msg timestamp="20231115 16:13:13.327" level="INFO">Releasing special key ARROW_DOWN.</msg>
<status status="PASS" starttime="20231115 16:13:13.326" endtime="20231115 16:13:13.532"/>
</kw>
<kw name="Sleep" library="BuiltIn">
<arg>0.5s</arg>
<doc>Pauses the test executed for the given time.</doc>
<msg timestamp="20231115 16:13:14.033" level="INFO">Slept 500 milliseconds</msg>
<status status="PASS" starttime="20231115 16:13:13.532" endtime="20231115 16:13:14.033"/>
</kw>
<status status="PASS" starttime="20231115 16:13:13.326" endtime="20231115 16:13:14.033"/>
</iter>
<iter>
<var name="${counter}">2</var>
<kw name="Log" library="BuiltIn">
<arg>${counter}</arg>
<doc>Logs the given message with the given level.</doc>
<msg timestamp="20231115 16:13:14.033" level="INFO">2</msg>
<status status="PASS" starttime="20231115 16:13:14.033" endtime="20231115 16:13:14.033"/>
</kw>
<kw name="Press Keys" library="SeleniumLibrary">
<arg>None</arg>
<arg>ARROW_DOWN</arg>
<doc>Simulates the user pressing key(s) to an element or on the active browser.</doc>
<msg timestamp="20231115 16:13:14.034" level="INFO">Sending key(s) ('ARROW_DOWN',) to page.</msg>
<msg timestamp="20231115 16:13:14.034" level="INFO">Pressing special key ARROW_DOWN to browser.</msg>
<msg timestamp="20231115 16:13:14.034" level="INFO">Releasing special key ARROW_DOWN.</msg>
<status status="PASS" starttime="20231115 16:13:14.033" endtime="20231115 16:13:14.240"/>
</kw>
<kw name="Sleep" library="BuiltIn">
<arg>0.5s</arg>
<doc>Pauses the test executed for the given time.</doc>
<msg timestamp="20231115 16:13:14.741" level="INFO">Slept 500 milliseconds</msg>
<status status="PASS" starttime="20231115 16:13:14.240" endtime="20231115 16:13:14.741"/>
</kw>
<status status="PASS" starttime="20231115 16:13:14.033" endtime="20231115 16:13:14.741"/>
</iter>
<iter>
<var name="${counter}">3</var>
<kw name="Log" library="BuiltIn">
<arg>${counter}</arg>
<doc>Logs the given message with the given level.</doc>
<msg timestamp="20231115 16:13:14.741" level="INFO">3</msg>
<status status="PASS" starttime="20231115 16:13:14.741" endtime="20231115 16:13:14.741"/>
</kw>
<kw name="Press Keys" library="SeleniumLibrary">
<arg>None</arg>
<arg>ARROW_DOWN</arg>
<doc>Simulates the user pressing key(s) to an element or on the active browser.</doc>
<msg timestamp="20231115 16:13:14.742" level="INFO">Sending key(s) ('ARROW_DOWN',) to page.</msg>
<msg timestamp="20231115 16:13:14.742" level="INFO">Pressing special key ARROW_DOWN to browser.</msg>
<msg timestamp="20231115 16:13:14.742" level="INFO">Releasing special key ARROW_DOWN.</msg>
<status status="PASS" starttime="20231115 16:13:14.741" endtime="20231115 16:13:14.947"/>
</kw>
<kw name="Sleep" library="BuiltIn">
<arg>0.5s</arg>
<doc>Pauses the test executed for the given time.</doc>
<msg timestamp="20231115 16:13:15.448" level="INFO">Slept 500 milliseconds</msg>
<status status="PASS" starttime="20231115 16:13:14.947" endtime="20231115 16:13:15.448"/>
</kw>
<status status="PASS" starttime="20231115 16:13:14.741" endtime="20231115 16:13:15.448"/>
</iter>
<iter>
<var name="${counter}">4</var>
<kw name="Log" library="BuiltIn">
<arg>${counter}</arg>
<doc>Logs the given message with the given level.</doc>
<msg timestamp="20231115 16:13:15.449" level="INFO">4</msg>
<status status="PASS" starttime="20231115 16:13:15.448" endtime="20231115 16:13:15.449"/>
</kw>
<kw name="Press Keys" library="SeleniumLibrary">
<arg>None</arg>
<arg>ARROW_DOWN</arg>
<doc>Simulates the user pressing key(s) to an element or on the active browser.</doc>
<msg timestamp="20231115 16:13:15.449" level="INFO">Sending key(s) ('ARROW_DOWN',) to page.</msg>
<msg timestamp="20231115 16:13:15.449" level="INFO">Pressing special key ARROW_DOWN to browser.</msg>
<msg timestamp="20231115 16:13:15.449" level="INFO">Releasing special key ARROW_DOWN.</msg>
<status status="PASS" starttime="20231115 16:13:15.449" endtime="20231115 16:13:15.654"/>
</kw>
<kw name="Sleep" library="BuiltIn">
<arg>0.5s</arg>
<doc>Pauses the test executed for the given time.</doc>
<msg timestamp="20231115 16:13:16.154" level="INFO">Slept 500 milliseconds</msg>
<status status="PASS" starttime="20231115 16:13:15.654" endtime="20231115 16:13:16.154"/>
</kw>
<status status="PASS" starttime="20231115 16:13:15.448" endtime="20231115 16:13:16.154"/>
</iter>
<iter>
<var name="${counter}">5</var>
<kw name="Log" library="BuiltIn">
<arg>${counter}</arg>
<doc>Logs the given message with the given level.</doc>
<msg timestamp="20231115 16:13:16.154" level="INFO">5</msg>
<status status="PASS" starttime="20231115 16:13:16.154" endtime="20231115 16:13:16.154"/>
</kw>
<kw name="Press Keys" library="SeleniumLibrary">
<arg>None</arg>
<arg>ARROW_DOWN</arg>
<doc>Simulates the user pressing key(s) to an element or on the active browser.</doc>
<msg timestamp="20231115 16:13:16.155" level="INFO">Sending key(s) ('ARROW_DOWN',) to page.</msg>
<msg timestamp="20231115 16:13:16.155" level="INFO">Pressing special key ARROW_DOWN to browser.</msg>
<msg timestamp="20231115 16:13:16.155" level="INFO">Releasing special key ARROW_DOWN.</msg>
<status status="PASS" starttime="20231115 16:13:16.154" endtime="20231115 16:13:16.359"/>
</kw>
<kw name="Sleep" library="BuiltIn">
<arg>0.5s</arg>
<doc>Pauses the test executed for the given time.</doc>
<msg timestamp="20231115 16:13:16.859" level="INFO">Slept 500 milliseconds</msg>
<status status="PASS" starttime="20231115 16:13:16.359" endtime="20231115 16:13:16.859"/>
</kw>
<status status="PASS" starttime="20231115 16:13:16.154" endtime="20231115 16:13:16.859"/>
</iter>
<iter>
<var name="${counter}">6</var>
<kw name="Log" library="BuiltIn">
<arg>${counter}</arg>
<doc>Logs the given message with the given level.</doc>
<msg timestamp="20231115 16:13:16.859" level="INFO">6</msg>
<status status="PASS" starttime="20231115 16:13:16.859" endtime="20231115 16:13:16.859"/>
</kw>
<kw name="Press Keys" library="SeleniumLibrary">
<arg>None</arg>
<arg>ARROW_DOWN</arg>
<doc>Simulates the user pressing key(s) to an element or on the active browser.</doc>
<msg timestamp="20231115 16:13:16.860" level="INFO">Sending key(s) ('ARROW_DOWN',) to page.</msg>
<msg timestamp="20231115 16:13:16.860" level="INFO">Pressing special key ARROW_DOWN to browser.</msg>
<msg timestamp="20231115 16:13:16.860" level="INFO">Releasing special key ARROW_DOWN.</msg>
<status status="PASS" starttime="20231115 16:13:16.859" endtime="20231115 16:13:17.065"/>
</kw>
<kw name="Sleep" library="BuiltIn">
<arg>0.5s</arg>
<doc>Pauses the test executed for the given time.</doc>
<msg timestamp="20231115 16:13:17.566" level="INFO">Slept 500 milliseconds</msg>
<status status="PASS" starttime="20231115 16:13:17.065" endtime="20231115 16:13:17.566"/>
</kw>
<status status="PASS" starttime="20231115 16:13:16.859" endtime="20231115 16:13:17.566"/>
</iter>
<iter>
<var name="${counter}">7</var>
<kw name="Log" library="BuiltIn">
<arg>${counter}</arg>
<doc>Logs the given message with the given level.</doc>
<msg timestamp="20231115 16:13:17.566" level="INFO">7</msg>
<status status="PASS" starttime="20231115 16:13:17.566" endtime="20231115 16:13:17.566"/>
</kw>
<kw name="Press Keys" library="SeleniumLibrary">
<arg>None</arg>
<arg>ARROW_DOWN</arg>
<doc>Simulates the user pressing key(s) to an element or on the active browser.</doc>
<msg timestamp="20231115 16:13:17.567" level="INFO">Sending key(s) ('ARROW_DOWN',) to page.</msg>
<msg timestamp="20231115 16:13:17.567" level="INFO">Pressing special key ARROW_DOWN to browser.</msg>
<msg timestamp="20231115 16:13:17.567" level="INFO">Releasing special key ARROW_DOWN.</msg>
<status status="PASS" starttime="20231115 16:13:17.566" endtime="20231115 16:13:17.771"/>
</kw>
<kw name="Sleep" library="BuiltIn">
<arg>0.5s</arg>
<doc>Pauses the test executed for the given time.</doc>
<msg timestamp="20231115 16:13:18.271" level="INFO">Slept 500 milliseconds</msg>
<status status="PASS" starttime="20231115 16:13:17.771" endtime="20231115 16:13:18.271"/>
</kw>
<status status="PASS" starttime="20231115 16:13:17.566" endtime="20231115 16:13:18.271"/>
</iter>
<iter>
<var name="${counter}">8</var>
<kw name="Log" library="BuiltIn">
<arg>${counter}</arg>
<doc>Logs the given message with the given level.</doc>
<msg timestamp="20231115 16:13:18.271" level="INFO">8</msg>
<status status="PASS" starttime="20231115 16:13:18.271" endtime="20231115 16:13:18.271"/>
</kw>
<kw name="Press Keys" library="SeleniumLibrary">
<arg>None</arg>
<arg>ARROW_DOWN</arg>
<doc>Simulates the user pressing key(s) to an element or on the active browser.</doc>
<msg timestamp="20231115 16:13:18.272" level="INFO">Sending key(s) ('ARROW_DOWN',) to page.</msg>
<msg timestamp="20231115 16:13:18.272" level="INFO">Pressing special key ARROW_DOWN to browser.</msg>
<msg timestamp="20231115 16:13:18.272" level="INFO">Releasing special key ARROW_DOWN.</msg>
<status status="PASS" starttime="20231115 16:13:18.271" endtime="20231115 16:13:18.476"/>
</kw>
<kw name="Sleep" library="BuiltIn">
<arg>0.5s</arg>
<doc>Pauses the test executed for the given time.</doc>
<msg timestamp="20231115 16:13:18.976" level="INFO">Slept 500 milliseconds</msg>
<status status="PASS" starttime="20231115 16:13:18.476" endtime="20231115 16:13:18.976"/>
</kw>
<status status="PASS" starttime="20231115 16:13:18.271" endtime="20231115 16:13:18.976"/>
</iter>
<iter>
<var name="${counter}">9</var>
<kw name="Log" library="BuiltIn">
<arg>${counter}</arg>
<doc>Logs the given message with the given level.</doc>
<msg timestamp="20231115 16:13:18.976" level="INFO">9</msg>
<status status="PASS" starttime="20231115 16:13:18.976" endtime="20231115 16:13:18.976"/>
</kw>
<kw name="Press Keys" library="SeleniumLibrary">
<arg>None</arg>
<arg>ARROW_DOWN</arg>
<doc>Simulates the user pressing key(s) to an element or on the active browser.</doc>
<msg timestamp="20231115 16:13:18.977" level="INFO">Sending key(s) ('ARROW_DOWN',) to page.</msg>
<msg timestamp="20231115 16:13:18.977" level="INFO">Pressing special key ARROW_DOWN to browser.</msg>
<msg timestamp="20231115 16:13:18.977" level="INFO">Releasing special key ARROW_DOWN.</msg>
<status status="PASS" starttime="20231115 16:13:18.976" endtime="20231115 16:13:19.181"/>
</kw>
<kw name="Sleep" library="BuiltIn">
<arg>0.5s</arg>
<doc>Pauses the test executed for the given time.</doc>
<msg timestamp="20231115 16:13:19.681" level="INFO">Slept 500 milliseconds</msg>
<status status="PASS" starttime="20231115 16:13:19.181" endtime="20231115 16:13:19.681"/>
</kw>
<status status="PASS" starttime="20231115 16:13:18.976" endtime="20231115 16:13:19.681"/>
</iter>
<status status="PASS" starttime="20231115 16:13:12.613" endtime="20231115 16:13:19.681"/>
</for>
<status status="PASS" starttime="20231115 16:13:11.992" endtime="20231115 16:13:19.681"/>
</kw>
<kw name="Sleep" library="BuiltIn">
<arg>3s</arg>
<doc>Pauses the test executed for the given time.</doc>
<msg timestamp="20231115 16:13:22.682" level="INFO">Slept 3 seconds</msg>
<status status="PASS" starttime="20231115 16:13:19.682" endtime="20231115 16:13:22.682"/>
</kw>
<kw name="Capture Page Screenshot" library="SeleniumLibrary">
<doc>Takes a screenshot of the current page and embeds it into a log file.</doc>
<msg timestamp="20231115 16:13:22.938" level="INFO" html="true">&lt;/td&gt;&lt;/tr&gt;&lt;tr&gt;&lt;td colspan="3"&gt;&lt;a href="selenium-screenshot-1.png"&gt;&lt;img src="selenium-screenshot-1.png" width="800px"&gt;&lt;/a&gt;</msg>
<status status="PASS" starttime="20231115 16:13:22.682" endtime="20231115 16:13:22.938"/>
</kw>
<kw name="Close Browser" library="SeleniumLibrary" type="TEARDOWN">
<doc>Closes the current browser.</doc>
<status status="PASS" starttime="20231115 16:13:22.939" endtime="20231115 16:13:25.824"/>
</kw>
<doc>SC01 - Lazy Load Template Form</doc>
<tag>TC01 - Lazy Load Template Form</tag>
<status status="PASS" starttime="20231115 16:12:50.987" endtime="20231115 16:13:25.824"/>
</test>
<doc>SC01 - Lazy Load Template Form</doc>
<status status="PASS" starttime="20231115 16:12:50.810" endtime="20231115 16:13:25.825"/>
</suite>
<statistics>
<total>
<stat pass="1" fail="0" skip="0">All Tests</stat>
</total>
<tag>
<stat pass="1" fail="0" skip="0">TC01 - Lazy Load Template Form</stat>
</tag>
<suite>
<stat pass="1" fail="0" skip="0" id="s1" name="SC01 - lazy load template form">SC01 - lazy load template form</stat>
</suite>
</statistics>
<errors>
</errors>
</robot>
