<?xml version="1.0" encoding="UTF-8"?>
<robot generator="Robot 5.0 (Python 3.10.6 on win32)" generated="20231116 19:11:36.712" rpa="false" schemaversion="3">
<suite id="s1" name="SC01 - Notifikasi SMS" source="E:\#Freelance\Sicantik\tests\Notifikasi SMS\SC01 - Notifikasi SMS.robot">
<test id="s1-t1" name="TC01 - View Notifikasi SMS" line="12">
<kw name="Open Browser To Login Page" library="login">
<kw name="Set Selenium Speed" library="SeleniumLibrary">
<arg>0.2s</arg>
<doc>Sets the delay that is waited after each Selenium command.</doc>
<status status="PASS" starttime="20231116 19:11:37.203" endtime="20231116 19:11:37.203"/>
</kw>
<kw name="Open Browser" library="SeleniumLibrary">
<arg>${LOGIN URL}</arg>
<arg>${BROWSER}</arg>
<arg>options=add_argument("--incognito")</arg>
<doc>Opens a new browser instance to the optional ``url``.</doc>
<msg timestamp="20231116 19:11:37.203" level="INFO">Opening browser 'Firefox' to base url 'https://uji.sicantik.go.id/sign-in'.</msg>
<msg timestamp="20231116 19:11:37.249" level="INFO">Executing: C:\laragon\bin\python\python-3.10\lib\site-packages\selenium\webdriver\common\windows\selenium-manager.exe --browser firefox --output json</msg>
<status status="PASS" starttime="20231116 19:11:37.203" endtime="20231116 19:11:52.145"/>
</kw>
<kw name="Maximize Browser Window" library="SeleniumLibrary">
<doc>Maximizes current browser window.</doc>
<status status="PASS" starttime="20231116 19:11:52.145" endtime="20231116 19:11:52.362"/>
</kw>
<kw name="Title Should Be" library="SeleniumLibrary">
<arg>SICANTIK</arg>
<doc>Verifies that the current page title equals ``title``.</doc>
<msg timestamp="20231116 19:11:52.576" level="INFO">Page title is 'SICANTIK'.</msg>
<status status="PASS" starttime="20231116 19:11:52.362" endtime="20231116 19:11:52.576"/>
</kw>
<status status="PASS" starttime="20231116 19:11:37.203" endtime="20231116 19:11:52.578"/>
</kw>
<kw name="Login Pemohon" library="login">
<kw name="Input Username" library="login">
<arg>kartu1</arg>
<kw name="Input Text" library="SeleniumLibrary">
<arg>username</arg>
<arg>${username}</arg>
<doc>Types the given ``text`` into the text field identified by ``locator``.</doc>
<msg timestamp="20231116 19:11:52.580" level="INFO">Typing text 'kartu1' into text field 'username'.</msg>
<status status="PASS" starttime="20231116 19:11:52.580" endtime="20231116 19:11:53.432"/>
</kw>
<status status="PASS" starttime="20231116 19:11:52.580" endtime="20231116 19:11:53.432"/>
</kw>
<kw name="Input Password" library="login">
<arg>Kartu123*@#</arg>
<kw name="Input Text" library="SeleniumLibrary">
<arg>password</arg>
<arg>${password}</arg>
<doc>Types the given ``text`` into the text field identified by ``locator``.</doc>
<msg timestamp="20231116 19:11:53.432" level="INFO">Typing text 'Kartu123*@#' into text field 'password'.</msg>
<status status="PASS" starttime="20231116 19:11:53.432" endtime="20231116 19:11:54.138"/>
</kw>
<status status="PASS" starttime="20231116 19:11:53.432" endtime="20231116 19:11:54.138"/>
</kw>
<kw name="Submit Credentials" library="login">
<kw name="Click Button" library="SeleniumLibrary">
<arg>kt_sign_in_submit</arg>
<doc>Clicks the button identified by ``locator``.</doc>
<msg timestamp="20231116 19:11:54.142" level="INFO">Clicking button 'kt_sign_in_submit'.</msg>
<status status="PASS" starttime="20231116 19:11:54.138" endtime="20231116 19:11:55.236"/>
</kw>
<kw name="Sleep" library="BuiltIn">
<arg>5s</arg>
<doc>Pauses the test executed for the given time.</doc>
<msg timestamp="20231116 19:12:00.247" level="INFO">Slept 5 seconds</msg>
<status status="PASS" starttime="20231116 19:11:55.236" endtime="20231116 19:12:00.247"/>
</kw>
<status status="PASS" starttime="20231116 19:11:54.138" endtime="20231116 19:12:00.247"/>
</kw>
<kw name="Wait Until Element Contains" library="SeleniumLibrary">
<arg>xpath:/html/body/div[1]/div[2]/div[2]/div[1]/div/div/div[3]/div/div[2]/div[1]/span[2]</arg>
<arg>PEMOHON</arg>
<doc>Waits until the element ``locator`` contains ``text``.</doc>
<status status="PASS" starttime="20231116 19:12:00.247" endtime="20231116 19:12:00.742"/>
</kw>
<kw name="Sleep" library="BuiltIn">
<arg>3s</arg>
<doc>Pauses the test executed for the given time.</doc>
<msg timestamp="20231116 19:12:03.752" level="INFO">Slept 3 seconds</msg>
<status status="PASS" starttime="20231116 19:12:00.742" endtime="20231116 19:12:03.752"/>
</kw>
<status status="PASS" starttime="20231116 19:11:52.578" endtime="20231116 19:12:03.752"/>
</kw>
<kw name="Click Lonceng Notifikasi" library="pemohon">
<kw name="Click Element" library="SeleniumLibrary">
<arg>css:i.fa-bell</arg>
<doc>Click the element identified by ``locator``.</doc>
<msg timestamp="20231116 19:12:03.756" level="INFO">Clicking element 'css:i.fa-bell'.</msg>
<status status="PASS" starttime="20231116 19:12:03.756" endtime="20231116 19:12:04.471"/>
</kw>
<kw name="Wait Until Element Is Visible" library="SeleniumLibrary">
<arg>xpath:/html/body/div[1]/div[2]/div[2]/div[1]/div/div/div[3]/div/div[1]/div[2]/div[1]/div/h3</arg>
<doc>Waits until the element ``locator`` is visible.</doc>
<status status="PASS" starttime="20231116 19:12:04.471" endtime="20231116 19:12:04.957"/>
</kw>
<kw name="Sleep" library="BuiltIn">
<arg>1s</arg>
<doc>Pauses the test executed for the given time.</doc>
<msg timestamp="20231116 19:12:05.966" level="INFO">Slept 1 second</msg>
<status status="PASS" starttime="20231116 19:12:04.957" endtime="20231116 19:12:05.966"/>
</kw>
<status status="PASS" starttime="20231116 19:12:03.752" endtime="20231116 19:12:05.966"/>
</kw>
<kw name="Click Informasi Tab In Notifikasi" library="pemohon">
<kw name="Click Element" library="SeleniumLibrary">
<arg>xpath:/html/body/div[1]/div[2]/div[2]/div[1]/div/div/div[3]/div/div[1]/div[2]/div[1]/div/ul/li[2]/a</arg>
<doc>Click the element identified by ``locator``.</doc>
<msg timestamp="20231116 19:12:05.971" level="INFO">Clicking element 'xpath:/html/body/div[1]/div[2]/div[2]/div[1]/div/div/div[3]/div/div[1]/div[2]/div[1]/div/ul/li[2]/a'.</msg>
<status status="PASS" starttime="20231116 19:12:05.970" endtime="20231116 19:12:06.657"/>
</kw>
<status status="PASS" starttime="20231116 19:12:05.966" endtime="20231116 19:12:06.657"/>
</kw>
<kw name="Sleep" library="BuiltIn">
<arg>2s</arg>
<doc>Pauses the test executed for the given time.</doc>
<msg timestamp="20231116 19:12:08.662" level="INFO">Slept 2 seconds</msg>
<status status="PASS" starttime="20231116 19:12:06.657" endtime="20231116 19:12:08.662"/>
</kw>
<kw name="Capture Page Screenshot" library="SeleniumLibrary">
<doc>Takes a screenshot of the current page and embeds it into a log file.</doc>
<msg timestamp="20231116 19:12:09.170" level="INFO" html="true">&lt;/td&gt;&lt;/tr&gt;&lt;tr&gt;&lt;td colspan="3"&gt;&lt;a href="selenium-screenshot-1.png"&gt;&lt;img src="selenium-screenshot-1.png" width="800px"&gt;&lt;/a&gt;</msg>
<status status="PASS" starttime="20231116 19:12:08.662" endtime="20231116 19:12:09.170"/>
</kw>
<kw name="Close Browser" library="SeleniumLibrary" type="TEARDOWN">
<doc>Closes the current browser.</doc>
<status status="PASS" starttime="20231116 19:12:09.174" endtime="20231116 19:12:13.775"/>
</kw>
<doc>SC01 - Notifikasi SMS</doc>
<tag>TC01 - View Notifikasi SMS</tag>
<status status="PASS" starttime="20231116 19:11:37.203" endtime="20231116 19:12:13.785"/>
</test>
<doc>SC01 - Notifikasi SMS</doc>
<status status="PASS" starttime="20231116 19:11:36.721" endtime="20231116 19:12:13.791"/>
</suite>
<statistics>
<total>
<stat pass="1" fail="0" skip="0">All Tests</stat>
</total>
<tag>
<stat pass="1" fail="0" skip="0">TC01 - View Notifikasi SMS</stat>
</tag>
<suite>
<stat pass="1" fail="0" skip="0" id="s1" name="SC01 - Notifikasi SMS">SC01 - Notifikasi SMS</stat>
</suite>
</statistics>
<errors>
</errors>
</robot>
