<?xml version="1.0" encoding="UTF-8"?>
<robot generator="Robot 6.1.1 (Python 3.12.0 on win32)" generated="20231112 10:04:02.705" rpa="false" schemaversion="4">
<suite id="s1" name="SC04 - View Detail Data Service Eksternal" source="E:\#Freelance\Sicantik\tests\R10 - Web Service Eksternal\SC04 - View Detail Data Service Eksternal\SC04 - View Detail Data Service Eksternal.robot">
<test id="s1-t1" name="TC01 - View Detail Data Service Eksternal" line="12">
<kw name="Open Browser To Login Page" library="login">
<kw name="Set Selenium Speed" library="SeleniumLibrary">
<arg>0.4s</arg>
<doc>Sets the delay that is waited after each Selenium command.</doc>
<status status="PASS" starttime="20231112 10:04:02.871" endtime="20231112 10:04:02.871"/>
</kw>
<kw name="Open Browser" library="SeleniumLibrary">
<arg>${LOGIN URL}</arg>
<arg>${BROWSER}</arg>
<arg>options=add_argument("--incognito")</arg>
<doc>Opens a new browser instance to the optional ``url``.</doc>
<msg timestamp="20231112 10:04:02.872" level="INFO">Opening browser 'Firefox' to base url 'https://uji.sicantik.go.id/sign-in'.</msg>
<status status="PASS" starttime="20231112 10:04:02.871" endtime="20231112 10:04:10.758"/>
</kw>
<kw name="Maximize Browser Window" library="SeleniumLibrary">
<doc>Maximizes current browser window.</doc>
<status status="PASS" starttime="20231112 10:04:10.758" endtime="20231112 10:04:11.416"/>
</kw>
<kw name="Title Should Be" library="SeleniumLibrary">
<arg>SICANTIK</arg>
<doc>Verifies that the current page title equals ``title``.</doc>
<msg timestamp="20231112 10:04:11.819" level="INFO">Page title is 'SICANTIK'.</msg>
<status status="PASS" starttime="20231112 10:04:11.416" endtime="20231112 10:04:11.819"/>
</kw>
<status status="PASS" starttime="20231112 10:04:02.871" endtime="20231112 10:04:11.819"/>
</kw>
<kw name="Login Admin Instansi" library="login">
<kw name="Input Username" library="login">
<arg>demo</arg>
<kw name="Input Text" library="SeleniumLibrary">
<arg>username</arg>
<arg>${username}</arg>
<doc>Types the given ``text`` into the text field identified by ``locator``.</doc>
<msg timestamp="20231112 10:04:11.820" level="INFO">Typing text 'demo' into text field 'username'.</msg>
<status status="PASS" starttime="20231112 10:04:11.819" endtime="20231112 10:04:13.067"/>
</kw>
<status status="PASS" starttime="20231112 10:04:11.819" endtime="20231112 10:04:13.067"/>
</kw>
<kw name="Input Password" library="login">
<arg>Demo789*@#</arg>
<kw name="Input Text" library="SeleniumLibrary">
<arg>password</arg>
<arg>${password}</arg>
<doc>Types the given ``text`` into the text field identified by ``locator``.</doc>
<msg timestamp="20231112 10:04:13.068" level="INFO">Typing text 'Demo789*@#' into text field 'password'.</msg>
<status status="PASS" starttime="20231112 10:04:13.067" endtime="20231112 10:04:14.285"/>
</kw>
<status status="PASS" starttime="20231112 10:04:13.067" endtime="20231112 10:04:14.285"/>
</kw>
<status status="PASS" starttime="20231112 10:04:11.819" endtime="20231112 10:04:14.285"/>
</kw>
<kw name="Submit Credentials" library="login">
<kw name="Click Button" library="SeleniumLibrary">
<arg>kt_sign_in_submit</arg>
<doc>Clicks the button identified by ``locator``.</doc>
<msg timestamp="20231112 10:04:14.286" level="INFO">Clicking button 'kt_sign_in_submit'.</msg>
<status status="PASS" starttime="20231112 10:04:14.285" endtime="20231112 10:04:16.112"/>
</kw>
<kw name="Sleep" library="BuiltIn">
<arg>5s</arg>
<doc>Pauses the test executed for the given time.</doc>
<msg timestamp="20231112 10:04:21.112" level="INFO">Slept 5 seconds</msg>
<status status="PASS" starttime="20231112 10:04:16.112" endtime="20231112 10:04:21.112"/>
</kw>
<status status="PASS" starttime="20231112 10:04:14.285" endtime="20231112 10:04:21.112"/>
</kw>
<kw name="Move To Web Service Eksternal" library="web_service_eksternal">
<kw name="Go To" library="SeleniumLibrary">
<arg>https://uji.sicantik.go.id/service-eksternal</arg>
<doc>Navigates the current browser window to the provided ``url``.</doc>
<msg timestamp="20231112 10:04:21.112" level="INFO">Opening url 'https://uji.sicantik.go.id/service-eksternal'</msg>
<status status="PASS" starttime="20231112 10:04:21.112" endtime="20231112 10:04:21.821"/>
</kw>
<kw name="Wait Until Element Contains" library="SeleniumLibrary">
<arg>xpath://*[@id="kt_content_container"]/div/div/div[1]/h5</arg>
<arg>Daftar Service Eksternal</arg>
<doc>Waits until the element ``locator`` contains ``text``.</doc>
<status status="PASS" starttime="20231112 10:04:21.821" endtime="20231112 10:04:22.648"/>
</kw>
<kw name="Element Should Contain" library="SeleniumLibrary">
<arg>xpath://*[@id="kt_content_container"]/div/div/div[1]/h5</arg>
<arg>Daftar Service Eksternal</arg>
<doc>Verifies that element ``locator`` contains text ``expected``.</doc>
<msg timestamp="20231112 10:04:23.455" level="INFO">Element 'xpath://*[@id="kt_content_container"]/div/div/div[1]/h5' contains text 'Daftar Service Eksternal'.</msg>
<status status="PASS" starttime="20231112 10:04:22.648" endtime="20231112 10:04:23.455"/>
</kw>
<status status="PASS" starttime="20231112 10:04:21.112" endtime="20231112 10:04:23.455"/>
</kw>
<kw name="Click Icon Eye" library="web_service_eksternal">
<kw name="Wait Until Element Is Enabled" library="SeleniumLibrary">
<arg>css:i.fa-eye</arg>
<doc>Waits until the element ``locator`` is enabled.</doc>
<status status="PASS" starttime="20231112 10:04:23.455" endtime="20231112 10:04:24.676"/>
</kw>
<kw name="Click Element" library="SeleniumLibrary">
<arg>css:i.fa-eye</arg>
<doc>Click the element identified by ``locator``.</doc>
<msg timestamp="20231112 10:04:24.676" level="INFO">Clicking element 'css:i.fa-eye'.</msg>
<status status="PASS" starttime="20231112 10:04:24.676" endtime="20231112 10:04:25.702"/>
</kw>
<kw name="Element Should Contain" library="SeleniumLibrary">
<arg>xpath://*[@id="kt_profile_details_view"]/div/div[1]/div/div/div/div[1]/span</arg>
<arg>Web Service Eksternal</arg>
<doc>Verifies that element ``locator`` contains text ``expected``.</doc>
<msg timestamp="20231112 10:04:26.510" level="INFO">Element 'xpath://*[@id="kt_profile_details_view"]/div/div[1]/div/div/div/div[1]/span' contains text 'Web Service Eksternal'.</msg>
<status status="PASS" starttime="20231112 10:04:25.702" endtime="20231112 10:04:26.510"/>
</kw>
<status status="PASS" starttime="20231112 10:04:23.455" endtime="20231112 10:04:26.510"/>
</kw>
<kw name="Sleep" library="BuiltIn">
<arg>1s</arg>
<doc>Pauses the test executed for the given time.</doc>
<msg timestamp="20231112 10:04:27.511" level="INFO">Slept 1 second</msg>
<status status="PASS" starttime="20231112 10:04:26.510" endtime="20231112 10:04:27.511"/>
</kw>
<kw name="Capture Page Screenshot" library="SeleniumLibrary">
<doc>Takes a screenshot of the current page and embeds it into a log file.</doc>
<msg timestamp="20231112 10:04:27.963" level="INFO" html="true">&lt;/td&gt;&lt;/tr&gt;&lt;tr&gt;&lt;td colspan="3"&gt;&lt;a href="selenium-screenshot-1.png"&gt;&lt;img src="selenium-screenshot-1.png" width="800px"&gt;&lt;/a&gt;</msg>
<status status="PASS" starttime="20231112 10:04:27.511" endtime="20231112 10:04:27.963"/>
</kw>
<kw name="Close Browser" library="SeleniumLibrary" type="TEARDOWN">
<doc>Closes the current browser.</doc>
<status status="PASS" starttime="20231112 10:04:27.963" endtime="20231112 10:04:31.043"/>
</kw>
<doc>SC04 - View Detail Data Service Eksternal</doc>
<tag>TC01 - View Detail Data Service Eksternal</tag>
<status status="PASS" starttime="20231112 10:04:02.870" endtime="20231112 10:04:31.043"/>
</test>
<doc>SC04 - View Detail Data Service Eksternal</doc>
<status status="PASS" starttime="20231112 10:04:02.706" endtime="20231112 10:04:31.044"/>
</suite>
<statistics>
<total>
<stat pass="1" fail="0" skip="0">All Tests</stat>
</total>
<tag>
<stat pass="1" fail="0" skip="0">TC01 - View Detail Data Service Eksternal</stat>
</tag>
<suite>
<stat pass="1" fail="0" skip="0" id="s1" name="SC04 - View Detail Data Service Eksternal">SC04 - View Detail Data Service Eksternal</stat>
</suite>
</statistics>
<errors>
</errors>
</robot>
