<?xml version="1.0" encoding="UTF-8"?>
<robot generator="Robot 6.0.2 (Python 3.11.2 on win32)" generated="20231115 15:58:19.570" rpa="false" schemaversion="3">
<suite id="s1" name="SC01 - Lazy load jenis izin" source="D:\#RIANCAHYADI\Projects\Freedom\Sicantik\tests\Lazy Load\Admin Pusat\Jenis Izin\SC01 - Lazy load jenis izin.robot">
<test id="s1-t1" name="TC01 - Lazy Load Jenis Izin" line="12">
<kw name="Open Browser To Login Page" library="login">
<kw name="Set Selenium Speed" library="SeleniumLibrary">
<arg>0.2s</arg>
<doc>Sets the delay that is waited after each Selenium command.</doc>
<status status="PASS" starttime="20231115 15:58:19.737" endtime="20231115 15:58:19.737"/>
</kw>
<kw name="Open Browser" library="SeleniumLibrary">
<arg>${LOGIN URL}</arg>
<arg>${BROWSER}</arg>
<arg>options=add_argument("--incognito")</arg>
<doc>Opens a new browser instance to the optional ``url``.</doc>
<msg timestamp="20231115 15:58:19.738" level="INFO">Opening browser 'Firefox' to base url 'https://uji.sicantik.go.id/sign-in'.</msg>
<msg timestamp="20231115 15:58:19.740" level="INFO">Firefox driver log is always forced to to: D:\#RIANCAHYADI\Projects\Freedom\Sicantik\tests\Lazy Load\Admin Pusat\Jenis Izin\geckodriver-1.log</msg>
<status status="PASS" starttime="20231115 15:58:19.737" endtime="20231115 15:58:28.131"/>
</kw>
<kw name="Maximize Browser Window" library="SeleniumLibrary">
<doc>Maximizes current browser window.</doc>
<status status="PASS" starttime="20231115 15:58:28.131" endtime="20231115 15:58:28.588"/>
</kw>
<kw name="Title Should Be" library="SeleniumLibrary">
<arg>SICANTIK</arg>
<doc>Verifies that the current page title equals ``title``.</doc>
<msg timestamp="20231115 15:58:28.790" level="INFO">Page title is 'SICANTIK'.</msg>
<status status="PASS" starttime="20231115 15:58:28.588" endtime="20231115 15:58:28.790"/>
</kw>
<status status="PASS" starttime="20231115 15:58:19.736" endtime="20231115 15:58:28.790"/>
</kw>
<kw name="Login Admin Pusat" library="login">
<kw name="Input Username" library="login">
<arg>admegov</arg>
<kw name="Input Text" library="SeleniumLibrary">
<arg>username</arg>
<arg>${username}</arg>
<doc>Types the given ``text`` into the text field identified by ``locator``.</doc>
<msg timestamp="20231115 15:58:28.791" level="INFO">Typing text 'admegov' into text field 'username'.</msg>
<status status="PASS" starttime="20231115 15:58:28.791" endtime="20231115 15:58:29.444"/>
</kw>
<status status="PASS" starttime="20231115 15:58:28.790" endtime="20231115 15:58:29.444"/>
</kw>
<kw name="Input Password" library="login">
<arg>Admegov789*@#</arg>
<kw name="Input Text" library="SeleniumLibrary">
<arg>password</arg>
<arg>${password}</arg>
<doc>Types the given ``text`` into the text field identified by ``locator``.</doc>
<msg timestamp="20231115 15:58:29.445" level="INFO">Typing text 'Admegov789*@#' into text field 'password'.</msg>
<status status="PASS" starttime="20231115 15:58:29.444" endtime="20231115 15:58:30.064"/>
</kw>
<status status="PASS" starttime="20231115 15:58:29.444" endtime="20231115 15:58:30.064"/>
</kw>
<kw name="Submit Credentials" library="login">
<kw name="Click Button" library="SeleniumLibrary">
<arg>kt_sign_in_submit</arg>
<doc>Clicks the button identified by ``locator``.</doc>
<msg timestamp="20231115 15:58:30.064" level="INFO">Clicking button 'kt_sign_in_submit'.</msg>
<status status="PASS" starttime="20231115 15:58:30.064" endtime="20231115 15:58:31.083"/>
</kw>
<kw name="Sleep" library="BuiltIn">
<arg>5s</arg>
<doc>Pauses the test executed for the given time.</doc>
<msg timestamp="20231115 15:58:36.083" level="INFO">Slept 5 seconds</msg>
<status status="PASS" starttime="20231115 15:58:31.083" endtime="20231115 15:58:36.083"/>
</kw>
<status status="PASS" starttime="20231115 15:58:30.064" endtime="20231115 15:58:36.083"/>
</kw>
<kw name="Element Should Contain" library="SeleniumLibrary">
<arg>xpath://*[@id="kt_header_user_menu_toggle"]/div[2]/span[2]</arg>
<arg>Admin Utama</arg>
<doc>Verifies that element ``locator`` contains text ``expected``.</doc>
<msg timestamp="20231115 15:58:36.504" level="INFO">Element 'xpath://*[@id="kt_header_user_menu_toggle"]/div[2]/span[2]' contains text 'Admin Utama'.</msg>
<status status="PASS" starttime="20231115 15:58:36.083" endtime="20231115 15:58:36.504"/>
</kw>
<status status="PASS" starttime="20231115 15:58:28.790" endtime="20231115 15:58:36.504"/>
</kw>
<kw name="Move To Jenis Izin Module" library="jenis_izin">
<kw name="Go To" library="SeleniumLibrary">
<arg>https://uji.sicantik.go.id/jenis-izin</arg>
<doc>Navigates the current browser window to the provided ``url``.</doc>
<msg timestamp="20231115 15:58:36.505" level="INFO">Opening url 'https://uji.sicantik.go.id/jenis-izin'</msg>
<status status="PASS" starttime="20231115 15:58:36.505" endtime="20231115 15:58:37.120"/>
</kw>
<kw name="Wait Until Element Contains" library="SeleniumLibrary">
<arg>xpath://*[@id="kt_content_container"]/div/div/div[1]/h5</arg>
<arg>Daftar Jenis Izin</arg>
<doc>Waits until the element ``locator`` contains ``text``.</doc>
<status status="PASS" starttime="20231115 15:58:37.120" endtime="20231115 15:58:37.528"/>
</kw>
<kw name="Sleep" library="BuiltIn">
<arg>3s</arg>
<doc>Pauses the test executed for the given time.</doc>
<msg timestamp="20231115 15:58:40.529" level="INFO">Slept 3 seconds</msg>
<status status="PASS" starttime="20231115 15:58:37.528" endtime="20231115 15:58:40.529"/>
</kw>
<status status="PASS" starttime="20231115 15:58:36.505" endtime="20231115 15:58:40.529"/>
</kw>
<kw name="Scroll Down" library="jenis_izin">
<kw name="Click Element" library="SeleniumLibrary">
<arg>xpath://*[@id="kt_customers_table"]/tbody/tr[8]/td[4]</arg>
<doc>Click the element identified by ``locator``.</doc>
<msg timestamp="20231115 15:58:40.530" level="INFO">Clicking element 'xpath://*[@id="kt_customers_table"]/tbody/tr[8]/td[4]'.</msg>
<status status="PASS" starttime="20231115 15:58:40.529" endtime="20231115 15:58:41.150"/>
</kw>
<for flavor="IN RANGE">
<var>${counter}</var>
<value>20</value>
<iter>
<var name="${counter}">0</var>
<kw name="Log" library="BuiltIn">
<arg>${counter}</arg>
<doc>Logs the given message with the given level.</doc>
<msg timestamp="20231115 15:58:41.150" level="INFO">0</msg>
<status status="PASS" starttime="20231115 15:58:41.150" endtime="20231115 15:58:41.150"/>
</kw>
<kw name="Press Keys" library="SeleniumLibrary">
<arg>None</arg>
<arg>ARROW_DOWN</arg>
<doc>Simulates the user pressing key(s) to an element or on the active browser.</doc>
<msg timestamp="20231115 15:58:41.151" level="INFO">Sending key(s) ('ARROW_DOWN',) to page.</msg>
<msg timestamp="20231115 15:58:41.151" level="INFO">Pressing special key ARROW_DOWN to browser.</msg>
<msg timestamp="20231115 15:58:41.151" level="INFO">Releasing special key ARROW_DOWN.</msg>
<status status="PASS" starttime="20231115 15:58:41.150" endtime="20231115 15:58:41.360"/>
</kw>
<kw name="Sleep" library="BuiltIn">
<arg>0.5s</arg>
<doc>Pauses the test executed for the given time.</doc>
<msg timestamp="20231115 15:58:41.861" level="INFO">Slept 500 milliseconds</msg>
<status status="PASS" starttime="20231115 15:58:41.360" endtime="20231115 15:58:41.861"/>
</kw>
<status status="PASS" starttime="20231115 15:58:41.150" endtime="20231115 15:58:41.861"/>
</iter>
<iter>
<var name="${counter}">1</var>
<kw name="Log" library="BuiltIn">
<arg>${counter}</arg>
<doc>Logs the given message with the given level.</doc>
<msg timestamp="20231115 15:58:41.861" level="INFO">1</msg>
<status status="PASS" starttime="20231115 15:58:41.861" endtime="20231115 15:58:41.861"/>
</kw>
<kw name="Press Keys" library="SeleniumLibrary">
<arg>None</arg>
<arg>ARROW_DOWN</arg>
<doc>Simulates the user pressing key(s) to an element or on the active browser.</doc>
<msg timestamp="20231115 15:58:41.862" level="INFO">Sending key(s) ('ARROW_DOWN',) to page.</msg>
<msg timestamp="20231115 15:58:41.862" level="INFO">Pressing special key ARROW_DOWN to browser.</msg>
<msg timestamp="20231115 15:58:41.862" level="INFO">Releasing special key ARROW_DOWN.</msg>
<status status="PASS" starttime="20231115 15:58:41.861" endtime="20231115 15:58:42.066"/>
</kw>
<kw name="Sleep" library="BuiltIn">
<arg>0.5s</arg>
<doc>Pauses the test executed for the given time.</doc>
<msg timestamp="20231115 15:58:42.566" level="INFO">Slept 500 milliseconds</msg>
<status status="PASS" starttime="20231115 15:58:42.066" endtime="20231115 15:58:42.566"/>
</kw>
<status status="PASS" starttime="20231115 15:58:41.861" endtime="20231115 15:58:42.566"/>
</iter>
<iter>
<var name="${counter}">2</var>
<kw name="Log" library="BuiltIn">
<arg>${counter}</arg>
<doc>Logs the given message with the given level.</doc>
<msg timestamp="20231115 15:58:42.566" level="INFO">2</msg>
<status status="PASS" starttime="20231115 15:58:42.566" endtime="20231115 15:58:42.566"/>
</kw>
<kw name="Press Keys" library="SeleniumLibrary">
<arg>None</arg>
<arg>ARROW_DOWN</arg>
<doc>Simulates the user pressing key(s) to an element or on the active browser.</doc>
<msg timestamp="20231115 15:58:42.567" level="INFO">Sending key(s) ('ARROW_DOWN',) to page.</msg>
<msg timestamp="20231115 15:58:42.567" level="INFO">Pressing special key ARROW_DOWN to browser.</msg>
<msg timestamp="20231115 15:58:42.567" level="INFO">Releasing special key ARROW_DOWN.</msg>
<status status="PASS" starttime="20231115 15:58:42.566" endtime="20231115 15:58:42.773"/>
</kw>
<kw name="Sleep" library="BuiltIn">
<arg>0.5s</arg>
<doc>Pauses the test executed for the given time.</doc>
<msg timestamp="20231115 15:58:43.273" level="INFO">Slept 500 milliseconds</msg>
<status status="PASS" starttime="20231115 15:58:42.773" endtime="20231115 15:58:43.273"/>
</kw>
<status status="PASS" starttime="20231115 15:58:42.566" endtime="20231115 15:58:43.273"/>
</iter>
<iter>
<var name="${counter}">3</var>
<kw name="Log" library="BuiltIn">
<arg>${counter}</arg>
<doc>Logs the given message with the given level.</doc>
<msg timestamp="20231115 15:58:43.273" level="INFO">3</msg>
<status status="PASS" starttime="20231115 15:58:43.273" endtime="20231115 15:58:43.273"/>
</kw>
<kw name="Press Keys" library="SeleniumLibrary">
<arg>None</arg>
<arg>ARROW_DOWN</arg>
<doc>Simulates the user pressing key(s) to an element or on the active browser.</doc>
<msg timestamp="20231115 15:58:43.274" level="INFO">Sending key(s) ('ARROW_DOWN',) to page.</msg>
<msg timestamp="20231115 15:58:43.274" level="INFO">Pressing special key ARROW_DOWN to browser.</msg>
<msg timestamp="20231115 15:58:43.274" level="INFO">Releasing special key ARROW_DOWN.</msg>
<status status="PASS" starttime="20231115 15:58:43.273" endtime="20231115 15:58:43.479"/>
</kw>
<kw name="Sleep" library="BuiltIn">
<arg>0.5s</arg>
<doc>Pauses the test executed for the given time.</doc>
<msg timestamp="20231115 15:58:43.979" level="INFO">Slept 500 milliseconds</msg>
<status status="PASS" starttime="20231115 15:58:43.479" endtime="20231115 15:58:43.979"/>
</kw>
<status status="PASS" starttime="20231115 15:58:43.273" endtime="20231115 15:58:43.979"/>
</iter>
<iter>
<var name="${counter}">4</var>
<kw name="Log" library="BuiltIn">
<arg>${counter}</arg>
<doc>Logs the given message with the given level.</doc>
<msg timestamp="20231115 15:58:43.979" level="INFO">4</msg>
<status status="PASS" starttime="20231115 15:58:43.979" endtime="20231115 15:58:43.979"/>
</kw>
<kw name="Press Keys" library="SeleniumLibrary">
<arg>None</arg>
<arg>ARROW_DOWN</arg>
<doc>Simulates the user pressing key(s) to an element or on the active browser.</doc>
<msg timestamp="20231115 15:58:43.980" level="INFO">Sending key(s) ('ARROW_DOWN',) to page.</msg>
<msg timestamp="20231115 15:58:43.980" level="INFO">Pressing special key ARROW_DOWN to browser.</msg>
<msg timestamp="20231115 15:58:43.980" level="INFO">Releasing special key ARROW_DOWN.</msg>
<status status="PASS" starttime="20231115 15:58:43.979" endtime="20231115 15:58:44.184"/>
</kw>
<kw name="Sleep" library="BuiltIn">
<arg>0.5s</arg>
<doc>Pauses the test executed for the given time.</doc>
<msg timestamp="20231115 15:58:44.684" level="INFO">Slept 500 milliseconds</msg>
<status status="PASS" starttime="20231115 15:58:44.184" endtime="20231115 15:58:44.684"/>
</kw>
<status status="PASS" starttime="20231115 15:58:43.979" endtime="20231115 15:58:44.684"/>
</iter>
<iter>
<var name="${counter}">5</var>
<kw name="Log" library="BuiltIn">
<arg>${counter}</arg>
<doc>Logs the given message with the given level.</doc>
<msg timestamp="20231115 15:58:44.684" level="INFO">5</msg>
<status status="PASS" starttime="20231115 15:58:44.684" endtime="20231115 15:58:44.684"/>
</kw>
<kw name="Press Keys" library="SeleniumLibrary">
<arg>None</arg>
<arg>ARROW_DOWN</arg>
<doc>Simulates the user pressing key(s) to an element or on the active browser.</doc>
<msg timestamp="20231115 15:58:44.685" level="INFO">Sending key(s) ('ARROW_DOWN',) to page.</msg>
<msg timestamp="20231115 15:58:44.685" level="INFO">Pressing special key ARROW_DOWN to browser.</msg>
<msg timestamp="20231115 15:58:44.685" level="INFO">Releasing special key ARROW_DOWN.</msg>
<status status="PASS" starttime="20231115 15:58:44.684" endtime="20231115 15:58:44.889"/>
</kw>
<kw name="Sleep" library="BuiltIn">
<arg>0.5s</arg>
<doc>Pauses the test executed for the given time.</doc>
<msg timestamp="20231115 15:58:45.390" level="INFO">Slept 500 milliseconds</msg>
<status status="PASS" starttime="20231115 15:58:44.889" endtime="20231115 15:58:45.390"/>
</kw>
<status status="PASS" starttime="20231115 15:58:44.684" endtime="20231115 15:58:45.390"/>
</iter>
<iter>
<var name="${counter}">6</var>
<kw name="Log" library="BuiltIn">
<arg>${counter}</arg>
<doc>Logs the given message with the given level.</doc>
<msg timestamp="20231115 15:58:45.390" level="INFO">6</msg>
<status status="PASS" starttime="20231115 15:58:45.390" endtime="20231115 15:58:45.390"/>
</kw>
<kw name="Press Keys" library="SeleniumLibrary">
<arg>None</arg>
<arg>ARROW_DOWN</arg>
<doc>Simulates the user pressing key(s) to an element or on the active browser.</doc>
<msg timestamp="20231115 15:58:45.391" level="INFO">Sending key(s) ('ARROW_DOWN',) to page.</msg>
<msg timestamp="20231115 15:58:45.391" level="INFO">Pressing special key ARROW_DOWN to browser.</msg>
<msg timestamp="20231115 15:58:45.391" level="INFO">Releasing special key ARROW_DOWN.</msg>
<status status="PASS" starttime="20231115 15:58:45.390" endtime="20231115 15:58:45.595"/>
</kw>
<kw name="Sleep" library="BuiltIn">
<arg>0.5s</arg>
<doc>Pauses the test executed for the given time.</doc>
<msg timestamp="20231115 15:58:46.095" level="INFO">Slept 500 milliseconds</msg>
<status status="PASS" starttime="20231115 15:58:45.595" endtime="20231115 15:58:46.095"/>
</kw>
<status status="PASS" starttime="20231115 15:58:45.390" endtime="20231115 15:58:46.095"/>
</iter>
<iter>
<var name="${counter}">7</var>
<kw name="Log" library="BuiltIn">
<arg>${counter}</arg>
<doc>Logs the given message with the given level.</doc>
<msg timestamp="20231115 15:58:46.095" level="INFO">7</msg>
<status status="PASS" starttime="20231115 15:58:46.095" endtime="20231115 15:58:46.095"/>
</kw>
<kw name="Press Keys" library="SeleniumLibrary">
<arg>None</arg>
<arg>ARROW_DOWN</arg>
<doc>Simulates the user pressing key(s) to an element or on the active browser.</doc>
<msg timestamp="20231115 15:58:46.096" level="INFO">Sending key(s) ('ARROW_DOWN',) to page.</msg>
<msg timestamp="20231115 15:58:46.096" level="INFO">Pressing special key ARROW_DOWN to browser.</msg>
<msg timestamp="20231115 15:58:46.096" level="INFO">Releasing special key ARROW_DOWN.</msg>
<status status="PASS" starttime="20231115 15:58:46.095" endtime="20231115 15:58:46.300"/>
</kw>
<kw name="Sleep" library="BuiltIn">
<arg>0.5s</arg>
<doc>Pauses the test executed for the given time.</doc>
<msg timestamp="20231115 15:58:46.800" level="INFO">Slept 500 milliseconds</msg>
<status status="PASS" starttime="20231115 15:58:46.300" endtime="20231115 15:58:46.800"/>
</kw>
<status status="PASS" starttime="20231115 15:58:46.095" endtime="20231115 15:58:46.800"/>
</iter>
<iter>
<var name="${counter}">8</var>
<kw name="Log" library="BuiltIn">
<arg>${counter}</arg>
<doc>Logs the given message with the given level.</doc>
<msg timestamp="20231115 15:58:46.800" level="INFO">8</msg>
<status status="PASS" starttime="20231115 15:58:46.800" endtime="20231115 15:58:46.800"/>
</kw>
<kw name="Press Keys" library="SeleniumLibrary">
<arg>None</arg>
<arg>ARROW_DOWN</arg>
<doc>Simulates the user pressing key(s) to an element or on the active browser.</doc>
<msg timestamp="20231115 15:58:46.801" level="INFO">Sending key(s) ('ARROW_DOWN',) to page.</msg>
<msg timestamp="20231115 15:58:46.801" level="INFO">Pressing special key ARROW_DOWN to browser.</msg>
<msg timestamp="20231115 15:58:46.801" level="INFO">Releasing special key ARROW_DOWN.</msg>
<status status="PASS" starttime="20231115 15:58:46.800" endtime="20231115 15:58:47.005"/>
</kw>
<kw name="Sleep" library="BuiltIn">
<arg>0.5s</arg>
<doc>Pauses the test executed for the given time.</doc>
<msg timestamp="20231115 15:58:47.505" level="INFO">Slept 500 milliseconds</msg>
<status status="PASS" starttime="20231115 15:58:47.005" endtime="20231115 15:58:47.505"/>
</kw>
<status status="PASS" starttime="20231115 15:58:46.800" endtime="20231115 15:58:47.505"/>
</iter>
<iter>
<var name="${counter}">9</var>
<kw name="Log" library="BuiltIn">
<arg>${counter}</arg>
<doc>Logs the given message with the given level.</doc>
<msg timestamp="20231115 15:58:47.505" level="INFO">9</msg>
<status status="PASS" starttime="20231115 15:58:47.505" endtime="20231115 15:58:47.505"/>
</kw>
<kw name="Press Keys" library="SeleniumLibrary">
<arg>None</arg>
<arg>ARROW_DOWN</arg>
<doc>Simulates the user pressing key(s) to an element or on the active browser.</doc>
<msg timestamp="20231115 15:58:47.506" level="INFO">Sending key(s) ('ARROW_DOWN',) to page.</msg>
<msg timestamp="20231115 15:58:47.506" level="INFO">Pressing special key ARROW_DOWN to browser.</msg>
<msg timestamp="20231115 15:58:47.506" level="INFO">Releasing special key ARROW_DOWN.</msg>
<status status="PASS" starttime="20231115 15:58:47.505" endtime="20231115 15:58:47.710"/>
</kw>
<kw name="Sleep" library="BuiltIn">
<arg>0.5s</arg>
<doc>Pauses the test executed for the given time.</doc>
<msg timestamp="20231115 15:58:48.210" level="INFO">Slept 500 milliseconds</msg>
<status status="PASS" starttime="20231115 15:58:47.710" endtime="20231115 15:58:48.210"/>
</kw>
<status status="PASS" starttime="20231115 15:58:47.505" endtime="20231115 15:58:48.210"/>
</iter>
<iter>
<var name="${counter}">10</var>
<kw name="Log" library="BuiltIn">
<arg>${counter}</arg>
<doc>Logs the given message with the given level.</doc>
<msg timestamp="20231115 15:58:48.210" level="INFO">10</msg>
<status status="PASS" starttime="20231115 15:58:48.210" endtime="20231115 15:58:48.210"/>
</kw>
<kw name="Press Keys" library="SeleniumLibrary">
<arg>None</arg>
<arg>ARROW_DOWN</arg>
<doc>Simulates the user pressing key(s) to an element or on the active browser.</doc>
<msg timestamp="20231115 15:58:48.211" level="INFO">Sending key(s) ('ARROW_DOWN',) to page.</msg>
<msg timestamp="20231115 15:58:48.211" level="INFO">Pressing special key ARROW_DOWN to browser.</msg>
<msg timestamp="20231115 15:58:48.211" level="INFO">Releasing special key ARROW_DOWN.</msg>
<status status="PASS" starttime="20231115 15:58:48.210" endtime="20231115 15:58:48.416"/>
</kw>
<kw name="Sleep" library="BuiltIn">
<arg>0.5s</arg>
<doc>Pauses the test executed for the given time.</doc>
<msg timestamp="20231115 15:58:48.917" level="INFO">Slept 500 milliseconds</msg>
<status status="PASS" starttime="20231115 15:58:48.416" endtime="20231115 15:58:48.917"/>
</kw>
<status status="PASS" starttime="20231115 15:58:48.210" endtime="20231115 15:58:48.917"/>
</iter>
<iter>
<var name="${counter}">11</var>
<kw name="Log" library="BuiltIn">
<arg>${counter}</arg>
<doc>Logs the given message with the given level.</doc>
<msg timestamp="20231115 15:58:48.917" level="INFO">11</msg>
<status status="PASS" starttime="20231115 15:58:48.917" endtime="20231115 15:58:48.917"/>
</kw>
<kw name="Press Keys" library="SeleniumLibrary">
<arg>None</arg>
<arg>ARROW_DOWN</arg>
<doc>Simulates the user pressing key(s) to an element or on the active browser.</doc>
<msg timestamp="20231115 15:58:48.918" level="INFO">Sending key(s) ('ARROW_DOWN',) to page.</msg>
<msg timestamp="20231115 15:58:48.918" level="INFO">Pressing special key ARROW_DOWN to browser.</msg>
<msg timestamp="20231115 15:58:48.918" level="INFO">Releasing special key ARROW_DOWN.</msg>
<status status="PASS" starttime="20231115 15:58:48.917" endtime="20231115 15:58:49.122"/>
</kw>
<kw name="Sleep" library="BuiltIn">
<arg>0.5s</arg>
<doc>Pauses the test executed for the given time.</doc>
<msg timestamp="20231115 15:58:49.623" level="INFO">Slept 500 milliseconds</msg>
<status status="PASS" starttime="20231115 15:58:49.122" endtime="20231115 15:58:49.623"/>
</kw>
<status status="PASS" starttime="20231115 15:58:48.917" endtime="20231115 15:58:49.623"/>
</iter>
<iter>
<var name="${counter}">12</var>
<kw name="Log" library="BuiltIn">
<arg>${counter}</arg>
<doc>Logs the given message with the given level.</doc>
<msg timestamp="20231115 15:58:49.623" level="INFO">12</msg>
<status status="PASS" starttime="20231115 15:58:49.623" endtime="20231115 15:58:49.623"/>
</kw>
<kw name="Press Keys" library="SeleniumLibrary">
<arg>None</arg>
<arg>ARROW_DOWN</arg>
<doc>Simulates the user pressing key(s) to an element or on the active browser.</doc>
<msg timestamp="20231115 15:58:49.624" level="INFO">Sending key(s) ('ARROW_DOWN',) to page.</msg>
<msg timestamp="20231115 15:58:49.624" level="INFO">Pressing special key ARROW_DOWN to browser.</msg>
<msg timestamp="20231115 15:58:49.624" level="INFO">Releasing special key ARROW_DOWN.</msg>
<status status="PASS" starttime="20231115 15:58:49.623" endtime="20231115 15:58:49.828"/>
</kw>
<kw name="Sleep" library="BuiltIn">
<arg>0.5s</arg>
<doc>Pauses the test executed for the given time.</doc>
<msg timestamp="20231115 15:58:50.328" level="INFO">Slept 500 milliseconds</msg>
<status status="PASS" starttime="20231115 15:58:49.828" endtime="20231115 15:58:50.328"/>
</kw>
<status status="PASS" starttime="20231115 15:58:49.623" endtime="20231115 15:58:50.328"/>
</iter>
<iter>
<var name="${counter}">13</var>
<kw name="Log" library="BuiltIn">
<arg>${counter}</arg>
<doc>Logs the given message with the given level.</doc>
<msg timestamp="20231115 15:58:50.328" level="INFO">13</msg>
<status status="PASS" starttime="20231115 15:58:50.328" endtime="20231115 15:58:50.328"/>
</kw>
<kw name="Press Keys" library="SeleniumLibrary">
<arg>None</arg>
<arg>ARROW_DOWN</arg>
<doc>Simulates the user pressing key(s) to an element or on the active browser.</doc>
<msg timestamp="20231115 15:58:50.329" level="INFO">Sending key(s) ('ARROW_DOWN',) to page.</msg>
<msg timestamp="20231115 15:58:50.329" level="INFO">Pressing special key ARROW_DOWN to browser.</msg>
<msg timestamp="20231115 15:58:50.329" level="INFO">Releasing special key ARROW_DOWN.</msg>
<status status="PASS" starttime="20231115 15:58:50.328" endtime="20231115 15:58:50.532"/>
</kw>
<kw name="Sleep" library="BuiltIn">
<arg>0.5s</arg>
<doc>Pauses the test executed for the given time.</doc>
<msg timestamp="20231115 15:58:51.033" level="INFO">Slept 500 milliseconds</msg>
<status status="PASS" starttime="20231115 15:58:50.532" endtime="20231115 15:58:51.033"/>
</kw>
<status status="PASS" starttime="20231115 15:58:50.328" endtime="20231115 15:58:51.033"/>
</iter>
<iter>
<var name="${counter}">14</var>
<kw name="Log" library="BuiltIn">
<arg>${counter}</arg>
<doc>Logs the given message with the given level.</doc>
<msg timestamp="20231115 15:58:51.033" level="INFO">14</msg>
<status status="PASS" starttime="20231115 15:58:51.033" endtime="20231115 15:58:51.033"/>
</kw>
<kw name="Press Keys" library="SeleniumLibrary">
<arg>None</arg>
<arg>ARROW_DOWN</arg>
<doc>Simulates the user pressing key(s) to an element or on the active browser.</doc>
<msg timestamp="20231115 15:58:51.034" level="INFO">Sending key(s) ('ARROW_DOWN',) to page.</msg>
<msg timestamp="20231115 15:58:51.034" level="INFO">Pressing special key ARROW_DOWN to browser.</msg>
<msg timestamp="20231115 15:58:51.034" level="INFO">Releasing special key ARROW_DOWN.</msg>
<status status="PASS" starttime="20231115 15:58:51.033" endtime="20231115 15:58:51.238"/>
</kw>
<kw name="Sleep" library="BuiltIn">
<arg>0.5s</arg>
<doc>Pauses the test executed for the given time.</doc>
<msg timestamp="20231115 15:58:51.739" level="INFO">Slept 500 milliseconds</msg>
<status status="PASS" starttime="20231115 15:58:51.238" endtime="20231115 15:58:51.739"/>
</kw>
<status status="PASS" starttime="20231115 15:58:51.033" endtime="20231115 15:58:51.739"/>
</iter>
<iter>
<var name="${counter}">15</var>
<kw name="Log" library="BuiltIn">
<arg>${counter}</arg>
<doc>Logs the given message with the given level.</doc>
<msg timestamp="20231115 15:58:51.739" level="INFO">15</msg>
<status status="PASS" starttime="20231115 15:58:51.739" endtime="20231115 15:58:51.739"/>
</kw>
<kw name="Press Keys" library="SeleniumLibrary">
<arg>None</arg>
<arg>ARROW_DOWN</arg>
<doc>Simulates the user pressing key(s) to an element or on the active browser.</doc>
<msg timestamp="20231115 15:58:51.740" level="INFO">Sending key(s) ('ARROW_DOWN',) to page.</msg>
<msg timestamp="20231115 15:58:51.740" level="INFO">Pressing special key ARROW_DOWN to browser.</msg>
<msg timestamp="20231115 15:58:51.740" level="INFO">Releasing special key ARROW_DOWN.</msg>
<status status="PASS" starttime="20231115 15:58:51.739" endtime="20231115 15:58:51.945"/>
</kw>
<kw name="Sleep" library="BuiltIn">
<arg>0.5s</arg>
<doc>Pauses the test executed for the given time.</doc>
<msg timestamp="20231115 15:58:52.446" level="INFO">Slept 500 milliseconds</msg>
<status status="PASS" starttime="20231115 15:58:51.945" endtime="20231115 15:58:52.446"/>
</kw>
<status status="PASS" starttime="20231115 15:58:51.739" endtime="20231115 15:58:52.446"/>
</iter>
<iter>
<var name="${counter}">16</var>
<kw name="Log" library="BuiltIn">
<arg>${counter}</arg>
<doc>Logs the given message with the given level.</doc>
<msg timestamp="20231115 15:58:52.446" level="INFO">16</msg>
<status status="PASS" starttime="20231115 15:58:52.446" endtime="20231115 15:58:52.446"/>
</kw>
<kw name="Press Keys" library="SeleniumLibrary">
<arg>None</arg>
<arg>ARROW_DOWN</arg>
<doc>Simulates the user pressing key(s) to an element or on the active browser.</doc>
<msg timestamp="20231115 15:58:52.447" level="INFO">Sending key(s) ('ARROW_DOWN',) to page.</msg>
<msg timestamp="20231115 15:58:52.447" level="INFO">Pressing special key ARROW_DOWN to browser.</msg>
<msg timestamp="20231115 15:58:52.447" level="INFO">Releasing special key ARROW_DOWN.</msg>
<status status="PASS" starttime="20231115 15:58:52.446" endtime="20231115 15:58:52.651"/>
</kw>
<kw name="Sleep" library="BuiltIn">
<arg>0.5s</arg>
<doc>Pauses the test executed for the given time.</doc>
<msg timestamp="20231115 15:58:53.152" level="INFO">Slept 500 milliseconds</msg>
<status status="PASS" starttime="20231115 15:58:52.651" endtime="20231115 15:58:53.152"/>
</kw>
<status status="PASS" starttime="20231115 15:58:52.446" endtime="20231115 15:58:53.152"/>
</iter>
<iter>
<var name="${counter}">17</var>
<kw name="Log" library="BuiltIn">
<arg>${counter}</arg>
<doc>Logs the given message with the given level.</doc>
<msg timestamp="20231115 15:58:53.152" level="INFO">17</msg>
<status status="PASS" starttime="20231115 15:58:53.152" endtime="20231115 15:58:53.152"/>
</kw>
<kw name="Press Keys" library="SeleniumLibrary">
<arg>None</arg>
<arg>ARROW_DOWN</arg>
<doc>Simulates the user pressing key(s) to an element or on the active browser.</doc>
<msg timestamp="20231115 15:58:53.153" level="INFO">Sending key(s) ('ARROW_DOWN',) to page.</msg>
<msg timestamp="20231115 15:58:53.153" level="INFO">Pressing special key ARROW_DOWN to browser.</msg>
<msg timestamp="20231115 15:58:53.153" level="INFO">Releasing special key ARROW_DOWN.</msg>
<status status="PASS" starttime="20231115 15:58:53.152" endtime="20231115 15:58:53.357"/>
</kw>
<kw name="Sleep" library="BuiltIn">
<arg>0.5s</arg>
<doc>Pauses the test executed for the given time.</doc>
<msg timestamp="20231115 15:58:53.858" level="INFO">Slept 500 milliseconds</msg>
<status status="PASS" starttime="20231115 15:58:53.357" endtime="20231115 15:58:53.858"/>
</kw>
<status status="PASS" starttime="20231115 15:58:53.152" endtime="20231115 15:58:53.858"/>
</iter>
<iter>
<var name="${counter}">18</var>
<kw name="Log" library="BuiltIn">
<arg>${counter}</arg>
<doc>Logs the given message with the given level.</doc>
<msg timestamp="20231115 15:58:53.858" level="INFO">18</msg>
<status status="PASS" starttime="20231115 15:58:53.858" endtime="20231115 15:58:53.858"/>
</kw>
<kw name="Press Keys" library="SeleniumLibrary">
<arg>None</arg>
<arg>ARROW_DOWN</arg>
<doc>Simulates the user pressing key(s) to an element or on the active browser.</doc>
<msg timestamp="20231115 15:58:53.859" level="INFO">Sending key(s) ('ARROW_DOWN',) to page.</msg>
<msg timestamp="20231115 15:58:53.859" level="INFO">Pressing special key ARROW_DOWN to browser.</msg>
<msg timestamp="20231115 15:58:53.859" level="INFO">Releasing special key ARROW_DOWN.</msg>
<status status="PASS" starttime="20231115 15:58:53.858" endtime="20231115 15:58:54.062"/>
</kw>
<kw name="Sleep" library="BuiltIn">
<arg>0.5s</arg>
<doc>Pauses the test executed for the given time.</doc>
<msg timestamp="20231115 15:58:54.562" level="INFO">Slept 500 milliseconds</msg>
<status status="PASS" starttime="20231115 15:58:54.062" endtime="20231115 15:58:54.562"/>
</kw>
<status status="PASS" starttime="20231115 15:58:53.858" endtime="20231115 15:58:54.562"/>
</iter>
<iter>
<var name="${counter}">19</var>
<kw name="Log" library="BuiltIn">
<arg>${counter}</arg>
<doc>Logs the given message with the given level.</doc>
<msg timestamp="20231115 15:58:54.562" level="INFO">19</msg>
<status status="PASS" starttime="20231115 15:58:54.562" endtime="20231115 15:58:54.562"/>
</kw>
<kw name="Press Keys" library="SeleniumLibrary">
<arg>None</arg>
<arg>ARROW_DOWN</arg>
<doc>Simulates the user pressing key(s) to an element or on the active browser.</doc>
<msg timestamp="20231115 15:58:54.563" level="INFO">Sending key(s) ('ARROW_DOWN',) to page.</msg>
<msg timestamp="20231115 15:58:54.563" level="INFO">Pressing special key ARROW_DOWN to browser.</msg>
<msg timestamp="20231115 15:58:54.563" level="INFO">Releasing special key ARROW_DOWN.</msg>
<status status="PASS" starttime="20231115 15:58:54.562" endtime="20231115 15:58:54.767"/>
</kw>
<kw name="Sleep" library="BuiltIn">
<arg>0.5s</arg>
<doc>Pauses the test executed for the given time.</doc>
<msg timestamp="20231115 15:58:55.267" level="INFO">Slept 500 milliseconds</msg>
<status status="PASS" starttime="20231115 15:58:54.767" endtime="20231115 15:58:55.267"/>
</kw>
<status status="PASS" starttime="20231115 15:58:54.562" endtime="20231115 15:58:55.267"/>
</iter>
<status status="PASS" starttime="20231115 15:58:41.150" endtime="20231115 15:58:55.267"/>
</for>
<status status="PASS" starttime="20231115 15:58:40.529" endtime="20231115 15:58:55.267"/>
</kw>
<kw name="Sleep" library="BuiltIn">
<arg>3s</arg>
<doc>Pauses the test executed for the given time.</doc>
<msg timestamp="20231115 15:58:58.267" level="INFO">Slept 3 seconds</msg>
<status status="PASS" starttime="20231115 15:58:55.267" endtime="20231115 15:58:58.267"/>
</kw>
<kw name="Capture Page Screenshot" library="SeleniumLibrary">
<doc>Takes a screenshot of the current page and embeds it into a log file.</doc>
<msg timestamp="20231115 15:58:58.524" level="INFO" html="true">&lt;/td&gt;&lt;/tr&gt;&lt;tr&gt;&lt;td colspan="3"&gt;&lt;a href="selenium-screenshot-1.png"&gt;&lt;img src="selenium-screenshot-1.png" width="800px"&gt;&lt;/a&gt;</msg>
<status status="PASS" starttime="20231115 15:58:58.267" endtime="20231115 15:58:58.524"/>
</kw>
<kw name="Close Browser" library="SeleniumLibrary" type="TEARDOWN">
<doc>Closes the current browser.</doc>
<status status="PASS" starttime="20231115 15:58:58.525" endtime="20231115 15:59:01.423"/>
</kw>
<doc>SC01 - Lazy Load Jenis Izin</doc>
<tag>TC01 - Lazy Load Jenis Izin</tag>
<status status="PASS" starttime="20231115 15:58:19.736" endtime="20231115 15:59:01.424"/>
</test>
<doc>SC01 - Lazy Load Jenis Izin</doc>
<status status="PASS" starttime="20231115 15:58:19.571" endtime="20231115 15:59:01.425"/>
</suite>
<statistics>
<total>
<stat pass="1" fail="0" skip="0">All Tests</stat>
</total>
<tag>
<stat pass="1" fail="0" skip="0">TC01 - Lazy Load Jenis Izin</stat>
</tag>
<suite>
<stat pass="1" fail="0" skip="0" id="s1" name="SC01 - Lazy load jenis izin">SC01 - Lazy load jenis izin</stat>
</suite>
</statistics>
<errors>
</errors>
</robot>
