<?xml version="1.0" encoding="UTF-8"?>
<robot generator="Robot 6.0.2 (Python 3.11.2 on win32)" generated="20231115 14:33:27.855" rpa="false" schemaversion="3">
<suite id="s1" name="SC01 - Lazy load halaman tte" source="D:\#RIANCAHYADI\Projects\Freedom\Sicantik\tests\Lazy Load\Halaman TTE\SC01 - Lazy load halaman tte.robot">
<test id="s1-t1" name="TC01 - Lazy Load Halaman TTE" line="12">
<kw name="Open Browser To Login Page" library="login">
<kw name="Set Selenium Speed" library="SeleniumLibrary">
<arg>0.2s</arg>
<doc>Sets the delay that is waited after each Selenium command.</doc>
<status status="PASS" starttime="20231115 14:33:28.024" endtime="20231115 14:33:28.024"/>
</kw>
<kw name="Open Browser" library="SeleniumLibrary">
<arg>${LOGIN URL}</arg>
<arg>${BROWSER}</arg>
<arg>options=add_argument("--incognito")</arg>
<doc>Opens a new browser instance to the optional ``url``.</doc>
<msg timestamp="20231115 14:33:28.025" level="INFO">Opening browser 'Firefox' to base url 'https://uji.sicantik.go.id/sign-in'.</msg>
<msg timestamp="20231115 14:33:28.027" level="INFO">Firefox driver log is always forced to to: D:\#RIANCAHYADI\Projects\Freedom\Sicantik\tests\Lazy Load\Halaman TTE\geckodriver-2.log</msg>
<status status="PASS" starttime="20231115 14:33:28.024" endtime="20231115 14:33:36.435"/>
</kw>
<kw name="Maximize Browser Window" library="SeleniumLibrary">
<doc>Maximizes current browser window.</doc>
<status status="PASS" starttime="20231115 14:33:36.435" endtime="20231115 14:33:36.893"/>
</kw>
<kw name="Title Should Be" library="SeleniumLibrary">
<arg>SICANTIK</arg>
<doc>Verifies that the current page title equals ``title``.</doc>
<msg timestamp="20231115 14:33:37.095" level="INFO">Page title is 'SICANTIK'.</msg>
<status status="PASS" starttime="20231115 14:33:36.893" endtime="20231115 14:33:37.095"/>
</kw>
<status status="PASS" starttime="20231115 14:33:28.023" endtime="20231115 14:33:37.095"/>
</kw>
<kw name="Login Admin Instansi" library="login">
<kw name="Input Username" library="login">
<arg>demo</arg>
<kw name="Input Text" library="SeleniumLibrary">
<arg>username</arg>
<arg>${username}</arg>
<doc>Types the given ``text`` into the text field identified by ``locator``.</doc>
<msg timestamp="20231115 14:33:37.096" level="INFO">Typing text 'demo' into text field 'username'.</msg>
<status status="PASS" starttime="20231115 14:33:37.096" endtime="20231115 14:33:37.747"/>
</kw>
<status status="PASS" starttime="20231115 14:33:37.095" endtime="20231115 14:33:37.747"/>
</kw>
<kw name="Input Password" library="login">
<arg>Demo789*@#</arg>
<kw name="Input Text" library="SeleniumLibrary">
<arg>password</arg>
<arg>${password}</arg>
<doc>Types the given ``text`` into the text field identified by ``locator``.</doc>
<msg timestamp="20231115 14:33:37.748" level="INFO">Typing text 'Demo789*@#' into text field 'password'.</msg>
<status status="PASS" starttime="20231115 14:33:37.747" endtime="20231115 14:33:38.368"/>
</kw>
<status status="PASS" starttime="20231115 14:33:37.747" endtime="20231115 14:33:38.368"/>
</kw>
<kw name="Submit Credentials" library="login">
<kw name="Click Button" library="SeleniumLibrary">
<arg>kt_sign_in_submit</arg>
<doc>Clicks the button identified by ``locator``.</doc>
<msg timestamp="20231115 14:33:38.368" level="INFO">Clicking button 'kt_sign_in_submit'.</msg>
<status status="PASS" starttime="20231115 14:33:38.368" endtime="20231115 14:33:39.397"/>
</kw>
<kw name="Sleep" library="BuiltIn">
<arg>5s</arg>
<doc>Pauses the test executed for the given time.</doc>
<msg timestamp="20231115 14:33:44.397" level="INFO">Slept 5 seconds</msg>
<status status="PASS" starttime="20231115 14:33:39.397" endtime="20231115 14:33:44.397"/>
</kw>
<status status="PASS" starttime="20231115 14:33:38.368" endtime="20231115 14:33:44.397"/>
</kw>
<kw name="Element Should Contain" library="SeleniumLibrary">
<arg>xpath://*[@id="kt_header_user_menu_toggle"]/div[2]/span[1]</arg>
<arg>DEMO</arg>
<doc>Verifies that element ``locator`` contains text ``expected``.</doc>
<msg timestamp="20231115 14:33:44.816" level="INFO">Element 'xpath://*[@id="kt_header_user_menu_toggle"]/div[2]/span[1]' contains text 'DEMO'.</msg>
<status status="PASS" starttime="20231115 14:33:44.397" endtime="20231115 14:33:44.816"/>
</kw>
<status status="PASS" starttime="20231115 14:33:37.095" endtime="20231115 14:33:44.816"/>
</kw>
<kw name="Move To TTE" library="tte">
<kw name="Go To" library="SeleniumLibrary">
<arg>https://uji.sicantik.go.id/signature-tte</arg>
<doc>Navigates the current browser window to the provided ``url``.</doc>
<msg timestamp="20231115 14:33:44.817" level="INFO">Opening url 'https://uji.sicantik.go.id/signature-tte'</msg>
<status status="PASS" starttime="20231115 14:33:44.817" endtime="20231115 14:33:45.513"/>
</kw>
<kw name="Wait Until Element Contains" library="SeleniumLibrary">
<arg>xpath://*[@id="breadScrumbs"]/div/span</arg>
<arg>Daftar TTE</arg>
<doc>Waits until the element ``locator`` contains ``text``.</doc>
<status status="PASS" starttime="20231115 14:33:45.513" endtime="20231115 14:33:45.921"/>
</kw>
<kw name="Sleep" library="BuiltIn">
<arg>3s</arg>
<doc>Pauses the test executed for the given time.</doc>
<msg timestamp="20231115 14:33:48.922" level="INFO">Slept 3 seconds</msg>
<status status="PASS" starttime="20231115 14:33:45.921" endtime="20231115 14:33:48.922"/>
</kw>
<status status="PASS" starttime="20231115 14:33:44.816" endtime="20231115 14:33:48.922"/>
</kw>
<kw name="Scroll Down" library="tte">
<kw name="Click Element" library="SeleniumLibrary">
<arg>xpath://*[@id="kt_customers_table"]/tbody/tr[5]/td[5]</arg>
<doc>Click the element identified by ``locator``.</doc>
<msg timestamp="20231115 14:33:48.923" level="INFO">Clicking element 'xpath://*[@id="kt_customers_table"]/tbody/tr[5]/td[5]'.</msg>
<status status="PASS" starttime="20231115 14:33:48.922" endtime="20231115 14:33:49.536"/>
</kw>
<for flavor="IN RANGE">
<var>${counter}</var>
<value>20</value>
<iter>
<var name="${counter}">0</var>
<kw name="Log" library="BuiltIn">
<arg>${counter}</arg>
<doc>Logs the given message with the given level.</doc>
<msg timestamp="20231115 14:33:49.536" level="INFO">0</msg>
<status status="PASS" starttime="20231115 14:33:49.536" endtime="20231115 14:33:49.536"/>
</kw>
<kw name="Press Keys" library="SeleniumLibrary">
<arg>None</arg>
<arg>ARROW_DOWN</arg>
<doc>Simulates the user pressing key(s) to an element or on the active browser.</doc>
<msg timestamp="20231115 14:33:49.537" level="INFO">Sending key(s) ('ARROW_DOWN',) to page.</msg>
<msg timestamp="20231115 14:33:49.537" level="INFO">Pressing special key ARROW_DOWN to browser.</msg>
<msg timestamp="20231115 14:33:49.537" level="INFO">Releasing special key ARROW_DOWN.</msg>
<status status="PASS" starttime="20231115 14:33:49.536" endtime="20231115 14:33:49.746"/>
</kw>
<kw name="Sleep" library="BuiltIn">
<arg>0.5s</arg>
<doc>Pauses the test executed for the given time.</doc>
<msg timestamp="20231115 14:33:50.246" level="INFO">Slept 500 milliseconds</msg>
<status status="PASS" starttime="20231115 14:33:49.746" endtime="20231115 14:33:50.246"/>
</kw>
<status status="PASS" starttime="20231115 14:33:49.536" endtime="20231115 14:33:50.246"/>
</iter>
<iter>
<var name="${counter}">1</var>
<kw name="Log" library="BuiltIn">
<arg>${counter}</arg>
<doc>Logs the given message with the given level.</doc>
<msg timestamp="20231115 14:33:50.246" level="INFO">1</msg>
<status status="PASS" starttime="20231115 14:33:50.246" endtime="20231115 14:33:50.246"/>
</kw>
<kw name="Press Keys" library="SeleniumLibrary">
<arg>None</arg>
<arg>ARROW_DOWN</arg>
<doc>Simulates the user pressing key(s) to an element or on the active browser.</doc>
<msg timestamp="20231115 14:33:50.247" level="INFO">Sending key(s) ('ARROW_DOWN',) to page.</msg>
<msg timestamp="20231115 14:33:50.247" level="INFO">Pressing special key ARROW_DOWN to browser.</msg>
<msg timestamp="20231115 14:33:50.247" level="INFO">Releasing special key ARROW_DOWN.</msg>
<status status="PASS" starttime="20231115 14:33:50.246" endtime="20231115 14:33:50.455"/>
</kw>
<kw name="Sleep" library="BuiltIn">
<arg>0.5s</arg>
<doc>Pauses the test executed for the given time.</doc>
<msg timestamp="20231115 14:33:50.955" level="INFO">Slept 500 milliseconds</msg>
<status status="PASS" starttime="20231115 14:33:50.455" endtime="20231115 14:33:50.955"/>
</kw>
<status status="PASS" starttime="20231115 14:33:50.246" endtime="20231115 14:33:50.955"/>
</iter>
<iter>
<var name="${counter}">2</var>
<kw name="Log" library="BuiltIn">
<arg>${counter}</arg>
<doc>Logs the given message with the given level.</doc>
<msg timestamp="20231115 14:33:50.955" level="INFO">2</msg>
<status status="PASS" starttime="20231115 14:33:50.955" endtime="20231115 14:33:50.955"/>
</kw>
<kw name="Press Keys" library="SeleniumLibrary">
<arg>None</arg>
<arg>ARROW_DOWN</arg>
<doc>Simulates the user pressing key(s) to an element or on the active browser.</doc>
<msg timestamp="20231115 14:33:50.956" level="INFO">Sending key(s) ('ARROW_DOWN',) to page.</msg>
<msg timestamp="20231115 14:33:50.956" level="INFO">Pressing special key ARROW_DOWN to browser.</msg>
<msg timestamp="20231115 14:33:50.956" level="INFO">Releasing special key ARROW_DOWN.</msg>
<status status="PASS" starttime="20231115 14:33:50.955" endtime="20231115 14:33:51.161"/>
</kw>
<kw name="Sleep" library="BuiltIn">
<arg>0.5s</arg>
<doc>Pauses the test executed for the given time.</doc>
<msg timestamp="20231115 14:33:51.661" level="INFO">Slept 500 milliseconds</msg>
<status status="PASS" starttime="20231115 14:33:51.161" endtime="20231115 14:33:51.661"/>
</kw>
<status status="PASS" starttime="20231115 14:33:50.955" endtime="20231115 14:33:51.661"/>
</iter>
<iter>
<var name="${counter}">3</var>
<kw name="Log" library="BuiltIn">
<arg>${counter}</arg>
<doc>Logs the given message with the given level.</doc>
<msg timestamp="20231115 14:33:51.661" level="INFO">3</msg>
<status status="PASS" starttime="20231115 14:33:51.661" endtime="20231115 14:33:51.661"/>
</kw>
<kw name="Press Keys" library="SeleniumLibrary">
<arg>None</arg>
<arg>ARROW_DOWN</arg>
<doc>Simulates the user pressing key(s) to an element or on the active browser.</doc>
<msg timestamp="20231115 14:33:51.662" level="INFO">Sending key(s) ('ARROW_DOWN',) to page.</msg>
<msg timestamp="20231115 14:33:51.662" level="INFO">Pressing special key ARROW_DOWN to browser.</msg>
<msg timestamp="20231115 14:33:51.662" level="INFO">Releasing special key ARROW_DOWN.</msg>
<status status="PASS" starttime="20231115 14:33:51.661" endtime="20231115 14:33:51.868"/>
</kw>
<kw name="Sleep" library="BuiltIn">
<arg>0.5s</arg>
<doc>Pauses the test executed for the given time.</doc>
<msg timestamp="20231115 14:33:52.369" level="INFO">Slept 500 milliseconds</msg>
<status status="PASS" starttime="20231115 14:33:51.868" endtime="20231115 14:33:52.369"/>
</kw>
<status status="PASS" starttime="20231115 14:33:51.661" endtime="20231115 14:33:52.369"/>
</iter>
<iter>
<var name="${counter}">4</var>
<kw name="Log" library="BuiltIn">
<arg>${counter}</arg>
<doc>Logs the given message with the given level.</doc>
<msg timestamp="20231115 14:33:52.369" level="INFO">4</msg>
<status status="PASS" starttime="20231115 14:33:52.369" endtime="20231115 14:33:52.369"/>
</kw>
<kw name="Press Keys" library="SeleniumLibrary">
<arg>None</arg>
<arg>ARROW_DOWN</arg>
<doc>Simulates the user pressing key(s) to an element or on the active browser.</doc>
<msg timestamp="20231115 14:33:52.370" level="INFO">Sending key(s) ('ARROW_DOWN',) to page.</msg>
<msg timestamp="20231115 14:33:52.370" level="INFO">Pressing special key ARROW_DOWN to browser.</msg>
<msg timestamp="20231115 14:33:52.370" level="INFO">Releasing special key ARROW_DOWN.</msg>
<status status="PASS" starttime="20231115 14:33:52.369" endtime="20231115 14:33:52.576"/>
</kw>
<kw name="Sleep" library="BuiltIn">
<arg>0.5s</arg>
<doc>Pauses the test executed for the given time.</doc>
<msg timestamp="20231115 14:33:53.076" level="INFO">Slept 500 milliseconds</msg>
<status status="PASS" starttime="20231115 14:33:52.576" endtime="20231115 14:33:53.076"/>
</kw>
<status status="PASS" starttime="20231115 14:33:52.369" endtime="20231115 14:33:53.076"/>
</iter>
<iter>
<var name="${counter}">5</var>
<kw name="Log" library="BuiltIn">
<arg>${counter}</arg>
<doc>Logs the given message with the given level.</doc>
<msg timestamp="20231115 14:33:53.076" level="INFO">5</msg>
<status status="PASS" starttime="20231115 14:33:53.076" endtime="20231115 14:33:53.076"/>
</kw>
<kw name="Press Keys" library="SeleniumLibrary">
<arg>None</arg>
<arg>ARROW_DOWN</arg>
<doc>Simulates the user pressing key(s) to an element or on the active browser.</doc>
<msg timestamp="20231115 14:33:53.077" level="INFO">Sending key(s) ('ARROW_DOWN',) to page.</msg>
<msg timestamp="20231115 14:33:53.077" level="INFO">Pressing special key ARROW_DOWN to browser.</msg>
<msg timestamp="20231115 14:33:53.077" level="INFO">Releasing special key ARROW_DOWN.</msg>
<status status="PASS" starttime="20231115 14:33:53.076" endtime="20231115 14:33:53.282"/>
</kw>
<kw name="Sleep" library="BuiltIn">
<arg>0.5s</arg>
<doc>Pauses the test executed for the given time.</doc>
<msg timestamp="20231115 14:33:53.783" level="INFO">Slept 500 milliseconds</msg>
<status status="PASS" starttime="20231115 14:33:53.282" endtime="20231115 14:33:53.783"/>
</kw>
<status status="PASS" starttime="20231115 14:33:53.076" endtime="20231115 14:33:53.783"/>
</iter>
<iter>
<var name="${counter}">6</var>
<kw name="Log" library="BuiltIn">
<arg>${counter}</arg>
<doc>Logs the given message with the given level.</doc>
<msg timestamp="20231115 14:33:53.783" level="INFO">6</msg>
<status status="PASS" starttime="20231115 14:33:53.783" endtime="20231115 14:33:53.783"/>
</kw>
<kw name="Press Keys" library="SeleniumLibrary">
<arg>None</arg>
<arg>ARROW_DOWN</arg>
<doc>Simulates the user pressing key(s) to an element or on the active browser.</doc>
<msg timestamp="20231115 14:33:53.784" level="INFO">Sending key(s) ('ARROW_DOWN',) to page.</msg>
<msg timestamp="20231115 14:33:53.784" level="INFO">Pressing special key ARROW_DOWN to browser.</msg>
<msg timestamp="20231115 14:33:53.784" level="INFO">Releasing special key ARROW_DOWN.</msg>
<status status="PASS" starttime="20231115 14:33:53.783" endtime="20231115 14:33:53.989"/>
</kw>
<kw name="Sleep" library="BuiltIn">
<arg>0.5s</arg>
<doc>Pauses the test executed for the given time.</doc>
<msg timestamp="20231115 14:33:54.489" level="INFO">Slept 500 milliseconds</msg>
<status status="PASS" starttime="20231115 14:33:53.989" endtime="20231115 14:33:54.489"/>
</kw>
<status status="PASS" starttime="20231115 14:33:53.783" endtime="20231115 14:33:54.489"/>
</iter>
<iter>
<var name="${counter}">7</var>
<kw name="Log" library="BuiltIn">
<arg>${counter}</arg>
<doc>Logs the given message with the given level.</doc>
<msg timestamp="20231115 14:33:54.489" level="INFO">7</msg>
<status status="PASS" starttime="20231115 14:33:54.489" endtime="20231115 14:33:54.489"/>
</kw>
<kw name="Press Keys" library="SeleniumLibrary">
<arg>None</arg>
<arg>ARROW_DOWN</arg>
<doc>Simulates the user pressing key(s) to an element or on the active browser.</doc>
<msg timestamp="20231115 14:33:54.490" level="INFO">Sending key(s) ('ARROW_DOWN',) to page.</msg>
<msg timestamp="20231115 14:33:54.490" level="INFO">Pressing special key ARROW_DOWN to browser.</msg>
<msg timestamp="20231115 14:33:54.490" level="INFO">Releasing special key ARROW_DOWN.</msg>
<status status="PASS" starttime="20231115 14:33:54.489" endtime="20231115 14:33:54.695"/>
</kw>
<kw name="Sleep" library="BuiltIn">
<arg>0.5s</arg>
<doc>Pauses the test executed for the given time.</doc>
<msg timestamp="20231115 14:33:55.196" level="INFO">Slept 500 milliseconds</msg>
<status status="PASS" starttime="20231115 14:33:54.695" endtime="20231115 14:33:55.196"/>
</kw>
<status status="PASS" starttime="20231115 14:33:54.489" endtime="20231115 14:33:55.196"/>
</iter>
<iter>
<var name="${counter}">8</var>
<kw name="Log" library="BuiltIn">
<arg>${counter}</arg>
<doc>Logs the given message with the given level.</doc>
<msg timestamp="20231115 14:33:55.196" level="INFO">8</msg>
<status status="PASS" starttime="20231115 14:33:55.196" endtime="20231115 14:33:55.196"/>
</kw>
<kw name="Press Keys" library="SeleniumLibrary">
<arg>None</arg>
<arg>ARROW_DOWN</arg>
<doc>Simulates the user pressing key(s) to an element or on the active browser.</doc>
<msg timestamp="20231115 14:33:55.197" level="INFO">Sending key(s) ('ARROW_DOWN',) to page.</msg>
<msg timestamp="20231115 14:33:55.197" level="INFO">Pressing special key ARROW_DOWN to browser.</msg>
<msg timestamp="20231115 14:33:55.197" level="INFO">Releasing special key ARROW_DOWN.</msg>
<status status="PASS" starttime="20231115 14:33:55.196" endtime="20231115 14:33:55.400"/>
</kw>
<kw name="Sleep" library="BuiltIn">
<arg>0.5s</arg>
<doc>Pauses the test executed for the given time.</doc>
<msg timestamp="20231115 14:33:55.901" level="INFO">Slept 500 milliseconds</msg>
<status status="PASS" starttime="20231115 14:33:55.400" endtime="20231115 14:33:55.901"/>
</kw>
<status status="PASS" starttime="20231115 14:33:55.196" endtime="20231115 14:33:55.901"/>
</iter>
<iter>
<var name="${counter}">9</var>
<kw name="Log" library="BuiltIn">
<arg>${counter}</arg>
<doc>Logs the given message with the given level.</doc>
<msg timestamp="20231115 14:33:55.901" level="INFO">9</msg>
<status status="PASS" starttime="20231115 14:33:55.901" endtime="20231115 14:33:55.901"/>
</kw>
<kw name="Press Keys" library="SeleniumLibrary">
<arg>None</arg>
<arg>ARROW_DOWN</arg>
<doc>Simulates the user pressing key(s) to an element or on the active browser.</doc>
<msg timestamp="20231115 14:33:55.902" level="INFO">Sending key(s) ('ARROW_DOWN',) to page.</msg>
<msg timestamp="20231115 14:33:55.902" level="INFO">Pressing special key ARROW_DOWN to browser.</msg>
<msg timestamp="20231115 14:33:55.902" level="INFO">Releasing special key ARROW_DOWN.</msg>
<status status="PASS" starttime="20231115 14:33:55.901" endtime="20231115 14:33:56.105"/>
</kw>
<kw name="Sleep" library="BuiltIn">
<arg>0.5s</arg>
<doc>Pauses the test executed for the given time.</doc>
<msg timestamp="20231115 14:33:56.606" level="INFO">Slept 500 milliseconds</msg>
<status status="PASS" starttime="20231115 14:33:56.106" endtime="20231115 14:33:56.606"/>
</kw>
<status status="PASS" starttime="20231115 14:33:55.901" endtime="20231115 14:33:56.606"/>
</iter>
<iter>
<var name="${counter}">10</var>
<kw name="Log" library="BuiltIn">
<arg>${counter}</arg>
<doc>Logs the given message with the given level.</doc>
<msg timestamp="20231115 14:33:56.606" level="INFO">10</msg>
<status status="PASS" starttime="20231115 14:33:56.606" endtime="20231115 14:33:56.606"/>
</kw>
<kw name="Press Keys" library="SeleniumLibrary">
<arg>None</arg>
<arg>ARROW_DOWN</arg>
<doc>Simulates the user pressing key(s) to an element or on the active browser.</doc>
<msg timestamp="20231115 14:33:56.607" level="INFO">Sending key(s) ('ARROW_DOWN',) to page.</msg>
<msg timestamp="20231115 14:33:56.607" level="INFO">Pressing special key ARROW_DOWN to browser.</msg>
<msg timestamp="20231115 14:33:56.607" level="INFO">Releasing special key ARROW_DOWN.</msg>
<status status="PASS" starttime="20231115 14:33:56.606" endtime="20231115 14:33:56.811"/>
</kw>
<kw name="Sleep" library="BuiltIn">
<arg>0.5s</arg>
<doc>Pauses the test executed for the given time.</doc>
<msg timestamp="20231115 14:33:57.311" level="INFO">Slept 500 milliseconds</msg>
<status status="PASS" starttime="20231115 14:33:56.811" endtime="20231115 14:33:57.311"/>
</kw>
<status status="PASS" starttime="20231115 14:33:56.606" endtime="20231115 14:33:57.311"/>
</iter>
<iter>
<var name="${counter}">11</var>
<kw name="Log" library="BuiltIn">
<arg>${counter}</arg>
<doc>Logs the given message with the given level.</doc>
<msg timestamp="20231115 14:33:57.311" level="INFO">11</msg>
<status status="PASS" starttime="20231115 14:33:57.311" endtime="20231115 14:33:57.311"/>
</kw>
<kw name="Press Keys" library="SeleniumLibrary">
<arg>None</arg>
<arg>ARROW_DOWN</arg>
<doc>Simulates the user pressing key(s) to an element or on the active browser.</doc>
<msg timestamp="20231115 14:33:57.312" level="INFO">Sending key(s) ('ARROW_DOWN',) to page.</msg>
<msg timestamp="20231115 14:33:57.312" level="INFO">Pressing special key ARROW_DOWN to browser.</msg>
<msg timestamp="20231115 14:33:57.312" level="INFO">Releasing special key ARROW_DOWN.</msg>
<status status="PASS" starttime="20231115 14:33:57.311" endtime="20231115 14:33:57.516"/>
</kw>
<kw name="Sleep" library="BuiltIn">
<arg>0.5s</arg>
<doc>Pauses the test executed for the given time.</doc>
<msg timestamp="20231115 14:33:58.016" level="INFO">Slept 500 milliseconds</msg>
<status status="PASS" starttime="20231115 14:33:57.516" endtime="20231115 14:33:58.016"/>
</kw>
<status status="PASS" starttime="20231115 14:33:57.311" endtime="20231115 14:33:58.016"/>
</iter>
<iter>
<var name="${counter}">12</var>
<kw name="Log" library="BuiltIn">
<arg>${counter}</arg>
<doc>Logs the given message with the given level.</doc>
<msg timestamp="20231115 14:33:58.016" level="INFO">12</msg>
<status status="PASS" starttime="20231115 14:33:58.016" endtime="20231115 14:33:58.016"/>
</kw>
<kw name="Press Keys" library="SeleniumLibrary">
<arg>None</arg>
<arg>ARROW_DOWN</arg>
<doc>Simulates the user pressing key(s) to an element or on the active browser.</doc>
<msg timestamp="20231115 14:33:58.017" level="INFO">Sending key(s) ('ARROW_DOWN',) to page.</msg>
<msg timestamp="20231115 14:33:58.017" level="INFO">Pressing special key ARROW_DOWN to browser.</msg>
<msg timestamp="20231115 14:33:58.017" level="INFO">Releasing special key ARROW_DOWN.</msg>
<status status="PASS" starttime="20231115 14:33:58.016" endtime="20231115 14:33:58.220"/>
</kw>
<kw name="Sleep" library="BuiltIn">
<arg>0.5s</arg>
<doc>Pauses the test executed for the given time.</doc>
<msg timestamp="20231115 14:33:58.721" level="INFO">Slept 500 milliseconds</msg>
<status status="PASS" starttime="20231115 14:33:58.220" endtime="20231115 14:33:58.721"/>
</kw>
<status status="PASS" starttime="20231115 14:33:58.016" endtime="20231115 14:33:58.721"/>
</iter>
<iter>
<var name="${counter}">13</var>
<kw name="Log" library="BuiltIn">
<arg>${counter}</arg>
<doc>Logs the given message with the given level.</doc>
<msg timestamp="20231115 14:33:58.721" level="INFO">13</msg>
<status status="PASS" starttime="20231115 14:33:58.721" endtime="20231115 14:33:58.721"/>
</kw>
<kw name="Press Keys" library="SeleniumLibrary">
<arg>None</arg>
<arg>ARROW_DOWN</arg>
<doc>Simulates the user pressing key(s) to an element or on the active browser.</doc>
<msg timestamp="20231115 14:33:58.722" level="INFO">Sending key(s) ('ARROW_DOWN',) to page.</msg>
<msg timestamp="20231115 14:33:58.722" level="INFO">Pressing special key ARROW_DOWN to browser.</msg>
<msg timestamp="20231115 14:33:58.722" level="INFO">Releasing special key ARROW_DOWN.</msg>
<status status="PASS" starttime="20231115 14:33:58.721" endtime="20231115 14:33:58.949"/>
</kw>
<kw name="Sleep" library="BuiltIn">
<arg>0.5s</arg>
<doc>Pauses the test executed for the given time.</doc>
<msg timestamp="20231115 14:33:59.449" level="INFO">Slept 500 milliseconds</msg>
<status status="PASS" starttime="20231115 14:33:58.949" endtime="20231115 14:33:59.449"/>
</kw>
<status status="PASS" starttime="20231115 14:33:58.721" endtime="20231115 14:33:59.449"/>
</iter>
<iter>
<var name="${counter}">14</var>
<kw name="Log" library="BuiltIn">
<arg>${counter}</arg>
<doc>Logs the given message with the given level.</doc>
<msg timestamp="20231115 14:33:59.449" level="INFO">14</msg>
<status status="PASS" starttime="20231115 14:33:59.449" endtime="20231115 14:33:59.449"/>
</kw>
<kw name="Press Keys" library="SeleniumLibrary">
<arg>None</arg>
<arg>ARROW_DOWN</arg>
<doc>Simulates the user pressing key(s) to an element or on the active browser.</doc>
<msg timestamp="20231115 14:33:59.450" level="INFO">Sending key(s) ('ARROW_DOWN',) to page.</msg>
<msg timestamp="20231115 14:33:59.450" level="INFO">Pressing special key ARROW_DOWN to browser.</msg>
<msg timestamp="20231115 14:33:59.450" level="INFO">Releasing special key ARROW_DOWN.</msg>
<status status="PASS" starttime="20231115 14:33:59.449" endtime="20231115 14:33:59.654"/>
</kw>
<kw name="Sleep" library="BuiltIn">
<arg>0.5s</arg>
<doc>Pauses the test executed for the given time.</doc>
<msg timestamp="20231115 14:34:00.154" level="INFO">Slept 500 milliseconds</msg>
<status status="PASS" starttime="20231115 14:33:59.654" endtime="20231115 14:34:00.154"/>
</kw>
<status status="PASS" starttime="20231115 14:33:59.449" endtime="20231115 14:34:00.154"/>
</iter>
<iter>
<var name="${counter}">15</var>
<kw name="Log" library="BuiltIn">
<arg>${counter}</arg>
<doc>Logs the given message with the given level.</doc>
<msg timestamp="20231115 14:34:00.154" level="INFO">15</msg>
<status status="PASS" starttime="20231115 14:34:00.154" endtime="20231115 14:34:00.154"/>
</kw>
<kw name="Press Keys" library="SeleniumLibrary">
<arg>None</arg>
<arg>ARROW_DOWN</arg>
<doc>Simulates the user pressing key(s) to an element or on the active browser.</doc>
<msg timestamp="20231115 14:34:00.155" level="INFO">Sending key(s) ('ARROW_DOWN',) to page.</msg>
<msg timestamp="20231115 14:34:00.155" level="INFO">Pressing special key ARROW_DOWN to browser.</msg>
<msg timestamp="20231115 14:34:00.155" level="INFO">Releasing special key ARROW_DOWN.</msg>
<status status="PASS" starttime="20231115 14:34:00.154" endtime="20231115 14:34:00.359"/>
</kw>
<kw name="Sleep" library="BuiltIn">
<arg>0.5s</arg>
<doc>Pauses the test executed for the given time.</doc>
<msg timestamp="20231115 14:34:00.859" level="INFO">Slept 500 milliseconds</msg>
<status status="PASS" starttime="20231115 14:34:00.359" endtime="20231115 14:34:00.859"/>
</kw>
<status status="PASS" starttime="20231115 14:34:00.154" endtime="20231115 14:34:00.859"/>
</iter>
<iter>
<var name="${counter}">16</var>
<kw name="Log" library="BuiltIn">
<arg>${counter}</arg>
<doc>Logs the given message with the given level.</doc>
<msg timestamp="20231115 14:34:00.859" level="INFO">16</msg>
<status status="PASS" starttime="20231115 14:34:00.859" endtime="20231115 14:34:00.859"/>
</kw>
<kw name="Press Keys" library="SeleniumLibrary">
<arg>None</arg>
<arg>ARROW_DOWN</arg>
<doc>Simulates the user pressing key(s) to an element or on the active browser.</doc>
<msg timestamp="20231115 14:34:00.860" level="INFO">Sending key(s) ('ARROW_DOWN',) to page.</msg>
<msg timestamp="20231115 14:34:00.860" level="INFO">Pressing special key ARROW_DOWN to browser.</msg>
<msg timestamp="20231115 14:34:00.860" level="INFO">Releasing special key ARROW_DOWN.</msg>
<status status="PASS" starttime="20231115 14:34:00.859" endtime="20231115 14:34:01.064"/>
</kw>
<kw name="Sleep" library="BuiltIn">
<arg>0.5s</arg>
<doc>Pauses the test executed for the given time.</doc>
<msg timestamp="20231115 14:34:01.565" level="INFO">Slept 500 milliseconds</msg>
<status status="PASS" starttime="20231115 14:34:01.064" endtime="20231115 14:34:01.565"/>
</kw>
<status status="PASS" starttime="20231115 14:34:00.859" endtime="20231115 14:34:01.565"/>
</iter>
<iter>
<var name="${counter}">17</var>
<kw name="Log" library="BuiltIn">
<arg>${counter}</arg>
<doc>Logs the given message with the given level.</doc>
<msg timestamp="20231115 14:34:01.565" level="INFO">17</msg>
<status status="PASS" starttime="20231115 14:34:01.565" endtime="20231115 14:34:01.565"/>
</kw>
<kw name="Press Keys" library="SeleniumLibrary">
<arg>None</arg>
<arg>ARROW_DOWN</arg>
<doc>Simulates the user pressing key(s) to an element or on the active browser.</doc>
<msg timestamp="20231115 14:34:01.566" level="INFO">Sending key(s) ('ARROW_DOWN',) to page.</msg>
<msg timestamp="20231115 14:34:01.566" level="INFO">Pressing special key ARROW_DOWN to browser.</msg>
<msg timestamp="20231115 14:34:01.566" level="INFO">Releasing special key ARROW_DOWN.</msg>
<status status="PASS" starttime="20231115 14:34:01.565" endtime="20231115 14:34:01.770"/>
</kw>
<kw name="Sleep" library="BuiltIn">
<arg>0.5s</arg>
<doc>Pauses the test executed for the given time.</doc>
<msg timestamp="20231115 14:34:02.271" level="INFO">Slept 500 milliseconds</msg>
<status status="PASS" starttime="20231115 14:34:01.770" endtime="20231115 14:34:02.271"/>
</kw>
<status status="PASS" starttime="20231115 14:34:01.565" endtime="20231115 14:34:02.271"/>
</iter>
<iter>
<var name="${counter}">18</var>
<kw name="Log" library="BuiltIn">
<arg>${counter}</arg>
<doc>Logs the given message with the given level.</doc>
<msg timestamp="20231115 14:34:02.271" level="INFO">18</msg>
<status status="PASS" starttime="20231115 14:34:02.271" endtime="20231115 14:34:02.271"/>
</kw>
<kw name="Press Keys" library="SeleniumLibrary">
<arg>None</arg>
<arg>ARROW_DOWN</arg>
<doc>Simulates the user pressing key(s) to an element or on the active browser.</doc>
<msg timestamp="20231115 14:34:02.272" level="INFO">Sending key(s) ('ARROW_DOWN',) to page.</msg>
<msg timestamp="20231115 14:34:02.272" level="INFO">Pressing special key ARROW_DOWN to browser.</msg>
<msg timestamp="20231115 14:34:02.272" level="INFO">Releasing special key ARROW_DOWN.</msg>
<status status="PASS" starttime="20231115 14:34:02.271" endtime="20231115 14:34:02.475"/>
</kw>
<kw name="Sleep" library="BuiltIn">
<arg>0.5s</arg>
<doc>Pauses the test executed for the given time.</doc>
<msg timestamp="20231115 14:34:02.975" level="INFO">Slept 500 milliseconds</msg>
<status status="PASS" starttime="20231115 14:34:02.475" endtime="20231115 14:34:02.975"/>
</kw>
<status status="PASS" starttime="20231115 14:34:02.271" endtime="20231115 14:34:02.975"/>
</iter>
<iter>
<var name="${counter}">19</var>
<kw name="Log" library="BuiltIn">
<arg>${counter}</arg>
<doc>Logs the given message with the given level.</doc>
<msg timestamp="20231115 14:34:02.975" level="INFO">19</msg>
<status status="PASS" starttime="20231115 14:34:02.975" endtime="20231115 14:34:02.975"/>
</kw>
<kw name="Press Keys" library="SeleniumLibrary">
<arg>None</arg>
<arg>ARROW_DOWN</arg>
<doc>Simulates the user pressing key(s) to an element or on the active browser.</doc>
<msg timestamp="20231115 14:34:02.976" level="INFO">Sending key(s) ('ARROW_DOWN',) to page.</msg>
<msg timestamp="20231115 14:34:02.976" level="INFO">Pressing special key ARROW_DOWN to browser.</msg>
<msg timestamp="20231115 14:34:02.976" level="INFO">Releasing special key ARROW_DOWN.</msg>
<status status="PASS" starttime="20231115 14:34:02.975" endtime="20231115 14:34:03.180"/>
</kw>
<kw name="Sleep" library="BuiltIn">
<arg>0.5s</arg>
<doc>Pauses the test executed for the given time.</doc>
<msg timestamp="20231115 14:34:03.680" level="INFO">Slept 500 milliseconds</msg>
<status status="PASS" starttime="20231115 14:34:03.180" endtime="20231115 14:34:03.680"/>
</kw>
<status status="PASS" starttime="20231115 14:34:02.975" endtime="20231115 14:34:03.680"/>
</iter>
<status status="PASS" starttime="20231115 14:33:49.536" endtime="20231115 14:34:03.680"/>
</for>
<status status="PASS" starttime="20231115 14:33:48.922" endtime="20231115 14:34:03.680"/>
</kw>
<kw name="Sleep" library="BuiltIn">
<arg>3s</arg>
<doc>Pauses the test executed for the given time.</doc>
<msg timestamp="20231115 14:34:06.680" level="INFO">Slept 3 seconds</msg>
<status status="PASS" starttime="20231115 14:34:03.680" endtime="20231115 14:34:06.680"/>
</kw>
<kw name="Capture Page Screenshot" library="SeleniumLibrary">
<doc>Takes a screenshot of the current page and embeds it into a log file.</doc>
<msg timestamp="20231115 14:34:06.943" level="INFO" html="true">&lt;/td&gt;&lt;/tr&gt;&lt;tr&gt;&lt;td colspan="3"&gt;&lt;a href="selenium-screenshot-1.png"&gt;&lt;img src="selenium-screenshot-1.png" width="800px"&gt;&lt;/a&gt;</msg>
<status status="PASS" starttime="20231115 14:34:06.680" endtime="20231115 14:34:06.943"/>
</kw>
<kw name="Close Browser" library="SeleniumLibrary" type="TEARDOWN">
<doc>Closes the current browser.</doc>
<status status="PASS" starttime="20231115 14:34:06.944" endtime="20231115 14:34:09.909"/>
</kw>
<doc>SC01 - Lazy Load Halaman TTE</doc>
<tag>TC01 - Lazy Load Jenis Izin</tag>
<status status="PASS" starttime="20231115 14:33:28.023" endtime="20231115 14:34:09.909"/>
</test>
<doc>SC01 - Lazy load halaman tte</doc>
<status status="PASS" starttime="20231115 14:33:27.856" endtime="20231115 14:34:09.910"/>
</suite>
<statistics>
<total>
<stat pass="1" fail="0" skip="0">All Tests</stat>
</total>
<tag>
<stat pass="1" fail="0" skip="0">TC01 - Lazy Load Jenis Izin</stat>
</tag>
<suite>
<stat pass="1" fail="0" skip="0" id="s1" name="SC01 - Lazy load halaman tte">SC01 - Lazy load halaman tte</stat>
</suite>
</statistics>
<errors>
</errors>
</robot>
