<?xml version="1.0" encoding="UTF-8"?>
<robot generator="Robot 6.0.2 (Python 3.11.2 on win32)" generated="20231115 14:57:30.228" rpa="false" schemaversion="3">
<suite id="s1" name="SC01 - Lazy load permohonan izin" source="D:\#RIANCAHYADI\Projects\Freedom\Sicantik\tests\Lazy Load\Permohonan Izin\SC01 - Lazy load permohonan izin.robot">
<test id="s1-t1" name="TC01 - Lazy Load Permohonan Izin" line="12">
<kw name="Open Browser To Login Page" library="login">
<kw name="Set Selenium Speed" library="SeleniumLibrary">
<arg>0.2s</arg>
<doc>Sets the delay that is waited after each Selenium command.</doc>
<status status="PASS" starttime="20231115 14:57:30.394" endtime="20231115 14:57:30.394"/>
</kw>
<kw name="Open Browser" library="SeleniumLibrary">
<arg>${LOGIN URL}</arg>
<arg>${BROWSER}</arg>
<arg>options=add_argument("--incognito")</arg>
<doc>Opens a new browser instance to the optional ``url``.</doc>
<msg timestamp="20231115 14:57:30.395" level="INFO">Opening browser 'Firefox' to base url 'https://uji.sicantik.go.id/sign-in'.</msg>
<msg timestamp="20231115 14:57:30.397" level="INFO">Firefox driver log is always forced to to: D:\#RIANCAHYADI\Projects\Freedom\Sicantik\tests\Lazy Load\Permohonan Izin\geckodriver-1.log</msg>
<status status="PASS" starttime="20231115 14:57:30.394" endtime="20231115 14:57:38.213"/>
</kw>
<kw name="Maximize Browser Window" library="SeleniumLibrary">
<doc>Maximizes current browser window.</doc>
<status status="PASS" starttime="20231115 14:57:38.213" endtime="20231115 14:57:38.671"/>
</kw>
<kw name="Title Should Be" library="SeleniumLibrary">
<arg>SICANTIK</arg>
<doc>Verifies that the current page title equals ``title``.</doc>
<msg timestamp="20231115 14:57:38.874" level="INFO">Page title is 'SICANTIK'.</msg>
<status status="PASS" starttime="20231115 14:57:38.671" endtime="20231115 14:57:38.874"/>
</kw>
<status status="PASS" starttime="20231115 14:57:30.394" endtime="20231115 14:57:38.874"/>
</kw>
<kw name="Login Admin Instansi" library="login">
<kw name="Input Username" library="login">
<arg>demo</arg>
<kw name="Input Text" library="SeleniumLibrary">
<arg>username</arg>
<arg>${username}</arg>
<doc>Types the given ``text`` into the text field identified by ``locator``.</doc>
<msg timestamp="20231115 14:57:38.875" level="INFO">Typing text 'demo' into text field 'username'.</msg>
<status status="PASS" starttime="20231115 14:57:38.875" endtime="20231115 14:57:39.526"/>
</kw>
<status status="PASS" starttime="20231115 14:57:38.874" endtime="20231115 14:57:39.526"/>
</kw>
<kw name="Input Password" library="login">
<arg>Demo789*@#</arg>
<kw name="Input Text" library="SeleniumLibrary">
<arg>password</arg>
<arg>${password}</arg>
<doc>Types the given ``text`` into the text field identified by ``locator``.</doc>
<msg timestamp="20231115 14:57:39.527" level="INFO">Typing text 'Demo789*@#' into text field 'password'.</msg>
<status status="PASS" starttime="20231115 14:57:39.526" endtime="20231115 14:57:40.145"/>
</kw>
<status status="PASS" starttime="20231115 14:57:39.526" endtime="20231115 14:57:40.145"/>
</kw>
<kw name="Submit Credentials" library="login">
<kw name="Click Button" library="SeleniumLibrary">
<arg>kt_sign_in_submit</arg>
<doc>Clicks the button identified by ``locator``.</doc>
<msg timestamp="20231115 14:57:40.145" level="INFO">Clicking button 'kt_sign_in_submit'.</msg>
<status status="PASS" starttime="20231115 14:57:40.145" endtime="20231115 14:57:41.165"/>
</kw>
<kw name="Sleep" library="BuiltIn">
<arg>5s</arg>
<doc>Pauses the test executed for the given time.</doc>
<msg timestamp="20231115 14:57:46.165" level="INFO">Slept 5 seconds</msg>
<status status="PASS" starttime="20231115 14:57:41.165" endtime="20231115 14:57:46.165"/>
</kw>
<status status="PASS" starttime="20231115 14:57:40.145" endtime="20231115 14:57:46.165"/>
</kw>
<kw name="Element Should Contain" library="SeleniumLibrary">
<arg>xpath://*[@id="kt_header_user_menu_toggle"]/div[2]/span[1]</arg>
<arg>DEMO</arg>
<doc>Verifies that element ``locator`` contains text ``expected``.</doc>
<msg timestamp="20231115 14:57:46.583" level="INFO">Element 'xpath://*[@id="kt_header_user_menu_toggle"]/div[2]/span[1]' contains text 'DEMO'.</msg>
<status status="PASS" starttime="20231115 14:57:46.165" endtime="20231115 14:57:46.583"/>
</kw>
<status status="PASS" starttime="20231115 14:57:38.874" endtime="20231115 14:57:46.583"/>
</kw>
<kw name="Move To Permohonan Izin Module" library="permohonan_izin">
<kw name="Go To" library="SeleniumLibrary">
<arg>https://uji.sicantik.go.id/permohonan-izin</arg>
<doc>Navigates the current browser window to the provided ``url``.</doc>
<msg timestamp="20231115 14:57:46.584" level="INFO">Opening url 'https://uji.sicantik.go.id/permohonan-izin'</msg>
<status status="PASS" starttime="20231115 14:57:46.583" endtime="20231115 14:57:47.141"/>
</kw>
<kw name="Wait Until Element Contains" library="SeleniumLibrary">
<arg>tag:h5</arg>
<arg>Permohonan Izin</arg>
<doc>Waits until the element ``locator`` contains ``text``.</doc>
<status status="PASS" starttime="20231115 14:57:47.141" endtime="20231115 14:57:47.548"/>
</kw>
<kw name="Sleep" library="BuiltIn">
<arg>3s</arg>
<doc>Pauses the test executed for the given time.</doc>
<msg timestamp="20231115 14:57:50.549" level="INFO">Slept 3 seconds</msg>
<status status="PASS" starttime="20231115 14:57:47.548" endtime="20231115 14:57:50.549"/>
</kw>
<status status="PASS" starttime="20231115 14:57:46.583" endtime="20231115 14:57:50.549"/>
</kw>
<kw name="Scroll Down" library="permohonan_izin">
<kw name="Click Element" library="SeleniumLibrary">
<arg>xpath://*[@id="kt_customers_table"]/tbody/tr[2]/td[8]</arg>
<doc>Click the element identified by ``locator``.</doc>
<msg timestamp="20231115 14:57:50.550" level="INFO">Clicking element 'xpath://*[@id="kt_customers_table"]/tbody/tr[2]/td[8]'.</msg>
<status status="PASS" starttime="20231115 14:57:50.549" endtime="20231115 14:57:51.165"/>
</kw>
<for flavor="IN RANGE">
<var>${counter}</var>
<value>30</value>
<iter>
<var name="${counter}">0</var>
<kw name="Log" library="BuiltIn">
<arg>${counter}</arg>
<doc>Logs the given message with the given level.</doc>
<msg timestamp="20231115 14:57:51.165" level="INFO">0</msg>
<status status="PASS" starttime="20231115 14:57:51.165" endtime="20231115 14:57:51.165"/>
</kw>
<kw name="Press Keys" library="SeleniumLibrary">
<arg>None</arg>
<arg>ARROW_DOWN</arg>
<doc>Simulates the user pressing key(s) to an element or on the active browser.</doc>
<msg timestamp="20231115 14:57:51.166" level="INFO">Sending key(s) ('ARROW_DOWN',) to page.</msg>
<msg timestamp="20231115 14:57:51.166" level="INFO">Pressing special key ARROW_DOWN to browser.</msg>
<msg timestamp="20231115 14:57:51.166" level="INFO">Releasing special key ARROW_DOWN.</msg>
<status status="PASS" starttime="20231115 14:57:51.165" endtime="20231115 14:57:51.374"/>
</kw>
<kw name="Sleep" library="BuiltIn">
<arg>0.5s</arg>
<doc>Pauses the test executed for the given time.</doc>
<msg timestamp="20231115 14:57:51.874" level="INFO">Slept 500 milliseconds</msg>
<status status="PASS" starttime="20231115 14:57:51.374" endtime="20231115 14:57:51.874"/>
</kw>
<status status="PASS" starttime="20231115 14:57:51.165" endtime="20231115 14:57:51.874"/>
</iter>
<iter>
<var name="${counter}">1</var>
<kw name="Log" library="BuiltIn">
<arg>${counter}</arg>
<doc>Logs the given message with the given level.</doc>
<msg timestamp="20231115 14:57:51.874" level="INFO">1</msg>
<status status="PASS" starttime="20231115 14:57:51.874" endtime="20231115 14:57:51.874"/>
</kw>
<kw name="Press Keys" library="SeleniumLibrary">
<arg>None</arg>
<arg>ARROW_DOWN</arg>
<doc>Simulates the user pressing key(s) to an element or on the active browser.</doc>
<msg timestamp="20231115 14:57:51.875" level="INFO">Sending key(s) ('ARROW_DOWN',) to page.</msg>
<msg timestamp="20231115 14:57:51.875" level="INFO">Pressing special key ARROW_DOWN to browser.</msg>
<msg timestamp="20231115 14:57:51.875" level="INFO">Releasing special key ARROW_DOWN.</msg>
<status status="PASS" starttime="20231115 14:57:51.874" endtime="20231115 14:57:52.079"/>
</kw>
<kw name="Sleep" library="BuiltIn">
<arg>0.5s</arg>
<doc>Pauses the test executed for the given time.</doc>
<msg timestamp="20231115 14:57:52.580" level="INFO">Slept 500 milliseconds</msg>
<status status="PASS" starttime="20231115 14:57:52.079" endtime="20231115 14:57:52.580"/>
</kw>
<status status="PASS" starttime="20231115 14:57:51.874" endtime="20231115 14:57:52.580"/>
</iter>
<iter>
<var name="${counter}">2</var>
<kw name="Log" library="BuiltIn">
<arg>${counter}</arg>
<doc>Logs the given message with the given level.</doc>
<msg timestamp="20231115 14:57:52.580" level="INFO">2</msg>
<status status="PASS" starttime="20231115 14:57:52.580" endtime="20231115 14:57:52.580"/>
</kw>
<kw name="Press Keys" library="SeleniumLibrary">
<arg>None</arg>
<arg>ARROW_DOWN</arg>
<doc>Simulates the user pressing key(s) to an element or on the active browser.</doc>
<msg timestamp="20231115 14:57:52.581" level="INFO">Sending key(s) ('ARROW_DOWN',) to page.</msg>
<msg timestamp="20231115 14:57:52.581" level="INFO">Pressing special key ARROW_DOWN to browser.</msg>
<msg timestamp="20231115 14:57:52.581" level="INFO">Releasing special key ARROW_DOWN.</msg>
<status status="PASS" starttime="20231115 14:57:52.580" endtime="20231115 14:57:52.786"/>
</kw>
<kw name="Sleep" library="BuiltIn">
<arg>0.5s</arg>
<doc>Pauses the test executed for the given time.</doc>
<msg timestamp="20231115 14:57:53.286" level="INFO">Slept 500 milliseconds</msg>
<status status="PASS" starttime="20231115 14:57:52.786" endtime="20231115 14:57:53.286"/>
</kw>
<status status="PASS" starttime="20231115 14:57:52.580" endtime="20231115 14:57:53.286"/>
</iter>
<iter>
<var name="${counter}">3</var>
<kw name="Log" library="BuiltIn">
<arg>${counter}</arg>
<doc>Logs the given message with the given level.</doc>
<msg timestamp="20231115 14:57:53.286" level="INFO">3</msg>
<status status="PASS" starttime="20231115 14:57:53.286" endtime="20231115 14:57:53.286"/>
</kw>
<kw name="Press Keys" library="SeleniumLibrary">
<arg>None</arg>
<arg>ARROW_DOWN</arg>
<doc>Simulates the user pressing key(s) to an element or on the active browser.</doc>
<msg timestamp="20231115 14:57:53.287" level="INFO">Sending key(s) ('ARROW_DOWN',) to page.</msg>
<msg timestamp="20231115 14:57:53.287" level="INFO">Pressing special key ARROW_DOWN to browser.</msg>
<msg timestamp="20231115 14:57:53.287" level="INFO">Releasing special key ARROW_DOWN.</msg>
<status status="PASS" starttime="20231115 14:57:53.286" endtime="20231115 14:57:53.493"/>
</kw>
<kw name="Sleep" library="BuiltIn">
<arg>0.5s</arg>
<doc>Pauses the test executed for the given time.</doc>
<msg timestamp="20231115 14:57:53.994" level="INFO">Slept 500 milliseconds</msg>
<status status="PASS" starttime="20231115 14:57:53.493" endtime="20231115 14:57:53.994"/>
</kw>
<status status="PASS" starttime="20231115 14:57:53.286" endtime="20231115 14:57:53.994"/>
</iter>
<iter>
<var name="${counter}">4</var>
<kw name="Log" library="BuiltIn">
<arg>${counter}</arg>
<doc>Logs the given message with the given level.</doc>
<msg timestamp="20231115 14:57:53.994" level="INFO">4</msg>
<status status="PASS" starttime="20231115 14:57:53.994" endtime="20231115 14:57:53.994"/>
</kw>
<kw name="Press Keys" library="SeleniumLibrary">
<arg>None</arg>
<arg>ARROW_DOWN</arg>
<doc>Simulates the user pressing key(s) to an element or on the active browser.</doc>
<msg timestamp="20231115 14:57:53.995" level="INFO">Sending key(s) ('ARROW_DOWN',) to page.</msg>
<msg timestamp="20231115 14:57:53.995" level="INFO">Pressing special key ARROW_DOWN to browser.</msg>
<msg timestamp="20231115 14:57:53.995" level="INFO">Releasing special key ARROW_DOWN.</msg>
<status status="PASS" starttime="20231115 14:57:53.994" endtime="20231115 14:57:54.199"/>
</kw>
<kw name="Sleep" library="BuiltIn">
<arg>0.5s</arg>
<doc>Pauses the test executed for the given time.</doc>
<msg timestamp="20231115 14:57:54.699" level="INFO">Slept 500 milliseconds</msg>
<status status="PASS" starttime="20231115 14:57:54.199" endtime="20231115 14:57:54.699"/>
</kw>
<status status="PASS" starttime="20231115 14:57:53.994" endtime="20231115 14:57:54.699"/>
</iter>
<iter>
<var name="${counter}">5</var>
<kw name="Log" library="BuiltIn">
<arg>${counter}</arg>
<doc>Logs the given message with the given level.</doc>
<msg timestamp="20231115 14:57:54.699" level="INFO">5</msg>
<status status="PASS" starttime="20231115 14:57:54.699" endtime="20231115 14:57:54.699"/>
</kw>
<kw name="Press Keys" library="SeleniumLibrary">
<arg>None</arg>
<arg>ARROW_DOWN</arg>
<doc>Simulates the user pressing key(s) to an element or on the active browser.</doc>
<msg timestamp="20231115 14:57:54.700" level="INFO">Sending key(s) ('ARROW_DOWN',) to page.</msg>
<msg timestamp="20231115 14:57:54.700" level="INFO">Pressing special key ARROW_DOWN to browser.</msg>
<msg timestamp="20231115 14:57:54.700" level="INFO">Releasing special key ARROW_DOWN.</msg>
<status status="PASS" starttime="20231115 14:57:54.699" endtime="20231115 14:57:54.904"/>
</kw>
<kw name="Sleep" library="BuiltIn">
<arg>0.5s</arg>
<doc>Pauses the test executed for the given time.</doc>
<msg timestamp="20231115 14:57:55.405" level="INFO">Slept 500 milliseconds</msg>
<status status="PASS" starttime="20231115 14:57:54.904" endtime="20231115 14:57:55.405"/>
</kw>
<status status="PASS" starttime="20231115 14:57:54.699" endtime="20231115 14:57:55.405"/>
</iter>
<iter>
<var name="${counter}">6</var>
<kw name="Log" library="BuiltIn">
<arg>${counter}</arg>
<doc>Logs the given message with the given level.</doc>
<msg timestamp="20231115 14:57:55.405" level="INFO">6</msg>
<status status="PASS" starttime="20231115 14:57:55.405" endtime="20231115 14:57:55.405"/>
</kw>
<kw name="Press Keys" library="SeleniumLibrary">
<arg>None</arg>
<arg>ARROW_DOWN</arg>
<doc>Simulates the user pressing key(s) to an element or on the active browser.</doc>
<msg timestamp="20231115 14:57:55.406" level="INFO">Sending key(s) ('ARROW_DOWN',) to page.</msg>
<msg timestamp="20231115 14:57:55.406" level="INFO">Pressing special key ARROW_DOWN to browser.</msg>
<msg timestamp="20231115 14:57:55.406" level="INFO">Releasing special key ARROW_DOWN.</msg>
<status status="PASS" starttime="20231115 14:57:55.405" endtime="20231115 14:57:55.612"/>
</kw>
<kw name="Sleep" library="BuiltIn">
<arg>0.5s</arg>
<doc>Pauses the test executed for the given time.</doc>
<msg timestamp="20231115 14:57:56.113" level="INFO">Slept 500 milliseconds</msg>
<status status="PASS" starttime="20231115 14:57:55.612" endtime="20231115 14:57:56.113"/>
</kw>
<status status="PASS" starttime="20231115 14:57:55.405" endtime="20231115 14:57:56.113"/>
</iter>
<iter>
<var name="${counter}">7</var>
<kw name="Log" library="BuiltIn">
<arg>${counter}</arg>
<doc>Logs the given message with the given level.</doc>
<msg timestamp="20231115 14:57:56.113" level="INFO">7</msg>
<status status="PASS" starttime="20231115 14:57:56.113" endtime="20231115 14:57:56.113"/>
</kw>
<kw name="Press Keys" library="SeleniumLibrary">
<arg>None</arg>
<arg>ARROW_DOWN</arg>
<doc>Simulates the user pressing key(s) to an element or on the active browser.</doc>
<msg timestamp="20231115 14:57:56.114" level="INFO">Sending key(s) ('ARROW_DOWN',) to page.</msg>
<msg timestamp="20231115 14:57:56.114" level="INFO">Pressing special key ARROW_DOWN to browser.</msg>
<msg timestamp="20231115 14:57:56.114" level="INFO">Releasing special key ARROW_DOWN.</msg>
<status status="PASS" starttime="20231115 14:57:56.113" endtime="20231115 14:57:56.318"/>
</kw>
<kw name="Sleep" library="BuiltIn">
<arg>0.5s</arg>
<doc>Pauses the test executed for the given time.</doc>
<msg timestamp="20231115 14:57:56.819" level="INFO">Slept 500 milliseconds</msg>
<status status="PASS" starttime="20231115 14:57:56.318" endtime="20231115 14:57:56.819"/>
</kw>
<status status="PASS" starttime="20231115 14:57:56.113" endtime="20231115 14:57:56.819"/>
</iter>
<iter>
<var name="${counter}">8</var>
<kw name="Log" library="BuiltIn">
<arg>${counter}</arg>
<doc>Logs the given message with the given level.</doc>
<msg timestamp="20231115 14:57:56.819" level="INFO">8</msg>
<status status="PASS" starttime="20231115 14:57:56.819" endtime="20231115 14:57:56.819"/>
</kw>
<kw name="Press Keys" library="SeleniumLibrary">
<arg>None</arg>
<arg>ARROW_DOWN</arg>
<doc>Simulates the user pressing key(s) to an element or on the active browser.</doc>
<msg timestamp="20231115 14:57:56.820" level="INFO">Sending key(s) ('ARROW_DOWN',) to page.</msg>
<msg timestamp="20231115 14:57:56.820" level="INFO">Pressing special key ARROW_DOWN to browser.</msg>
<msg timestamp="20231115 14:57:56.820" level="INFO">Releasing special key ARROW_DOWN.</msg>
<status status="PASS" starttime="20231115 14:57:56.819" endtime="20231115 14:57:57.023"/>
</kw>
<kw name="Sleep" library="BuiltIn">
<arg>0.5s</arg>
<doc>Pauses the test executed for the given time.</doc>
<msg timestamp="20231115 14:57:57.524" level="INFO">Slept 500 milliseconds</msg>
<status status="PASS" starttime="20231115 14:57:57.023" endtime="20231115 14:57:57.524"/>
</kw>
<status status="PASS" starttime="20231115 14:57:56.819" endtime="20231115 14:57:57.524"/>
</iter>
<iter>
<var name="${counter}">9</var>
<kw name="Log" library="BuiltIn">
<arg>${counter}</arg>
<doc>Logs the given message with the given level.</doc>
<msg timestamp="20231115 14:57:57.524" level="INFO">9</msg>
<status status="PASS" starttime="20231115 14:57:57.524" endtime="20231115 14:57:57.524"/>
</kw>
<kw name="Press Keys" library="SeleniumLibrary">
<arg>None</arg>
<arg>ARROW_DOWN</arg>
<doc>Simulates the user pressing key(s) to an element or on the active browser.</doc>
<msg timestamp="20231115 14:57:57.525" level="INFO">Sending key(s) ('ARROW_DOWN',) to page.</msg>
<msg timestamp="20231115 14:57:57.525" level="INFO">Pressing special key ARROW_DOWN to browser.</msg>
<msg timestamp="20231115 14:57:57.525" level="INFO">Releasing special key ARROW_DOWN.</msg>
<status status="PASS" starttime="20231115 14:57:57.524" endtime="20231115 14:57:57.731"/>
</kw>
<kw name="Sleep" library="BuiltIn">
<arg>0.5s</arg>
<doc>Pauses the test executed for the given time.</doc>
<msg timestamp="20231115 14:57:58.231" level="INFO">Slept 500 milliseconds</msg>
<status status="PASS" starttime="20231115 14:57:57.731" endtime="20231115 14:57:58.231"/>
</kw>
<status status="PASS" starttime="20231115 14:57:57.524" endtime="20231115 14:57:58.231"/>
</iter>
<iter>
<var name="${counter}">10</var>
<kw name="Log" library="BuiltIn">
<arg>${counter}</arg>
<doc>Logs the given message with the given level.</doc>
<msg timestamp="20231115 14:57:58.231" level="INFO">10</msg>
<status status="PASS" starttime="20231115 14:57:58.231" endtime="20231115 14:57:58.231"/>
</kw>
<kw name="Press Keys" library="SeleniumLibrary">
<arg>None</arg>
<arg>ARROW_DOWN</arg>
<doc>Simulates the user pressing key(s) to an element or on the active browser.</doc>
<msg timestamp="20231115 14:57:58.232" level="INFO">Sending key(s) ('ARROW_DOWN',) to page.</msg>
<msg timestamp="20231115 14:57:58.232" level="INFO">Pressing special key ARROW_DOWN to browser.</msg>
<msg timestamp="20231115 14:57:58.232" level="INFO">Releasing special key ARROW_DOWN.</msg>
<status status="PASS" starttime="20231115 14:57:58.231" endtime="20231115 14:57:58.438"/>
</kw>
<kw name="Sleep" library="BuiltIn">
<arg>0.5s</arg>
<doc>Pauses the test executed for the given time.</doc>
<msg timestamp="20231115 14:57:58.938" level="INFO">Slept 500 milliseconds</msg>
<status status="PASS" starttime="20231115 14:57:58.438" endtime="20231115 14:57:58.938"/>
</kw>
<status status="PASS" starttime="20231115 14:57:58.231" endtime="20231115 14:57:58.938"/>
</iter>
<iter>
<var name="${counter}">11</var>
<kw name="Log" library="BuiltIn">
<arg>${counter}</arg>
<doc>Logs the given message with the given level.</doc>
<msg timestamp="20231115 14:57:58.938" level="INFO">11</msg>
<status status="PASS" starttime="20231115 14:57:58.938" endtime="20231115 14:57:58.938"/>
</kw>
<kw name="Press Keys" library="SeleniumLibrary">
<arg>None</arg>
<arg>ARROW_DOWN</arg>
<doc>Simulates the user pressing key(s) to an element or on the active browser.</doc>
<msg timestamp="20231115 14:57:58.939" level="INFO">Sending key(s) ('ARROW_DOWN',) to page.</msg>
<msg timestamp="20231115 14:57:58.939" level="INFO">Pressing special key ARROW_DOWN to browser.</msg>
<msg timestamp="20231115 14:57:58.939" level="INFO">Releasing special key ARROW_DOWN.</msg>
<status status="PASS" starttime="20231115 14:57:58.938" endtime="20231115 14:57:59.145"/>
</kw>
<kw name="Sleep" library="BuiltIn">
<arg>0.5s</arg>
<doc>Pauses the test executed for the given time.</doc>
<msg timestamp="20231115 14:57:59.645" level="INFO">Slept 500 milliseconds</msg>
<status status="PASS" starttime="20231115 14:57:59.145" endtime="20231115 14:57:59.645"/>
</kw>
<status status="PASS" starttime="20231115 14:57:58.938" endtime="20231115 14:57:59.645"/>
</iter>
<iter>
<var name="${counter}">12</var>
<kw name="Log" library="BuiltIn">
<arg>${counter}</arg>
<doc>Logs the given message with the given level.</doc>
<msg timestamp="20231115 14:57:59.645" level="INFO">12</msg>
<status status="PASS" starttime="20231115 14:57:59.645" endtime="20231115 14:57:59.645"/>
</kw>
<kw name="Press Keys" library="SeleniumLibrary">
<arg>None</arg>
<arg>ARROW_DOWN</arg>
<doc>Simulates the user pressing key(s) to an element or on the active browser.</doc>
<msg timestamp="20231115 14:57:59.647" level="INFO">Sending key(s) ('ARROW_DOWN',) to page.</msg>
<msg timestamp="20231115 14:57:59.647" level="INFO">Pressing special key ARROW_DOWN to browser.</msg>
<msg timestamp="20231115 14:57:59.647" level="INFO">Releasing special key ARROW_DOWN.</msg>
<status status="PASS" starttime="20231115 14:57:59.645" endtime="20231115 14:57:59.851"/>
</kw>
<kw name="Sleep" library="BuiltIn">
<arg>0.5s</arg>
<doc>Pauses the test executed for the given time.</doc>
<msg timestamp="20231115 14:58:00.351" level="INFO">Slept 500 milliseconds</msg>
<status status="PASS" starttime="20231115 14:57:59.851" endtime="20231115 14:58:00.351"/>
</kw>
<status status="PASS" starttime="20231115 14:57:59.645" endtime="20231115 14:58:00.351"/>
</iter>
<iter>
<var name="${counter}">13</var>
<kw name="Log" library="BuiltIn">
<arg>${counter}</arg>
<doc>Logs the given message with the given level.</doc>
<msg timestamp="20231115 14:58:00.351" level="INFO">13</msg>
<status status="PASS" starttime="20231115 14:58:00.351" endtime="20231115 14:58:00.351"/>
</kw>
<kw name="Press Keys" library="SeleniumLibrary">
<arg>None</arg>
<arg>ARROW_DOWN</arg>
<doc>Simulates the user pressing key(s) to an element or on the active browser.</doc>
<msg timestamp="20231115 14:58:00.352" level="INFO">Sending key(s) ('ARROW_DOWN',) to page.</msg>
<msg timestamp="20231115 14:58:00.352" level="INFO">Pressing special key ARROW_DOWN to browser.</msg>
<msg timestamp="20231115 14:58:00.352" level="INFO">Releasing special key ARROW_DOWN.</msg>
<status status="PASS" starttime="20231115 14:58:00.351" endtime="20231115 14:58:00.557"/>
</kw>
<kw name="Sleep" library="BuiltIn">
<arg>0.5s</arg>
<doc>Pauses the test executed for the given time.</doc>
<msg timestamp="20231115 14:58:01.058" level="INFO">Slept 500 milliseconds</msg>
<status status="PASS" starttime="20231115 14:58:00.557" endtime="20231115 14:58:01.058"/>
</kw>
<status status="PASS" starttime="20231115 14:58:00.351" endtime="20231115 14:58:01.058"/>
</iter>
<iter>
<var name="${counter}">14</var>
<kw name="Log" library="BuiltIn">
<arg>${counter}</arg>
<doc>Logs the given message with the given level.</doc>
<msg timestamp="20231115 14:58:01.058" level="INFO">14</msg>
<status status="PASS" starttime="20231115 14:58:01.058" endtime="20231115 14:58:01.058"/>
</kw>
<kw name="Press Keys" library="SeleniumLibrary">
<arg>None</arg>
<arg>ARROW_DOWN</arg>
<doc>Simulates the user pressing key(s) to an element or on the active browser.</doc>
<msg timestamp="20231115 14:58:01.059" level="INFO">Sending key(s) ('ARROW_DOWN',) to page.</msg>
<msg timestamp="20231115 14:58:01.059" level="INFO">Pressing special key ARROW_DOWN to browser.</msg>
<msg timestamp="20231115 14:58:01.059" level="INFO">Releasing special key ARROW_DOWN.</msg>
<status status="PASS" starttime="20231115 14:58:01.058" endtime="20231115 14:58:01.265"/>
</kw>
<kw name="Sleep" library="BuiltIn">
<arg>0.5s</arg>
<doc>Pauses the test executed for the given time.</doc>
<msg timestamp="20231115 14:58:01.766" level="INFO">Slept 500 milliseconds</msg>
<status status="PASS" starttime="20231115 14:58:01.265" endtime="20231115 14:58:01.766"/>
</kw>
<status status="PASS" starttime="20231115 14:58:01.058" endtime="20231115 14:58:01.766"/>
</iter>
<iter>
<var name="${counter}">15</var>
<kw name="Log" library="BuiltIn">
<arg>${counter}</arg>
<doc>Logs the given message with the given level.</doc>
<msg timestamp="20231115 14:58:01.766" level="INFO">15</msg>
<status status="PASS" starttime="20231115 14:58:01.766" endtime="20231115 14:58:01.766"/>
</kw>
<kw name="Press Keys" library="SeleniumLibrary">
<arg>None</arg>
<arg>ARROW_DOWN</arg>
<doc>Simulates the user pressing key(s) to an element or on the active browser.</doc>
<msg timestamp="20231115 14:58:01.767" level="INFO">Sending key(s) ('ARROW_DOWN',) to page.</msg>
<msg timestamp="20231115 14:58:01.767" level="INFO">Pressing special key ARROW_DOWN to browser.</msg>
<msg timestamp="20231115 14:58:01.767" level="INFO">Releasing special key ARROW_DOWN.</msg>
<status status="PASS" starttime="20231115 14:58:01.766" endtime="20231115 14:58:01.972"/>
</kw>
<kw name="Sleep" library="BuiltIn">
<arg>0.5s</arg>
<doc>Pauses the test executed for the given time.</doc>
<msg timestamp="20231115 14:58:02.472" level="INFO">Slept 500 milliseconds</msg>
<status status="PASS" starttime="20231115 14:58:01.972" endtime="20231115 14:58:02.472"/>
</kw>
<status status="PASS" starttime="20231115 14:58:01.766" endtime="20231115 14:58:02.472"/>
</iter>
<iter>
<var name="${counter}">16</var>
<kw name="Log" library="BuiltIn">
<arg>${counter}</arg>
<doc>Logs the given message with the given level.</doc>
<msg timestamp="20231115 14:58:02.472" level="INFO">16</msg>
<status status="PASS" starttime="20231115 14:58:02.472" endtime="20231115 14:58:02.472"/>
</kw>
<kw name="Press Keys" library="SeleniumLibrary">
<arg>None</arg>
<arg>ARROW_DOWN</arg>
<doc>Simulates the user pressing key(s) to an element or on the active browser.</doc>
<msg timestamp="20231115 14:58:02.473" level="INFO">Sending key(s) ('ARROW_DOWN',) to page.</msg>
<msg timestamp="20231115 14:58:02.473" level="INFO">Pressing special key ARROW_DOWN to browser.</msg>
<msg timestamp="20231115 14:58:02.473" level="INFO">Releasing special key ARROW_DOWN.</msg>
<status status="PASS" starttime="20231115 14:58:02.472" endtime="20231115 14:58:02.680"/>
</kw>
<kw name="Sleep" library="BuiltIn">
<arg>0.5s</arg>
<doc>Pauses the test executed for the given time.</doc>
<msg timestamp="20231115 14:58:03.180" level="INFO">Slept 500 milliseconds</msg>
<status status="PASS" starttime="20231115 14:58:02.680" endtime="20231115 14:58:03.180"/>
</kw>
<status status="PASS" starttime="20231115 14:58:02.472" endtime="20231115 14:58:03.180"/>
</iter>
<iter>
<var name="${counter}">17</var>
<kw name="Log" library="BuiltIn">
<arg>${counter}</arg>
<doc>Logs the given message with the given level.</doc>
<msg timestamp="20231115 14:58:03.180" level="INFO">17</msg>
<status status="PASS" starttime="20231115 14:58:03.180" endtime="20231115 14:58:03.180"/>
</kw>
<kw name="Press Keys" library="SeleniumLibrary">
<arg>None</arg>
<arg>ARROW_DOWN</arg>
<doc>Simulates the user pressing key(s) to an element or on the active browser.</doc>
<msg timestamp="20231115 14:58:03.181" level="INFO">Sending key(s) ('ARROW_DOWN',) to page.</msg>
<msg timestamp="20231115 14:58:03.181" level="INFO">Pressing special key ARROW_DOWN to browser.</msg>
<msg timestamp="20231115 14:58:03.181" level="INFO">Releasing special key ARROW_DOWN.</msg>
<status status="PASS" starttime="20231115 14:58:03.180" endtime="20231115 14:58:03.386"/>
</kw>
<kw name="Sleep" library="BuiltIn">
<arg>0.5s</arg>
<doc>Pauses the test executed for the given time.</doc>
<msg timestamp="20231115 14:58:03.887" level="INFO">Slept 500 milliseconds</msg>
<status status="PASS" starttime="20231115 14:58:03.386" endtime="20231115 14:58:03.887"/>
</kw>
<status status="PASS" starttime="20231115 14:58:03.180" endtime="20231115 14:58:03.887"/>
</iter>
<iter>
<var name="${counter}">18</var>
<kw name="Log" library="BuiltIn">
<arg>${counter}</arg>
<doc>Logs the given message with the given level.</doc>
<msg timestamp="20231115 14:58:03.887" level="INFO">18</msg>
<status status="PASS" starttime="20231115 14:58:03.887" endtime="20231115 14:58:03.887"/>
</kw>
<kw name="Press Keys" library="SeleniumLibrary">
<arg>None</arg>
<arg>ARROW_DOWN</arg>
<doc>Simulates the user pressing key(s) to an element or on the active browser.</doc>
<msg timestamp="20231115 14:58:03.888" level="INFO">Sending key(s) ('ARROW_DOWN',) to page.</msg>
<msg timestamp="20231115 14:58:03.888" level="INFO">Pressing special key ARROW_DOWN to browser.</msg>
<msg timestamp="20231115 14:58:03.888" level="INFO">Releasing special key ARROW_DOWN.</msg>
<status status="PASS" starttime="20231115 14:58:03.887" endtime="20231115 14:58:04.091"/>
</kw>
<kw name="Sleep" library="BuiltIn">
<arg>0.5s</arg>
<doc>Pauses the test executed for the given time.</doc>
<msg timestamp="20231115 14:58:04.592" level="INFO">Slept 500 milliseconds</msg>
<status status="PASS" starttime="20231115 14:58:04.091" endtime="20231115 14:58:04.592"/>
</kw>
<status status="PASS" starttime="20231115 14:58:03.887" endtime="20231115 14:58:04.592"/>
</iter>
<iter>
<var name="${counter}">19</var>
<kw name="Log" library="BuiltIn">
<arg>${counter}</arg>
<doc>Logs the given message with the given level.</doc>
<msg timestamp="20231115 14:58:04.592" level="INFO">19</msg>
<status status="PASS" starttime="20231115 14:58:04.592" endtime="20231115 14:58:04.592"/>
</kw>
<kw name="Press Keys" library="SeleniumLibrary">
<arg>None</arg>
<arg>ARROW_DOWN</arg>
<doc>Simulates the user pressing key(s) to an element or on the active browser.</doc>
<msg timestamp="20231115 14:58:04.593" level="INFO">Sending key(s) ('ARROW_DOWN',) to page.</msg>
<msg timestamp="20231115 14:58:04.593" level="INFO">Pressing special key ARROW_DOWN to browser.</msg>
<msg timestamp="20231115 14:58:04.593" level="INFO">Releasing special key ARROW_DOWN.</msg>
<status status="PASS" starttime="20231115 14:58:04.592" endtime="20231115 14:58:04.796"/>
</kw>
<kw name="Sleep" library="BuiltIn">
<arg>0.5s</arg>
<doc>Pauses the test executed for the given time.</doc>
<msg timestamp="20231115 14:58:05.297" level="INFO">Slept 500 milliseconds</msg>
<status status="PASS" starttime="20231115 14:58:04.796" endtime="20231115 14:58:05.297"/>
</kw>
<status status="PASS" starttime="20231115 14:58:04.592" endtime="20231115 14:58:05.297"/>
</iter>
<iter>
<var name="${counter}">20</var>
<kw name="Log" library="BuiltIn">
<arg>${counter}</arg>
<doc>Logs the given message with the given level.</doc>
<msg timestamp="20231115 14:58:05.297" level="INFO">20</msg>
<status status="PASS" starttime="20231115 14:58:05.297" endtime="20231115 14:58:05.297"/>
</kw>
<kw name="Press Keys" library="SeleniumLibrary">
<arg>None</arg>
<arg>ARROW_DOWN</arg>
<doc>Simulates the user pressing key(s) to an element or on the active browser.</doc>
<msg timestamp="20231115 14:58:05.298" level="INFO">Sending key(s) ('ARROW_DOWN',) to page.</msg>
<msg timestamp="20231115 14:58:05.298" level="INFO">Pressing special key ARROW_DOWN to browser.</msg>
<msg timestamp="20231115 14:58:05.298" level="INFO">Releasing special key ARROW_DOWN.</msg>
<status status="PASS" starttime="20231115 14:58:05.297" endtime="20231115 14:58:05.502"/>
</kw>
<kw name="Sleep" library="BuiltIn">
<arg>0.5s</arg>
<doc>Pauses the test executed for the given time.</doc>
<msg timestamp="20231115 14:58:06.002" level="INFO">Slept 500 milliseconds</msg>
<status status="PASS" starttime="20231115 14:58:05.502" endtime="20231115 14:58:06.002"/>
</kw>
<status status="PASS" starttime="20231115 14:58:05.297" endtime="20231115 14:58:06.002"/>
</iter>
<iter>
<var name="${counter}">21</var>
<kw name="Log" library="BuiltIn">
<arg>${counter}</arg>
<doc>Logs the given message with the given level.</doc>
<msg timestamp="20231115 14:58:06.002" level="INFO">21</msg>
<status status="PASS" starttime="20231115 14:58:06.002" endtime="20231115 14:58:06.002"/>
</kw>
<kw name="Press Keys" library="SeleniumLibrary">
<arg>None</arg>
<arg>ARROW_DOWN</arg>
<doc>Simulates the user pressing key(s) to an element or on the active browser.</doc>
<msg timestamp="20231115 14:58:06.003" level="INFO">Sending key(s) ('ARROW_DOWN',) to page.</msg>
<msg timestamp="20231115 14:58:06.003" level="INFO">Pressing special key ARROW_DOWN to browser.</msg>
<msg timestamp="20231115 14:58:06.003" level="INFO">Releasing special key ARROW_DOWN.</msg>
<status status="PASS" starttime="20231115 14:58:06.002" endtime="20231115 14:58:06.207"/>
</kw>
<kw name="Sleep" library="BuiltIn">
<arg>0.5s</arg>
<doc>Pauses the test executed for the given time.</doc>
<msg timestamp="20231115 14:58:06.707" level="INFO">Slept 500 milliseconds</msg>
<status status="PASS" starttime="20231115 14:58:06.207" endtime="20231115 14:58:06.707"/>
</kw>
<status status="PASS" starttime="20231115 14:58:06.002" endtime="20231115 14:58:06.707"/>
</iter>
<iter>
<var name="${counter}">22</var>
<kw name="Log" library="BuiltIn">
<arg>${counter}</arg>
<doc>Logs the given message with the given level.</doc>
<msg timestamp="20231115 14:58:06.707" level="INFO">22</msg>
<status status="PASS" starttime="20231115 14:58:06.707" endtime="20231115 14:58:06.707"/>
</kw>
<kw name="Press Keys" library="SeleniumLibrary">
<arg>None</arg>
<arg>ARROW_DOWN</arg>
<doc>Simulates the user pressing key(s) to an element or on the active browser.</doc>
<msg timestamp="20231115 14:58:06.708" level="INFO">Sending key(s) ('ARROW_DOWN',) to page.</msg>
<msg timestamp="20231115 14:58:06.708" level="INFO">Pressing special key ARROW_DOWN to browser.</msg>
<msg timestamp="20231115 14:58:06.708" level="INFO">Releasing special key ARROW_DOWN.</msg>
<status status="PASS" starttime="20231115 14:58:06.707" endtime="20231115 14:58:06.911"/>
</kw>
<kw name="Sleep" library="BuiltIn">
<arg>0.5s</arg>
<doc>Pauses the test executed for the given time.</doc>
<msg timestamp="20231115 14:58:07.412" level="INFO">Slept 500 milliseconds</msg>
<status status="PASS" starttime="20231115 14:58:06.911" endtime="20231115 14:58:07.412"/>
</kw>
<status status="PASS" starttime="20231115 14:58:06.707" endtime="20231115 14:58:07.412"/>
</iter>
<iter>
<var name="${counter}">23</var>
<kw name="Log" library="BuiltIn">
<arg>${counter}</arg>
<doc>Logs the given message with the given level.</doc>
<msg timestamp="20231115 14:58:07.412" level="INFO">23</msg>
<status status="PASS" starttime="20231115 14:58:07.412" endtime="20231115 14:58:07.412"/>
</kw>
<kw name="Press Keys" library="SeleniumLibrary">
<arg>None</arg>
<arg>ARROW_DOWN</arg>
<doc>Simulates the user pressing key(s) to an element or on the active browser.</doc>
<msg timestamp="20231115 14:58:07.413" level="INFO">Sending key(s) ('ARROW_DOWN',) to page.</msg>
<msg timestamp="20231115 14:58:07.413" level="INFO">Pressing special key ARROW_DOWN to browser.</msg>
<msg timestamp="20231115 14:58:07.413" level="INFO">Releasing special key ARROW_DOWN.</msg>
<status status="PASS" starttime="20231115 14:58:07.412" endtime="20231115 14:58:07.616"/>
</kw>
<kw name="Sleep" library="BuiltIn">
<arg>0.5s</arg>
<doc>Pauses the test executed for the given time.</doc>
<msg timestamp="20231115 14:58:08.117" level="INFO">Slept 500 milliseconds</msg>
<status status="PASS" starttime="20231115 14:58:07.616" endtime="20231115 14:58:08.117"/>
</kw>
<status status="PASS" starttime="20231115 14:58:07.412" endtime="20231115 14:58:08.117"/>
</iter>
<iter>
<var name="${counter}">24</var>
<kw name="Log" library="BuiltIn">
<arg>${counter}</arg>
<doc>Logs the given message with the given level.</doc>
<msg timestamp="20231115 14:58:08.117" level="INFO">24</msg>
<status status="PASS" starttime="20231115 14:58:08.117" endtime="20231115 14:58:08.117"/>
</kw>
<kw name="Press Keys" library="SeleniumLibrary">
<arg>None</arg>
<arg>ARROW_DOWN</arg>
<doc>Simulates the user pressing key(s) to an element or on the active browser.</doc>
<msg timestamp="20231115 14:58:08.118" level="INFO">Sending key(s) ('ARROW_DOWN',) to page.</msg>
<msg timestamp="20231115 14:58:08.118" level="INFO">Pressing special key ARROW_DOWN to browser.</msg>
<msg timestamp="20231115 14:58:08.118" level="INFO">Releasing special key ARROW_DOWN.</msg>
<status status="PASS" starttime="20231115 14:58:08.117" endtime="20231115 14:58:08.322"/>
</kw>
<kw name="Sleep" library="BuiltIn">
<arg>0.5s</arg>
<doc>Pauses the test executed for the given time.</doc>
<msg timestamp="20231115 14:58:08.822" level="INFO">Slept 500 milliseconds</msg>
<status status="PASS" starttime="20231115 14:58:08.322" endtime="20231115 14:58:08.822"/>
</kw>
<status status="PASS" starttime="20231115 14:58:08.117" endtime="20231115 14:58:08.822"/>
</iter>
<iter>
<var name="${counter}">25</var>
<kw name="Log" library="BuiltIn">
<arg>${counter}</arg>
<doc>Logs the given message with the given level.</doc>
<msg timestamp="20231115 14:58:08.822" level="INFO">25</msg>
<status status="PASS" starttime="20231115 14:58:08.822" endtime="20231115 14:58:08.822"/>
</kw>
<kw name="Press Keys" library="SeleniumLibrary">
<arg>None</arg>
<arg>ARROW_DOWN</arg>
<doc>Simulates the user pressing key(s) to an element or on the active browser.</doc>
<msg timestamp="20231115 14:58:08.823" level="INFO">Sending key(s) ('ARROW_DOWN',) to page.</msg>
<msg timestamp="20231115 14:58:08.823" level="INFO">Pressing special key ARROW_DOWN to browser.</msg>
<msg timestamp="20231115 14:58:08.823" level="INFO">Releasing special key ARROW_DOWN.</msg>
<status status="PASS" starttime="20231115 14:58:08.822" endtime="20231115 14:58:09.026"/>
</kw>
<kw name="Sleep" library="BuiltIn">
<arg>0.5s</arg>
<doc>Pauses the test executed for the given time.</doc>
<msg timestamp="20231115 14:58:09.527" level="INFO">Slept 500 milliseconds</msg>
<status status="PASS" starttime="20231115 14:58:09.026" endtime="20231115 14:58:09.527"/>
</kw>
<status status="PASS" starttime="20231115 14:58:08.822" endtime="20231115 14:58:09.527"/>
</iter>
<iter>
<var name="${counter}">26</var>
<kw name="Log" library="BuiltIn">
<arg>${counter}</arg>
<doc>Logs the given message with the given level.</doc>
<msg timestamp="20231115 14:58:09.527" level="INFO">26</msg>
<status status="PASS" starttime="20231115 14:58:09.527" endtime="20231115 14:58:09.527"/>
</kw>
<kw name="Press Keys" library="SeleniumLibrary">
<arg>None</arg>
<arg>ARROW_DOWN</arg>
<doc>Simulates the user pressing key(s) to an element or on the active browser.</doc>
<msg timestamp="20231115 14:58:09.528" level="INFO">Sending key(s) ('ARROW_DOWN',) to page.</msg>
<msg timestamp="20231115 14:58:09.528" level="INFO">Pressing special key ARROW_DOWN to browser.</msg>
<msg timestamp="20231115 14:58:09.528" level="INFO">Releasing special key ARROW_DOWN.</msg>
<status status="PASS" starttime="20231115 14:58:09.527" endtime="20231115 14:58:09.731"/>
</kw>
<kw name="Sleep" library="BuiltIn">
<arg>0.5s</arg>
<doc>Pauses the test executed for the given time.</doc>
<msg timestamp="20231115 14:58:10.231" level="INFO">Slept 500 milliseconds</msg>
<status status="PASS" starttime="20231115 14:58:09.731" endtime="20231115 14:58:10.231"/>
</kw>
<status status="PASS" starttime="20231115 14:58:09.527" endtime="20231115 14:58:10.231"/>
</iter>
<iter>
<var name="${counter}">27</var>
<kw name="Log" library="BuiltIn">
<arg>${counter}</arg>
<doc>Logs the given message with the given level.</doc>
<msg timestamp="20231115 14:58:10.231" level="INFO">27</msg>
<status status="PASS" starttime="20231115 14:58:10.231" endtime="20231115 14:58:10.231"/>
</kw>
<kw name="Press Keys" library="SeleniumLibrary">
<arg>None</arg>
<arg>ARROW_DOWN</arg>
<doc>Simulates the user pressing key(s) to an element or on the active browser.</doc>
<msg timestamp="20231115 14:58:10.232" level="INFO">Sending key(s) ('ARROW_DOWN',) to page.</msg>
<msg timestamp="20231115 14:58:10.232" level="INFO">Pressing special key ARROW_DOWN to browser.</msg>
<msg timestamp="20231115 14:58:10.232" level="INFO">Releasing special key ARROW_DOWN.</msg>
<status status="PASS" starttime="20231115 14:58:10.231" endtime="20231115 14:58:10.436"/>
</kw>
<kw name="Sleep" library="BuiltIn">
<arg>0.5s</arg>
<doc>Pauses the test executed for the given time.</doc>
<msg timestamp="20231115 14:58:10.936" level="INFO">Slept 500 milliseconds</msg>
<status status="PASS" starttime="20231115 14:58:10.436" endtime="20231115 14:58:10.936"/>
</kw>
<status status="PASS" starttime="20231115 14:58:10.231" endtime="20231115 14:58:10.936"/>
</iter>
<iter>
<var name="${counter}">28</var>
<kw name="Log" library="BuiltIn">
<arg>${counter}</arg>
<doc>Logs the given message with the given level.</doc>
<msg timestamp="20231115 14:58:10.936" level="INFO">28</msg>
<status status="PASS" starttime="20231115 14:58:10.936" endtime="20231115 14:58:10.936"/>
</kw>
<kw name="Press Keys" library="SeleniumLibrary">
<arg>None</arg>
<arg>ARROW_DOWN</arg>
<doc>Simulates the user pressing key(s) to an element or on the active browser.</doc>
<msg timestamp="20231115 14:58:10.937" level="INFO">Sending key(s) ('ARROW_DOWN',) to page.</msg>
<msg timestamp="20231115 14:58:10.937" level="INFO">Pressing special key ARROW_DOWN to browser.</msg>
<msg timestamp="20231115 14:58:10.937" level="INFO">Releasing special key ARROW_DOWN.</msg>
<status status="PASS" starttime="20231115 14:58:10.936" endtime="20231115 14:58:11.141"/>
</kw>
<kw name="Sleep" library="BuiltIn">
<arg>0.5s</arg>
<doc>Pauses the test executed for the given time.</doc>
<msg timestamp="20231115 14:58:11.641" level="INFO">Slept 500 milliseconds</msg>
<status status="PASS" starttime="20231115 14:58:11.141" endtime="20231115 14:58:11.641"/>
</kw>
<status status="PASS" starttime="20231115 14:58:10.936" endtime="20231115 14:58:11.641"/>
</iter>
<iter>
<var name="${counter}">29</var>
<kw name="Log" library="BuiltIn">
<arg>${counter}</arg>
<doc>Logs the given message with the given level.</doc>
<msg timestamp="20231115 14:58:11.641" level="INFO">29</msg>
<status status="PASS" starttime="20231115 14:58:11.641" endtime="20231115 14:58:11.641"/>
</kw>
<kw name="Press Keys" library="SeleniumLibrary">
<arg>None</arg>
<arg>ARROW_DOWN</arg>
<doc>Simulates the user pressing key(s) to an element or on the active browser.</doc>
<msg timestamp="20231115 14:58:11.642" level="INFO">Sending key(s) ('ARROW_DOWN',) to page.</msg>
<msg timestamp="20231115 14:58:11.642" level="INFO">Pressing special key ARROW_DOWN to browser.</msg>
<msg timestamp="20231115 14:58:11.642" level="INFO">Releasing special key ARROW_DOWN.</msg>
<status status="PASS" starttime="20231115 14:58:11.641" endtime="20231115 14:58:11.846"/>
</kw>
<kw name="Sleep" library="BuiltIn">
<arg>0.5s</arg>
<doc>Pauses the test executed for the given time.</doc>
<msg timestamp="20231115 14:58:12.347" level="INFO">Slept 500 milliseconds</msg>
<status status="PASS" starttime="20231115 14:58:11.846" endtime="20231115 14:58:12.347"/>
</kw>
<status status="PASS" starttime="20231115 14:58:11.641" endtime="20231115 14:58:12.347"/>
</iter>
<status status="PASS" starttime="20231115 14:57:51.165" endtime="20231115 14:58:12.347"/>
</for>
<status status="PASS" starttime="20231115 14:57:50.549" endtime="20231115 14:58:12.347"/>
</kw>
<kw name="Sleep" library="BuiltIn">
<arg>3s</arg>
<doc>Pauses the test executed for the given time.</doc>
<msg timestamp="20231115 14:58:15.349" level="INFO">Slept 3 seconds</msg>
<status status="PASS" starttime="20231115 14:58:12.347" endtime="20231115 14:58:15.349"/>
</kw>
<kw name="Capture Page Screenshot" library="SeleniumLibrary">
<doc>Takes a screenshot of the current page and embeds it into a log file.</doc>
<msg timestamp="20231115 14:58:15.610" level="INFO" html="true">&lt;/td&gt;&lt;/tr&gt;&lt;tr&gt;&lt;td colspan="3"&gt;&lt;a href="selenium-screenshot-1.png"&gt;&lt;img src="selenium-screenshot-1.png" width="800px"&gt;&lt;/a&gt;</msg>
<status status="PASS" starttime="20231115 14:58:15.349" endtime="20231115 14:58:15.610"/>
</kw>
<kw name="Close Browser" library="SeleniumLibrary" type="TEARDOWN">
<doc>Closes the current browser.</doc>
<status status="PASS" starttime="20231115 14:58:15.611" endtime="20231115 14:58:18.546"/>
</kw>
<doc>SC01 - Lazy Load Permohonan Izin</doc>
<tag>TC01 - Lazy Load Permohonan Izin</tag>
<status status="PASS" starttime="20231115 14:57:30.393" endtime="20231115 14:58:18.546"/>
</test>
<doc>SC01 - Lazy load Permohonan Izin</doc>
<status status="PASS" starttime="20231115 14:57:30.229" endtime="20231115 14:58:18.547"/>
</suite>
<statistics>
<total>
<stat pass="1" fail="0" skip="0">All Tests</stat>
</total>
<tag>
<stat pass="1" fail="0" skip="0">TC01 - Lazy Load Permohonan Izin</stat>
</tag>
<suite>
<stat pass="1" fail="0" skip="0" id="s1" name="SC01 - Lazy load permohonan izin">SC01 - Lazy load permohonan izin</stat>
</suite>
</statistics>
<errors>
</errors>
</robot>
