<?xml version="1.0" encoding="UTF-8"?>
<robot generator="Robot 6.0.2 (Python 3.11.2 on win32)" generated="20231115 15:51:59.452" rpa="false" schemaversion="3">
<suite id="s1" name="SC01 - Lazy load halaman lapor" source="D:\#RIANCAHYADI\Projects\Freedom\Sicantik\tests\Lazy Load\Admin Pusat\Halaman Lapor\SC01 - Lazy load halaman lapor.robot">
<test id="s1-t1" name="TC01 - Lazy Load Halaman Lapor" line="12">
<kw name="Open Browser To Login Page" library="login">
<kw name="Set Selenium Speed" library="SeleniumLibrary">
<arg>0.2s</arg>
<doc>Sets the delay that is waited after each Selenium command.</doc>
<status status="PASS" starttime="20231115 15:51:59.618" endtime="20231115 15:51:59.618"/>
</kw>
<kw name="Open Browser" library="SeleniumLibrary">
<arg>${LOGIN URL}</arg>
<arg>${BROWSER}</arg>
<arg>options=add_argument("--incognito")</arg>
<doc>Opens a new browser instance to the optional ``url``.</doc>
<msg timestamp="20231115 15:51:59.619" level="INFO">Opening browser 'Firefox' to base url 'https://uji.sicantik.go.id/sign-in'.</msg>
<msg timestamp="20231115 15:51:59.621" level="INFO">Firefox driver log is always forced to to: D:\#RIANCAHYADI\Projects\Freedom\Sicantik\tests\Lazy Load\Admin Pusat\Halaman Lapor\geckodriver-1.log</msg>
<status status="PASS" starttime="20231115 15:51:59.618" endtime="20231115 15:52:09.143"/>
</kw>
<kw name="Maximize Browser Window" library="SeleniumLibrary">
<doc>Maximizes current browser window.</doc>
<status status="PASS" starttime="20231115 15:52:09.143" endtime="20231115 15:52:09.602"/>
</kw>
<kw name="Title Should Be" library="SeleniumLibrary">
<arg>SICANTIK</arg>
<doc>Verifies that the current page title equals ``title``.</doc>
<msg timestamp="20231115 15:52:09.805" level="INFO">Page title is 'SICANTIK'.</msg>
<status status="PASS" starttime="20231115 15:52:09.602" endtime="20231115 15:52:09.805"/>
</kw>
<status status="PASS" starttime="20231115 15:51:59.618" endtime="20231115 15:52:09.805"/>
</kw>
<kw name="Login Admin Pusat" library="login">
<kw name="Input Username" library="login">
<arg>admegov</arg>
<kw name="Input Text" library="SeleniumLibrary">
<arg>username</arg>
<arg>${username}</arg>
<doc>Types the given ``text`` into the text field identified by ``locator``.</doc>
<msg timestamp="20231115 15:52:09.806" level="INFO">Typing text 'admegov' into text field 'username'.</msg>
<status status="PASS" starttime="20231115 15:52:09.806" endtime="20231115 15:52:10.463"/>
</kw>
<status status="PASS" starttime="20231115 15:52:09.805" endtime="20231115 15:52:10.463"/>
</kw>
<kw name="Input Password" library="login">
<arg>Admegov789*@#</arg>
<kw name="Input Text" library="SeleniumLibrary">
<arg>password</arg>
<arg>${password}</arg>
<doc>Types the given ``text`` into the text field identified by ``locator``.</doc>
<msg timestamp="20231115 15:52:10.464" level="INFO">Typing text 'Admegov789*@#' into text field 'password'.</msg>
<status status="PASS" starttime="20231115 15:52:10.463" endtime="20231115 15:52:11.082"/>
</kw>
<status status="PASS" starttime="20231115 15:52:10.463" endtime="20231115 15:52:11.082"/>
</kw>
<kw name="Submit Credentials" library="login">
<kw name="Click Button" library="SeleniumLibrary">
<arg>kt_sign_in_submit</arg>
<doc>Clicks the button identified by ``locator``.</doc>
<msg timestamp="20231115 15:52:11.082" level="INFO">Clicking button 'kt_sign_in_submit'.</msg>
<status status="PASS" starttime="20231115 15:52:11.082" endtime="20231115 15:52:12.103"/>
</kw>
<kw name="Sleep" library="BuiltIn">
<arg>5s</arg>
<doc>Pauses the test executed for the given time.</doc>
<msg timestamp="20231115 15:52:17.103" level="INFO">Slept 5 seconds</msg>
<status status="PASS" starttime="20231115 15:52:12.103" endtime="20231115 15:52:17.103"/>
</kw>
<status status="PASS" starttime="20231115 15:52:11.082" endtime="20231115 15:52:17.103"/>
</kw>
<kw name="Element Should Contain" library="SeleniumLibrary">
<arg>xpath://*[@id="kt_header_user_menu_toggle"]/div[2]/span[2]</arg>
<arg>Admin Utama</arg>
<doc>Verifies that element ``locator`` contains text ``expected``.</doc>
<msg timestamp="20231115 15:52:17.522" level="INFO">Element 'xpath://*[@id="kt_header_user_menu_toggle"]/div[2]/span[2]' contains text 'Admin Utama'.</msg>
<status status="PASS" starttime="20231115 15:52:17.103" endtime="20231115 15:52:17.522"/>
</kw>
<status status="PASS" starttime="20231115 15:52:09.805" endtime="20231115 15:52:17.522"/>
</kw>
<kw name="Move To Lapor Aduan" library="aduan">
<kw name="Go To" library="SeleniumLibrary">
<arg>https://uji.sicantik.go.id/aduan</arg>
<doc>Navigates the current browser window to the provided ``url``.</doc>
<msg timestamp="20231115 15:52:17.522" level="INFO">Opening url 'https://uji.sicantik.go.id/aduan'</msg>
<status status="PASS" starttime="20231115 15:52:17.522" endtime="20231115 15:52:18.205"/>
</kw>
<kw name="Wait Until Element Contains" library="SeleniumLibrary">
<arg>xpath://*[@id="kt_profile_details_view"]/div/div[1]/h5</arg>
<arg>Lapor Aduan</arg>
<doc>Waits until the element ``locator`` contains ``text``.</doc>
<status status="PASS" starttime="20231115 15:52:18.205" endtime="20231115 15:52:18.624"/>
</kw>
<kw name="Sleep" library="BuiltIn">
<arg>3s</arg>
<doc>Pauses the test executed for the given time.</doc>
<msg timestamp="20231115 15:52:21.625" level="INFO">Slept 3 seconds</msg>
<status status="PASS" starttime="20231115 15:52:18.624" endtime="20231115 15:52:21.625"/>
</kw>
<status status="PASS" starttime="20231115 15:52:17.522" endtime="20231115 15:52:21.625"/>
</kw>
<kw name="Scroll Down" library="aduan">
<kw name="Click Element" library="SeleniumLibrary">
<arg>xpath://*[@id="kt_customers_table"]/tbody/tr[6]/td[5]</arg>
<doc>Click the element identified by ``locator``.</doc>
<msg timestamp="20231115 15:52:21.626" level="INFO">Clicking element 'xpath://*[@id="kt_customers_table"]/tbody/tr[6]/td[5]'.</msg>
<status status="PASS" starttime="20231115 15:52:21.626" endtime="20231115 15:52:22.241"/>
</kw>
<for flavor="IN RANGE">
<var>${counter}</var>
<value>20</value>
<iter>
<var name="${counter}">0</var>
<kw name="Log" library="BuiltIn">
<arg>${counter}</arg>
<doc>Logs the given message with the given level.</doc>
<msg timestamp="20231115 15:52:22.241" level="INFO">0</msg>
<status status="PASS" starttime="20231115 15:52:22.241" endtime="20231115 15:52:22.241"/>
</kw>
<kw name="Press Keys" library="SeleniumLibrary">
<arg>None</arg>
<arg>ARROW_DOWN</arg>
<doc>Simulates the user pressing key(s) to an element or on the active browser.</doc>
<msg timestamp="20231115 15:52:22.242" level="INFO">Sending key(s) ('ARROW_DOWN',) to page.</msg>
<msg timestamp="20231115 15:52:22.242" level="INFO">Pressing special key ARROW_DOWN to browser.</msg>
<msg timestamp="20231115 15:52:22.242" level="INFO">Releasing special key ARROW_DOWN.</msg>
<status status="PASS" starttime="20231115 15:52:22.241" endtime="20231115 15:52:22.452"/>
</kw>
<kw name="Sleep" library="BuiltIn">
<arg>0.5s</arg>
<doc>Pauses the test executed for the given time.</doc>
<msg timestamp="20231115 15:52:22.952" level="INFO">Slept 500 milliseconds</msg>
<status status="PASS" starttime="20231115 15:52:22.452" endtime="20231115 15:52:22.952"/>
</kw>
<status status="PASS" starttime="20231115 15:52:22.241" endtime="20231115 15:52:22.952"/>
</iter>
<iter>
<var name="${counter}">1</var>
<kw name="Log" library="BuiltIn">
<arg>${counter}</arg>
<doc>Logs the given message with the given level.</doc>
<msg timestamp="20231115 15:52:22.952" level="INFO">1</msg>
<status status="PASS" starttime="20231115 15:52:22.952" endtime="20231115 15:52:22.952"/>
</kw>
<kw name="Press Keys" library="SeleniumLibrary">
<arg>None</arg>
<arg>ARROW_DOWN</arg>
<doc>Simulates the user pressing key(s) to an element or on the active browser.</doc>
<msg timestamp="20231115 15:52:22.953" level="INFO">Sending key(s) ('ARROW_DOWN',) to page.</msg>
<msg timestamp="20231115 15:52:22.953" level="INFO">Pressing special key ARROW_DOWN to browser.</msg>
<msg timestamp="20231115 15:52:22.953" level="INFO">Releasing special key ARROW_DOWN.</msg>
<status status="PASS" starttime="20231115 15:52:22.952" endtime="20231115 15:52:23.163"/>
</kw>
<kw name="Sleep" library="BuiltIn">
<arg>0.5s</arg>
<doc>Pauses the test executed for the given time.</doc>
<msg timestamp="20231115 15:52:23.664" level="INFO">Slept 500 milliseconds</msg>
<status status="PASS" starttime="20231115 15:52:23.163" endtime="20231115 15:52:23.664"/>
</kw>
<status status="PASS" starttime="20231115 15:52:22.952" endtime="20231115 15:52:23.664"/>
</iter>
<iter>
<var name="${counter}">2</var>
<kw name="Log" library="BuiltIn">
<arg>${counter}</arg>
<doc>Logs the given message with the given level.</doc>
<msg timestamp="20231115 15:52:23.664" level="INFO">2</msg>
<status status="PASS" starttime="20231115 15:52:23.664" endtime="20231115 15:52:23.664"/>
</kw>
<kw name="Press Keys" library="SeleniumLibrary">
<arg>None</arg>
<arg>ARROW_DOWN</arg>
<doc>Simulates the user pressing key(s) to an element or on the active browser.</doc>
<msg timestamp="20231115 15:52:23.665" level="INFO">Sending key(s) ('ARROW_DOWN',) to page.</msg>
<msg timestamp="20231115 15:52:23.665" level="INFO">Pressing special key ARROW_DOWN to browser.</msg>
<msg timestamp="20231115 15:52:23.665" level="INFO">Releasing special key ARROW_DOWN.</msg>
<status status="PASS" starttime="20231115 15:52:23.664" endtime="20231115 15:52:23.870"/>
</kw>
<kw name="Sleep" library="BuiltIn">
<arg>0.5s</arg>
<doc>Pauses the test executed for the given time.</doc>
<msg timestamp="20231115 15:52:24.371" level="INFO">Slept 500 milliseconds</msg>
<status status="PASS" starttime="20231115 15:52:23.870" endtime="20231115 15:52:24.371"/>
</kw>
<status status="PASS" starttime="20231115 15:52:23.664" endtime="20231115 15:52:24.371"/>
</iter>
<iter>
<var name="${counter}">3</var>
<kw name="Log" library="BuiltIn">
<arg>${counter}</arg>
<doc>Logs the given message with the given level.</doc>
<msg timestamp="20231115 15:52:24.371" level="INFO">3</msg>
<status status="PASS" starttime="20231115 15:52:24.371" endtime="20231115 15:52:24.371"/>
</kw>
<kw name="Press Keys" library="SeleniumLibrary">
<arg>None</arg>
<arg>ARROW_DOWN</arg>
<doc>Simulates the user pressing key(s) to an element or on the active browser.</doc>
<msg timestamp="20231115 15:52:24.372" level="INFO">Sending key(s) ('ARROW_DOWN',) to page.</msg>
<msg timestamp="20231115 15:52:24.372" level="INFO">Pressing special key ARROW_DOWN to browser.</msg>
<msg timestamp="20231115 15:52:24.372" level="INFO">Releasing special key ARROW_DOWN.</msg>
<status status="PASS" starttime="20231115 15:52:24.371" endtime="20231115 15:52:24.577"/>
</kw>
<kw name="Sleep" library="BuiltIn">
<arg>0.5s</arg>
<doc>Pauses the test executed for the given time.</doc>
<msg timestamp="20231115 15:52:25.077" level="INFO">Slept 500 milliseconds</msg>
<status status="PASS" starttime="20231115 15:52:24.577" endtime="20231115 15:52:25.077"/>
</kw>
<status status="PASS" starttime="20231115 15:52:24.371" endtime="20231115 15:52:25.077"/>
</iter>
<iter>
<var name="${counter}">4</var>
<kw name="Log" library="BuiltIn">
<arg>${counter}</arg>
<doc>Logs the given message with the given level.</doc>
<msg timestamp="20231115 15:52:25.077" level="INFO">4</msg>
<status status="PASS" starttime="20231115 15:52:25.077" endtime="20231115 15:52:25.077"/>
</kw>
<kw name="Press Keys" library="SeleniumLibrary">
<arg>None</arg>
<arg>ARROW_DOWN</arg>
<doc>Simulates the user pressing key(s) to an element or on the active browser.</doc>
<msg timestamp="20231115 15:52:25.078" level="INFO">Sending key(s) ('ARROW_DOWN',) to page.</msg>
<msg timestamp="20231115 15:52:25.078" level="INFO">Pressing special key ARROW_DOWN to browser.</msg>
<msg timestamp="20231115 15:52:25.078" level="INFO">Releasing special key ARROW_DOWN.</msg>
<status status="PASS" starttime="20231115 15:52:25.077" endtime="20231115 15:52:25.282"/>
</kw>
<kw name="Sleep" library="BuiltIn">
<arg>0.5s</arg>
<doc>Pauses the test executed for the given time.</doc>
<msg timestamp="20231115 15:52:25.782" level="INFO">Slept 500 milliseconds</msg>
<status status="PASS" starttime="20231115 15:52:25.282" endtime="20231115 15:52:25.782"/>
</kw>
<status status="PASS" starttime="20231115 15:52:25.077" endtime="20231115 15:52:25.782"/>
</iter>
<iter>
<var name="${counter}">5</var>
<kw name="Log" library="BuiltIn">
<arg>${counter}</arg>
<doc>Logs the given message with the given level.</doc>
<msg timestamp="20231115 15:52:25.782" level="INFO">5</msg>
<status status="PASS" starttime="20231115 15:52:25.782" endtime="20231115 15:52:25.782"/>
</kw>
<kw name="Press Keys" library="SeleniumLibrary">
<arg>None</arg>
<arg>ARROW_DOWN</arg>
<doc>Simulates the user pressing key(s) to an element or on the active browser.</doc>
<msg timestamp="20231115 15:52:25.783" level="INFO">Sending key(s) ('ARROW_DOWN',) to page.</msg>
<msg timestamp="20231115 15:52:25.783" level="INFO">Pressing special key ARROW_DOWN to browser.</msg>
<msg timestamp="20231115 15:52:25.783" level="INFO">Releasing special key ARROW_DOWN.</msg>
<status status="PASS" starttime="20231115 15:52:25.782" endtime="20231115 15:52:25.988"/>
</kw>
<kw name="Sleep" library="BuiltIn">
<arg>0.5s</arg>
<doc>Pauses the test executed for the given time.</doc>
<msg timestamp="20231115 15:52:26.488" level="INFO">Slept 500 milliseconds</msg>
<status status="PASS" starttime="20231115 15:52:25.988" endtime="20231115 15:52:26.488"/>
</kw>
<status status="PASS" starttime="20231115 15:52:25.782" endtime="20231115 15:52:26.488"/>
</iter>
<iter>
<var name="${counter}">6</var>
<kw name="Log" library="BuiltIn">
<arg>${counter}</arg>
<doc>Logs the given message with the given level.</doc>
<msg timestamp="20231115 15:52:26.488" level="INFO">6</msg>
<status status="PASS" starttime="20231115 15:52:26.488" endtime="20231115 15:52:26.488"/>
</kw>
<kw name="Press Keys" library="SeleniumLibrary">
<arg>None</arg>
<arg>ARROW_DOWN</arg>
<doc>Simulates the user pressing key(s) to an element or on the active browser.</doc>
<msg timestamp="20231115 15:52:26.489" level="INFO">Sending key(s) ('ARROW_DOWN',) to page.</msg>
<msg timestamp="20231115 15:52:26.489" level="INFO">Pressing special key ARROW_DOWN to browser.</msg>
<msg timestamp="20231115 15:52:26.489" level="INFO">Releasing special key ARROW_DOWN.</msg>
<status status="PASS" starttime="20231115 15:52:26.488" endtime="20231115 15:52:26.693"/>
</kw>
<kw name="Sleep" library="BuiltIn">
<arg>0.5s</arg>
<doc>Pauses the test executed for the given time.</doc>
<msg timestamp="20231115 15:52:27.194" level="INFO">Slept 500 milliseconds</msg>
<status status="PASS" starttime="20231115 15:52:26.693" endtime="20231115 15:52:27.194"/>
</kw>
<status status="PASS" starttime="20231115 15:52:26.488" endtime="20231115 15:52:27.194"/>
</iter>
<iter>
<var name="${counter}">7</var>
<kw name="Log" library="BuiltIn">
<arg>${counter}</arg>
<doc>Logs the given message with the given level.</doc>
<msg timestamp="20231115 15:52:27.194" level="INFO">7</msg>
<status status="PASS" starttime="20231115 15:52:27.194" endtime="20231115 15:52:27.194"/>
</kw>
<kw name="Press Keys" library="SeleniumLibrary">
<arg>None</arg>
<arg>ARROW_DOWN</arg>
<doc>Simulates the user pressing key(s) to an element or on the active browser.</doc>
<msg timestamp="20231115 15:52:27.195" level="INFO">Sending key(s) ('ARROW_DOWN',) to page.</msg>
<msg timestamp="20231115 15:52:27.195" level="INFO">Pressing special key ARROW_DOWN to browser.</msg>
<msg timestamp="20231115 15:52:27.195" level="INFO">Releasing special key ARROW_DOWN.</msg>
<status status="PASS" starttime="20231115 15:52:27.194" endtime="20231115 15:52:27.399"/>
</kw>
<kw name="Sleep" library="BuiltIn">
<arg>0.5s</arg>
<doc>Pauses the test executed for the given time.</doc>
<msg timestamp="20231115 15:52:27.899" level="INFO">Slept 500 milliseconds</msg>
<status status="PASS" starttime="20231115 15:52:27.399" endtime="20231115 15:52:27.899"/>
</kw>
<status status="PASS" starttime="20231115 15:52:27.194" endtime="20231115 15:52:27.899"/>
</iter>
<iter>
<var name="${counter}">8</var>
<kw name="Log" library="BuiltIn">
<arg>${counter}</arg>
<doc>Logs the given message with the given level.</doc>
<msg timestamp="20231115 15:52:27.899" level="INFO">8</msg>
<status status="PASS" starttime="20231115 15:52:27.899" endtime="20231115 15:52:27.899"/>
</kw>
<kw name="Press Keys" library="SeleniumLibrary">
<arg>None</arg>
<arg>ARROW_DOWN</arg>
<doc>Simulates the user pressing key(s) to an element or on the active browser.</doc>
<msg timestamp="20231115 15:52:27.900" level="INFO">Sending key(s) ('ARROW_DOWN',) to page.</msg>
<msg timestamp="20231115 15:52:27.900" level="INFO">Pressing special key ARROW_DOWN to browser.</msg>
<msg timestamp="20231115 15:52:27.900" level="INFO">Releasing special key ARROW_DOWN.</msg>
<status status="PASS" starttime="20231115 15:52:27.899" endtime="20231115 15:52:28.105"/>
</kw>
<kw name="Sleep" library="BuiltIn">
<arg>0.5s</arg>
<doc>Pauses the test executed for the given time.</doc>
<msg timestamp="20231115 15:52:28.605" level="INFO">Slept 500 milliseconds</msg>
<status status="PASS" starttime="20231115 15:52:28.105" endtime="20231115 15:52:28.605"/>
</kw>
<status status="PASS" starttime="20231115 15:52:27.899" endtime="20231115 15:52:28.605"/>
</iter>
<iter>
<var name="${counter}">9</var>
<kw name="Log" library="BuiltIn">
<arg>${counter}</arg>
<doc>Logs the given message with the given level.</doc>
<msg timestamp="20231115 15:52:28.605" level="INFO">9</msg>
<status status="PASS" starttime="20231115 15:52:28.605" endtime="20231115 15:52:28.605"/>
</kw>
<kw name="Press Keys" library="SeleniumLibrary">
<arg>None</arg>
<arg>ARROW_DOWN</arg>
<doc>Simulates the user pressing key(s) to an element or on the active browser.</doc>
<msg timestamp="20231115 15:52:28.606" level="INFO">Sending key(s) ('ARROW_DOWN',) to page.</msg>
<msg timestamp="20231115 15:52:28.606" level="INFO">Pressing special key ARROW_DOWN to browser.</msg>
<msg timestamp="20231115 15:52:28.606" level="INFO">Releasing special key ARROW_DOWN.</msg>
<status status="PASS" starttime="20231115 15:52:28.605" endtime="20231115 15:52:28.810"/>
</kw>
<kw name="Sleep" library="BuiltIn">
<arg>0.5s</arg>
<doc>Pauses the test executed for the given time.</doc>
<msg timestamp="20231115 15:52:29.311" level="INFO">Slept 500 milliseconds</msg>
<status status="PASS" starttime="20231115 15:52:28.810" endtime="20231115 15:52:29.311"/>
</kw>
<status status="PASS" starttime="20231115 15:52:28.605" endtime="20231115 15:52:29.311"/>
</iter>
<iter>
<var name="${counter}">10</var>
<kw name="Log" library="BuiltIn">
<arg>${counter}</arg>
<doc>Logs the given message with the given level.</doc>
<msg timestamp="20231115 15:52:29.311" level="INFO">10</msg>
<status status="PASS" starttime="20231115 15:52:29.311" endtime="20231115 15:52:29.311"/>
</kw>
<kw name="Press Keys" library="SeleniumLibrary">
<arg>None</arg>
<arg>ARROW_DOWN</arg>
<doc>Simulates the user pressing key(s) to an element or on the active browser.</doc>
<msg timestamp="20231115 15:52:29.312" level="INFO">Sending key(s) ('ARROW_DOWN',) to page.</msg>
<msg timestamp="20231115 15:52:29.312" level="INFO">Pressing special key ARROW_DOWN to browser.</msg>
<msg timestamp="20231115 15:52:29.312" level="INFO">Releasing special key ARROW_DOWN.</msg>
<status status="PASS" starttime="20231115 15:52:29.311" endtime="20231115 15:52:29.515"/>
</kw>
<kw name="Sleep" library="BuiltIn">
<arg>0.5s</arg>
<doc>Pauses the test executed for the given time.</doc>
<msg timestamp="20231115 15:52:30.015" level="INFO">Slept 500 milliseconds</msg>
<status status="PASS" starttime="20231115 15:52:29.515" endtime="20231115 15:52:30.015"/>
</kw>
<status status="PASS" starttime="20231115 15:52:29.311" endtime="20231115 15:52:30.015"/>
</iter>
<iter>
<var name="${counter}">11</var>
<kw name="Log" library="BuiltIn">
<arg>${counter}</arg>
<doc>Logs the given message with the given level.</doc>
<msg timestamp="20231115 15:52:30.015" level="INFO">11</msg>
<status status="PASS" starttime="20231115 15:52:30.015" endtime="20231115 15:52:30.015"/>
</kw>
<kw name="Press Keys" library="SeleniumLibrary">
<arg>None</arg>
<arg>ARROW_DOWN</arg>
<doc>Simulates the user pressing key(s) to an element or on the active browser.</doc>
<msg timestamp="20231115 15:52:30.016" level="INFO">Sending key(s) ('ARROW_DOWN',) to page.</msg>
<msg timestamp="20231115 15:52:30.016" level="INFO">Pressing special key ARROW_DOWN to browser.</msg>
<msg timestamp="20231115 15:52:30.016" level="INFO">Releasing special key ARROW_DOWN.</msg>
<status status="PASS" starttime="20231115 15:52:30.015" endtime="20231115 15:52:30.220"/>
</kw>
<kw name="Sleep" library="BuiltIn">
<arg>0.5s</arg>
<doc>Pauses the test executed for the given time.</doc>
<msg timestamp="20231115 15:52:30.721" level="INFO">Slept 500 milliseconds</msg>
<status status="PASS" starttime="20231115 15:52:30.220" endtime="20231115 15:52:30.721"/>
</kw>
<status status="PASS" starttime="20231115 15:52:30.015" endtime="20231115 15:52:30.721"/>
</iter>
<iter>
<var name="${counter}">12</var>
<kw name="Log" library="BuiltIn">
<arg>${counter}</arg>
<doc>Logs the given message with the given level.</doc>
<msg timestamp="20231115 15:52:30.721" level="INFO">12</msg>
<status status="PASS" starttime="20231115 15:52:30.721" endtime="20231115 15:52:30.721"/>
</kw>
<kw name="Press Keys" library="SeleniumLibrary">
<arg>None</arg>
<arg>ARROW_DOWN</arg>
<doc>Simulates the user pressing key(s) to an element or on the active browser.</doc>
<msg timestamp="20231115 15:52:30.722" level="INFO">Sending key(s) ('ARROW_DOWN',) to page.</msg>
<msg timestamp="20231115 15:52:30.722" level="INFO">Pressing special key ARROW_DOWN to browser.</msg>
<msg timestamp="20231115 15:52:30.722" level="INFO">Releasing special key ARROW_DOWN.</msg>
<status status="PASS" starttime="20231115 15:52:30.721" endtime="20231115 15:52:30.926"/>
</kw>
<kw name="Sleep" library="BuiltIn">
<arg>0.5s</arg>
<doc>Pauses the test executed for the given time.</doc>
<msg timestamp="20231115 15:52:31.426" level="INFO">Slept 500 milliseconds</msg>
<status status="PASS" starttime="20231115 15:52:30.926" endtime="20231115 15:52:31.426"/>
</kw>
<status status="PASS" starttime="20231115 15:52:30.721" endtime="20231115 15:52:31.426"/>
</iter>
<iter>
<var name="${counter}">13</var>
<kw name="Log" library="BuiltIn">
<arg>${counter}</arg>
<doc>Logs the given message with the given level.</doc>
<msg timestamp="20231115 15:52:31.426" level="INFO">13</msg>
<status status="PASS" starttime="20231115 15:52:31.426" endtime="20231115 15:52:31.426"/>
</kw>
<kw name="Press Keys" library="SeleniumLibrary">
<arg>None</arg>
<arg>ARROW_DOWN</arg>
<doc>Simulates the user pressing key(s) to an element or on the active browser.</doc>
<msg timestamp="20231115 15:52:31.427" level="INFO">Sending key(s) ('ARROW_DOWN',) to page.</msg>
<msg timestamp="20231115 15:52:31.427" level="INFO">Pressing special key ARROW_DOWN to browser.</msg>
<msg timestamp="20231115 15:52:31.427" level="INFO">Releasing special key ARROW_DOWN.</msg>
<status status="PASS" starttime="20231115 15:52:31.426" endtime="20231115 15:52:31.633"/>
</kw>
<kw name="Sleep" library="BuiltIn">
<arg>0.5s</arg>
<doc>Pauses the test executed for the given time.</doc>
<msg timestamp="20231115 15:52:32.134" level="INFO">Slept 500 milliseconds</msg>
<status status="PASS" starttime="20231115 15:52:31.633" endtime="20231115 15:52:32.134"/>
</kw>
<status status="PASS" starttime="20231115 15:52:31.426" endtime="20231115 15:52:32.134"/>
</iter>
<iter>
<var name="${counter}">14</var>
<kw name="Log" library="BuiltIn">
<arg>${counter}</arg>
<doc>Logs the given message with the given level.</doc>
<msg timestamp="20231115 15:52:32.134" level="INFO">14</msg>
<status status="PASS" starttime="20231115 15:52:32.134" endtime="20231115 15:52:32.134"/>
</kw>
<kw name="Press Keys" library="SeleniumLibrary">
<arg>None</arg>
<arg>ARROW_DOWN</arg>
<doc>Simulates the user pressing key(s) to an element or on the active browser.</doc>
<msg timestamp="20231115 15:52:32.135" level="INFO">Sending key(s) ('ARROW_DOWN',) to page.</msg>
<msg timestamp="20231115 15:52:32.135" level="INFO">Pressing special key ARROW_DOWN to browser.</msg>
<msg timestamp="20231115 15:52:32.135" level="INFO">Releasing special key ARROW_DOWN.</msg>
<status status="PASS" starttime="20231115 15:52:32.134" endtime="20231115 15:52:32.339"/>
</kw>
<kw name="Sleep" library="BuiltIn">
<arg>0.5s</arg>
<doc>Pauses the test executed for the given time.</doc>
<msg timestamp="20231115 15:52:32.839" level="INFO">Slept 500 milliseconds</msg>
<status status="PASS" starttime="20231115 15:52:32.339" endtime="20231115 15:52:32.839"/>
</kw>
<status status="PASS" starttime="20231115 15:52:32.134" endtime="20231115 15:52:32.839"/>
</iter>
<iter>
<var name="${counter}">15</var>
<kw name="Log" library="BuiltIn">
<arg>${counter}</arg>
<doc>Logs the given message with the given level.</doc>
<msg timestamp="20231115 15:52:32.839" level="INFO">15</msg>
<status status="PASS" starttime="20231115 15:52:32.839" endtime="20231115 15:52:32.839"/>
</kw>
<kw name="Press Keys" library="SeleniumLibrary">
<arg>None</arg>
<arg>ARROW_DOWN</arg>
<doc>Simulates the user pressing key(s) to an element or on the active browser.</doc>
<msg timestamp="20231115 15:52:32.839" level="INFO">Sending key(s) ('ARROW_DOWN',) to page.</msg>
<msg timestamp="20231115 15:52:32.840" level="INFO">Pressing special key ARROW_DOWN to browser.</msg>
<msg timestamp="20231115 15:52:32.840" level="INFO">Releasing special key ARROW_DOWN.</msg>
<status status="PASS" starttime="20231115 15:52:32.839" endtime="20231115 15:52:33.044"/>
</kw>
<kw name="Sleep" library="BuiltIn">
<arg>0.5s</arg>
<doc>Pauses the test executed for the given time.</doc>
<msg timestamp="20231115 15:52:33.545" level="INFO">Slept 500 milliseconds</msg>
<status status="PASS" starttime="20231115 15:52:33.044" endtime="20231115 15:52:33.545"/>
</kw>
<status status="PASS" starttime="20231115 15:52:32.839" endtime="20231115 15:52:33.545"/>
</iter>
<iter>
<var name="${counter}">16</var>
<kw name="Log" library="BuiltIn">
<arg>${counter}</arg>
<doc>Logs the given message with the given level.</doc>
<msg timestamp="20231115 15:52:33.545" level="INFO">16</msg>
<status status="PASS" starttime="20231115 15:52:33.545" endtime="20231115 15:52:33.545"/>
</kw>
<kw name="Press Keys" library="SeleniumLibrary">
<arg>None</arg>
<arg>ARROW_DOWN</arg>
<doc>Simulates the user pressing key(s) to an element or on the active browser.</doc>
<msg timestamp="20231115 15:52:33.546" level="INFO">Sending key(s) ('ARROW_DOWN',) to page.</msg>
<msg timestamp="20231115 15:52:33.546" level="INFO">Pressing special key ARROW_DOWN to browser.</msg>
<msg timestamp="20231115 15:52:33.546" level="INFO">Releasing special key ARROW_DOWN.</msg>
<status status="PASS" starttime="20231115 15:52:33.545" endtime="20231115 15:52:33.750"/>
</kw>
<kw name="Sleep" library="BuiltIn">
<arg>0.5s</arg>
<doc>Pauses the test executed for the given time.</doc>
<msg timestamp="20231115 15:52:34.250" level="INFO">Slept 500 milliseconds</msg>
<status status="PASS" starttime="20231115 15:52:33.750" endtime="20231115 15:52:34.250"/>
</kw>
<status status="PASS" starttime="20231115 15:52:33.545" endtime="20231115 15:52:34.250"/>
</iter>
<iter>
<var name="${counter}">17</var>
<kw name="Log" library="BuiltIn">
<arg>${counter}</arg>
<doc>Logs the given message with the given level.</doc>
<msg timestamp="20231115 15:52:34.250" level="INFO">17</msg>
<status status="PASS" starttime="20231115 15:52:34.250" endtime="20231115 15:52:34.250"/>
</kw>
<kw name="Press Keys" library="SeleniumLibrary">
<arg>None</arg>
<arg>ARROW_DOWN</arg>
<doc>Simulates the user pressing key(s) to an element or on the active browser.</doc>
<msg timestamp="20231115 15:52:34.251" level="INFO">Sending key(s) ('ARROW_DOWN',) to page.</msg>
<msg timestamp="20231115 15:52:34.251" level="INFO">Pressing special key ARROW_DOWN to browser.</msg>
<msg timestamp="20231115 15:52:34.251" level="INFO">Releasing special key ARROW_DOWN.</msg>
<status status="PASS" starttime="20231115 15:52:34.250" endtime="20231115 15:52:34.455"/>
</kw>
<kw name="Sleep" library="BuiltIn">
<arg>0.5s</arg>
<doc>Pauses the test executed for the given time.</doc>
<msg timestamp="20231115 15:52:34.956" level="INFO">Slept 500 milliseconds</msg>
<status status="PASS" starttime="20231115 15:52:34.455" endtime="20231115 15:52:34.956"/>
</kw>
<status status="PASS" starttime="20231115 15:52:34.250" endtime="20231115 15:52:34.956"/>
</iter>
<iter>
<var name="${counter}">18</var>
<kw name="Log" library="BuiltIn">
<arg>${counter}</arg>
<doc>Logs the given message with the given level.</doc>
<msg timestamp="20231115 15:52:34.956" level="INFO">18</msg>
<status status="PASS" starttime="20231115 15:52:34.956" endtime="20231115 15:52:34.956"/>
</kw>
<kw name="Press Keys" library="SeleniumLibrary">
<arg>None</arg>
<arg>ARROW_DOWN</arg>
<doc>Simulates the user pressing key(s) to an element or on the active browser.</doc>
<msg timestamp="20231115 15:52:34.956" level="INFO">Sending key(s) ('ARROW_DOWN',) to page.</msg>
<msg timestamp="20231115 15:52:34.956" level="INFO">Pressing special key ARROW_DOWN to browser.</msg>
<msg timestamp="20231115 15:52:34.956" level="INFO">Releasing special key ARROW_DOWN.</msg>
<status status="PASS" starttime="20231115 15:52:34.956" endtime="20231115 15:52:35.160"/>
</kw>
<kw name="Sleep" library="BuiltIn">
<arg>0.5s</arg>
<doc>Pauses the test executed for the given time.</doc>
<msg timestamp="20231115 15:52:35.661" level="INFO">Slept 500 milliseconds</msg>
<status status="PASS" starttime="20231115 15:52:35.160" endtime="20231115 15:52:35.661"/>
</kw>
<status status="PASS" starttime="20231115 15:52:34.956" endtime="20231115 15:52:35.661"/>
</iter>
<iter>
<var name="${counter}">19</var>
<kw name="Log" library="BuiltIn">
<arg>${counter}</arg>
<doc>Logs the given message with the given level.</doc>
<msg timestamp="20231115 15:52:35.661" level="INFO">19</msg>
<status status="PASS" starttime="20231115 15:52:35.661" endtime="20231115 15:52:35.661"/>
</kw>
<kw name="Press Keys" library="SeleniumLibrary">
<arg>None</arg>
<arg>ARROW_DOWN</arg>
<doc>Simulates the user pressing key(s) to an element or on the active browser.</doc>
<msg timestamp="20231115 15:52:35.662" level="INFO">Sending key(s) ('ARROW_DOWN',) to page.</msg>
<msg timestamp="20231115 15:52:35.662" level="INFO">Pressing special key ARROW_DOWN to browser.</msg>
<msg timestamp="20231115 15:52:35.662" level="INFO">Releasing special key ARROW_DOWN.</msg>
<status status="PASS" starttime="20231115 15:52:35.661" endtime="20231115 15:52:35.866"/>
</kw>
<kw name="Sleep" library="BuiltIn">
<arg>0.5s</arg>
<doc>Pauses the test executed for the given time.</doc>
<msg timestamp="20231115 15:52:36.367" level="INFO">Slept 500 milliseconds</msg>
<status status="PASS" starttime="20231115 15:52:35.866" endtime="20231115 15:52:36.367"/>
</kw>
<status status="PASS" starttime="20231115 15:52:35.661" endtime="20231115 15:52:36.367"/>
</iter>
<status status="PASS" starttime="20231115 15:52:22.241" endtime="20231115 15:52:36.367"/>
</for>
<status status="PASS" starttime="20231115 15:52:21.625" endtime="20231115 15:52:36.367"/>
</kw>
<kw name="Sleep" library="BuiltIn">
<arg>3s</arg>
<doc>Pauses the test executed for the given time.</doc>
<msg timestamp="20231115 15:52:39.368" level="INFO">Slept 3 seconds</msg>
<status status="PASS" starttime="20231115 15:52:36.367" endtime="20231115 15:52:39.368"/>
</kw>
<kw name="Capture Page Screenshot" library="SeleniumLibrary">
<doc>Takes a screenshot of the current page and embeds it into a log file.</doc>
<msg timestamp="20231115 15:52:39.625" level="INFO" html="true">&lt;/td&gt;&lt;/tr&gt;&lt;tr&gt;&lt;td colspan="3"&gt;&lt;a href="selenium-screenshot-1.png"&gt;&lt;img src="selenium-screenshot-1.png" width="800px"&gt;&lt;/a&gt;</msg>
<status status="PASS" starttime="20231115 15:52:39.368" endtime="20231115 15:52:39.625"/>
</kw>
<kw name="Close Browser" library="SeleniumLibrary" type="TEARDOWN">
<doc>Closes the current browser.</doc>
<status status="PASS" starttime="20231115 15:52:39.626" endtime="20231115 15:52:42.596"/>
</kw>
<doc>SC01 - Lazy Load Halaman lapor</doc>
<tag>TC01 - Lazy Load Halaman Lapor</tag>
<status status="PASS" starttime="20231115 15:51:59.617" endtime="20231115 15:52:42.596"/>
</test>
<doc>SC01 - Lazy load halaman lapor</doc>
<status status="PASS" starttime="20231115 15:51:59.453" endtime="20231115 15:52:42.597"/>
</suite>
<statistics>
<total>
<stat pass="1" fail="0" skip="0">All Tests</stat>
</total>
<tag>
<stat pass="1" fail="0" skip="0">TC01 - Lazy Load Halaman Lapor</stat>
</tag>
<suite>
<stat pass="1" fail="0" skip="0" id="s1" name="SC01 - Lazy load halaman lapor">SC01 - Lazy load halaman lapor</stat>
</suite>
</statistics>
<errors>
</errors>
</robot>
