<?xml version="1.0" encoding="UTF-8"?>
<robot generator="Robot 6.1.1 (Python 3.12.0 on win32)" generated="20231111 17:46:52.495" rpa="false" schemaversion="4">
<suite id="s1" name="SC03 - Ubah Data Penomoran" source="E:\#Freelance\Sicantik\tests\R01 - Penomoran\SC03 - Ubah Data Penomoran\SC03 - Ubah Data Penomoran.robot">
<test id="s1-t1" name="TC01 - Ubah Data Penomoran" line="12">
<kw name="Open Browser To Login Page" library="login">
<kw name="Set Selenium Speed" library="SeleniumLibrary">
<arg>0.3s</arg>
<doc>Sets the delay that is waited after each Selenium command.</doc>
<status status="PASS" starttime="20231111 17:46:52.651" endtime="20231111 17:46:52.651"/>
</kw>
<kw name="Open Browser" library="SeleniumLibrary">
<arg>${LOGIN URL}</arg>
<arg>${BROWSER}</arg>
<arg>options=add_argument("--incognito")</arg>
<doc>Opens a new browser instance to the optional ``url``.</doc>
<msg timestamp="20231111 17:46:52.651" level="INFO">Opening browser 'Firefox' to base url 'https://uji.sicantik.go.id/sign-in'.</msg>
<status status="PASS" starttime="20231111 17:46:52.651" endtime="20231111 17:47:00.286"/>
</kw>
<kw name="Maximize Browser Window" library="SeleniumLibrary">
<doc>Maximizes current browser window.</doc>
<status status="PASS" starttime="20231111 17:47:00.286" endtime="20231111 17:47:00.842"/>
</kw>
<kw name="Title Should Be" library="SeleniumLibrary">
<arg>SICANTIK</arg>
<doc>Verifies that the current page title equals ``title``.</doc>
<msg timestamp="20231111 17:47:01.144" level="INFO">Page title is 'SICANTIK'.</msg>
<status status="PASS" starttime="20231111 17:47:00.842" endtime="20231111 17:47:01.144"/>
</kw>
<status status="PASS" starttime="20231111 17:46:52.651" endtime="20231111 17:47:01.144"/>
</kw>
<kw name="Input Username" library="login">
<arg>demo</arg>
<kw name="Input Text" library="SeleniumLibrary">
<arg>username</arg>
<arg>${username}</arg>
<doc>Types the given ``text`` into the text field identified by ``locator``.</doc>
<msg timestamp="20231111 17:47:01.145" level="INFO">Typing text 'demo' into text field 'username'.</msg>
<status status="PASS" starttime="20231111 17:47:01.144" endtime="20231111 17:47:02.088"/>
</kw>
<status status="PASS" starttime="20231111 17:47:01.144" endtime="20231111 17:47:02.088"/>
</kw>
<kw name="Input Password" library="login">
<arg>Demo789*@#</arg>
<kw name="Input Text" library="SeleniumLibrary">
<arg>password</arg>
<arg>${password}</arg>
<doc>Types the given ``text`` into the text field identified by ``locator``.</doc>
<msg timestamp="20231111 17:47:02.089" level="INFO">Typing text 'Demo789*@#' into text field 'password'.</msg>
<status status="PASS" starttime="20231111 17:47:02.088" endtime="20231111 17:47:03.005"/>
</kw>
<status status="PASS" starttime="20231111 17:47:02.088" endtime="20231111 17:47:03.005"/>
</kw>
<kw name="Submit Credentials" library="login">
<kw name="Click Button" library="SeleniumLibrary">
<arg>kt_sign_in_submit</arg>
<doc>Clicks the button identified by ``locator``.</doc>
<msg timestamp="20231111 17:47:03.005" level="INFO">Clicking button 'kt_sign_in_submit'.</msg>
<status status="PASS" starttime="20231111 17:47:03.005" endtime="20231111 17:47:04.422"/>
</kw>
<kw name="Sleep" library="BuiltIn">
<arg>5s</arg>
<doc>Pauses the test executed for the given time.</doc>
<msg timestamp="20231111 17:47:09.422" level="INFO">Slept 5 seconds</msg>
<status status="PASS" starttime="20231111 17:47:04.422" endtime="20231111 17:47:09.422"/>
</kw>
<status status="PASS" starttime="20231111 17:47:03.005" endtime="20231111 17:47:09.422"/>
</kw>
<kw name="Move To Penomoran Module" library="penomoran">
<kw name="Go To" library="SeleniumLibrary">
<arg>https://uji.sicantik.go.id/penomoran</arg>
<doc>Navigates the current browser window to the provided ``url``.</doc>
<msg timestamp="20231111 17:47:09.422" level="INFO">Opening url 'https://uji.sicantik.go.id/penomoran'</msg>
<status status="PASS" starttime="20231111 17:47:09.422" endtime="20231111 17:47:10.265"/>
</kw>
<kw name="Wait Until Element Is Visible" library="SeleniumLibrary">
<arg>xpath://*[@id="kt_content_container"]/div/div/div[1]/h5</arg>
<doc>Waits until the element ``locator`` is visible.</doc>
<status status="PASS" starttime="20231111 17:47:10.265" endtime="20231111 17:47:10.878"/>
</kw>
<status status="PASS" starttime="20231111 17:47:09.422" endtime="20231111 17:47:10.878"/>
</kw>
<kw name="Input Search" library="penomoran">
<arg>Lorem</arg>
<kw name="Input Text" library="SeleniumLibrary">
<arg>id:kt_filter_search</arg>
<arg>${search}</arg>
<doc>Types the given ``text`` into the text field identified by ``locator``.</doc>
<msg timestamp="20231111 17:47:10.879" level="INFO">Typing text 'Lorem' into text field 'id:kt_filter_search'.</msg>
<status status="PASS" starttime="20231111 17:47:10.878" endtime="20231111 17:47:11.853"/>
</kw>
<kw name="Sleep" library="BuiltIn">
<arg>3s</arg>
<doc>Pauses the test executed for the given time.</doc>
<msg timestamp="20231111 17:47:14.854" level="INFO">Slept 3 seconds</msg>
<status status="PASS" starttime="20231111 17:47:11.853" endtime="20231111 17:47:14.854"/>
</kw>
<kw name="Element Should Contain" library="SeleniumLibrary">
<arg>css:span.text-nowrap</arg>
<arg>Tampilkan 1 sampai</arg>
<doc>Verifies that element ``locator`` contains text ``expected``.</doc>
<msg timestamp="20231111 17:47:15.468" level="INFO">Element 'css:span.text-nowrap' contains text 'Tampilkan 1 sampai'.</msg>
<status status="PASS" starttime="20231111 17:47:14.854" endtime="20231111 17:47:15.468"/>
</kw>
<status status="PASS" starttime="20231111 17:47:10.878" endtime="20231111 17:47:15.468"/>
</kw>
<kw name="Click Button Edit" library="penomoran">
<kw name="Click Element" library="SeleniumLibrary">
<arg>css:i.fa-edit</arg>
<doc>Click the element identified by ``locator``.</doc>
<msg timestamp="20231111 17:47:15.468" level="INFO">Clicking element 'css:i.fa-edit'.</msg>
<status status="PASS" starttime="20231111 17:47:15.468" endtime="20231111 17:47:16.297"/>
</kw>
<kw name="Element Should Contain" library="SeleniumLibrary">
<arg>xpath://*[@id="kt_content_container"]/div/div/div[1]/div/div/div/div[1]/a</arg>
<arg>UBAH PENOMORAN</arg>
<doc>Verifies that element ``locator`` contains text ``expected``.</doc>
<msg timestamp="20231111 17:47:16.904" level="INFO">Element 'xpath://*[@id="kt_content_container"]/div/div/div[1]/div/div/div/div[1]/a' contains text 'UBAH PENOMORAN'.</msg>
<status status="PASS" starttime="20231111 17:47:16.297" endtime="20231111 17:47:16.904"/>
</kw>
<status status="PASS" starttime="20231111 17:47:15.468" endtime="20231111 17:47:16.904"/>
</kw>
<kw name="Input Deskripsi Penomoran" library="penomoran">
<arg>Lorem Update</arg>
<kw name="Clear Element Text" library="SeleniumLibrary">
<arg>name:deskripsi</arg>
<doc>Clears the value of the text-input-element identified by ``locator``.</doc>
<status status="PASS" starttime="20231111 17:47:16.904" endtime="20231111 17:47:17.511"/>
</kw>
<kw name="Input Text" library="SeleniumLibrary">
<arg>name:deskripsi</arg>
<arg>${deskripsi}</arg>
<doc>Types the given ``text`` into the text field identified by ``locator``.</doc>
<msg timestamp="20231111 17:47:17.511" level="INFO">Typing text 'Lorem Update' into text field 'name:deskripsi'.</msg>
<status status="PASS" starttime="20231111 17:47:17.511" endtime="20231111 17:47:18.431"/>
</kw>
<status status="PASS" starttime="20231111 17:47:16.904" endtime="20231111 17:47:18.431"/>
</kw>
<kw name="Input Format Penomoran" library="penomoran">
<arg>Format Update</arg>
<kw name="Clear Element Text" library="SeleniumLibrary">
<arg>name:formatPenomoran</arg>
<doc>Clears the value of the text-input-element identified by ``locator``.</doc>
<status status="PASS" starttime="20231111 17:47:18.431" endtime="20231111 17:47:19.054"/>
</kw>
<kw name="Input Text" library="SeleniumLibrary">
<arg>name:formatPenomoran</arg>
<arg>${format}</arg>
<doc>Types the given ``text`` into the text field identified by ``locator``.</doc>
<msg timestamp="20231111 17:47:19.054" level="INFO">Typing text 'Format Update' into text field 'name:formatPenomoran'.</msg>
<status status="PASS" starttime="20231111 17:47:19.054" endtime="20231111 17:47:19.970"/>
</kw>
<status status="PASS" starttime="20231111 17:47:18.431" endtime="20231111 17:47:19.970"/>
</kw>
<kw name="Input Nomor Terakhir" library="penomoran">
<arg>2</arg>
<kw name="Clear Element Text" library="SeleniumLibrary">
<arg>name:nomorTerakir</arg>
<doc>Clears the value of the text-input-element identified by ``locator``.</doc>
<status status="PASS" starttime="20231111 17:47:19.970" endtime="20231111 17:47:20.580"/>
</kw>
<kw name="Input Text" library="SeleniumLibrary">
<arg>name:nomorTerakir</arg>
<arg>${noTerakhir}</arg>
<doc>Types the given ``text`` into the text field identified by ``locator``.</doc>
<msg timestamp="20231111 17:47:20.580" level="INFO">Typing text '2' into text field 'name:nomorTerakir'.</msg>
<status status="PASS" starttime="20231111 17:47:20.580" endtime="20231111 17:47:21.492"/>
</kw>
<status status="PASS" starttime="20231111 17:47:19.970" endtime="20231111 17:47:21.492"/>
</kw>
<kw name="Select Instansi" library="penomoran">
<arg>Demo2</arg>
<kw name="Click Element" library="SeleniumLibrary">
<arg>xpath://*[@id="kt_login_signin_form"]/div/div[4]/label</arg>
<doc>Click the element identified by ``locator``.</doc>
<msg timestamp="20231111 17:47:21.493" level="INFO">Clicking element 'xpath://*[@id="kt_login_signin_form"]/div/div[4]/label'.</msg>
<status status="PASS" starttime="20231111 17:47:21.492" endtime="20231111 17:47:22.303"/>
</kw>
<kw name="Press Keys" library="SeleniumLibrary">
<arg>None</arg>
<arg>TAB</arg>
<doc>Simulates the user pressing key(s) to an element or on the active browser.</doc>
<msg timestamp="20231111 17:47:22.303" level="INFO">Sending key(s) ('TAB',) to page.</msg>
<msg timestamp="20231111 17:47:22.303" level="INFO">Pressing special key TAB to browser.</msg>
<msg timestamp="20231111 17:47:22.303" level="INFO">Releasing special key TAB.</msg>
<status status="PASS" starttime="20231111 17:47:22.303" endtime="20231111 17:47:22.616"/>
</kw>
<kw name="Press Keys" library="SeleniumLibrary">
<arg>None</arg>
<arg>${instansi}</arg>
<doc>Simulates the user pressing key(s) to an element or on the active browser.</doc>
<msg timestamp="20231111 17:47:22.616" level="INFO">Sending key(s) ('Demo2',) to page.</msg>
<msg timestamp="20231111 17:47:22.616" level="INFO">Sending keys Demo2</msg>
<status status="PASS" starttime="20231111 17:47:22.616" endtime="20231111 17:47:22.936"/>
</kw>
<kw name="Sleep" library="BuiltIn">
<arg>1s</arg>
<doc>Pauses the test executed for the given time.</doc>
<msg timestamp="20231111 17:47:23.937" level="INFO">Slept 1 second</msg>
<status status="PASS" starttime="20231111 17:47:22.936" endtime="20231111 17:47:23.937"/>
</kw>
<kw name="Press Keys" library="SeleniumLibrary">
<arg>None</arg>
<arg>ARROW_DOWN</arg>
<doc>Simulates the user pressing key(s) to an element or on the active browser.</doc>
<msg timestamp="20231111 17:47:23.937" level="INFO">Sending key(s) ('ARROW_DOWN',) to page.</msg>
<msg timestamp="20231111 17:47:23.937" level="INFO">Pressing special key ARROW_DOWN to browser.</msg>
<msg timestamp="20231111 17:47:23.937" level="INFO">Releasing special key ARROW_DOWN.</msg>
<status status="PASS" starttime="20231111 17:47:23.937" endtime="20231111 17:47:24.241"/>
</kw>
<kw name="Press Keys" library="SeleniumLibrary">
<arg>None</arg>
<arg>ENTER</arg>
<doc>Simulates the user pressing key(s) to an element or on the active browser.</doc>
<msg timestamp="20231111 17:47:24.241" level="INFO">Sending key(s) ('ENTER',) to page.</msg>
<msg timestamp="20231111 17:47:24.241" level="INFO">Pressing special key ENTER to browser.</msg>
<msg timestamp="20231111 17:47:24.241" level="INFO">Releasing special key ENTER.</msg>
<status status="PASS" starttime="20231111 17:47:24.241" endtime="20231111 17:47:24.549"/>
</kw>
<status status="PASS" starttime="20231111 17:47:21.492" endtime="20231111 17:47:24.549"/>
</kw>
<kw name="Select Unit Kerja" library="penomoran">
<arg>dinas</arg>
<kw name="Click Element" library="SeleniumLibrary">
<arg>name:unitKerja-0</arg>
<doc>Click the element identified by ``locator``.</doc>
<msg timestamp="20231111 17:47:24.549" level="INFO">Clicking element 'name:unitKerja-0'.</msg>
<status status="PASS" starttime="20231111 17:47:24.549" endtime="20231111 17:47:25.370"/>
</kw>
<kw name="Press Keys" library="SeleniumLibrary">
<arg>None</arg>
<arg>${unit}</arg>
<doc>Simulates the user pressing key(s) to an element or on the active browser.</doc>
<msg timestamp="20231111 17:47:25.370" level="INFO">Sending key(s) ('dinas',) to page.</msg>
<msg timestamp="20231111 17:47:25.370" level="INFO">Sending keys dinas</msg>
<status status="PASS" starttime="20231111 17:47:25.370" endtime="20231111 17:47:25.706"/>
</kw>
<kw name="Press Keys" library="SeleniumLibrary">
<arg>None</arg>
<arg>ENTER</arg>
<doc>Simulates the user pressing key(s) to an element or on the active browser.</doc>
<msg timestamp="20231111 17:47:25.706" level="INFO">Sending key(s) ('ENTER',) to page.</msg>
<msg timestamp="20231111 17:47:25.706" level="INFO">Pressing special key ENTER to browser.</msg>
<msg timestamp="20231111 17:47:25.706" level="INFO">Releasing special key ENTER.</msg>
<status status="PASS" starttime="20231111 17:47:25.706" endtime="20231111 17:47:26.022"/>
</kw>
<status status="PASS" starttime="20231111 17:47:24.549" endtime="20231111 17:47:26.022"/>
</kw>
<kw name="Input Sub Nomor Terakhir" library="penomoran">
<arg>2</arg>
<kw name="Clear Element Text" library="SeleniumLibrary">
<arg>name:noterakhir-0</arg>
<doc>Clears the value of the text-input-element identified by ``locator``.</doc>
<status status="PASS" starttime="20231111 17:47:26.022" endtime="20231111 17:47:26.633"/>
</kw>
<kw name="Input Text" library="SeleniumLibrary">
<arg>name:noterakhir-0</arg>
<arg>${nomorTerakhir}</arg>
<doc>Types the given ``text`` into the text field identified by ``locator``.</doc>
<msg timestamp="20231111 17:47:26.633" level="INFO">Typing text '2' into text field 'name:noterakhir-0'.</msg>
<status status="PASS" starttime="20231111 17:47:26.633" endtime="20231111 17:47:27.547"/>
</kw>
<status status="PASS" starttime="20231111 17:47:26.022" endtime="20231111 17:47:27.547"/>
</kw>
<kw name="Click Button Simpan" library="penomoran">
<kw name="Click Button" library="SeleniumLibrary">
<arg>default:Simpan</arg>
<doc>Clicks the button identified by ``locator``.</doc>
<msg timestamp="20231111 17:47:27.547" level="INFO">Clicking button 'default:Simpan'.</msg>
<status status="PASS" starttime="20231111 17:47:27.547" endtime="20231111 17:47:28.980"/>
</kw>
<kw name="Wait Until Element Is Visible" library="SeleniumLibrary">
<arg>class:Vue-Toastification__toast-body</arg>
<doc>Waits until the element ``locator`` is visible.</doc>
<status status="PASS" starttime="20231111 17:47:28.980" endtime="20231111 17:47:29.591"/>
</kw>
<status status="PASS" starttime="20231111 17:47:27.547" endtime="20231111 17:47:29.591"/>
</kw>
<kw name="Sleep" library="BuiltIn">
<arg>2s</arg>
<doc>Pauses the test executed for the given time.</doc>
<msg timestamp="20231111 17:47:31.591" level="INFO">Slept 2 seconds</msg>
<status status="PASS" starttime="20231111 17:47:29.591" endtime="20231111 17:47:31.591"/>
</kw>
<kw name="Capture Page Screenshot" library="SeleniumLibrary">
<doc>Takes a screenshot of the current page and embeds it into a log file.</doc>
<msg timestamp="20231111 17:47:31.941" level="INFO" html="true">&lt;/td&gt;&lt;/tr&gt;&lt;tr&gt;&lt;td colspan="3"&gt;&lt;a href="selenium-screenshot-1.png"&gt;&lt;img src="selenium-screenshot-1.png" width="800px"&gt;&lt;/a&gt;</msg>
<status status="PASS" starttime="20231111 17:47:31.591" endtime="20231111 17:47:31.941"/>
</kw>
<kw name="Close Browser" library="SeleniumLibrary" type="TEARDOWN">
<doc>Closes the current browser.</doc>
<status status="PASS" starttime="20231111 17:47:31.941" endtime="20231111 17:47:35.258"/>
</kw>
<doc>SC03 - Ubah Data Penomoran</doc>
<tag>TC01 - Ubah Data Penomoran</tag>
<status status="PASS" starttime="20231111 17:46:52.650" endtime="20231111 17:47:35.258"/>
</test>
<doc>SC03 - Ubah Data Penomoran</doc>
<status status="PASS" starttime="20231111 17:46:52.496" endtime="20231111 17:47:35.259"/>
</suite>
<statistics>
<total>
<stat pass="1" fail="0" skip="0">All Tests</stat>
</total>
<tag>
<stat pass="1" fail="0" skip="0">TC01 - Ubah Data Penomoran</stat>
</tag>
<suite>
<stat pass="1" fail="0" skip="0" id="s1" name="SC03 - Ubah Data Penomoran">SC03 - Ubah Data Penomoran</stat>
</suite>
</statistics>
<errors>
</errors>
</robot>
