<?xml version="1.0" encoding="UTF-8"?>
<robot generator="Robot 6.1.1 (Python 3.12.0 on win32)" generated="20231125 08:55:44.638" rpa="false" schemaversion="4">
<suite id="s1" name="SC02 - Search Permohonan Izin" source="E:\#Freelance\Sicantik\tests\R03 - Permohonan Izin\Admin Instansi\SC02 - Search Permohonan Izin\SC02 - Search Permohonan Izin.robot">
<test id="s1-t1" name="TC01 - Search Permohonan Izin" line="12">
<kw name="Open Browser To Login Page" library="login">
<kw name="Set Selenium Speed" library="SeleniumLibrary">
<arg>0.2s</arg>
<doc>Sets the delay that is waited after each Selenium command.</doc>
<status status="PASS" starttime="20231125 08:55:44.793" endtime="20231125 08:55:44.793"/>
</kw>
<kw name="Open Browser" library="SeleniumLibrary">
<arg>${LOGIN URL}</arg>
<arg>${BROWSER}</arg>
<arg>options=add_argument("--incognito")</arg>
<doc>Opens a new browser instance to the optional ``url``.</doc>
<msg timestamp="20231125 08:55:44.793" level="INFO">Opening browser 'Chrome' to base url 'https://uji.sicantik.go.id/sign-in'.</msg>
<status status="PASS" starttime="20231125 08:55:44.793" endtime="20231125 08:55:48.939"/>
</kw>
<kw name="Maximize Browser Window" library="SeleniumLibrary">
<doc>Maximizes current browser window.</doc>
<status status="PASS" starttime="20231125 08:55:48.939" endtime="20231125 08:55:49.247"/>
</kw>
<kw name="Title Should Be" library="SeleniumLibrary">
<arg>SICANTIK</arg>
<doc>Verifies that the current page title equals ``title``.</doc>
<msg timestamp="20231125 08:55:49.451" level="INFO">Page title is 'SICANTIK'.</msg>
<status status="PASS" starttime="20231125 08:55:49.247" endtime="20231125 08:55:49.451"/>
</kw>
<status status="PASS" starttime="20231125 08:55:44.793" endtime="20231125 08:55:49.451"/>
</kw>
<kw name="Login Admin Instansi" library="login">
<kw name="Input Username" library="login">
<arg>demo</arg>
<kw name="Input Text" library="SeleniumLibrary">
<arg>username</arg>
<arg>${username}</arg>
<doc>Types the given ``text`` into the text field identified by ``locator``.</doc>
<msg timestamp="20231125 08:55:49.452" level="INFO">Typing text 'demo' into text field 'username'.</msg>
<status status="PASS" starttime="20231125 08:55:49.451" endtime="20231125 08:55:50.115"/>
</kw>
<status status="PASS" starttime="20231125 08:55:49.451" endtime="20231125 08:55:50.115"/>
</kw>
<kw name="Input Password" library="login">
<arg>Demo789*@#</arg>
<kw name="Input Text" library="SeleniumLibrary">
<arg>password</arg>
<arg>${password}</arg>
<doc>Types the given ``text`` into the text field identified by ``locator``.</doc>
<msg timestamp="20231125 08:55:50.115" level="INFO">Typing text 'Demo789*@#' into text field 'password'.</msg>
<status status="PASS" starttime="20231125 08:55:50.115" endtime="20231125 08:55:50.769"/>
</kw>
<status status="PASS" starttime="20231125 08:55:50.115" endtime="20231125 08:55:50.769"/>
</kw>
<kw name="Submit Credentials" library="login">
<kw name="Click Button" library="SeleniumLibrary">
<arg>kt_sign_in_submit</arg>
<doc>Clicks the button identified by ``locator``.</doc>
<msg timestamp="20231125 08:55:50.769" level="INFO">Clicking button 'kt_sign_in_submit'.</msg>
<status status="PASS" starttime="20231125 08:55:50.769" endtime="20231125 08:55:51.607"/>
</kw>
<kw name="Sleep" library="BuiltIn">
<arg>5s</arg>
<doc>Pauses the test executed for the given time.</doc>
<msg timestamp="20231125 08:55:56.608" level="INFO">Slept 5 seconds</msg>
<status status="PASS" starttime="20231125 08:55:51.607" endtime="20231125 08:55:56.608"/>
</kw>
<status status="PASS" starttime="20231125 08:55:50.769" endtime="20231125 08:55:56.608"/>
</kw>
<kw name="Element Should Contain" library="SeleniumLibrary">
<arg>xpath://*[@id="kt_header_user_menu_toggle"]/div[2]/span[1]</arg>
<arg>DEMO</arg>
<doc>Verifies that element ``locator`` contains text ``expected``.</doc>
<msg timestamp="20231125 08:55:57.026" level="INFO">Element 'xpath://*[@id="kt_header_user_menu_toggle"]/div[2]/span[1]' contains text 'DEMO'.</msg>
<status status="PASS" starttime="20231125 08:55:56.608" endtime="20231125 08:55:57.026"/>
</kw>
<status status="PASS" starttime="20231125 08:55:49.451" endtime="20231125 08:55:57.026"/>
</kw>
<kw name="Move To Permohonan Izin Module" library="permohonan_izin">
<kw name="Go To" library="SeleniumLibrary">
<arg>https://uji.sicantik.go.id/permohonan-izin</arg>
<doc>Navigates the current browser window to the provided ``url``.</doc>
<msg timestamp="20231125 08:55:57.026" level="INFO">Opening url 'https://uji.sicantik.go.id/permohonan-izin'</msg>
<status status="PASS" starttime="20231125 08:55:57.026" endtime="20231125 08:55:57.538"/>
</kw>
<kw name="Wait Until Element Contains" library="SeleniumLibrary">
<arg>tag:h5</arg>
<arg>Permohonan Izin</arg>
<doc>Waits until the element ``locator`` contains ``text``.</doc>
<status status="PASS" starttime="20231125 08:55:57.538" endtime="20231125 08:55:57.964"/>
</kw>
<kw name="Sleep" library="BuiltIn">
<arg>3s</arg>
<doc>Pauses the test executed for the given time.</doc>
<msg timestamp="20231125 08:56:00.964" level="INFO">Slept 3 seconds</msg>
<status status="PASS" starttime="20231125 08:55:57.964" endtime="20231125 08:56:00.964"/>
</kw>
<status status="PASS" starttime="20231125 08:55:57.026" endtime="20231125 08:56:00.964"/>
</kw>
<kw name="Click Button Filter" library="permohonan_izin">
<kw name="Click Element" library="SeleniumLibrary">
<arg>css:button.btn-white</arg>
<doc>Click the element identified by ``locator``.</doc>
<msg timestamp="20231125 08:56:00.965" level="INFO">Clicking element 'css:button.btn-white'.</msg>
<status status="PASS" starttime="20231125 08:56:00.964" endtime="20231125 08:56:01.394"/>
</kw>
<kw name="Wait Until Element Is Enabled" library="SeleniumLibrary">
<arg>class:el-input__wrapper</arg>
<doc>Waits until the element ``locator`` is enabled.</doc>
<status status="PASS" starttime="20231125 08:56:01.394" endtime="20231125 08:56:02.058"/>
</kw>
<status status="PASS" starttime="20231125 08:56:00.964" endtime="20231125 08:56:02.058"/>
</kw>
<kw name="Input No Permohonan" library="permohonan_izin">
<arg>38/iat23/2023</arg>
<kw name="Click Element" library="SeleniumLibrary">
<arg>xpath://*[@id="collapseBtnFilter"]/div/div[1]/div[1]/label</arg>
<doc>Click the element identified by ``locator``.</doc>
<msg timestamp="20231125 08:56:02.059" level="INFO">Clicking element 'xpath://*[@id="collapseBtnFilter"]/div/div[1]/div[1]/label'.</msg>
<status status="PASS" starttime="20231125 08:56:02.058" endtime="20231125 08:56:02.485"/>
</kw>
<kw name="Press Keys" library="SeleniumLibrary">
<arg>None</arg>
<arg>TAB</arg>
<doc>Simulates the user pressing key(s) to an element or on the active browser.</doc>
<msg timestamp="20231125 08:56:02.485" level="INFO">Sending key(s) ('TAB',) to page.</msg>
<msg timestamp="20231125 08:56:02.485" level="INFO">Pressing special key TAB to browser.</msg>
<msg timestamp="20231125 08:56:02.485" level="INFO">Releasing special key TAB.</msg>
<status status="PASS" starttime="20231125 08:56:02.485" endtime="20231125 08:56:02.693"/>
</kw>
<kw name="Press Keys" library="SeleniumLibrary">
<arg>None</arg>
<arg>${noPermohonan}</arg>
<doc>Simulates the user pressing key(s) to an element or on the active browser.</doc>
<msg timestamp="20231125 08:56:02.693" level="INFO">Sending key(s) ('38/iat23/2023',) to page.</msg>
<msg timestamp="20231125 08:56:02.693" level="INFO">Sending keys 38/iat23/2023</msg>
<status status="PASS" starttime="20231125 08:56:02.693" endtime="20231125 08:56:02.913"/>
</kw>
<status status="PASS" starttime="20231125 08:56:02.058" endtime="20231125 08:56:02.913"/>
</kw>
<kw name="Click Button Tampilkan Hasil" library="permohonan_izin">
<kw name="Click Button" library="SeleniumLibrary">
<arg>default:Tampilkan hasil</arg>
<doc>Clicks the button identified by ``locator``.</doc>
<msg timestamp="20231125 08:56:02.914" level="INFO">Clicking button 'default:Tampilkan hasil'.</msg>
<status status="PASS" starttime="20231125 08:56:02.913" endtime="20231125 08:56:03.765"/>
</kw>
<kw name="Sleep" library="BuiltIn">
<arg>5s</arg>
<doc>Pauses the test executed for the given time.</doc>
<msg timestamp="20231125 08:56:08.765" level="INFO">Slept 5 seconds</msg>
<status status="PASS" starttime="20231125 08:56:03.765" endtime="20231125 08:56:08.765"/>
</kw>
<status status="PASS" starttime="20231125 08:56:02.913" endtime="20231125 08:56:08.765"/>
</kw>
<kw name="Sleep" library="BuiltIn">
<arg>2s</arg>
<doc>Pauses the test executed for the given time.</doc>
<msg timestamp="20231125 08:56:10.766" level="INFO">Slept 2 seconds</msg>
<status status="PASS" starttime="20231125 08:56:08.765" endtime="20231125 08:56:10.766"/>
</kw>
<kw name="Capture Page Screenshot" library="SeleniumLibrary">
<doc>Takes a screenshot of the current page and embeds it into a log file.</doc>
<msg timestamp="20231125 08:56:11.105" level="INFO" html="true">&lt;/td&gt;&lt;/tr&gt;&lt;tr&gt;&lt;td colspan="3"&gt;&lt;a href="selenium-screenshot-1.png"&gt;&lt;img src="selenium-screenshot-1.png" width="800px"&gt;&lt;/a&gt;</msg>
<status status="PASS" starttime="20231125 08:56:10.766" endtime="20231125 08:56:11.105"/>
</kw>
<kw name="Close Browser" library="SeleniumLibrary" type="TEARDOWN">
<doc>Closes the current browser.</doc>
<status status="PASS" starttime="20231125 08:56:11.105" endtime="20231125 08:56:13.352"/>
</kw>
<doc>SC02 - Search Permohonan Izin</doc>
<tag>TC01 - Search Permohonan Izin</tag>
<status status="PASS" starttime="20231125 08:55:44.792" endtime="20231125 08:56:13.352"/>
</test>
<doc>SC02 - Search Permohonan Izin</doc>
<status status="PASS" starttime="20231125 08:55:44.639" endtime="20231125 08:56:13.353"/>
</suite>
<statistics>
<total>
<stat pass="1" fail="0" skip="0">All Tests</stat>
</total>
<tag>
<stat pass="1" fail="0" skip="0">TC01 - Search Permohonan Izin</stat>
</tag>
<suite>
<stat pass="1" fail="0" skip="0" id="s1" name="SC02 - Search Permohonan Izin">SC02 - Search Permohonan Izin</stat>
</suite>
</statistics>
<errors>
</errors>
</robot>
