<?xml version="1.0" encoding="UTF-8"?>
<robot generator="Robot 6.1.1 (Python 3.12.0 on win32)" generated="20231108 23:15:57.734" rpa="false" schemaversion="4">
<suite id="s1" name="SC05 - Delete Data Service Eksternal" source="E:\#Freelance\Sicantik\tests\R10 - Web Service Eksternal\SC05 - Delete Data Service Eksternal\SC05 - Delete Data Service Eksternal.robot">
<test id="s1-t1" name="TC01 - Delete Detail Data Service Eksternal" line="12">
<kw name="Open Browser To Login Page" library="login">
<kw name="Set Selenium Speed" library="SeleniumLibrary">
<arg>0.3s</arg>
<doc>Sets the delay that is waited after each Selenium command.</doc>
<status status="PASS" starttime="20231108 23:15:57.889" endtime="20231108 23:15:57.889"/>
</kw>
<kw name="Open Browser" library="SeleniumLibrary">
<arg>${LOGIN URL}</arg>
<arg>${BROWSER}</arg>
<doc>Opens a new browser instance to the optional ``url``.</doc>
<msg timestamp="20231108 23:15:57.889" level="INFO">Opening browser 'Firefox' to base url 'https://uji.sicantik.go.id/sign-in'.</msg>
<status status="PASS" starttime="20231108 23:15:57.889" endtime="20231108 23:16:05.666"/>
</kw>
<kw name="Maximize Browser Window" library="SeleniumLibrary">
<doc>Maximizes current browser window.</doc>
<status status="PASS" starttime="20231108 23:16:05.666" endtime="20231108 23:16:06.224"/>
</kw>
<kw name="Title Should Be" library="SeleniumLibrary">
<arg>SICANTIK</arg>
<doc>Verifies that the current page title equals ``title``.</doc>
<msg timestamp="20231108 23:16:06.525" level="INFO">Page title is 'SICANTIK'.</msg>
<status status="PASS" starttime="20231108 23:16:06.224" endtime="20231108 23:16:06.525"/>
</kw>
<status status="PASS" starttime="20231108 23:15:57.889" endtime="20231108 23:16:06.525"/>
</kw>
<kw name="Input Username" library="login">
<arg>admegov</arg>
<kw name="Input Text" library="SeleniumLibrary">
<arg>username</arg>
<arg>${username}</arg>
<doc>Types the given ``text`` into the text field identified by ``locator``.</doc>
<msg timestamp="20231108 23:16:06.526" level="INFO">Typing text 'admegov' into text field 'username'.</msg>
<status status="PASS" starttime="20231108 23:16:06.525" endtime="20231108 23:16:07.474"/>
</kw>
<status status="PASS" starttime="20231108 23:16:06.525" endtime="20231108 23:16:07.474"/>
</kw>
<kw name="Input Password" library="login">
<arg>Admegov789*@#</arg>
<kw name="Input Text" library="SeleniumLibrary">
<arg>password</arg>
<arg>${password}</arg>
<doc>Types the given ``text`` into the text field identified by ``locator``.</doc>
<msg timestamp="20231108 23:16:07.475" level="INFO">Typing text 'Admegov789*@#' into text field 'password'.</msg>
<status status="PASS" starttime="20231108 23:16:07.474" endtime="20231108 23:16:08.391"/>
</kw>
<status status="PASS" starttime="20231108 23:16:07.474" endtime="20231108 23:16:08.391"/>
</kw>
<kw name="Submit Credentials" library="login">
<kw name="Click Button" library="SeleniumLibrary">
<arg>kt_sign_in_submit</arg>
<doc>Clicks the button identified by ``locator``.</doc>
<msg timestamp="20231108 23:16:08.391" level="INFO">Clicking button 'kt_sign_in_submit'.</msg>
<status status="PASS" starttime="20231108 23:16:08.391" endtime="20231108 23:16:09.812"/>
</kw>
<kw name="Sleep" library="BuiltIn">
<arg>5s</arg>
<doc>Pauses the test executed for the given time.</doc>
<msg timestamp="20231108 23:16:14.813" level="INFO">Slept 5 seconds</msg>
<status status="PASS" starttime="20231108 23:16:09.812" endtime="20231108 23:16:14.813"/>
</kw>
<status status="PASS" starttime="20231108 23:16:08.391" endtime="20231108 23:16:14.813"/>
</kw>
<kw name="Move To Web Service Eksternal" library="web_service_eksternal">
<kw name="Go To" library="SeleniumLibrary">
<arg>https://uji.sicantik.go.id/service-eksternal</arg>
<doc>Navigates the current browser window to the provided ``url``.</doc>
<msg timestamp="20231108 23:16:14.813" level="INFO">Opening url 'https://uji.sicantik.go.id/service-eksternal'</msg>
<status status="PASS" starttime="20231108 23:16:14.813" endtime="20231108 23:16:15.483"/>
</kw>
<kw name="Element Should Contain" library="SeleniumLibrary">
<arg>xpath://*[@id="kt_content_container"]/div/div/div[1]/h5</arg>
<arg>Daftar Service Eksternal</arg>
<doc>Verifies that element ``locator`` contains text ``expected``.</doc>
<msg timestamp="20231108 23:16:16.099" level="INFO">Element 'xpath://*[@id="kt_content_container"]/div/div/div[1]/h5' contains text 'Daftar Service Eksternal'.</msg>
<status status="PASS" starttime="20231108 23:16:15.483" endtime="20231108 23:16:16.099"/>
</kw>
<status status="PASS" starttime="20231108 23:16:14.813" endtime="20231108 23:16:16.099"/>
</kw>
<kw name="Input Search" library="web_service_eksternal">
<arg>testebing</arg>
<kw name="Input Text" library="SeleniumLibrary">
<arg>id:kt_filter_search</arg>
<arg>${search}</arg>
<doc>Types the given ``text`` into the text field identified by ``locator``.</doc>
<msg timestamp="20231108 23:16:16.100" level="INFO">Typing text 'testebing' into text field 'id:kt_filter_search'.</msg>
<status status="PASS" starttime="20231108 23:16:16.099" endtime="20231108 23:16:17.092"/>
</kw>
<kw name="Sleep" library="BuiltIn">
<arg>3s</arg>
<doc>Pauses the test executed for the given time.</doc>
<msg timestamp="20231108 23:16:20.093" level="INFO">Slept 3 seconds</msg>
<status status="PASS" starttime="20231108 23:16:17.092" endtime="20231108 23:16:20.093"/>
</kw>
<status status="PASS" starttime="20231108 23:16:16.099" endtime="20231108 23:16:20.093"/>
</kw>
<kw name="Delete Web Service Eksternal" library="web_service_eksternal">
<kw name="Wait Until Element Is Enabled" library="SeleniumLibrary">
<arg>css:i.fa-trash</arg>
<doc>Waits until the element ``locator`` is enabled.</doc>
<status status="PASS" starttime="20231108 23:16:20.093" endtime="20231108 23:16:21.010"/>
</kw>
<kw name="Click Element" library="SeleniumLibrary">
<arg>css:i.fa-trash</arg>
<doc>Click the element identified by ``locator``.</doc>
<msg timestamp="20231108 23:16:21.010" level="INFO">Clicking element 'css:i.fa-trash'.</msg>
<status status="PASS" starttime="20231108 23:16:21.010" endtime="20231108 23:16:21.840"/>
</kw>
<kw name="Wait Until Element Contains" library="SeleniumLibrary">
<arg>xpath://*[@id="swal2-title"]</arg>
<arg>Apakah Anda Yakin Akan Menghapus Data Ini ?</arg>
<doc>Waits until the element ``locator`` contains ``text``.</doc>
<status status="PASS" starttime="20231108 23:16:21.840" endtime="20231108 23:16:22.447"/>
</kw>
<kw name="Click Button" library="SeleniumLibrary">
<arg>default:Ya, Hapus</arg>
<doc>Clicks the button identified by ``locator``.</doc>
<msg timestamp="20231108 23:16:22.447" level="INFO">Clicking button 'default:Ya, Hapus'.</msg>
<status status="PASS" starttime="20231108 23:16:22.447" endtime="20231108 23:16:23.871"/>
</kw>
<kw name="Wait Until Element Contains" library="SeleniumLibrary">
<arg>xpath://*[@id="swal2-content"]</arg>
<arg>Data Sudah Berhasil Terhapus.</arg>
<doc>Waits until the element ``locator`` contains ``text``.</doc>
<status status="PASS" starttime="20231108 23:16:23.871" endtime="20231108 23:16:24.479"/>
</kw>
<kw name="Element Should Contain" library="SeleniumLibrary">
<arg>xpath://*[@id="swal2-content"]</arg>
<arg>Data Sudah Berhasil Terhapus.</arg>
<doc>Verifies that element ``locator`` contains text ``expected``.</doc>
<msg timestamp="20231108 23:16:25.085" level="INFO">Element 'xpath://*[@id="swal2-content"]' contains text 'Data Sudah Berhasil Terhapus.'.</msg>
<status status="PASS" starttime="20231108 23:16:24.479" endtime="20231108 23:16:25.085"/>
</kw>
<status status="PASS" starttime="20231108 23:16:20.093" endtime="20231108 23:16:25.085"/>
</kw>
<kw name="Sleep" library="BuiltIn">
<arg>1s</arg>
<doc>Pauses the test executed for the given time.</doc>
<msg timestamp="20231108 23:16:26.086" level="INFO">Slept 1 second</msg>
<status status="PASS" starttime="20231108 23:16:25.085" endtime="20231108 23:16:26.086"/>
</kw>
<kw name="Capture Page Screenshot" library="SeleniumLibrary">
<doc>Takes a screenshot of the current page and embeds it into a log file.</doc>
<msg timestamp="20231108 23:16:26.435" level="INFO" html="true">&lt;/td&gt;&lt;/tr&gt;&lt;tr&gt;&lt;td colspan="3"&gt;&lt;a href="selenium-screenshot-1.png"&gt;&lt;img src="selenium-screenshot-1.png" width="800px"&gt;&lt;/a&gt;</msg>
<status status="PASS" starttime="20231108 23:16:26.086" endtime="20231108 23:16:26.435"/>
</kw>
<kw name="Close Browser" library="SeleniumLibrary" type="TEARDOWN">
<doc>Closes the current browser.</doc>
<status status="PASS" starttime="20231108 23:16:26.435" endtime="20231108 23:16:29.650"/>
</kw>
<doc>SC05 - Delete Data Service Eksternal</doc>
<tag>TC01 - Delete Detail Data Service Eksternal</tag>
<status status="PASS" starttime="20231108 23:15:57.888" endtime="20231108 23:16:29.650"/>
</test>
<doc>SC05 - Delete Data Service Eksternal</doc>
<status status="PASS" starttime="20231108 23:15:57.735" endtime="20231108 23:16:29.651"/>
</suite>
<statistics>
<total>
<stat pass="1" fail="0" skip="0">All Tests</stat>
</total>
<tag>
<stat pass="1" fail="0" skip="0">TC01 - Delete Detail Data Service Eksternal</stat>
</tag>
<suite>
<stat pass="1" fail="0" skip="0" id="s1" name="SC05 - Delete Data Service Eksternal">SC05 - Delete Data Service Eksternal</stat>
</suite>
</statistics>
<errors>
</errors>
</robot>
