<?xml version="1.0" encoding="UTF-8"?>
<robot generator="Robot 6.0.2 (Python 3.11.2 on win32)" generated="20231115 14:17:45.586" rpa="false" schemaversion="3">
<suite id="s1" name="SC01 - Lazy load izin ditolak" source="D:\#RIANCAHYADI\Projects\Freedom\Sicantik\tests\Lazy Load\Izin Ditolak\SC01 - Lazy load izin ditolak.robot">
<test id="s1-t1" name="TC01 - Lazy Load Izin Ditolak" line="12">
<kw name="Open Browser To Login Page" library="login">
<kw name="Set Selenium Speed" library="SeleniumLibrary">
<arg>0.2s</arg>
<doc>Sets the delay that is waited after each Selenium command.</doc>
<status status="PASS" starttime="20231115 14:17:45.761" endtime="20231115 14:17:45.761"/>
</kw>
<kw name="Open Browser" library="SeleniumLibrary">
<arg>${LOGIN URL}</arg>
<arg>${BROWSER}</arg>
<arg>options=add_argument("--incognito")</arg>
<doc>Opens a new browser instance to the optional ``url``.</doc>
<msg timestamp="20231115 14:17:45.762" level="INFO">Opening browser 'Firefox' to base url 'https://uji.sicantik.go.id/sign-in'.</msg>
<msg timestamp="20231115 14:17:45.765" level="INFO">Firefox driver log is always forced to to: D:\#RIANCAHYADI\Projects\Freedom\Sicantik\tests\Lazy Load\Izin Ditolak\geckodriver-1.log</msg>
<status status="PASS" starttime="20231115 14:17:45.761" endtime="20231115 14:17:53.964"/>
</kw>
<kw name="Maximize Browser Window" library="SeleniumLibrary">
<doc>Maximizes current browser window.</doc>
<status status="PASS" starttime="20231115 14:17:53.964" endtime="20231115 14:17:54.422"/>
</kw>
<kw name="Title Should Be" library="SeleniumLibrary">
<arg>SICANTIK</arg>
<doc>Verifies that the current page title equals ``title``.</doc>
<msg timestamp="20231115 14:17:54.624" level="INFO">Page title is 'SICANTIK'.</msg>
<status status="PASS" starttime="20231115 14:17:54.422" endtime="20231115 14:17:54.624"/>
</kw>
<status status="PASS" starttime="20231115 14:17:45.761" endtime="20231115 14:17:54.624"/>
</kw>
<kw name="Login Admin Instansi" library="login">
<kw name="Input Username" library="login">
<arg>demo</arg>
<kw name="Input Text" library="SeleniumLibrary">
<arg>username</arg>
<arg>${username}</arg>
<doc>Types the given ``text`` into the text field identified by ``locator``.</doc>
<msg timestamp="20231115 14:17:54.625" level="INFO">Typing text 'demo' into text field 'username'.</msg>
<status status="PASS" starttime="20231115 14:17:54.625" endtime="20231115 14:17:55.279"/>
</kw>
<status status="PASS" starttime="20231115 14:17:54.624" endtime="20231115 14:17:55.279"/>
</kw>
<kw name="Input Password" library="login">
<arg>Demo789*@#</arg>
<kw name="Input Text" library="SeleniumLibrary">
<arg>password</arg>
<arg>${password}</arg>
<doc>Types the given ``text`` into the text field identified by ``locator``.</doc>
<msg timestamp="20231115 14:17:55.279" level="INFO">Typing text 'Demo789*@#' into text field 'password'.</msg>
<status status="PASS" starttime="20231115 14:17:55.279" endtime="20231115 14:17:55.899"/>
</kw>
<status status="PASS" starttime="20231115 14:17:55.279" endtime="20231115 14:17:55.899"/>
</kw>
<kw name="Submit Credentials" library="login">
<kw name="Click Button" library="SeleniumLibrary">
<arg>kt_sign_in_submit</arg>
<doc>Clicks the button identified by ``locator``.</doc>
<msg timestamp="20231115 14:17:55.899" level="INFO">Clicking button 'kt_sign_in_submit'.</msg>
<status status="PASS" starttime="20231115 14:17:55.899" endtime="20231115 14:17:56.924"/>
</kw>
<kw name="Sleep" library="BuiltIn">
<arg>5s</arg>
<doc>Pauses the test executed for the given time.</doc>
<msg timestamp="20231115 14:18:01.924" level="INFO">Slept 5 seconds</msg>
<status status="PASS" starttime="20231115 14:17:56.924" endtime="20231115 14:18:01.924"/>
</kw>
<status status="PASS" starttime="20231115 14:17:55.899" endtime="20231115 14:18:01.924"/>
</kw>
<kw name="Element Should Contain" library="SeleniumLibrary">
<arg>xpath://*[@id="kt_header_user_menu_toggle"]/div[2]/span[1]</arg>
<arg>DEMO</arg>
<doc>Verifies that element ``locator`` contains text ``expected``.</doc>
<msg timestamp="20231115 14:18:02.343" level="INFO">Element 'xpath://*[@id="kt_header_user_menu_toggle"]/div[2]/span[1]' contains text 'DEMO'.</msg>
<status status="PASS" starttime="20231115 14:18:01.924" endtime="20231115 14:18:02.343"/>
</kw>
<status status="PASS" starttime="20231115 14:17:54.624" endtime="20231115 14:18:02.343"/>
</kw>
<kw name="Move to Permohonan ditolak" library="permohonan_ditolak">
<kw name="Go To" library="SeleniumLibrary">
<arg>https://uji.sicantik.go.id/daftar-izin-ditolak</arg>
<doc>Navigates the current browser window to the provided ``url``.</doc>
<msg timestamp="20231115 14:18:02.343" level="INFO">Opening url 'https://uji.sicantik.go.id/daftar-izin-ditolak'</msg>
<status status="PASS" starttime="20231115 14:18:02.343" endtime="20231115 14:18:02.940"/>
</kw>
<kw name="Wait Until Element Contains" library="SeleniumLibrary">
<arg>xpath://*[@id="kt_content_container"]/div[1]/div/div[1]/h5</arg>
<arg>Permohonan Izin Ditolak</arg>
<doc>Waits until the element ``locator`` contains ``text``.</doc>
<status status="PASS" starttime="20231115 14:18:02.940" endtime="20231115 14:18:03.348"/>
</kw>
<kw name="Sleep" library="BuiltIn">
<arg>3s</arg>
<doc>Pauses the test executed for the given time.</doc>
<msg timestamp="20231115 14:18:06.348" level="INFO">Slept 3 seconds</msg>
<status status="PASS" starttime="20231115 14:18:03.348" endtime="20231115 14:18:06.348"/>
</kw>
<status status="PASS" starttime="20231115 14:18:02.343" endtime="20231115 14:18:06.348"/>
</kw>
<kw name="Scroll Down" library="permohonan_ditolak">
<kw name="Click Element" library="SeleniumLibrary">
<arg>xpath://*[@id="kt_customers_table"]/tbody/tr[5]/td[4]</arg>
<doc>Click the element identified by ``locator``.</doc>
<msg timestamp="20231115 14:18:06.349" level="INFO">Clicking element 'xpath://*[@id="kt_customers_table"]/tbody/tr[5]/td[4]'.</msg>
<status status="PASS" starttime="20231115 14:18:06.348" endtime="20231115 14:18:06.967"/>
</kw>
<for flavor="IN RANGE">
<var>${counter}</var>
<value>20</value>
<iter>
<var name="${counter}">0</var>
<kw name="Log" library="BuiltIn">
<arg>${counter}</arg>
<doc>Logs the given message with the given level.</doc>
<msg timestamp="20231115 14:18:06.967" level="INFO">0</msg>
<status status="PASS" starttime="20231115 14:18:06.967" endtime="20231115 14:18:06.967"/>
</kw>
<kw name="Press Keys" library="SeleniumLibrary">
<arg>None</arg>
<arg>ARROW_DOWN</arg>
<doc>Simulates the user pressing key(s) to an element or on the active browser.</doc>
<msg timestamp="20231115 14:18:06.968" level="INFO">Sending key(s) ('ARROW_DOWN',) to page.</msg>
<msg timestamp="20231115 14:18:06.968" level="INFO">Pressing special key ARROW_DOWN to browser.</msg>
<msg timestamp="20231115 14:18:06.968" level="INFO">Releasing special key ARROW_DOWN.</msg>
<status status="PASS" starttime="20231115 14:18:06.967" endtime="20231115 14:18:07.175"/>
</kw>
<kw name="Sleep" library="BuiltIn">
<arg>0.5s</arg>
<doc>Pauses the test executed for the given time.</doc>
<msg timestamp="20231115 14:18:07.675" level="INFO">Slept 500 milliseconds</msg>
<status status="PASS" starttime="20231115 14:18:07.175" endtime="20231115 14:18:07.675"/>
</kw>
<status status="PASS" starttime="20231115 14:18:06.967" endtime="20231115 14:18:07.675"/>
</iter>
<iter>
<var name="${counter}">1</var>
<kw name="Log" library="BuiltIn">
<arg>${counter}</arg>
<doc>Logs the given message with the given level.</doc>
<msg timestamp="20231115 14:18:07.675" level="INFO">1</msg>
<status status="PASS" starttime="20231115 14:18:07.675" endtime="20231115 14:18:07.675"/>
</kw>
<kw name="Press Keys" library="SeleniumLibrary">
<arg>None</arg>
<arg>ARROW_DOWN</arg>
<doc>Simulates the user pressing key(s) to an element or on the active browser.</doc>
<msg timestamp="20231115 14:18:07.676" level="INFO">Sending key(s) ('ARROW_DOWN',) to page.</msg>
<msg timestamp="20231115 14:18:07.676" level="INFO">Pressing special key ARROW_DOWN to browser.</msg>
<msg timestamp="20231115 14:18:07.676" level="INFO">Releasing special key ARROW_DOWN.</msg>
<status status="PASS" starttime="20231115 14:18:07.675" endtime="20231115 14:18:07.880"/>
</kw>
<kw name="Sleep" library="BuiltIn">
<arg>0.5s</arg>
<doc>Pauses the test executed for the given time.</doc>
<msg timestamp="20231115 14:18:08.381" level="INFO">Slept 500 milliseconds</msg>
<status status="PASS" starttime="20231115 14:18:07.880" endtime="20231115 14:18:08.381"/>
</kw>
<status status="PASS" starttime="20231115 14:18:07.675" endtime="20231115 14:18:08.381"/>
</iter>
<iter>
<var name="${counter}">2</var>
<kw name="Log" library="BuiltIn">
<arg>${counter}</arg>
<doc>Logs the given message with the given level.</doc>
<msg timestamp="20231115 14:18:08.381" level="INFO">2</msg>
<status status="PASS" starttime="20231115 14:18:08.381" endtime="20231115 14:18:08.381"/>
</kw>
<kw name="Press Keys" library="SeleniumLibrary">
<arg>None</arg>
<arg>ARROW_DOWN</arg>
<doc>Simulates the user pressing key(s) to an element or on the active browser.</doc>
<msg timestamp="20231115 14:18:08.382" level="INFO">Sending key(s) ('ARROW_DOWN',) to page.</msg>
<msg timestamp="20231115 14:18:08.382" level="INFO">Pressing special key ARROW_DOWN to browser.</msg>
<msg timestamp="20231115 14:18:08.382" level="INFO">Releasing special key ARROW_DOWN.</msg>
<status status="PASS" starttime="20231115 14:18:08.381" endtime="20231115 14:18:08.588"/>
</kw>
<kw name="Sleep" library="BuiltIn">
<arg>0.5s</arg>
<doc>Pauses the test executed for the given time.</doc>
<msg timestamp="20231115 14:18:09.088" level="INFO">Slept 500 milliseconds</msg>
<status status="PASS" starttime="20231115 14:18:08.588" endtime="20231115 14:18:09.088"/>
</kw>
<status status="PASS" starttime="20231115 14:18:08.381" endtime="20231115 14:18:09.088"/>
</iter>
<iter>
<var name="${counter}">3</var>
<kw name="Log" library="BuiltIn">
<arg>${counter}</arg>
<doc>Logs the given message with the given level.</doc>
<msg timestamp="20231115 14:18:09.088" level="INFO">3</msg>
<status status="PASS" starttime="20231115 14:18:09.088" endtime="20231115 14:18:09.088"/>
</kw>
<kw name="Press Keys" library="SeleniumLibrary">
<arg>None</arg>
<arg>ARROW_DOWN</arg>
<doc>Simulates the user pressing key(s) to an element or on the active browser.</doc>
<msg timestamp="20231115 14:18:09.089" level="INFO">Sending key(s) ('ARROW_DOWN',) to page.</msg>
<msg timestamp="20231115 14:18:09.089" level="INFO">Pressing special key ARROW_DOWN to browser.</msg>
<msg timestamp="20231115 14:18:09.089" level="INFO">Releasing special key ARROW_DOWN.</msg>
<status status="PASS" starttime="20231115 14:18:09.088" endtime="20231115 14:18:09.295"/>
</kw>
<kw name="Sleep" library="BuiltIn">
<arg>0.5s</arg>
<doc>Pauses the test executed for the given time.</doc>
<msg timestamp="20231115 14:18:09.795" level="INFO">Slept 500 milliseconds</msg>
<status status="PASS" starttime="20231115 14:18:09.295" endtime="20231115 14:18:09.795"/>
</kw>
<status status="PASS" starttime="20231115 14:18:09.088" endtime="20231115 14:18:09.795"/>
</iter>
<iter>
<var name="${counter}">4</var>
<kw name="Log" library="BuiltIn">
<arg>${counter}</arg>
<doc>Logs the given message with the given level.</doc>
<msg timestamp="20231115 14:18:09.795" level="INFO">4</msg>
<status status="PASS" starttime="20231115 14:18:09.795" endtime="20231115 14:18:09.795"/>
</kw>
<kw name="Press Keys" library="SeleniumLibrary">
<arg>None</arg>
<arg>ARROW_DOWN</arg>
<doc>Simulates the user pressing key(s) to an element or on the active browser.</doc>
<msg timestamp="20231115 14:18:09.796" level="INFO">Sending key(s) ('ARROW_DOWN',) to page.</msg>
<msg timestamp="20231115 14:18:09.796" level="INFO">Pressing special key ARROW_DOWN to browser.</msg>
<msg timestamp="20231115 14:18:09.796" level="INFO">Releasing special key ARROW_DOWN.</msg>
<status status="PASS" starttime="20231115 14:18:09.795" endtime="20231115 14:18:10.002"/>
</kw>
<kw name="Sleep" library="BuiltIn">
<arg>0.5s</arg>
<doc>Pauses the test executed for the given time.</doc>
<msg timestamp="20231115 14:18:10.504" level="INFO">Slept 500 milliseconds</msg>
<status status="PASS" starttime="20231115 14:18:10.002" endtime="20231115 14:18:10.504"/>
</kw>
<status status="PASS" starttime="20231115 14:18:09.795" endtime="20231115 14:18:10.504"/>
</iter>
<iter>
<var name="${counter}">5</var>
<kw name="Log" library="BuiltIn">
<arg>${counter}</arg>
<doc>Logs the given message with the given level.</doc>
<msg timestamp="20231115 14:18:10.504" level="INFO">5</msg>
<status status="PASS" starttime="20231115 14:18:10.504" endtime="20231115 14:18:10.504"/>
</kw>
<kw name="Press Keys" library="SeleniumLibrary">
<arg>None</arg>
<arg>ARROW_DOWN</arg>
<doc>Simulates the user pressing key(s) to an element or on the active browser.</doc>
<msg timestamp="20231115 14:18:10.505" level="INFO">Sending key(s) ('ARROW_DOWN',) to page.</msg>
<msg timestamp="20231115 14:18:10.505" level="INFO">Pressing special key ARROW_DOWN to browser.</msg>
<msg timestamp="20231115 14:18:10.505" level="INFO">Releasing special key ARROW_DOWN.</msg>
<status status="PASS" starttime="20231115 14:18:10.504" endtime="20231115 14:18:10.708"/>
</kw>
<kw name="Sleep" library="BuiltIn">
<arg>0.5s</arg>
<doc>Pauses the test executed for the given time.</doc>
<msg timestamp="20231115 14:18:11.209" level="INFO">Slept 500 milliseconds</msg>
<status status="PASS" starttime="20231115 14:18:10.708" endtime="20231115 14:18:11.209"/>
</kw>
<status status="PASS" starttime="20231115 14:18:10.504" endtime="20231115 14:18:11.209"/>
</iter>
<iter>
<var name="${counter}">6</var>
<kw name="Log" library="BuiltIn">
<arg>${counter}</arg>
<doc>Logs the given message with the given level.</doc>
<msg timestamp="20231115 14:18:11.209" level="INFO">6</msg>
<status status="PASS" starttime="20231115 14:18:11.209" endtime="20231115 14:18:11.209"/>
</kw>
<kw name="Press Keys" library="SeleniumLibrary">
<arg>None</arg>
<arg>ARROW_DOWN</arg>
<doc>Simulates the user pressing key(s) to an element or on the active browser.</doc>
<msg timestamp="20231115 14:18:11.210" level="INFO">Sending key(s) ('ARROW_DOWN',) to page.</msg>
<msg timestamp="20231115 14:18:11.210" level="INFO">Pressing special key ARROW_DOWN to browser.</msg>
<msg timestamp="20231115 14:18:11.210" level="INFO">Releasing special key ARROW_DOWN.</msg>
<status status="PASS" starttime="20231115 14:18:11.209" endtime="20231115 14:18:11.414"/>
</kw>
<kw name="Sleep" library="BuiltIn">
<arg>0.5s</arg>
<doc>Pauses the test executed for the given time.</doc>
<msg timestamp="20231115 14:18:11.914" level="INFO">Slept 500 milliseconds</msg>
<status status="PASS" starttime="20231115 14:18:11.414" endtime="20231115 14:18:11.914"/>
</kw>
<status status="PASS" starttime="20231115 14:18:11.209" endtime="20231115 14:18:11.914"/>
</iter>
<iter>
<var name="${counter}">7</var>
<kw name="Log" library="BuiltIn">
<arg>${counter}</arg>
<doc>Logs the given message with the given level.</doc>
<msg timestamp="20231115 14:18:11.914" level="INFO">7</msg>
<status status="PASS" starttime="20231115 14:18:11.914" endtime="20231115 14:18:11.914"/>
</kw>
<kw name="Press Keys" library="SeleniumLibrary">
<arg>None</arg>
<arg>ARROW_DOWN</arg>
<doc>Simulates the user pressing key(s) to an element or on the active browser.</doc>
<msg timestamp="20231115 14:18:11.915" level="INFO">Sending key(s) ('ARROW_DOWN',) to page.</msg>
<msg timestamp="20231115 14:18:11.915" level="INFO">Pressing special key ARROW_DOWN to browser.</msg>
<msg timestamp="20231115 14:18:11.915" level="INFO">Releasing special key ARROW_DOWN.</msg>
<status status="PASS" starttime="20231115 14:18:11.914" endtime="20231115 14:18:12.118"/>
</kw>
<kw name="Sleep" library="BuiltIn">
<arg>0.5s</arg>
<doc>Pauses the test executed for the given time.</doc>
<msg timestamp="20231115 14:18:12.619" level="INFO">Slept 500 milliseconds</msg>
<status status="PASS" starttime="20231115 14:18:12.118" endtime="20231115 14:18:12.619"/>
</kw>
<status status="PASS" starttime="20231115 14:18:11.914" endtime="20231115 14:18:12.619"/>
</iter>
<iter>
<var name="${counter}">8</var>
<kw name="Log" library="BuiltIn">
<arg>${counter}</arg>
<doc>Logs the given message with the given level.</doc>
<msg timestamp="20231115 14:18:12.619" level="INFO">8</msg>
<status status="PASS" starttime="20231115 14:18:12.619" endtime="20231115 14:18:12.619"/>
</kw>
<kw name="Press Keys" library="SeleniumLibrary">
<arg>None</arg>
<arg>ARROW_DOWN</arg>
<doc>Simulates the user pressing key(s) to an element or on the active browser.</doc>
<msg timestamp="20231115 14:18:12.620" level="INFO">Sending key(s) ('ARROW_DOWN',) to page.</msg>
<msg timestamp="20231115 14:18:12.620" level="INFO">Pressing special key ARROW_DOWN to browser.</msg>
<msg timestamp="20231115 14:18:12.620" level="INFO">Releasing special key ARROW_DOWN.</msg>
<status status="PASS" starttime="20231115 14:18:12.619" endtime="20231115 14:18:12.823"/>
</kw>
<kw name="Sleep" library="BuiltIn">
<arg>0.5s</arg>
<doc>Pauses the test executed for the given time.</doc>
<msg timestamp="20231115 14:18:13.324" level="INFO">Slept 500 milliseconds</msg>
<status status="PASS" starttime="20231115 14:18:12.823" endtime="20231115 14:18:13.324"/>
</kw>
<status status="PASS" starttime="20231115 14:18:12.619" endtime="20231115 14:18:13.324"/>
</iter>
<iter>
<var name="${counter}">9</var>
<kw name="Log" library="BuiltIn">
<arg>${counter}</arg>
<doc>Logs the given message with the given level.</doc>
<msg timestamp="20231115 14:18:13.324" level="INFO">9</msg>
<status status="PASS" starttime="20231115 14:18:13.324" endtime="20231115 14:18:13.324"/>
</kw>
<kw name="Press Keys" library="SeleniumLibrary">
<arg>None</arg>
<arg>ARROW_DOWN</arg>
<doc>Simulates the user pressing key(s) to an element or on the active browser.</doc>
<msg timestamp="20231115 14:18:13.325" level="INFO">Sending key(s) ('ARROW_DOWN',) to page.</msg>
<msg timestamp="20231115 14:18:13.325" level="INFO">Pressing special key ARROW_DOWN to browser.</msg>
<msg timestamp="20231115 14:18:13.325" level="INFO">Releasing special key ARROW_DOWN.</msg>
<status status="PASS" starttime="20231115 14:18:13.324" endtime="20231115 14:18:13.528"/>
</kw>
<kw name="Sleep" library="BuiltIn">
<arg>0.5s</arg>
<doc>Pauses the test executed for the given time.</doc>
<msg timestamp="20231115 14:18:14.029" level="INFO">Slept 500 milliseconds</msg>
<status status="PASS" starttime="20231115 14:18:13.528" endtime="20231115 14:18:14.029"/>
</kw>
<status status="PASS" starttime="20231115 14:18:13.324" endtime="20231115 14:18:14.029"/>
</iter>
<iter>
<var name="${counter}">10</var>
<kw name="Log" library="BuiltIn">
<arg>${counter}</arg>
<doc>Logs the given message with the given level.</doc>
<msg timestamp="20231115 14:18:14.029" level="INFO">10</msg>
<status status="PASS" starttime="20231115 14:18:14.029" endtime="20231115 14:18:14.029"/>
</kw>
<kw name="Press Keys" library="SeleniumLibrary">
<arg>None</arg>
<arg>ARROW_DOWN</arg>
<doc>Simulates the user pressing key(s) to an element or on the active browser.</doc>
<msg timestamp="20231115 14:18:14.030" level="INFO">Sending key(s) ('ARROW_DOWN',) to page.</msg>
<msg timestamp="20231115 14:18:14.030" level="INFO">Pressing special key ARROW_DOWN to browser.</msg>
<msg timestamp="20231115 14:18:14.030" level="INFO">Releasing special key ARROW_DOWN.</msg>
<status status="PASS" starttime="20231115 14:18:14.029" endtime="20231115 14:18:14.234"/>
</kw>
<kw name="Sleep" library="BuiltIn">
<arg>0.5s</arg>
<doc>Pauses the test executed for the given time.</doc>
<msg timestamp="20231115 14:18:14.734" level="INFO">Slept 500 milliseconds</msg>
<status status="PASS" starttime="20231115 14:18:14.234" endtime="20231115 14:18:14.734"/>
</kw>
<status status="PASS" starttime="20231115 14:18:14.029" endtime="20231115 14:18:14.734"/>
</iter>
<iter>
<var name="${counter}">11</var>
<kw name="Log" library="BuiltIn">
<arg>${counter}</arg>
<doc>Logs the given message with the given level.</doc>
<msg timestamp="20231115 14:18:14.734" level="INFO">11</msg>
<status status="PASS" starttime="20231115 14:18:14.734" endtime="20231115 14:18:14.734"/>
</kw>
<kw name="Press Keys" library="SeleniumLibrary">
<arg>None</arg>
<arg>ARROW_DOWN</arg>
<doc>Simulates the user pressing key(s) to an element or on the active browser.</doc>
<msg timestamp="20231115 14:18:14.735" level="INFO">Sending key(s) ('ARROW_DOWN',) to page.</msg>
<msg timestamp="20231115 14:18:14.735" level="INFO">Pressing special key ARROW_DOWN to browser.</msg>
<msg timestamp="20231115 14:18:14.735" level="INFO">Releasing special key ARROW_DOWN.</msg>
<status status="PASS" starttime="20231115 14:18:14.734" endtime="20231115 14:18:14.938"/>
</kw>
<kw name="Sleep" library="BuiltIn">
<arg>0.5s</arg>
<doc>Pauses the test executed for the given time.</doc>
<msg timestamp="20231115 14:18:15.438" level="INFO">Slept 500 milliseconds</msg>
<status status="PASS" starttime="20231115 14:18:14.938" endtime="20231115 14:18:15.438"/>
</kw>
<status status="PASS" starttime="20231115 14:18:14.734" endtime="20231115 14:18:15.438"/>
</iter>
<iter>
<var name="${counter}">12</var>
<kw name="Log" library="BuiltIn">
<arg>${counter}</arg>
<doc>Logs the given message with the given level.</doc>
<msg timestamp="20231115 14:18:15.438" level="INFO">12</msg>
<status status="PASS" starttime="20231115 14:18:15.438" endtime="20231115 14:18:15.438"/>
</kw>
<kw name="Press Keys" library="SeleniumLibrary">
<arg>None</arg>
<arg>ARROW_DOWN</arg>
<doc>Simulates the user pressing key(s) to an element or on the active browser.</doc>
<msg timestamp="20231115 14:18:15.439" level="INFO">Sending key(s) ('ARROW_DOWN',) to page.</msg>
<msg timestamp="20231115 14:18:15.439" level="INFO">Pressing special key ARROW_DOWN to browser.</msg>
<msg timestamp="20231115 14:18:15.439" level="INFO">Releasing special key ARROW_DOWN.</msg>
<status status="PASS" starttime="20231115 14:18:15.438" endtime="20231115 14:18:15.643"/>
</kw>
<kw name="Sleep" library="BuiltIn">
<arg>0.5s</arg>
<doc>Pauses the test executed for the given time.</doc>
<msg timestamp="20231115 14:18:16.143" level="INFO">Slept 500 milliseconds</msg>
<status status="PASS" starttime="20231115 14:18:15.643" endtime="20231115 14:18:16.143"/>
</kw>
<status status="PASS" starttime="20231115 14:18:15.438" endtime="20231115 14:18:16.143"/>
</iter>
<iter>
<var name="${counter}">13</var>
<kw name="Log" library="BuiltIn">
<arg>${counter}</arg>
<doc>Logs the given message with the given level.</doc>
<msg timestamp="20231115 14:18:16.143" level="INFO">13</msg>
<status status="PASS" starttime="20231115 14:18:16.143" endtime="20231115 14:18:16.143"/>
</kw>
<kw name="Press Keys" library="SeleniumLibrary">
<arg>None</arg>
<arg>ARROW_DOWN</arg>
<doc>Simulates the user pressing key(s) to an element or on the active browser.</doc>
<msg timestamp="20231115 14:18:16.144" level="INFO">Sending key(s) ('ARROW_DOWN',) to page.</msg>
<msg timestamp="20231115 14:18:16.144" level="INFO">Pressing special key ARROW_DOWN to browser.</msg>
<msg timestamp="20231115 14:18:16.144" level="INFO">Releasing special key ARROW_DOWN.</msg>
<status status="PASS" starttime="20231115 14:18:16.143" endtime="20231115 14:18:16.347"/>
</kw>
<kw name="Sleep" library="BuiltIn">
<arg>0.5s</arg>
<doc>Pauses the test executed for the given time.</doc>
<msg timestamp="20231115 14:18:16.848" level="INFO">Slept 500 milliseconds</msg>
<status status="PASS" starttime="20231115 14:18:16.347" endtime="20231115 14:18:16.848"/>
</kw>
<status status="PASS" starttime="20231115 14:18:16.143" endtime="20231115 14:18:16.848"/>
</iter>
<iter>
<var name="${counter}">14</var>
<kw name="Log" library="BuiltIn">
<arg>${counter}</arg>
<doc>Logs the given message with the given level.</doc>
<msg timestamp="20231115 14:18:16.848" level="INFO">14</msg>
<status status="PASS" starttime="20231115 14:18:16.848" endtime="20231115 14:18:16.848"/>
</kw>
<kw name="Press Keys" library="SeleniumLibrary">
<arg>None</arg>
<arg>ARROW_DOWN</arg>
<doc>Simulates the user pressing key(s) to an element or on the active browser.</doc>
<msg timestamp="20231115 14:18:16.849" level="INFO">Sending key(s) ('ARROW_DOWN',) to page.</msg>
<msg timestamp="20231115 14:18:16.849" level="INFO">Pressing special key ARROW_DOWN to browser.</msg>
<msg timestamp="20231115 14:18:16.849" level="INFO">Releasing special key ARROW_DOWN.</msg>
<status status="PASS" starttime="20231115 14:18:16.848" endtime="20231115 14:18:17.053"/>
</kw>
<kw name="Sleep" library="BuiltIn">
<arg>0.5s</arg>
<doc>Pauses the test executed for the given time.</doc>
<msg timestamp="20231115 14:18:17.553" level="INFO">Slept 500 milliseconds</msg>
<status status="PASS" starttime="20231115 14:18:17.053" endtime="20231115 14:18:17.553"/>
</kw>
<status status="PASS" starttime="20231115 14:18:16.848" endtime="20231115 14:18:17.553"/>
</iter>
<iter>
<var name="${counter}">15</var>
<kw name="Log" library="BuiltIn">
<arg>${counter}</arg>
<doc>Logs the given message with the given level.</doc>
<msg timestamp="20231115 14:18:17.553" level="INFO">15</msg>
<status status="PASS" starttime="20231115 14:18:17.553" endtime="20231115 14:18:17.553"/>
</kw>
<kw name="Press Keys" library="SeleniumLibrary">
<arg>None</arg>
<arg>ARROW_DOWN</arg>
<doc>Simulates the user pressing key(s) to an element or on the active browser.</doc>
<msg timestamp="20231115 14:18:17.554" level="INFO">Sending key(s) ('ARROW_DOWN',) to page.</msg>
<msg timestamp="20231115 14:18:17.554" level="INFO">Pressing special key ARROW_DOWN to browser.</msg>
<msg timestamp="20231115 14:18:17.554" level="INFO">Releasing special key ARROW_DOWN.</msg>
<status status="PASS" starttime="20231115 14:18:17.553" endtime="20231115 14:18:17.757"/>
</kw>
<kw name="Sleep" library="BuiltIn">
<arg>0.5s</arg>
<doc>Pauses the test executed for the given time.</doc>
<msg timestamp="20231115 14:18:18.257" level="INFO">Slept 500 milliseconds</msg>
<status status="PASS" starttime="20231115 14:18:17.757" endtime="20231115 14:18:18.257"/>
</kw>
<status status="PASS" starttime="20231115 14:18:17.553" endtime="20231115 14:18:18.257"/>
</iter>
<iter>
<var name="${counter}">16</var>
<kw name="Log" library="BuiltIn">
<arg>${counter}</arg>
<doc>Logs the given message with the given level.</doc>
<msg timestamp="20231115 14:18:18.257" level="INFO">16</msg>
<status status="PASS" starttime="20231115 14:18:18.257" endtime="20231115 14:18:18.257"/>
</kw>
<kw name="Press Keys" library="SeleniumLibrary">
<arg>None</arg>
<arg>ARROW_DOWN</arg>
<doc>Simulates the user pressing key(s) to an element or on the active browser.</doc>
<msg timestamp="20231115 14:18:18.258" level="INFO">Sending key(s) ('ARROW_DOWN',) to page.</msg>
<msg timestamp="20231115 14:18:18.258" level="INFO">Pressing special key ARROW_DOWN to browser.</msg>
<msg timestamp="20231115 14:18:18.258" level="INFO">Releasing special key ARROW_DOWN.</msg>
<status status="PASS" starttime="20231115 14:18:18.257" endtime="20231115 14:18:18.462"/>
</kw>
<kw name="Sleep" library="BuiltIn">
<arg>0.5s</arg>
<doc>Pauses the test executed for the given time.</doc>
<msg timestamp="20231115 14:18:18.962" level="INFO">Slept 500 milliseconds</msg>
<status status="PASS" starttime="20231115 14:18:18.462" endtime="20231115 14:18:18.962"/>
</kw>
<status status="PASS" starttime="20231115 14:18:18.257" endtime="20231115 14:18:18.962"/>
</iter>
<iter>
<var name="${counter}">17</var>
<kw name="Log" library="BuiltIn">
<arg>${counter}</arg>
<doc>Logs the given message with the given level.</doc>
<msg timestamp="20231115 14:18:18.962" level="INFO">17</msg>
<status status="PASS" starttime="20231115 14:18:18.962" endtime="20231115 14:18:18.962"/>
</kw>
<kw name="Press Keys" library="SeleniumLibrary">
<arg>None</arg>
<arg>ARROW_DOWN</arg>
<doc>Simulates the user pressing key(s) to an element or on the active browser.</doc>
<msg timestamp="20231115 14:18:18.963" level="INFO">Sending key(s) ('ARROW_DOWN',) to page.</msg>
<msg timestamp="20231115 14:18:18.963" level="INFO">Pressing special key ARROW_DOWN to browser.</msg>
<msg timestamp="20231115 14:18:18.963" level="INFO">Releasing special key ARROW_DOWN.</msg>
<status status="PASS" starttime="20231115 14:18:18.962" endtime="20231115 14:18:19.167"/>
</kw>
<kw name="Sleep" library="BuiltIn">
<arg>0.5s</arg>
<doc>Pauses the test executed for the given time.</doc>
<msg timestamp="20231115 14:18:19.668" level="INFO">Slept 500 milliseconds</msg>
<status status="PASS" starttime="20231115 14:18:19.167" endtime="20231115 14:18:19.668"/>
</kw>
<status status="PASS" starttime="20231115 14:18:18.962" endtime="20231115 14:18:19.668"/>
</iter>
<iter>
<var name="${counter}">18</var>
<kw name="Log" library="BuiltIn">
<arg>${counter}</arg>
<doc>Logs the given message with the given level.</doc>
<msg timestamp="20231115 14:18:19.668" level="INFO">18</msg>
<status status="PASS" starttime="20231115 14:18:19.668" endtime="20231115 14:18:19.668"/>
</kw>
<kw name="Press Keys" library="SeleniumLibrary">
<arg>None</arg>
<arg>ARROW_DOWN</arg>
<doc>Simulates the user pressing key(s) to an element or on the active browser.</doc>
<msg timestamp="20231115 14:18:19.669" level="INFO">Sending key(s) ('ARROW_DOWN',) to page.</msg>
<msg timestamp="20231115 14:18:19.669" level="INFO">Pressing special key ARROW_DOWN to browser.</msg>
<msg timestamp="20231115 14:18:19.669" level="INFO">Releasing special key ARROW_DOWN.</msg>
<status status="PASS" starttime="20231115 14:18:19.668" endtime="20231115 14:18:19.872"/>
</kw>
<kw name="Sleep" library="BuiltIn">
<arg>0.5s</arg>
<doc>Pauses the test executed for the given time.</doc>
<msg timestamp="20231115 14:18:20.373" level="INFO">Slept 500 milliseconds</msg>
<status status="PASS" starttime="20231115 14:18:19.872" endtime="20231115 14:18:20.373"/>
</kw>
<status status="PASS" starttime="20231115 14:18:19.668" endtime="20231115 14:18:20.373"/>
</iter>
<iter>
<var name="${counter}">19</var>
<kw name="Log" library="BuiltIn">
<arg>${counter}</arg>
<doc>Logs the given message with the given level.</doc>
<msg timestamp="20231115 14:18:20.373" level="INFO">19</msg>
<status status="PASS" starttime="20231115 14:18:20.373" endtime="20231115 14:18:20.373"/>
</kw>
<kw name="Press Keys" library="SeleniumLibrary">
<arg>None</arg>
<arg>ARROW_DOWN</arg>
<doc>Simulates the user pressing key(s) to an element or on the active browser.</doc>
<msg timestamp="20231115 14:18:20.374" level="INFO">Sending key(s) ('ARROW_DOWN',) to page.</msg>
<msg timestamp="20231115 14:18:20.374" level="INFO">Pressing special key ARROW_DOWN to browser.</msg>
<msg timestamp="20231115 14:18:20.374" level="INFO">Releasing special key ARROW_DOWN.</msg>
<status status="PASS" starttime="20231115 14:18:20.373" endtime="20231115 14:18:20.578"/>
</kw>
<kw name="Sleep" library="BuiltIn">
<arg>0.5s</arg>
<doc>Pauses the test executed for the given time.</doc>
<msg timestamp="20231115 14:18:21.079" level="INFO">Slept 500 milliseconds</msg>
<status status="PASS" starttime="20231115 14:18:20.578" endtime="20231115 14:18:21.079"/>
</kw>
<status status="PASS" starttime="20231115 14:18:20.373" endtime="20231115 14:18:21.079"/>
</iter>
<status status="PASS" starttime="20231115 14:18:06.967" endtime="20231115 14:18:21.079"/>
</for>
<status status="PASS" starttime="20231115 14:18:06.348" endtime="20231115 14:18:21.079"/>
</kw>
<kw name="Sleep" library="BuiltIn">
<arg>3s</arg>
<doc>Pauses the test executed for the given time.</doc>
<msg timestamp="20231115 14:18:24.080" level="INFO">Slept 3 seconds</msg>
<status status="PASS" starttime="20231115 14:18:21.079" endtime="20231115 14:18:24.080"/>
</kw>
<kw name="Capture Page Screenshot" library="SeleniumLibrary">
<doc>Takes a screenshot of the current page and embeds it into a log file.</doc>
<msg timestamp="20231115 14:18:24.342" level="INFO" html="true">&lt;/td&gt;&lt;/tr&gt;&lt;tr&gt;&lt;td colspan="3"&gt;&lt;a href="selenium-screenshot-1.png"&gt;&lt;img src="selenium-screenshot-1.png" width="800px"&gt;&lt;/a&gt;</msg>
<status status="PASS" starttime="20231115 14:18:24.080" endtime="20231115 14:18:24.342"/>
</kw>
<kw name="Close Browser" library="SeleniumLibrary" type="TEARDOWN">
<doc>Closes the current browser.</doc>
<status status="PASS" starttime="20231115 14:18:24.342" endtime="20231115 14:18:27.298"/>
</kw>
<doc>SC01 - Lazy Load Izin Ditolak</doc>
<tag>TC01 - Lazy Load izin Ditolak</tag>
<status status="PASS" starttime="20231115 14:17:45.760" endtime="20231115 14:18:27.298"/>
</test>
<doc>SC01 - Lazy Load Izin Ditolak</doc>
<status status="PASS" starttime="20231115 14:17:45.587" endtime="20231115 14:18:27.299"/>
</suite>
<statistics>
<total>
<stat pass="1" fail="0" skip="0">All Tests</stat>
</total>
<tag>
<stat pass="1" fail="0" skip="0">TC01 - Lazy Load izin Ditolak</stat>
</tag>
<suite>
<stat pass="1" fail="0" skip="0" id="s1" name="SC01 - Lazy load izin ditolak">SC01 - Lazy load izin ditolak</stat>
</suite>
</statistics>
<errors>
</errors>
</robot>
